[0.041s] Invoking command in '/home/dr/Documents/ros2_workspaces/fortress_tut_ws/build/turtlebot3_cartographer': CMAKE_PREFIX_PATH=${CMAKE_PREFIX_PATH}:/home/dr/Documents/ros2_workspaces/fortress_tut_ws/install/turtlebot3_teleop:/home/dr/Documents/ros2_workspaces/fortress_tut_ws/install/turtlebot3_example:/home/dr/Documents/ros2_workspaces/fortress_tut_ws/install/fortress_tut:/home/dr/ros2_ws/install/my_robot_controller:/opt/ros/humble /usr/bin/cmake /home/dr/Documents/ros2_workspaces/fortress_tut_ws/src/turtlebot3/turtlebot3_cartographer -DCMAKE_INSTALL_PREFIX=/home/dr/Documents/ros2_workspaces/fortress_tut_ws/install/turtlebot3_cartographer
[0.179s] -- The C compiler identification is GNU 11.4.0
[0.367s] -- The CXX compiler identification is GNU 11.4.0
[0.384s] -- Detecting C compiler ABI info
[0.549s] -- Detecting C compiler ABI info - done
[0.574s] -- Check for working C compiler: /usr/bin/cc - skipped
[0.605s] -- Detecting C compile features
[0.606s] -- Detecting C compile features - done
[0.612s] -- Detecting CXX compiler ABI info
[0.816s] -- Detecting CXX compiler ABI info - done
[0.843s] -- Check for working CXX compiler: /usr/bin/c++ - skipped
[0.843s] -- Detecting CXX compile features
[0.843s] -- Detecting CXX compile features - done
[0.845s] -- Found ament_cmake: 1.3.14 (/opt/ros/humble/share/ament_cmake/cmake)
[1.238s] -- Found Python3: /usr/bin/python3 (found version "3.10.12") found components: Interpreter 
[1.612s] -- Configuring done
[1.619s] -- Generating done
[1.626s] -- Build files have been written to: /home/dr/Documents/ros2_workspaces/fortress_tut_ws/build/turtlebot3_cartographer
[1.649s] Invoked command in '/home/dr/Documents/ros2_workspaces/fortress_tut_ws/build/turtlebot3_cartographer' returned '0': CMAKE_PREFIX_PATH=${CMAKE_PREFIX_PATH}:/home/dr/Documents/ros2_workspaces/fortress_tut_ws/install/turtlebot3_teleop:/home/dr/Documents/ros2_workspaces/fortress_tut_ws/install/turtlebot3_example:/home/dr/Documents/ros2_workspaces/fortress_tut_ws/install/fortress_tut:/home/dr/ros2_ws/install/my_robot_controller:/opt/ros/humble /usr/bin/cmake /home/dr/Documents/ros2_workspaces/fortress_tut_ws/src/turtlebot3/turtlebot3_cartographer -DCMAKE_INSTALL_PREFIX=/home/dr/Documents/ros2_workspaces/fortress_tut_ws/install/turtlebot3_cartographer
[1.650s] Invoking command in '/home/dr/Documents/ros2_workspaces/fortress_tut_ws/build/turtlebot3_cartographer': CMAKE_PREFIX_PATH=${CMAKE_PREFIX_PATH}:/home/dr/Documents/ros2_workspaces/fortress_tut_ws/install/turtlebot3_teleop:/home/dr/Documents/ros2_workspaces/fortress_tut_ws/install/turtlebot3_example:/home/dr/Documents/ros2_workspaces/fortress_tut_ws/install/fortress_tut:/home/dr/ros2_ws/install/my_robot_controller:/opt/ros/humble /usr/bin/cmake --build /home/dr/Documents/ros2_workspaces/fortress_tut_ws/build/turtlebot3_cartographer -- -j8 -l8
[1.798s] Invoked command in '/home/dr/Documents/ros2_workspaces/fortress_tut_ws/build/turtlebot3_cartographer' returned '0': CMAKE_PREFIX_PATH=${CMAKE_PREFIX_PATH}:/home/dr/Documents/ros2_workspaces/fortress_tut_ws/install/turtlebot3_teleop:/home/dr/Documents/ros2_workspaces/fortress_tut_ws/install/turtlebot3_example:/home/dr/Documents/ros2_workspaces/fortress_tut_ws/install/fortress_tut:/home/dr/ros2_ws/install/my_robot_controller:/opt/ros/humble /usr/bin/cmake --build /home/dr/Documents/ros2_workspaces/fortress_tut_ws/build/turtlebot3_cartographer -- -j8 -l8
[1.830s] Invoking command in '/home/dr/Documents/ros2_workspaces/fortress_tut_ws/build/turtlebot3_cartographer': CMAKE_PREFIX_PATH=${CMAKE_PREFIX_PATH}:/home/dr/Documents/ros2_workspaces/fortress_tut_ws/install/turtlebot3_teleop:/home/dr/Documents/ros2_workspaces/fortress_tut_ws/install/turtlebot3_example:/home/dr/Documents/ros2_workspaces/fortress_tut_ws/install/fortress_tut:/home/dr/ros2_ws/install/my_robot_controller:/opt/ros/humble /usr/bin/cmake --install /home/dr/Documents/ros2_workspaces/fortress_tut_ws/build/turtlebot3_cartographer
[1.881s] -- Install configuration: ""
[1.881s] -- Installing: /home/dr/Documents/ros2_workspaces/fortress_tut_ws/install/turtlebot3_cartographer/share/turtlebot3_cartographer/config
[1.881s] -- Installing: /home/dr/Documents/ros2_workspaces/fortress_tut_ws/install/turtlebot3_cartographer/share/turtlebot3_cartographer/config/turtlebot3_lds_2d.lua
[1.882s] -- Installing: /home/dr/Documents/ros2_workspaces/fortress_tut_ws/install/turtlebot3_cartographer/share/turtlebot3_cartographer/launch
[1.882s] -- Installing: /home/dr/Documents/ros2_workspaces/fortress_tut_ws/install/turtlebot3_cartographer/share/turtlebot3_cartographer/launch/cartographer.launch.py
[1.882s] -- Installing: /home/dr/Documents/ros2_workspaces/fortress_tut_ws/install/turtlebot3_cartographer/share/turtlebot3_cartographer/launch/occupancy_grid.launch.py
[1.882s] -- Installing: /home/dr/Documents/ros2_workspaces/fortress_tut_ws/install/turtlebot3_cartographer/share/turtlebot3_cartographer/rviz
[1.882s] -- Installing: /home/dr/Documents/ros2_workspaces/fortress_tut_ws/install/turtlebot3_cartographer/share/turtlebot3_cartographer/rviz/tb3_cartographer.rviz
[1.883s] -- Installing: /home/dr/Documents/ros2_workspaces/fortress_tut_ws/install/turtlebot3_cartographer/share/ament_index/resource_index/package_run_dependencies/turtlebot3_cartographer
[1.883s] -- Installing: /home/dr/Documents/ros2_workspaces/fortress_tut_ws/install/turtlebot3_cartographer/share/ament_index/resource_index/parent_prefix_path/turtlebot3_cartographer
[1.883s] -- Installing: /home/dr/Documents/ros2_workspaces/fortress_tut_ws/install/turtlebot3_cartographer/share/turtlebot3_cartographer/environment/ament_prefix_path.sh
[1.883s] -- Installing: /home/dr/Documents/ros2_workspaces/fortress_tut_ws/install/turtlebot3_cartographer/share/turtlebot3_cartographer/environment/ament_prefix_path.dsv
[1.883s] -- Installing: /home/dr/Documents/ros2_workspaces/fortress_tut_ws/install/turtlebot3_cartographer/share/turtlebot3_cartographer/environment/path.sh
[1.883s] -- Installing: /home/dr/Documents/ros2_workspaces/fortress_tut_ws/install/turtlebot3_cartographer/share/turtlebot3_cartographer/environment/path.dsv
[1.884s] -- Installing: /home/dr/Documents/ros2_workspaces/fortress_tut_ws/install/turtlebot3_cartographer/share/turtlebot3_cartographer/local_setup.bash
[1.884s] -- Installing: /home/dr/Documents/ros2_workspaces/fortress_tut_ws/install/turtlebot3_cartographer/share/turtlebot3_cartographer/local_setup.sh
[1.884s] -- Installing: /home/dr/Documents/ros2_workspaces/fortress_tut_ws/install/turtlebot3_cartographer/share/turtlebot3_cartographer/local_setup.zsh
[1.884s] -- Installing: /home/dr/Documents/ros2_workspaces/fortress_tut_ws/install/turtlebot3_cartographer/share/turtlebot3_cartographer/local_setup.dsv
[1.885s] -- Installing: /home/dr/Documents/ros2_workspaces/fortress_tut_ws/install/turtlebot3_cartographer/share/turtlebot3_cartographer/package.dsv
[1.885s] -- Installing: /home/dr/Documents/ros2_workspaces/fortress_tut_ws/install/turtlebot3_cartographer/share/ament_index/resource_index/packages/turtlebot3_cartographer
[1.885s] -- Installing: /home/dr/Documents/ros2_workspaces/fortress_tut_ws/install/turtlebot3_cartographer/share/turtlebot3_cartographer/cmake/turtlebot3_cartographerConfig.cmake
[1.885s] -- Installing: /home/dr/Documents/ros2_workspaces/fortress_tut_ws/install/turtlebot3_cartographer/share/turtlebot3_cartographer/cmake/turtlebot3_cartographerConfig-version.cmake
[1.885s] -- Installing: /home/dr/Documents/ros2_workspaces/fortress_tut_ws/install/turtlebot3_cartographer/share/turtlebot3_cartographer/package.xml
[1.890s] Invoked command in '/home/dr/Documents/ros2_workspaces/fortress_tut_ws/build/turtlebot3_cartographer' returned '0': CMAKE_PREFIX_PATH=${CMAKE_PREFIX_PATH}:/home/dr/Documents/ros2_workspaces/fortress_tut_ws/install/turtlebot3_teleop:/home/dr/Documents/ros2_workspaces/fortress_tut_ws/install/turtlebot3_example:/home/dr/Documents/ros2_workspaces/fortress_tut_ws/install/fortress_tut:/home/dr/ros2_ws/install/my_robot_controller:/opt/ros/humble /usr/bin/cmake --install /home/dr/Documents/ros2_workspaces/fortress_tut_ws/build/turtlebot3_cartographer
