[0.114s] Invoking command in '/home/dr/Documents/ros2_workspaces/fortress_tut_ws/build/turtlebot3_description': CMAKE_PREFIX_PATH=${CMAKE_PREFIX_PATH}:/home/dr/Documents/ros2_workspaces/fortress_tut_ws/install/turtlebot3_teleop:/home/dr/Documents/ros2_workspaces/fortress_tut_ws/install/turtlebot3_example:/home/dr/Documents/ros2_workspaces/fortress_tut_ws/install/fortress_tut:/home/dr/ros2_ws/install/my_robot_controller:/opt/ros/humble /usr/bin/cmake /home/dr/Documents/ros2_workspaces/fortress_tut_ws/src/turtlebot3/turtlebot3_description -DAMENT_CMAKE_SYMLINK_INSTALL=1 -DCMAKE_INSTALL_PREFIX=/home/dr/Documents/ros2_workspaces/fortress_tut_ws/install/turtlebot3_description
[0.183s] -- Found ament_cmake: 1.3.14 (/opt/ros/humble/share/ament_cmake/cmake)
[0.675s] -- Override CMake install command with custom implementation using symlinks instead of copying resources
[0.718s] -- Found urdf: 2.6.1 (/opt/ros/humble/share/urdf/cmake)
[1.239s] -- Configuring done
[1.260s] -- Generating done
[1.273s] -- Build files have been written to: /home/dr/Documents/ros2_workspaces/fortress_tut_ws/build/turtlebot3_description
[1.310s] Invoked command in '/home/dr/Documents/ros2_workspaces/fortress_tut_ws/build/turtlebot3_description' returned '0': CMAKE_PREFIX_PATH=${CMAKE_PREFIX_PATH}:/home/dr/Documents/ros2_workspaces/fortress_tut_ws/install/turtlebot3_teleop:/home/dr/Documents/ros2_workspaces/fortress_tut_ws/install/turtlebot3_example:/home/dr/Documents/ros2_workspaces/fortress_tut_ws/install/fortress_tut:/home/dr/ros2_ws/install/my_robot_controller:/opt/ros/humble /usr/bin/cmake /home/dr/Documents/ros2_workspaces/fortress_tut_ws/src/turtlebot3/turtlebot3_description -DAMENT_CMAKE_SYMLINK_INSTALL=1 -DCMAKE_INSTALL_PREFIX=/home/dr/Documents/ros2_workspaces/fortress_tut_ws/install/turtlebot3_description
[1.320s] Invoking command in '/home/dr/Documents/ros2_workspaces/fortress_tut_ws/build/turtlebot3_description': CMAKE_PREFIX_PATH=${CMAKE_PREFIX_PATH}:/home/dr/Documents/ros2_workspaces/fortress_tut_ws/install/turtlebot3_teleop:/home/dr/Documents/ros2_workspaces/fortress_tut_ws/install/turtlebot3_example:/home/dr/Documents/ros2_workspaces/fortress_tut_ws/install/fortress_tut:/home/dr/ros2_ws/install/my_robot_controller:/opt/ros/humble /usr/bin/cmake --build /home/dr/Documents/ros2_workspaces/fortress_tut_ws/build/turtlebot3_description -- -j8 -l8
[1.421s] Invoked command in '/home/dr/Documents/ros2_workspaces/fortress_tut_ws/build/turtlebot3_description' returned '0': CMAKE_PREFIX_PATH=${CMAKE_PREFIX_PATH}:/home/dr/Documents/ros2_workspaces/fortress_tut_ws/install/turtlebot3_teleop:/home/dr/Documents/ros2_workspaces/fortress_tut_ws/install/turtlebot3_example:/home/dr/Documents/ros2_workspaces/fortress_tut_ws/install/fortress_tut:/home/dr/ros2_ws/install/my_robot_controller:/opt/ros/humble /usr/bin/cmake --build /home/dr/Documents/ros2_workspaces/fortress_tut_ws/build/turtlebot3_description -- -j8 -l8
[1.437s] Invoking command in '/home/dr/Documents/ros2_workspaces/fortress_tut_ws/build/turtlebot3_description': CMAKE_PREFIX_PATH=${CMAKE_PREFIX_PATH}:/home/dr/Documents/ros2_workspaces/fortress_tut_ws/install/turtlebot3_teleop:/home/dr/Documents/ros2_workspaces/fortress_tut_ws/install/turtlebot3_example:/home/dr/Documents/ros2_workspaces/fortress_tut_ws/install/fortress_tut:/home/dr/ros2_ws/install/my_robot_controller:/opt/ros/humble /usr/bin/cmake --install /home/dr/Documents/ros2_workspaces/fortress_tut_ws/build/turtlebot3_description
[1.477s] -- Install configuration: ""
[1.480s] -- Execute custom install script
[1.483s] -- Up-to-date symlink: /home/dr/Documents/ros2_workspaces/fortress_tut_ws/install/turtlebot3_description/share/turtlebot3_description/meshes/bases/burger_base.stl
[1.485s] -- Up-to-date symlink: /home/dr/Documents/ros2_workspaces/fortress_tut_ws/install/turtlebot3_description/share/turtlebot3_description/meshes/bases/waffle_base.stl
[1.486s] -- Up-to-date symlink: /home/dr/Documents/ros2_workspaces/fortress_tut_ws/install/turtlebot3_description/share/turtlebot3_description/meshes/bases/waffle_pi_base.stl
[1.486s] -- Up-to-date symlink: /home/dr/Documents/ros2_workspaces/fortress_tut_ws/install/turtlebot3_description/share/turtlebot3_description/meshes/sensors/astra.dae
[1.486s] -- Up-to-date symlink: /home/dr/Documents/ros2_workspaces/fortress_tut_ws/install/turtlebot3_description/share/turtlebot3_description/meshes/sensors/astra.jpg
[1.486s] -- Up-to-date symlink: /home/dr/Documents/ros2_workspaces/fortress_tut_ws/install/turtlebot3_description/share/turtlebot3_description/meshes/sensors/lds.stl
[1.486s] -- Up-to-date symlink: /home/dr/Documents/ros2_workspaces/fortress_tut_ws/install/turtlebot3_description/share/turtlebot3_description/meshes/sensors/r200.dae
[1.498s] -- Up-to-date symlink: /home/dr/Documents/ros2_workspaces/fortress_tut_ws/install/turtlebot3_description/share/turtlebot3_description/meshes/sensors/r200.jpg
[1.501s] -- Up-to-date symlink: /home/dr/Documents/ros2_workspaces/fortress_tut_ws/install/turtlebot3_description/share/turtlebot3_description/meshes/wheels/left_tire.stl
[1.502s] -- Up-to-date symlink: /home/dr/Documents/ros2_workspaces/fortress_tut_ws/install/turtlebot3_description/share/turtlebot3_description/meshes/wheels/right_tire.stl
[1.503s] -- Up-to-date symlink: /home/dr/Documents/ros2_workspaces/fortress_tut_ws/install/turtlebot3_description/share/turtlebot3_description/rviz/model.rviz
[1.504s] -- Up-to-date symlink: /home/dr/Documents/ros2_workspaces/fortress_tut_ws/install/turtlebot3_description/share/turtlebot3_description/urdf/common_properties.urdf
[1.505s] -- Up-to-date symlink: /home/dr/Documents/ros2_workspaces/fortress_tut_ws/install/turtlebot3_description/share/turtlebot3_description/urdf/turtlebot3_burger.urdf
[1.507s] -- Up-to-date symlink: /home/dr/Documents/ros2_workspaces/fortress_tut_ws/install/turtlebot3_description/share/turtlebot3_description/urdf/turtlebot3_waffle.urdf
[1.508s] -- Up-to-date symlink: /home/dr/Documents/ros2_workspaces/fortress_tut_ws/install/turtlebot3_description/share/turtlebot3_description/urdf/turtlebot3_waffle_pi.urdf
[1.510s] -- Up-to-date symlink: /home/dr/Documents/ros2_workspaces/fortress_tut_ws/install/turtlebot3_description/share/ament_index/resource_index/package_run_dependencies/turtlebot3_description
[1.511s] -- Up-to-date symlink: /home/dr/Documents/ros2_workspaces/fortress_tut_ws/install/turtlebot3_description/share/ament_index/resource_index/parent_prefix_path/turtlebot3_description
[1.513s] -- Up-to-date symlink: /home/dr/Documents/ros2_workspaces/fortress_tut_ws/install/turtlebot3_description/share/turtlebot3_description/environment/ament_prefix_path.sh
[1.515s] -- Up-to-date symlink: /home/dr/Documents/ros2_workspaces/fortress_tut_ws/install/turtlebot3_description/share/turtlebot3_description/environment/ament_prefix_path.dsv
[1.519s] -- Up-to-date symlink: /home/dr/Documents/ros2_workspaces/fortress_tut_ws/install/turtlebot3_description/share/turtlebot3_description/environment/path.sh
[1.519s] -- Up-to-date symlink: /home/dr/Documents/ros2_workspaces/fortress_tut_ws/install/turtlebot3_description/share/turtlebot3_description/environment/path.dsv
[1.520s] -- Up-to-date symlink: /home/dr/Documents/ros2_workspaces/fortress_tut_ws/install/turtlebot3_description/share/turtlebot3_description/local_setup.bash
[1.522s] -- Up-to-date symlink: /home/dr/Documents/ros2_workspaces/fortress_tut_ws/install/turtlebot3_description/share/turtlebot3_description/local_setup.sh
[1.524s] -- Up-to-date symlink: /home/dr/Documents/ros2_workspaces/fortress_tut_ws/install/turtlebot3_description/share/turtlebot3_description/local_setup.zsh
[1.524s] -- Up-to-date symlink: /home/dr/Documents/ros2_workspaces/fortress_tut_ws/install/turtlebot3_description/share/turtlebot3_description/local_setup.dsv
[1.524s] -- Symlinking: /home/dr/Documents/ros2_workspaces/fortress_tut_ws/install/turtlebot3_description/share/turtlebot3_description/package.dsv
[1.556s] -- Up-to-date symlink: /home/dr/Documents/ros2_workspaces/fortress_tut_ws/install/turtlebot3_description/share/ament_index/resource_index/packages/turtlebot3_description
[1.556s] -- Up-to-date symlink: /home/dr/Documents/ros2_workspaces/fortress_tut_ws/install/turtlebot3_description/share/turtlebot3_description/cmake/turtlebot3_descriptionConfig.cmake
[1.557s] -- Up-to-date symlink: /home/dr/Documents/ros2_workspaces/fortress_tut_ws/install/turtlebot3_description/share/turtlebot3_description/cmake/turtlebot3_descriptionConfig-version.cmake
[1.559s] -- Up-to-date symlink: /home/dr/Documents/ros2_workspaces/fortress_tut_ws/install/turtlebot3_description/share/turtlebot3_description/package.xml
[1.728s] Invoked command in '/home/dr/Documents/ros2_workspaces/fortress_tut_ws/build/turtlebot3_description' returned '0': CMAKE_PREFIX_PATH=${CMAKE_PREFIX_PATH}:/home/dr/Documents/ros2_workspaces/fortress_tut_ws/install/turtlebot3_teleop:/home/dr/Documents/ros2_workspaces/fortress_tut_ws/install/turtlebot3_example:/home/dr/Documents/ros2_workspaces/fortress_tut_ws/install/fortress_tut:/home/dr/ros2_ws/install/my_robot_controller:/opt/ros/humble /usr/bin/cmake --install /home/dr/Documents/ros2_workspaces/fortress_tut_ws/build/turtlebot3_description
