[5.494s] Invoking command in '/home/dr/Documents/ros2_workspaces/fortress_tut_ws/build/turtlebot3_teleop': PYTHONPATH=/home/dr/Documents/ros2_workspaces/fortress_tut_ws/build/turtlebot3_teleop/prefix_override:/usr/lib/python3/dist-packages/colcon_core/task/python/colcon_distutils_commands:/home/dr/Documents/ros2_workspaces/fortress_tut_ws/install/turtlebot3_teleop/lib/python3.10/site-packages:${PYTHONPATH} /usr/bin/python3 -W ignore:setup.py install is deprecated -W ignore:easy_install command is deprecated setup.py develop --editable --build-directory /home/dr/Documents/ros2_workspaces/fortress_tut_ws/build/turtlebot3_teleop/build --no-deps symlink_data
[6.876s] running develop
[7.511s] running egg_info
[7.511s] creating turtlebot3_teleop.egg-info
[7.512s] writing turtlebot3_teleop.egg-info/PKG-INFO
[7.515s] writing dependency_links to turtlebot3_teleop.egg-info/dependency_links.txt
[7.515s] writing entry points to turtlebot3_teleop.egg-info/entry_points.txt
[7.516s] writing requirements to turtlebot3_teleop.egg-info/requires.txt
[7.516s] writing top-level names to turtlebot3_teleop.egg-info/top_level.txt
[7.517s] writing manifest file 'turtlebot3_teleop.egg-info/SOURCES.txt'
[7.521s] reading manifest file 'turtlebot3_teleop.egg-info/SOURCES.txt'
[7.524s] writing manifest file 'turtlebot3_teleop.egg-info/SOURCES.txt'
[7.528s] running build_ext
[7.532s] Creating /home/dr/Documents/ros2_workspaces/fortress_tut_ws/install/turtlebot3_teleop/lib/python3.10/site-packages/turtlebot3-teleop.egg-link (link to .)
[7.533s] Installing teleop_keyboard script to /home/dr/Documents/ros2_workspaces/fortress_tut_ws/install/turtlebot3_teleop/lib/turtlebot3_teleop
[7.534s] 
[7.534s] Installed /home/dr/Documents/ros2_workspaces/fortress_tut_ws/build/turtlebot3_teleop
[7.535s] running symlink_data
[7.535s] creating /home/dr/Documents/ros2_workspaces/fortress_tut_ws/install/turtlebot3_teleop/share/ament_index
[7.536s] creating /home/dr/Documents/ros2_workspaces/fortress_tut_ws/install/turtlebot3_teleop/share/ament_index/resource_index
[7.536s] creating /home/dr/Documents/ros2_workspaces/fortress_tut_ws/install/turtlebot3_teleop/share/ament_index/resource_index/packages
[7.537s] symbolically linking /home/dr/Documents/ros2_workspaces/fortress_tut_ws/build/turtlebot3_teleop/resource/turtlebot3_teleop -> /home/dr/Documents/ros2_workspaces/fortress_tut_ws/install/turtlebot3_teleop/share/ament_index/resource_index/packages
[7.540s] symbolically linking /home/dr/Documents/ros2_workspaces/fortress_tut_ws/build/turtlebot3_teleop/package.xml -> /home/dr/Documents/ros2_workspaces/fortress_tut_ws/install/turtlebot3_teleop/share/turtlebot3_teleop
[7.629s] Invoked command in '/home/dr/Documents/ros2_workspaces/fortress_tut_ws/build/turtlebot3_teleop' returned '0': PYTHONPATH=/home/dr/Documents/ros2_workspaces/fortress_tut_ws/build/turtlebot3_teleop/prefix_override:/usr/lib/python3/dist-packages/colcon_core/task/python/colcon_distutils_commands:/home/dr/Documents/ros2_workspaces/fortress_tut_ws/install/turtlebot3_teleop/lib/python3.10/site-packages:${PYTHONPATH} /usr/bin/python3 -W ignore:setup.py install is deprecated -W ignore:easy_install command is deprecated setup.py develop --editable --build-directory /home/dr/Documents/ros2_workspaces/fortress_tut_ws/build/turtlebot3_teleop/build --no-deps symlink_data
