[0.057s] Invoking command in '/home/dr/Documents/ros2_workspaces/fortress_tut_ws/build/turtlebot3_manipulation_gazebo': CMAKE_PREFIX_PATH=${CMAKE_PREFIX_PATH}:/home/dr/Documents/ros2_workspaces/fortress_tut_ws/install/turtlebot3_teleop:/home/dr/Documents/ros2_workspaces/fortress_tut_ws/install/turtlebot3_example:/home/dr/Documents/ros2_workspaces/fortress_tut_ws/install/fortress_tut:/home/dr/ros2_ws/install/my_robot_controller:/opt/ros/humble /usr/bin/cmake /home/dr/Documents/ros2_workspaces/fortress_tut_ws/src/turtlebot3_simulations/turtlebot3_manipulation_gazebo -DCMAKE_INSTALL_PREFIX=/home/dr/Documents/ros2_workspaces/fortress_tut_ws/install/turtlebot3_manipulation_gazebo
[1.774s] -- The C compiler identification is GNU 11.4.0
[1.775s] -- The CXX compiler identification is GNU 11.4.0
[1.775s] -- Detecting C compiler ABI info
[1.775s] -- Detecting C compiler ABI info - done
[1.775s] -- Check for working C compiler: /usr/bin/cc - skipped
[1.776s] -- Detecting C compile features
[1.776s] -- Detecting C compile features - done
[1.776s] -- Detecting CXX compiler ABI info
[1.776s] -- Detecting CXX compiler ABI info - done
[1.776s] -- Check for working CXX compiler: /usr/bin/c++ - skipped
[1.776s] -- Detecting CXX compile features
[1.776s] -- Detecting CXX compile features - done
[1.777s] -- Found ament_cmake: 1.3.14 (/opt/ros/humble/share/ament_cmake/cmake)
[1.777s] -- Found Python3: /usr/bin/python3 (found version "3.10.12") found components: Interpreter 
[1.777s] -- Configuring done
[1.777s] -- Generating done
[1.777s] -- Build files have been written to: /home/dr/Documents/ros2_workspaces/fortress_tut_ws/build/turtlebot3_manipulation_gazebo
[1.778s] Invoked command in '/home/dr/Documents/ros2_workspaces/fortress_tut_ws/build/turtlebot3_manipulation_gazebo' returned '0': CMAKE_PREFIX_PATH=${CMAKE_PREFIX_PATH}:/home/dr/Documents/ros2_workspaces/fortress_tut_ws/install/turtlebot3_teleop:/home/dr/Documents/ros2_workspaces/fortress_tut_ws/install/turtlebot3_example:/home/dr/Documents/ros2_workspaces/fortress_tut_ws/install/fortress_tut:/home/dr/ros2_ws/install/my_robot_controller:/opt/ros/humble /usr/bin/cmake /home/dr/Documents/ros2_workspaces/fortress_tut_ws/src/turtlebot3_simulations/turtlebot3_manipulation_gazebo -DCMAKE_INSTALL_PREFIX=/home/dr/Documents/ros2_workspaces/fortress_tut_ws/install/turtlebot3_manipulation_gazebo
[1.781s] Invoking command in '/home/dr/Documents/ros2_workspaces/fortress_tut_ws/build/turtlebot3_manipulation_gazebo': CMAKE_PREFIX_PATH=${CMAKE_PREFIX_PATH}:/home/dr/Documents/ros2_workspaces/fortress_tut_ws/install/turtlebot3_teleop:/home/dr/Documents/ros2_workspaces/fortress_tut_ws/install/turtlebot3_example:/home/dr/Documents/ros2_workspaces/fortress_tut_ws/install/fortress_tut:/home/dr/ros2_ws/install/my_robot_controller:/opt/ros/humble /usr/bin/cmake --build /home/dr/Documents/ros2_workspaces/fortress_tut_ws/build/turtlebot3_manipulation_gazebo -- -j8 -l8
[1.860s] Invoked command in '/home/dr/Documents/ros2_workspaces/fortress_tut_ws/build/turtlebot3_manipulation_gazebo' returned '0': CMAKE_PREFIX_PATH=${CMAKE_PREFIX_PATH}:/home/dr/Documents/ros2_workspaces/fortress_tut_ws/install/turtlebot3_teleop:/home/dr/Documents/ros2_workspaces/fortress_tut_ws/install/turtlebot3_example:/home/dr/Documents/ros2_workspaces/fortress_tut_ws/install/fortress_tut:/home/dr/ros2_ws/install/my_robot_controller:/opt/ros/humble /usr/bin/cmake --build /home/dr/Documents/ros2_workspaces/fortress_tut_ws/build/turtlebot3_manipulation_gazebo -- -j8 -l8
[1.864s] Invoking command in '/home/dr/Documents/ros2_workspaces/fortress_tut_ws/build/turtlebot3_manipulation_gazebo': CMAKE_PREFIX_PATH=${CMAKE_PREFIX_PATH}:/home/dr/Documents/ros2_workspaces/fortress_tut_ws/install/turtlebot3_teleop:/home/dr/Documents/ros2_workspaces/fortress_tut_ws/install/turtlebot3_example:/home/dr/Documents/ros2_workspaces/fortress_tut_ws/install/fortress_tut:/home/dr/ros2_ws/install/my_robot_controller:/opt/ros/humble /usr/bin/cmake --install /home/dr/Documents/ros2_workspaces/fortress_tut_ws/build/turtlebot3_manipulation_gazebo
[1.887s] -- Install configuration: ""
[1.888s] -- Installing: /home/dr/Documents/ros2_workspaces/fortress_tut_ws/install/turtlebot3_manipulation_gazebo/share/turtlebot3_manipulation_gazebo/config
[1.888s] -- Installing: /home/dr/Documents/ros2_workspaces/fortress_tut_ws/install/turtlebot3_manipulation_gazebo/share/turtlebot3_manipulation_gazebo/config/hardware_controller_manager.yaml
[1.888s] -- Installing: /home/dr/Documents/ros2_workspaces/fortress_tut_ws/install/turtlebot3_manipulation_gazebo/share/turtlebot3_manipulation_gazebo/config/gazebo_controller_manager.yaml
[1.888s] -- Installing: /home/dr/Documents/ros2_workspaces/fortress_tut_ws/install/turtlebot3_manipulation_gazebo/share/turtlebot3_manipulation_gazebo/gazebo
[1.889s] -- Installing: /home/dr/Documents/ros2_workspaces/fortress_tut_ws/install/turtlebot3_manipulation_gazebo/share/turtlebot3_manipulation_gazebo/gazebo/turtlebot3_waffle_pi.gazebo.xacro
[1.889s] -- Installing: /home/dr/Documents/ros2_workspaces/fortress_tut_ws/install/turtlebot3_manipulation_gazebo/share/turtlebot3_manipulation_gazebo/gazebo/open_manipulator_x.gazebo.xacro
[1.889s] -- Installing: /home/dr/Documents/ros2_workspaces/fortress_tut_ws/install/turtlebot3_manipulation_gazebo/share/turtlebot3_manipulation_gazebo/gazebo/materials.xacro
[1.890s] -- Installing: /home/dr/Documents/ros2_workspaces/fortress_tut_ws/install/turtlebot3_manipulation_gazebo/share/turtlebot3_manipulation_gazebo/launch
[1.890s] -- Installing: /home/dr/Documents/ros2_workspaces/fortress_tut_ws/install/turtlebot3_manipulation_gazebo/share/turtlebot3_manipulation_gazebo/launch/base.launch.py
[1.891s] -- Installing: /home/dr/Documents/ros2_workspaces/fortress_tut_ws/install/turtlebot3_manipulation_gazebo/share/turtlebot3_manipulation_gazebo/launch/fake.launch.py
[1.892s] -- Installing: /home/dr/Documents/ros2_workspaces/fortress_tut_ws/install/turtlebot3_manipulation_gazebo/share/turtlebot3_manipulation_gazebo/launch/gazebo.launch.py
[1.892s] -- Installing: /home/dr/Documents/ros2_workspaces/fortress_tut_ws/install/turtlebot3_manipulation_gazebo/share/turtlebot3_manipulation_gazebo/launch/turtlebot3_home_service_challenge.launch.py
[1.892s] -- Installing: /home/dr/Documents/ros2_workspaces/fortress_tut_ws/install/turtlebot3_manipulation_gazebo/share/turtlebot3_manipulation_gazebo/ros2_control
[1.892s] -- Installing: /home/dr/Documents/ros2_workspaces/fortress_tut_ws/install/turtlebot3_manipulation_gazebo/share/turtlebot3_manipulation_gazebo/ros2_control/turtlebot3_manipulation_system.ros2_control.xacro
[1.893s] -- Installing: /home/dr/Documents/ros2_workspaces/fortress_tut_ws/install/turtlebot3_manipulation_gazebo/share/turtlebot3_manipulation_gazebo/rviz
[1.893s] -- Installing: /home/dr/Documents/ros2_workspaces/fortress_tut_ws/install/turtlebot3_manipulation_gazebo/share/turtlebot3_manipulation_gazebo/rviz/turtlebot3_manipulation.rviz
[1.893s] -- Installing: /home/dr/Documents/ros2_workspaces/fortress_tut_ws/install/turtlebot3_manipulation_gazebo/share/turtlebot3_manipulation_gazebo/urdf
[1.893s] -- Installing: /home/dr/Documents/ros2_workspaces/fortress_tut_ws/install/turtlebot3_manipulation_gazebo/share/turtlebot3_manipulation_gazebo/urdf/turtlebot3_waffle_pi.urdf.xacro
[1.893s] -- Installing: /home/dr/Documents/ros2_workspaces/fortress_tut_ws/install/turtlebot3_manipulation_gazebo/share/turtlebot3_manipulation_gazebo/urdf/open_manipulator_x.urdf.xacro
[1.894s] -- Installing: /home/dr/Documents/ros2_workspaces/fortress_tut_ws/install/turtlebot3_manipulation_gazebo/share/turtlebot3_manipulation_gazebo/urdf/turtlebot3_manipulation.urdf.xacro
[1.894s] -- Installing: /home/dr/Documents/ros2_workspaces/fortress_tut_ws/install/turtlebot3_manipulation_gazebo/share/turtlebot3_manipulation_gazebo/worlds
[1.894s] -- Installing: /home/dr/Documents/ros2_workspaces/fortress_tut_ws/install/turtlebot3_manipulation_gazebo/share/turtlebot3_manipulation_gazebo/worlds/turtlebot3_home_service_challenge.world
[1.894s] -- Installing: /home/dr/Documents/ros2_workspaces/fortress_tut_ws/install/turtlebot3_manipulation_gazebo/share/turtlebot3_manipulation_gazebo/models
[1.894s] -- Installing: /home/dr/Documents/ros2_workspaces/fortress_tut_ws/install/turtlebot3_manipulation_gazebo/share/turtlebot3_manipulation_gazebo/models/turtlebot3_home_service_challenge
[1.894s] -- Installing: /home/dr/Documents/ros2_workspaces/fortress_tut_ws/install/turtlebot3_manipulation_gazebo/share/turtlebot3_manipulation_gazebo/models/turtlebot3_home_service_challenge/marker0
[1.895s] -- Installing: /home/dr/Documents/ros2_workspaces/fortress_tut_ws/install/turtlebot3_manipulation_gazebo/share/turtlebot3_manipulation_gazebo/models/turtlebot3_home_service_challenge/marker0/meshes
[1.901s] -- Installing: /home/dr/Documents/ros2_workspaces/fortress_tut_ws/install/turtlebot3_manipulation_gazebo/share/turtlebot3_manipulation_gazebo/models/turtlebot3_home_service_challenge/marker0/meshes/Marker0.dae
[1.902s] -- Installing: /home/dr/Documents/ros2_workspaces/fortress_tut_ws/install/turtlebot3_manipulation_gazebo/share/turtlebot3_manipulation_gazebo/models/turtlebot3_home_service_challenge/marker0/model.config
[1.902s] -- Installing: /home/dr/Documents/ros2_workspaces/fortress_tut_ws/install/turtlebot3_manipulation_gazebo/share/turtlebot3_manipulation_gazebo/models/turtlebot3_home_service_challenge/marker0/model.sdf
[1.902s] -- Installing: /home/dr/Documents/ros2_workspaces/fortress_tut_ws/install/turtlebot3_manipulation_gazebo/share/turtlebot3_manipulation_gazebo/models/turtlebot3_home_service_challenge/marker0/model-1_4.sdf
[1.902s] -- Installing: /home/dr/Documents/ros2_workspaces/fortress_tut_ws/install/turtlebot3_manipulation_gazebo/share/turtlebot3_manipulation_gazebo/models/turtlebot3_home_service_challenge/marker0/model-1_5.sdf
[1.902s] -- Installing: /home/dr/Documents/ros2_workspaces/fortress_tut_ws/install/turtlebot3_manipulation_gazebo/share/turtlebot3_manipulation_gazebo/models/turtlebot3_home_service_challenge/marker0/materials
[1.902s] -- Installing: /home/dr/Documents/ros2_workspaces/fortress_tut_ws/install/turtlebot3_manipulation_gazebo/share/turtlebot3_manipulation_gazebo/models/turtlebot3_home_service_challenge/marker0/materials/textures
[1.903s] -- Installing: /home/dr/Documents/ros2_workspaces/fortress_tut_ws/install/turtlebot3_manipulation_gazebo/share/turtlebot3_manipulation_gazebo/models/turtlebot3_home_service_challenge/marker0/materials/textures/Marker0.png
[1.907s] -- Installing: /home/dr/Documents/ros2_workspaces/fortress_tut_ws/install/turtlebot3_manipulation_gazebo/share/turtlebot3_manipulation_gazebo/models/turtlebot3_home_service_challenge/marker6
[1.907s] -- Installing: /home/dr/Documents/ros2_workspaces/fortress_tut_ws/install/turtlebot3_manipulation_gazebo/share/turtlebot3_manipulation_gazebo/models/turtlebot3_home_service_challenge/marker6/meshes
[1.907s] -- Installing: /home/dr/Documents/ros2_workspaces/fortress_tut_ws/install/turtlebot3_manipulation_gazebo/share/turtlebot3_manipulation_gazebo/models/turtlebot3_home_service_challenge/marker6/meshes/Marker6.dae
[1.907s] -- Installing: /home/dr/Documents/ros2_workspaces/fortress_tut_ws/install/turtlebot3_manipulation_gazebo/share/turtlebot3_manipulation_gazebo/models/turtlebot3_home_service_challenge/marker6/model.config
[1.907s] -- Installing: /home/dr/Documents/ros2_workspaces/fortress_tut_ws/install/turtlebot3_manipulation_gazebo/share/turtlebot3_manipulation_gazebo/models/turtlebot3_home_service_challenge/marker6/model.sdf
[1.910s] -- Installing: /home/dr/Documents/ros2_workspaces/fortress_tut_ws/install/turtlebot3_manipulation_gazebo/share/turtlebot3_manipulation_gazebo/models/turtlebot3_home_service_challenge/marker6/model-1_4.sdf
[1.912s] -- Installing: /home/dr/Documents/ros2_workspaces/fortress_tut_ws/install/turtlebot3_manipulation_gazebo/share/turtlebot3_manipulation_gazebo/models/turtlebot3_home_service_challenge/marker6/model-1_5.sdf
[1.913s] -- Installing: /home/dr/Documents/ros2_workspaces/fortress_tut_ws/install/turtlebot3_manipulation_gazebo/share/turtlebot3_manipulation_gazebo/models/turtlebot3_home_service_challenge/marker6/materials
[1.914s] -- Installing: /home/dr/Documents/ros2_workspaces/fortress_tut_ws/install/turtlebot3_manipulation_gazebo/share/turtlebot3_manipulation_gazebo/models/turtlebot3_home_service_challenge/marker6/materials/textures
[1.919s] -- Installing: /home/dr/Documents/ros2_workspaces/fortress_tut_ws/install/turtlebot3_manipulation_gazebo/share/turtlebot3_manipulation_gazebo/models/turtlebot3_home_service_challenge/marker6/materials/textures/Marker6.png
[1.920s] -- Installing: /home/dr/Documents/ros2_workspaces/fortress_tut_ws/install/turtlebot3_manipulation_gazebo/share/turtlebot3_manipulation_gazebo/models/turtlebot3_home_service_challenge/marker4
[1.920s] -- Installing: /home/dr/Documents/ros2_workspaces/fortress_tut_ws/install/turtlebot3_manipulation_gazebo/share/turtlebot3_manipulation_gazebo/models/turtlebot3_home_service_challenge/marker4/meshes
[1.921s] -- Installing: /home/dr/Documents/ros2_workspaces/fortress_tut_ws/install/turtlebot3_manipulation_gazebo/share/turtlebot3_manipulation_gazebo/models/turtlebot3_home_service_challenge/marker4/meshes/Marker4.dae
[1.921s] -- Installing: /home/dr/Documents/ros2_workspaces/fortress_tut_ws/install/turtlebot3_manipulation_gazebo/share/turtlebot3_manipulation_gazebo/models/turtlebot3_home_service_challenge/marker4/model.config
[1.921s] -- Installing: /home/dr/Documents/ros2_workspaces/fortress_tut_ws/install/turtlebot3_manipulation_gazebo/share/turtlebot3_manipulation_gazebo/models/turtlebot3_home_service_challenge/marker4/model.sdf
[1.921s] -- Installing: /home/dr/Documents/ros2_workspaces/fortress_tut_ws/install/turtlebot3_manipulation_gazebo/share/turtlebot3_manipulation_gazebo/models/turtlebot3_home_service_challenge/marker4/model-1_4.sdf
[1.921s] -- Installing: /home/dr/Documents/ros2_workspaces/fortress_tut_ws/install/turtlebot3_manipulation_gazebo/share/turtlebot3_manipulation_gazebo/models/turtlebot3_home_service_challenge/marker4/model-1_5.sdf
[1.922s] -- Installing: /home/dr/Documents/ros2_workspaces/fortress_tut_ws/install/turtlebot3_manipulation_gazebo/share/turtlebot3_manipulation_gazebo/models/turtlebot3_home_service_challenge/marker4/materials
[1.922s] -- Installing: /home/dr/Documents/ros2_workspaces/fortress_tut_ws/install/turtlebot3_manipulation_gazebo/share/turtlebot3_manipulation_gazebo/models/turtlebot3_home_service_challenge/marker4/materials/textures
[1.922s] -- Installing: /home/dr/Documents/ros2_workspaces/fortress_tut_ws/install/turtlebot3_manipulation_gazebo/share/turtlebot3_manipulation_gazebo/models/turtlebot3_home_service_challenge/marker4/materials/textures/Marker4.png
[1.923s] -- Installing: /home/dr/Documents/ros2_workspaces/fortress_tut_ws/install/turtlebot3_manipulation_gazebo/share/turtlebot3_manipulation_gazebo/models/turtlebot3_home_service_challenge/marker3
[1.923s] -- Installing: /home/dr/Documents/ros2_workspaces/fortress_tut_ws/install/turtlebot3_manipulation_gazebo/share/turtlebot3_manipulation_gazebo/models/turtlebot3_home_service_challenge/marker3/meshes
[1.928s] -- Installing: /home/dr/Documents/ros2_workspaces/fortress_tut_ws/install/turtlebot3_manipulation_gazebo/share/turtlebot3_manipulation_gazebo/models/turtlebot3_home_service_challenge/marker3/meshes/Marker3.dae
[1.928s] -- Installing: /home/dr/Documents/ros2_workspaces/fortress_tut_ws/install/turtlebot3_manipulation_gazebo/share/turtlebot3_manipulation_gazebo/models/turtlebot3_home_service_challenge/marker3/model.config
[1.928s] -- Installing: /home/dr/Documents/ros2_workspaces/fortress_tut_ws/install/turtlebot3_manipulation_gazebo/share/turtlebot3_manipulation_gazebo/models/turtlebot3_home_service_challenge/marker3/model.sdf
[1.929s] -- Installing: /home/dr/Documents/ros2_workspaces/fortress_tut_ws/install/turtlebot3_manipulation_gazebo/share/turtlebot3_manipulation_gazebo/models/turtlebot3_home_service_challenge/marker3/model-1_4.sdf
[1.929s] -- Installing: /home/dr/Documents/ros2_workspaces/fortress_tut_ws/install/turtlebot3_manipulation_gazebo/share/turtlebot3_manipulation_gazebo/models/turtlebot3_home_service_challenge/marker3/model-1_5.sdf
[1.929s] -- Installing: /home/dr/Documents/ros2_workspaces/fortress_tut_ws/install/turtlebot3_manipulation_gazebo/share/turtlebot3_manipulation_gazebo/models/turtlebot3_home_service_challenge/marker3/materials
[1.929s] -- Installing: /home/dr/Documents/ros2_workspaces/fortress_tut_ws/install/turtlebot3_manipulation_gazebo/share/turtlebot3_manipulation_gazebo/models/turtlebot3_home_service_challenge/marker3/materials/textures
[1.929s] -- Installing: /home/dr/Documents/ros2_workspaces/fortress_tut_ws/install/turtlebot3_manipulation_gazebo/share/turtlebot3_manipulation_gazebo/models/turtlebot3_home_service_challenge/marker3/materials/textures/Marker3.png
[1.929s] -- Installing: /home/dr/Documents/ros2_workspaces/fortress_tut_ws/install/turtlebot3_manipulation_gazebo/share/turtlebot3_manipulation_gazebo/models/turtlebot3_home_service_challenge/marker1
[1.930s] -- Installing: /home/dr/Documents/ros2_workspaces/fortress_tut_ws/install/turtlebot3_manipulation_gazebo/share/turtlebot3_manipulation_gazebo/models/turtlebot3_home_service_challenge/marker1/meshes
[1.930s] -- Installing: /home/dr/Documents/ros2_workspaces/fortress_tut_ws/install/turtlebot3_manipulation_gazebo/share/turtlebot3_manipulation_gazebo/models/turtlebot3_home_service_challenge/marker1/meshes/Marker1.dae
[1.930s] -- Installing: /home/dr/Documents/ros2_workspaces/fortress_tut_ws/install/turtlebot3_manipulation_gazebo/share/turtlebot3_manipulation_gazebo/models/turtlebot3_home_service_challenge/marker1/model.config
[1.930s] -- Installing: /home/dr/Documents/ros2_workspaces/fortress_tut_ws/install/turtlebot3_manipulation_gazebo/share/turtlebot3_manipulation_gazebo/models/turtlebot3_home_service_challenge/marker1/model.sdf
[1.930s] -- Installing: /home/dr/Documents/ros2_workspaces/fortress_tut_ws/install/turtlebot3_manipulation_gazebo/share/turtlebot3_manipulation_gazebo/models/turtlebot3_home_service_challenge/marker1/model-1_4.sdf
[1.930s] -- Installing: /home/dr/Documents/ros2_workspaces/fortress_tut_ws/install/turtlebot3_manipulation_gazebo/share/turtlebot3_manipulation_gazebo/models/turtlebot3_home_service_challenge/marker1/model-1_5.sdf
[1.931s] -- Installing: /home/dr/Documents/ros2_workspaces/fortress_tut_ws/install/turtlebot3_manipulation_gazebo/share/turtlebot3_manipulation_gazebo/models/turtlebot3_home_service_challenge/marker1/materials
[1.932s] -- Installing: /home/dr/Documents/ros2_workspaces/fortress_tut_ws/install/turtlebot3_manipulation_gazebo/share/turtlebot3_manipulation_gazebo/models/turtlebot3_home_service_challenge/marker1/materials/textures
[1.936s] -- Installing: /home/dr/Documents/ros2_workspaces/fortress_tut_ws/install/turtlebot3_manipulation_gazebo/share/turtlebot3_manipulation_gazebo/models/turtlebot3_home_service_challenge/marker1/materials/textures/Marker1.png
[1.937s] -- Installing: /home/dr/Documents/ros2_workspaces/fortress_tut_ws/install/turtlebot3_manipulation_gazebo/share/turtlebot3_manipulation_gazebo/models/turtlebot3_home_service_challenge/marker5
[1.937s] -- Installing: /home/dr/Documents/ros2_workspaces/fortress_tut_ws/install/turtlebot3_manipulation_gazebo/share/turtlebot3_manipulation_gazebo/models/turtlebot3_home_service_challenge/marker5/meshes
[1.937s] -- Installing: /home/dr/Documents/ros2_workspaces/fortress_tut_ws/install/turtlebot3_manipulation_gazebo/share/turtlebot3_manipulation_gazebo/models/turtlebot3_home_service_challenge/marker5/meshes/Marker5.dae
[1.937s] -- Installing: /home/dr/Documents/ros2_workspaces/fortress_tut_ws/install/turtlebot3_manipulation_gazebo/share/turtlebot3_manipulation_gazebo/models/turtlebot3_home_service_challenge/marker5/model.config
[1.938s] -- Installing: /home/dr/Documents/ros2_workspaces/fortress_tut_ws/install/turtlebot3_manipulation_gazebo/share/turtlebot3_manipulation_gazebo/models/turtlebot3_home_service_challenge/marker5/model.sdf
[1.938s] -- Installing: /home/dr/Documents/ros2_workspaces/fortress_tut_ws/install/turtlebot3_manipulation_gazebo/share/turtlebot3_manipulation_gazebo/models/turtlebot3_home_service_challenge/marker5/model-1_4.sdf
[1.938s] -- Installing: /home/dr/Documents/ros2_workspaces/fortress_tut_ws/install/turtlebot3_manipulation_gazebo/share/turtlebot3_manipulation_gazebo/models/turtlebot3_home_service_challenge/marker5/model-1_5.sdf
[1.938s] -- Installing: /home/dr/Documents/ros2_workspaces/fortress_tut_ws/install/turtlebot3_manipulation_gazebo/share/turtlebot3_manipulation_gazebo/models/turtlebot3_home_service_challenge/marker5/materials
[1.938s] -- Installing: /home/dr/Documents/ros2_workspaces/fortress_tut_ws/install/turtlebot3_manipulation_gazebo/share/turtlebot3_manipulation_gazebo/models/turtlebot3_home_service_challenge/marker5/materials/textures
[1.938s] -- Installing: /home/dr/Documents/ros2_workspaces/fortress_tut_ws/install/turtlebot3_manipulation_gazebo/share/turtlebot3_manipulation_gazebo/models/turtlebot3_home_service_challenge/marker5/materials/textures/Marker5.png
[1.939s] -- Installing: /home/dr/Documents/ros2_workspaces/fortress_tut_ws/install/turtlebot3_manipulation_gazebo/share/turtlebot3_manipulation_gazebo/models/turtlebot3_home_service_challenge/marker8
[1.939s] -- Installing: /home/dr/Documents/ros2_workspaces/fortress_tut_ws/install/turtlebot3_manipulation_gazebo/share/turtlebot3_manipulation_gazebo/models/turtlebot3_home_service_challenge/marker8/meshes
[1.939s] -- Installing: /home/dr/Documents/ros2_workspaces/fortress_tut_ws/install/turtlebot3_manipulation_gazebo/share/turtlebot3_manipulation_gazebo/models/turtlebot3_home_service_challenge/marker8/meshes/Marker8.dae
[1.939s] -- Installing: /home/dr/Documents/ros2_workspaces/fortress_tut_ws/install/turtlebot3_manipulation_gazebo/share/turtlebot3_manipulation_gazebo/models/turtlebot3_home_service_challenge/marker8/model.config
[1.939s] -- Installing: /home/dr/Documents/ros2_workspaces/fortress_tut_ws/install/turtlebot3_manipulation_gazebo/share/turtlebot3_manipulation_gazebo/models/turtlebot3_home_service_challenge/marker8/model.sdf
[1.940s] -- Installing: /home/dr/Documents/ros2_workspaces/fortress_tut_ws/install/turtlebot3_manipulation_gazebo/share/turtlebot3_manipulation_gazebo/models/turtlebot3_home_service_challenge/marker8/model-1_4.sdf
[1.940s] -- Installing: /home/dr/Documents/ros2_workspaces/fortress_tut_ws/install/turtlebot3_manipulation_gazebo/share/turtlebot3_manipulation_gazebo/models/turtlebot3_home_service_challenge/marker8/model-1_5.sdf
[1.940s] -- Installing: /home/dr/Documents/ros2_workspaces/fortress_tut_ws/install/turtlebot3_manipulation_gazebo/share/turtlebot3_manipulation_gazebo/models/turtlebot3_home_service_challenge/marker8/materials
[1.940s] -- Installing: /home/dr/Documents/ros2_workspaces/fortress_tut_ws/install/turtlebot3_manipulation_gazebo/share/turtlebot3_manipulation_gazebo/models/turtlebot3_home_service_challenge/marker8/materials/textures
[1.941s] -- Installing: /home/dr/Documents/ros2_workspaces/fortress_tut_ws/install/turtlebot3_manipulation_gazebo/share/turtlebot3_manipulation_gazebo/models/turtlebot3_home_service_challenge/marker8/materials/textures/Marker8.png
[1.941s] -- Installing: /home/dr/Documents/ros2_workspaces/fortress_tut_ws/install/turtlebot3_manipulation_gazebo/share/turtlebot3_manipulation_gazebo/models/turtlebot3_home_service_challenge/marker9
[1.941s] -- Installing: /home/dr/Documents/ros2_workspaces/fortress_tut_ws/install/turtlebot3_manipulation_gazebo/share/turtlebot3_manipulation_gazebo/models/turtlebot3_home_service_challenge/marker9/meshes
[1.941s] -- Installing: /home/dr/Documents/ros2_workspaces/fortress_tut_ws/install/turtlebot3_manipulation_gazebo/share/turtlebot3_manipulation_gazebo/models/turtlebot3_home_service_challenge/marker9/meshes/Marker9.dae
[1.941s] -- Installing: /home/dr/Documents/ros2_workspaces/fortress_tut_ws/install/turtlebot3_manipulation_gazebo/share/turtlebot3_manipulation_gazebo/models/turtlebot3_home_service_challenge/marker9/model.config
[1.942s] -- Installing: /home/dr/Documents/ros2_workspaces/fortress_tut_ws/install/turtlebot3_manipulation_gazebo/share/turtlebot3_manipulation_gazebo/models/turtlebot3_home_service_challenge/marker9/model.sdf
[1.942s] -- Installing: /home/dr/Documents/ros2_workspaces/fortress_tut_ws/install/turtlebot3_manipulation_gazebo/share/turtlebot3_manipulation_gazebo/models/turtlebot3_home_service_challenge/marker9/model-1_4.sdf
[1.943s] -- Installing: /home/dr/Documents/ros2_workspaces/fortress_tut_ws/install/turtlebot3_manipulation_gazebo/share/turtlebot3_manipulation_gazebo/models/turtlebot3_home_service_challenge/marker9/model-1_5.sdf
[1.943s] -- Installing: /home/dr/Documents/ros2_workspaces/fortress_tut_ws/install/turtlebot3_manipulation_gazebo/share/turtlebot3_manipulation_gazebo/models/turtlebot3_home_service_challenge/marker9/materials
[1.943s] -- Installing: /home/dr/Documents/ros2_workspaces/fortress_tut_ws/install/turtlebot3_manipulation_gazebo/share/turtlebot3_manipulation_gazebo/models/turtlebot3_home_service_challenge/marker9/materials/textures
[1.943s] -- Installing: /home/dr/Documents/ros2_workspaces/fortress_tut_ws/install/turtlebot3_manipulation_gazebo/share/turtlebot3_manipulation_gazebo/models/turtlebot3_home_service_challenge/marker9/materials/textures/Marker9.png
[1.944s] -- Installing: /home/dr/Documents/ros2_workspaces/fortress_tut_ws/install/turtlebot3_manipulation_gazebo/share/turtlebot3_manipulation_gazebo/models/turtlebot3_home_service_challenge/marker7
[1.944s] -- Installing: /home/dr/Documents/ros2_workspaces/fortress_tut_ws/install/turtlebot3_manipulation_gazebo/share/turtlebot3_manipulation_gazebo/models/turtlebot3_home_service_challenge/marker7/meshes
[1.944s] -- Installing: /home/dr/Documents/ros2_workspaces/fortress_tut_ws/install/turtlebot3_manipulation_gazebo/share/turtlebot3_manipulation_gazebo/models/turtlebot3_home_service_challenge/marker7/meshes/Marker7.dae
[1.944s] -- Installing: /home/dr/Documents/ros2_workspaces/fortress_tut_ws/install/turtlebot3_manipulation_gazebo/share/turtlebot3_manipulation_gazebo/models/turtlebot3_home_service_challenge/marker7/model.config
[1.944s] -- Installing: /home/dr/Documents/ros2_workspaces/fortress_tut_ws/install/turtlebot3_manipulation_gazebo/share/turtlebot3_manipulation_gazebo/models/turtlebot3_home_service_challenge/marker7/model.sdf
[1.944s] -- Installing: /home/dr/Documents/ros2_workspaces/fortress_tut_ws/install/turtlebot3_manipulation_gazebo/share/turtlebot3_manipulation_gazebo/models/turtlebot3_home_service_challenge/marker7/model-1_4.sdf
[1.945s] -- Installing: /home/dr/Documents/ros2_workspaces/fortress_tut_ws/install/turtlebot3_manipulation_gazebo/share/turtlebot3_manipulation_gazebo/models/turtlebot3_home_service_challenge/marker7/model-1_5.sdf
[1.945s] -- Installing: /home/dr/Documents/ros2_workspaces/fortress_tut_ws/install/turtlebot3_manipulation_gazebo/share/turtlebot3_manipulation_gazebo/models/turtlebot3_home_service_challenge/marker7/materials
[1.947s] -- Installing: /home/dr/Documents/ros2_workspaces/fortress_tut_ws/install/turtlebot3_manipulation_gazebo/share/turtlebot3_manipulation_gazebo/models/turtlebot3_home_service_challenge/marker7/materials/textures
[1.947s] -- Installing: /home/dr/Documents/ros2_workspaces/fortress_tut_ws/install/turtlebot3_manipulation_gazebo/share/turtlebot3_manipulation_gazebo/models/turtlebot3_home_service_challenge/marker7/materials/textures/Marker7.png
[1.947s] -- Installing: /home/dr/Documents/ros2_workspaces/fortress_tut_ws/install/turtlebot3_manipulation_gazebo/share/turtlebot3_manipulation_gazebo/models/turtlebot3_home_service_challenge/marker2
[1.948s] -- Installing: /home/dr/Documents/ros2_workspaces/fortress_tut_ws/install/turtlebot3_manipulation_gazebo/share/turtlebot3_manipulation_gazebo/models/turtlebot3_home_service_challenge/marker2/meshes
[1.952s] -- Installing: /home/dr/Documents/ros2_workspaces/fortress_tut_ws/install/turtlebot3_manipulation_gazebo/share/turtlebot3_manipulation_gazebo/models/turtlebot3_home_service_challenge/marker2/meshes/Marker2.dae
[1.953s] -- Installing: /home/dr/Documents/ros2_workspaces/fortress_tut_ws/install/turtlebot3_manipulation_gazebo/share/turtlebot3_manipulation_gazebo/models/turtlebot3_home_service_challenge/marker2/model.config
[1.953s] -- Installing: /home/dr/Documents/ros2_workspaces/fortress_tut_ws/install/turtlebot3_manipulation_gazebo/share/turtlebot3_manipulation_gazebo/models/turtlebot3_home_service_challenge/marker2/model.sdf
[1.953s] -- Installing: /home/dr/Documents/ros2_workspaces/fortress_tut_ws/install/turtlebot3_manipulation_gazebo/share/turtlebot3_manipulation_gazebo/models/turtlebot3_home_service_challenge/marker2/model-1_4.sdf
[1.954s] -- Installing: /home/dr/Documents/ros2_workspaces/fortress_tut_ws/install/turtlebot3_manipulation_gazebo/share/turtlebot3_manipulation_gazebo/models/turtlebot3_home_service_challenge/marker2/model-1_5.sdf
[1.954s] -- Installing: /home/dr/Documents/ros2_workspaces/fortress_tut_ws/install/turtlebot3_manipulation_gazebo/share/turtlebot3_manipulation_gazebo/models/turtlebot3_home_service_challenge/marker2/materials
[1.954s] -- Installing: /home/dr/Documents/ros2_workspaces/fortress_tut_ws/install/turtlebot3_manipulation_gazebo/share/turtlebot3_manipulation_gazebo/models/turtlebot3_home_service_challenge/marker2/materials/textures
[1.954s] -- Installing: /home/dr/Documents/ros2_workspaces/fortress_tut_ws/install/turtlebot3_manipulation_gazebo/share/turtlebot3_manipulation_gazebo/models/turtlebot3_home_service_challenge/marker2/materials/textures/Marker2.png
[1.954s] -- Installing: /home/dr/Documents/ros2_workspaces/fortress_tut_ws/install/turtlebot3_manipulation_gazebo/share/turtlebot3_manipulation_gazebo/meshes
[1.955s] -- Installing: /home/dr/Documents/ros2_workspaces/fortress_tut_ws/install/turtlebot3_manipulation_gazebo/share/turtlebot3_manipulation_gazebo/meshes/open_manipulator_x
[1.955s] -- Installing: /home/dr/Documents/ros2_workspaces/fortress_tut_ws/install/turtlebot3_manipulation_gazebo/share/turtlebot3_manipulation_gazebo/meshes/open_manipulator_x/link4.stl
[1.955s] -- Installing: /home/dr/Documents/ros2_workspaces/fortress_tut_ws/install/turtlebot3_manipulation_gazebo/share/turtlebot3_manipulation_gazebo/meshes/open_manipulator_x/gripper_left_palm.stl
[1.955s] -- Installing: /home/dr/Documents/ros2_workspaces/fortress_tut_ws/install/turtlebot3_manipulation_gazebo/share/turtlebot3_manipulation_gazebo/meshes/open_manipulator_x/link3.stl
[1.955s] -- Installing: /home/dr/Documents/ros2_workspaces/fortress_tut_ws/install/turtlebot3_manipulation_gazebo/share/turtlebot3_manipulation_gazebo/meshes/open_manipulator_x/gripper_right_palm.stl
[1.955s] -- Installing: /home/dr/Documents/ros2_workspaces/fortress_tut_ws/install/turtlebot3_manipulation_gazebo/share/turtlebot3_manipulation_gazebo/meshes/open_manipulator_x/link5.stl
[1.957s] -- Installing: /home/dr/Documents/ros2_workspaces/fortress_tut_ws/install/turtlebot3_manipulation_gazebo/share/turtlebot3_manipulation_gazebo/meshes/open_manipulator_x/link2.stl
[1.957s] -- Installing: /home/dr/Documents/ros2_workspaces/fortress_tut_ws/install/turtlebot3_manipulation_gazebo/share/turtlebot3_manipulation_gazebo/meshes/open_manipulator_x/link1.stl
[1.957s] -- Installing: /home/dr/Documents/ros2_workspaces/fortress_tut_ws/install/turtlebot3_manipulation_gazebo/share/turtlebot3_manipulation_gazebo/meshes/turtlebot3_waffle_pi
[1.958s] -- Installing: /home/dr/Documents/ros2_workspaces/fortress_tut_ws/install/turtlebot3_manipulation_gazebo/share/turtlebot3_manipulation_gazebo/meshes/turtlebot3_waffle_pi/base.stl
[1.983s] -- Installing: /home/dr/Documents/ros2_workspaces/fortress_tut_ws/install/turtlebot3_manipulation_gazebo/share/turtlebot3_manipulation_gazebo/meshes/turtlebot3_waffle_pi/right_tire.stl
[1.990s] -- Installing: /home/dr/Documents/ros2_workspaces/fortress_tut_ws/install/turtlebot3_manipulation_gazebo/share/turtlebot3_manipulation_gazebo/meshes/turtlebot3_waffle_pi/left_tire.stl
[1.993s] -- Installing: /home/dr/Documents/ros2_workspaces/fortress_tut_ws/install/turtlebot3_manipulation_gazebo/share/turtlebot3_manipulation_gazebo/meshes/turtlebot3_waffle_pi/ladar.stl
[1.997s] -- Installing: /home/dr/Documents/ros2_workspaces/fortress_tut_ws/install/turtlebot3_manipulation_gazebo/share/ament_index/resource_index/package_run_dependencies/turtlebot3_manipulation_gazebo
[1.998s] -- Installing: /home/dr/Documents/ros2_workspaces/fortress_tut_ws/install/turtlebot3_manipulation_gazebo/share/ament_index/resource_index/parent_prefix_path/turtlebot3_manipulation_gazebo
[1.999s] -- Installing: /home/dr/Documents/ros2_workspaces/fortress_tut_ws/install/turtlebot3_manipulation_gazebo/share/turtlebot3_manipulation_gazebo/environment/ament_prefix_path.sh
[2.001s] -- Installing: /home/dr/Documents/ros2_workspaces/fortress_tut_ws/install/turtlebot3_manipulation_gazebo/share/turtlebot3_manipulation_gazebo/environment/ament_prefix_path.dsv
[2.001s] -- Installing: /home/dr/Documents/ros2_workspaces/fortress_tut_ws/install/turtlebot3_manipulation_gazebo/share/turtlebot3_manipulation_gazebo/environment/path.sh
[2.002s] -- Installing: /home/dr/Documents/ros2_workspaces/fortress_tut_ws/install/turtlebot3_manipulation_gazebo/share/turtlebot3_manipulation_gazebo/environment/path.dsv
[2.002s] -- Installing: /home/dr/Documents/ros2_workspaces/fortress_tut_ws/install/turtlebot3_manipulation_gazebo/share/turtlebot3_manipulation_gazebo/local_setup.bash
[2.003s] -- Installing: /home/dr/Documents/ros2_workspaces/fortress_tut_ws/install/turtlebot3_manipulation_gazebo/share/turtlebot3_manipulation_gazebo/local_setup.sh
[2.003s] -- Installing: /home/dr/Documents/ros2_workspaces/fortress_tut_ws/install/turtlebot3_manipulation_gazebo/share/turtlebot3_manipulation_gazebo/local_setup.zsh
[2.003s] -- Installing: /home/dr/Documents/ros2_workspaces/fortress_tut_ws/install/turtlebot3_manipulation_gazebo/share/turtlebot3_manipulation_gazebo/local_setup.dsv
[2.003s] -- Installing: /home/dr/Documents/ros2_workspaces/fortress_tut_ws/install/turtlebot3_manipulation_gazebo/share/turtlebot3_manipulation_gazebo/package.dsv
[2.003s] -- Installing: /home/dr/Documents/ros2_workspaces/fortress_tut_ws/install/turtlebot3_manipulation_gazebo/share/ament_index/resource_index/packages/turtlebot3_manipulation_gazebo
[2.004s] -- Installing: /home/dr/Documents/ros2_workspaces/fortress_tut_ws/install/turtlebot3_manipulation_gazebo/share/turtlebot3_manipulation_gazebo/cmake/turtlebot3_manipulation_gazeboConfig.cmake
[2.004s] -- Installing: /home/dr/Documents/ros2_workspaces/fortress_tut_ws/install/turtlebot3_manipulation_gazebo/share/turtlebot3_manipulation_gazebo/cmake/turtlebot3_manipulation_gazeboConfig-version.cmake
[2.004s] -- Installing: /home/dr/Documents/ros2_workspaces/fortress_tut_ws/install/turtlebot3_manipulation_gazebo/share/turtlebot3_manipulation_gazebo/package.xml
[2.020s] Invoked command in '/home/dr/Documents/ros2_workspaces/fortress_tut_ws/build/turtlebot3_manipulation_gazebo' returned '0': CMAKE_PREFIX_PATH=${CMAKE_PREFIX_PATH}:/home/dr/Documents/ros2_workspaces/fortress_tut_ws/install/turtlebot3_teleop:/home/dr/Documents/ros2_workspaces/fortress_tut_ws/install/turtlebot3_example:/home/dr/Documents/ros2_workspaces/fortress_tut_ws/install/fortress_tut:/home/dr/ros2_ws/install/my_robot_controller:/opt/ros/humble /usr/bin/cmake --install /home/dr/Documents/ros2_workspaces/fortress_tut_ws/build/turtlebot3_manipulation_gazebo
