[3.815s] Invoking command in '/home/dr/Documents/ros2_workspaces/fortress_tut_ws/build/turtlebot3_example': CMAKE_PREFIX_PATH=/home/dr/Documents/ros2_workspaces/fortress_tut_ws/install/turtlebot3_msgs:/home/dr/Documents/ros2_workspaces/fortress_tut_ws/install/turtlebot3:/home/dr/Documents/ros2_workspaces/fortress_tut_ws/install/turtlebot3_bringup:/home/dr/Documents/ros2_workspaces/fortress_tut_ws/install/turtlebot3_node:/home/dr/Documents/ros2_workspaces/fortress_tut_ws/install/turtlebot3_navigation2:/home/dr/Documents/ros2_workspaces/fortress_tut_ws/install/turtlebot3_manipulation_gazebo:/home/dr/Documents/ros2_workspaces/fortress_tut_ws/install/turtlebot3_description:/home/dr/Documents/ros2_workspaces/fortress_tut_ws/install/turtlebot3_cartographer:/home/dr/Documents/ros2_workspaces/fortress_tut_ws/install/dynamixel_sdk_examples:/home/dr/Documents/ros2_workspaces/fortress_tut_ws/install/dynamixel_sdk_custom_interfaces:/home/dr/Documents/ros2_workspaces/fortress_tut_ws/install/dynamixel_sdk LD_LIBRARY_PATH=/home/dr/Documents/ros2_workspaces/fortress_tut_ws/install/turtlebot3_msgs/lib:/home/dr/Documents/ros2_workspaces/fortress_tut_ws/install/dynamixel_sdk_custom_interfaces/lib:/home/dr/Documents/ros2_workspaces/fortress_tut_ws/install/dynamixel_sdk/lib:/usr/lib/x86_64-linux-gnu/gazebo-11/plugins:/opt/ros/humble/opt/rviz_ogre_vendor/lib:/opt/ros/humble/lib/x86_64-linux-gnu:/opt/ros/humble/lib:/usr/lib/x86_64-linux-gnu/gazebo-11/plugins PYTHONPATH=/home/dr/Documents/ros2_workspaces/fortress_tut_ws/build/turtlebot3_example/prefix_override:/usr/lib/python3/dist-packages/colcon_core/task/python/colcon_distutils_commands:/home/dr/Documents/ros2_workspaces/fortress_tut_ws/install/turtlebot3_example/lib/python3.10/site-packages:${PYTHONPATH} /usr/bin/python3 -W ignore:setup.py install is deprecated -W ignore:easy_install command is deprecated setup.py develop --editable --build-directory /home/dr/Documents/ros2_workspaces/fortress_tut_ws/build/turtlebot3_example/build --no-deps symlink_data
[4.612s] running develop
[5.034s] running egg_info
[5.041s] writing turtlebot3_example.egg-info/PKG-INFO
[5.042s] writing dependency_links to turtlebot3_example.egg-info/dependency_links.txt
[5.042s] writing entry points to turtlebot3_example.egg-info/entry_points.txt
[5.042s] writing requirements to turtlebot3_example.egg-info/requires.txt
[5.042s] writing top-level names to turtlebot3_example.egg-info/top_level.txt
[5.043s] reading manifest file 'turtlebot3_example.egg-info/SOURCES.txt'
[5.044s] writing manifest file 'turtlebot3_example.egg-info/SOURCES.txt'
[5.081s] running build_ext
[5.081s] Creating /home/dr/Documents/ros2_workspaces/fortress_tut_ws/install/turtlebot3_example/lib/python3.10/site-packages/turtlebot3-example.egg-link (link to .)
[5.081s] Installing turtlebot3_absolute_move script to /home/dr/Documents/ros2_workspaces/fortress_tut_ws/install/turtlebot3_example/lib/turtlebot3_example
[5.082s] Installing turtlebot3_interactive_marker script to /home/dr/Documents/ros2_workspaces/fortress_tut_ws/install/turtlebot3_example/lib/turtlebot3_example
[5.082s] Installing turtlebot3_obstacle_detection script to /home/dr/Documents/ros2_workspaces/fortress_tut_ws/install/turtlebot3_example/lib/turtlebot3_example
[5.082s] Installing turtlebot3_patrol_client script to /home/dr/Documents/ros2_workspaces/fortress_tut_ws/install/turtlebot3_example/lib/turtlebot3_example
[5.082s] Installing turtlebot3_patrol_server script to /home/dr/Documents/ros2_workspaces/fortress_tut_ws/install/turtlebot3_example/lib/turtlebot3_example
[5.082s] Installing turtlebot3_relative_move script to /home/dr/Documents/ros2_workspaces/fortress_tut_ws/install/turtlebot3_example/lib/turtlebot3_example
[5.091s] 
[5.091s] Installed /home/dr/Documents/ros2_workspaces/fortress_tut_ws/build/turtlebot3_example
[5.091s] running symlink_data
[5.144s] Invoked command in '/home/dr/Documents/ros2_workspaces/fortress_tut_ws/build/turtlebot3_example' returned '0': CMAKE_PREFIX_PATH=/home/dr/Documents/ros2_workspaces/fortress_tut_ws/install/turtlebot3_msgs:/home/dr/Documents/ros2_workspaces/fortress_tut_ws/install/turtlebot3:/home/dr/Documents/ros2_workspaces/fortress_tut_ws/install/turtlebot3_bringup:/home/dr/Documents/ros2_workspaces/fortress_tut_ws/install/turtlebot3_node:/home/dr/Documents/ros2_workspaces/fortress_tut_ws/install/turtlebot3_navigation2:/home/dr/Documents/ros2_workspaces/fortress_tut_ws/install/turtlebot3_manipulation_gazebo:/home/dr/Documents/ros2_workspaces/fortress_tut_ws/install/turtlebot3_description:/home/dr/Documents/ros2_workspaces/fortress_tut_ws/install/turtlebot3_cartographer:/home/dr/Documents/ros2_workspaces/fortress_tut_ws/install/dynamixel_sdk_examples:/home/dr/Documents/ros2_workspaces/fortress_tut_ws/install/dynamixel_sdk_custom_interfaces:/home/dr/Documents/ros2_workspaces/fortress_tut_ws/install/dynamixel_sdk LD_LIBRARY_PATH=/home/dr/Documents/ros2_workspaces/fortress_tut_ws/install/turtlebot3_msgs/lib:/home/dr/Documents/ros2_workspaces/fortress_tut_ws/install/dynamixel_sdk_custom_interfaces/lib:/home/dr/Documents/ros2_workspaces/fortress_tut_ws/install/dynamixel_sdk/lib:/usr/lib/x86_64-linux-gnu/gazebo-11/plugins:/opt/ros/humble/opt/rviz_ogre_vendor/lib:/opt/ros/humble/lib/x86_64-linux-gnu:/opt/ros/humble/lib:/usr/lib/x86_64-linux-gnu/gazebo-11/plugins PYTHONPATH=/home/dr/Documents/ros2_workspaces/fortress_tut_ws/build/turtlebot3_example/prefix_override:/usr/lib/python3/dist-packages/colcon_core/task/python/colcon_distutils_commands:/home/dr/Documents/ros2_workspaces/fortress_tut_ws/install/turtlebot3_example/lib/python3.10/site-packages:${PYTHONPATH} /usr/bin/python3 -W ignore:setup.py install is deprecated -W ignore:easy_install command is deprecated setup.py develop --editable --build-directory /home/dr/Documents/ros2_workspaces/fortress_tut_ws/build/turtlebot3_example/build --no-deps symlink_data
