[0.059s] Invoking command in '/home/dr/Documents/ros2_workspaces/fortress_tut_ws/build/dynamixel_sdk_examples': AMENT_PREFIX_PATH=/home/dr/Documents/ros2_workspaces/fortress_tut_ws/install/dynamixel_sdk_custom_interfaces:/home/dr/Documents/ros2_workspaces/fortress_tut_ws/install/dynamixel_sdk:${AMENT_PREFIX_PATH} CMAKE_PREFIX_PATH=/home/dr/Documents/ros2_workspaces/fortress_tut_ws/install/dynamixel_sdk_custom_interfaces:/home/dr/Documents/ros2_workspaces/fortress_tut_ws/install/dynamixel_sdk:/home/dr/ros2_ws/install/my_robot_controller:/opt/ros/humble LD_LIBRARY_PATH=/home/dr/Documents/ros2_workspaces/fortress_tut_ws/install/dynamixel_sdk_custom_interfaces/lib:/home/dr/Documents/ros2_workspaces/fortress_tut_ws/install/dynamixel_sdk/lib:${LD_LIBRARY_PATH} PYTHONPATH=/home/dr/Documents/ros2_workspaces/fortress_tut_ws/install/dynamixel_sdk_custom_interfaces/local/lib/python3.10/dist-packages:/home/dr/Documents/ros2_workspaces/fortress_tut_ws/install/dynamixel_sdk/local/lib/python3.10/dist-packages:${PYTHONPATH} /usr/bin/cmake /home/dr/Documents/ros2_workspaces/fortress_tut_ws/src/DynamixelSDK/ros/dynamixel_sdk_examples -DAMENT_CMAKE_SYMLINK_INSTALL=1 -DCMAKE_INSTALL_PREFIX=/home/dr/Documents/ros2_workspaces/fortress_tut_ws/install/dynamixel_sdk_examples
[0.224s] -- The C compiler identification is GNU 11.4.0
[0.479s] -- The CXX compiler identification is GNU 11.4.0
[0.501s] -- Detecting C compiler ABI info
[0.742s] -- Detecting C compiler ABI info - done
[0.811s] -- Check for working C compiler: /usr/bin/cc - skipped
[0.812s] -- Detecting C compile features
[0.812s] -- Detecting C compile features - done
[0.814s] -- Detecting CXX compiler ABI info
[1.041s] -- Detecting CXX compiler ABI info - done
[1.065s] -- Check for working CXX compiler: /usr/bin/c++ - skipped
[1.066s] -- Detecting CXX compile features
[1.066s] -- Detecting CXX compile features - done
[1.073s] -- Found ament_cmake: 1.3.14 (/opt/ros/humble/share/ament_cmake/cmake)
[1.408s] -- Found Python3: /usr/bin/python3 (found version "3.10.12") found components: Interpreter 
[1.513s] -- Override CMake install command with custom implementation using symlinks instead of copying resources
[1.566s] -- Found dynamixel_sdk: 4.0.5 (/home/dr/Documents/ros2_workspaces/fortress_tut_ws/install/dynamixel_sdk/share/dynamixel_sdk/cmake)
[1.569s] -- Found dynamixel_sdk_custom_interfaces: 4.0.5 (/home/dr/Documents/ros2_workspaces/fortress_tut_ws/install/dynamixel_sdk_custom_interfaces/share/dynamixel_sdk_custom_interfaces/cmake)
[1.638s] -- Found rosidl_generator_c: 3.1.9 (/opt/ros/humble/share/rosidl_generator_c/cmake)
[1.650s] -- Found rosidl_adapter: 3.1.9 (/opt/ros/humble/share/rosidl_adapter/cmake)
[1.662s] -- Found rosidl_generator_cpp: 3.1.9 (/opt/ros/humble/share/rosidl_generator_cpp/cmake)
[1.687s] -- Using all available rosidl_typesupport_c: rosidl_typesupport_fastrtps_c;rosidl_typesupport_introspection_c
[1.717s] -- Using all available rosidl_typesupport_cpp: rosidl_typesupport_fastrtps_cpp;rosidl_typesupport_introspection_cpp
[1.759s] -- Found rclcpp: 16.0.19 (/opt/ros/humble/share/rclcpp/cmake)
[1.826s] -- Found rmw_implementation_cmake: 6.1.2 (/opt/ros/humble/share/rmw_implementation_cmake/cmake)
[1.830s] -- Found rmw_fastrtps_cpp: 6.2.10 (/opt/ros/humble/share/rmw_fastrtps_cpp/cmake)
[1.971s] -- Found OpenSSL: /usr/lib/x86_64-linux-gnu/libcrypto.so (found version "3.0.2")  
[2.013s] -- Found FastRTPS: /opt/ros/humble/include  
[2.071s] -- Using RMW implementation 'rmw_fastrtps_cpp' as default
[2.084s] -- Looking for pthread.h
[2.190s] -- Looking for pthread.h - found
[2.190s] -- Performing Test CMAKE_HAVE_LIBC_PTHREAD
[2.290s] -- Performing Test CMAKE_HAVE_LIBC_PTHREAD - Success
[2.291s] -- Found Threads: TRUE  
[2.373s] -- Found rclpy: 3.3.21 (/opt/ros/humble/share/rclpy/cmake)
[2.381s] -- Found ament_lint_auto: 0.12.15 (/opt/ros/humble/share/ament_lint_auto/cmake)
[2.507s] -- Added test 'copyright' to check source files copyright and LICENSE
[2.510s] -- Added test 'cppcheck' to perform static code analysis on C / C++ code
[2.510s] -- Configured cppcheck include dirs: /home/dr/Documents/ros2_workspaces/fortress_tut_ws/src/DynamixelSDK/ros/dynamixel_sdk_examples/include
[2.510s] -- Configured cppcheck exclude dirs and/or files: 
[2.511s] -- Added test 'cpplint' to check C / C++ code against the Google style
[2.511s] -- Configured cpplint exclude dirs and/or files: 
[2.512s] -- Added test 'flake8' to check Python code syntax and style conventions
[2.513s] -- Added test 'lint_cmake' to check CMake code style
[2.514s] -- Added test 'pep257' to check Python code against some of the docstring style conventions in PEP 257
[2.515s] -- Added test 'uncrustify' to check C / C++ code style
[2.516s] -- Configured uncrustify additional arguments: 
[2.516s] -- Added test 'xmllint' to check XML markup files
[2.519s] -- Configuring done
[2.533s] -- Generating done
[2.537s] -- Build files have been written to: /home/dr/Documents/ros2_workspaces/fortress_tut_ws/build/dynamixel_sdk_examples
[2.552s] Invoked command in '/home/dr/Documents/ros2_workspaces/fortress_tut_ws/build/dynamixel_sdk_examples' returned '0': AMENT_PREFIX_PATH=/home/dr/Documents/ros2_workspaces/fortress_tut_ws/install/dynamixel_sdk_custom_interfaces:/home/dr/Documents/ros2_workspaces/fortress_tut_ws/install/dynamixel_sdk:${AMENT_PREFIX_PATH} CMAKE_PREFIX_PATH=/home/dr/Documents/ros2_workspaces/fortress_tut_ws/install/dynamixel_sdk_custom_interfaces:/home/dr/Documents/ros2_workspaces/fortress_tut_ws/install/dynamixel_sdk:/home/dr/ros2_ws/install/my_robot_controller:/opt/ros/humble LD_LIBRARY_PATH=/home/dr/Documents/ros2_workspaces/fortress_tut_ws/install/dynamixel_sdk_custom_interfaces/lib:/home/dr/Documents/ros2_workspaces/fortress_tut_ws/install/dynamixel_sdk/lib:${LD_LIBRARY_PATH} PYTHONPATH=/home/dr/Documents/ros2_workspaces/fortress_tut_ws/install/dynamixel_sdk_custom_interfaces/local/lib/python3.10/dist-packages:/home/dr/Documents/ros2_workspaces/fortress_tut_ws/install/dynamixel_sdk/local/lib/python3.10/dist-packages:${PYTHONPATH} /usr/bin/cmake /home/dr/Documents/ros2_workspaces/fortress_tut_ws/src/DynamixelSDK/ros/dynamixel_sdk_examples -DAMENT_CMAKE_SYMLINK_INSTALL=1 -DCMAKE_INSTALL_PREFIX=/home/dr/Documents/ros2_workspaces/fortress_tut_ws/install/dynamixel_sdk_examples
[2.556s] Invoking command in '/home/dr/Documents/ros2_workspaces/fortress_tut_ws/build/dynamixel_sdk_examples': AMENT_PREFIX_PATH=/home/dr/Documents/ros2_workspaces/fortress_tut_ws/install/dynamixel_sdk_custom_interfaces:/home/dr/Documents/ros2_workspaces/fortress_tut_ws/install/dynamixel_sdk:${AMENT_PREFIX_PATH} CMAKE_PREFIX_PATH=/home/dr/Documents/ros2_workspaces/fortress_tut_ws/install/dynamixel_sdk_custom_interfaces:/home/dr/Documents/ros2_workspaces/fortress_tut_ws/install/dynamixel_sdk:/home/dr/ros2_ws/install/my_robot_controller:/opt/ros/humble LD_LIBRARY_PATH=/home/dr/Documents/ros2_workspaces/fortress_tut_ws/install/dynamixel_sdk_custom_interfaces/lib:/home/dr/Documents/ros2_workspaces/fortress_tut_ws/install/dynamixel_sdk/lib:${LD_LIBRARY_PATH} PYTHONPATH=/home/dr/Documents/ros2_workspaces/fortress_tut_ws/install/dynamixel_sdk_custom_interfaces/local/lib/python3.10/dist-packages:/home/dr/Documents/ros2_workspaces/fortress_tut_ws/install/dynamixel_sdk/local/lib/python3.10/dist-packages:${PYTHONPATH} /usr/bin/cmake --build /home/dr/Documents/ros2_workspaces/fortress_tut_ws/build/dynamixel_sdk_examples -- -j8 -l8
[2.627s] [ 50%] [32mBuilding CXX object CMakeFiles/read_write_node.dir/src/read_write_node.cpp.o[0m
[22.100s] [100%] [32m[1mLinking CXX executable read_write_node[0m
[23.647s] [100%] Built target read_write_node
[23.685s] Invoked command in '/home/dr/Documents/ros2_workspaces/fortress_tut_ws/build/dynamixel_sdk_examples' returned '0': AMENT_PREFIX_PATH=/home/dr/Documents/ros2_workspaces/fortress_tut_ws/install/dynamixel_sdk_custom_interfaces:/home/dr/Documents/ros2_workspaces/fortress_tut_ws/install/dynamixel_sdk:${AMENT_PREFIX_PATH} CMAKE_PREFIX_PATH=/home/dr/Documents/ros2_workspaces/fortress_tut_ws/install/dynamixel_sdk_custom_interfaces:/home/dr/Documents/ros2_workspaces/fortress_tut_ws/install/dynamixel_sdk:/home/dr/ros2_ws/install/my_robot_controller:/opt/ros/humble LD_LIBRARY_PATH=/home/dr/Documents/ros2_workspaces/fortress_tut_ws/install/dynamixel_sdk_custom_interfaces/lib:/home/dr/Documents/ros2_workspaces/fortress_tut_ws/install/dynamixel_sdk/lib:${LD_LIBRARY_PATH} PYTHONPATH=/home/dr/Documents/ros2_workspaces/fortress_tut_ws/install/dynamixel_sdk_custom_interfaces/local/lib/python3.10/dist-packages:/home/dr/Documents/ros2_workspaces/fortress_tut_ws/install/dynamixel_sdk/local/lib/python3.10/dist-packages:${PYTHONPATH} /usr/bin/cmake --build /home/dr/Documents/ros2_workspaces/fortress_tut_ws/build/dynamixel_sdk_examples -- -j8 -l8
[23.689s] Invoking command in '/home/dr/Documents/ros2_workspaces/fortress_tut_ws/build/dynamixel_sdk_examples': AMENT_PREFIX_PATH=/home/dr/Documents/ros2_workspaces/fortress_tut_ws/install/dynamixel_sdk_custom_interfaces:/home/dr/Documents/ros2_workspaces/fortress_tut_ws/install/dynamixel_sdk:${AMENT_PREFIX_PATH} CMAKE_PREFIX_PATH=/home/dr/Documents/ros2_workspaces/fortress_tut_ws/install/dynamixel_sdk_custom_interfaces:/home/dr/Documents/ros2_workspaces/fortress_tut_ws/install/dynamixel_sdk:/home/dr/ros2_ws/install/my_robot_controller:/opt/ros/humble LD_LIBRARY_PATH=/home/dr/Documents/ros2_workspaces/fortress_tut_ws/install/dynamixel_sdk_custom_interfaces/lib:/home/dr/Documents/ros2_workspaces/fortress_tut_ws/install/dynamixel_sdk/lib:${LD_LIBRARY_PATH} PYTHONPATH=/home/dr/Documents/ros2_workspaces/fortress_tut_ws/install/dynamixel_sdk_custom_interfaces/local/lib/python3.10/dist-packages:/home/dr/Documents/ros2_workspaces/fortress_tut_ws/install/dynamixel_sdk/local/lib/python3.10/dist-packages:${PYTHONPATH} /usr/bin/cmake --install /home/dr/Documents/ros2_workspaces/fortress_tut_ws/build/dynamixel_sdk_examples
[23.709s] -- Install configuration: ""
[23.709s] -- Execute custom install script
[23.709s] -- Symlinking: /home/dr/Documents/ros2_workspaces/fortress_tut_ws/install/dynamixel_sdk_examples/lib/dynamixel_sdk_examples/read_write_node
[23.730s] -- Symlinking: /home/dr/Documents/ros2_workspaces/fortress_tut_ws/install/dynamixel_sdk_examples/lib/dynamixel_sdk_examples/read_write_node.py
[23.754s] -- Symlinking: /home/dr/Documents/ros2_workspaces/fortress_tut_ws/install/dynamixel_sdk_examples/share/ament_index/resource_index/package_run_dependencies/dynamixel_sdk_examples
[23.800s] -- Symlinking: /home/dr/Documents/ros2_workspaces/fortress_tut_ws/install/dynamixel_sdk_examples/share/ament_index/resource_index/parent_prefix_path/dynamixel_sdk_examples
[23.845s] -- Symlinking: /home/dr/Documents/ros2_workspaces/fortress_tut_ws/install/dynamixel_sdk_examples/share/dynamixel_sdk_examples/environment/ament_prefix_path.sh
[23.855s] -- Symlinking: /home/dr/Documents/ros2_workspaces/fortress_tut_ws/install/dynamixel_sdk_examples/share/dynamixel_sdk_examples/environment/ament_prefix_path.dsv
[23.877s] -- Symlinking: /home/dr/Documents/ros2_workspaces/fortress_tut_ws/install/dynamixel_sdk_examples/share/dynamixel_sdk_examples/environment/path.sh
[23.903s] -- Symlinking: /home/dr/Documents/ros2_workspaces/fortress_tut_ws/install/dynamixel_sdk_examples/share/dynamixel_sdk_examples/environment/path.dsv
[23.924s] -- Symlinking: /home/dr/Documents/ros2_workspaces/fortress_tut_ws/install/dynamixel_sdk_examples/share/dynamixel_sdk_examples/local_setup.bash
[23.951s] -- Symlinking: /home/dr/Documents/ros2_workspaces/fortress_tut_ws/install/dynamixel_sdk_examples/share/dynamixel_sdk_examples/local_setup.sh
[23.976s] -- Symlinking: /home/dr/Documents/ros2_workspaces/fortress_tut_ws/install/dynamixel_sdk_examples/share/dynamixel_sdk_examples/local_setup.zsh
[24.001s] -- Symlinking: /home/dr/Documents/ros2_workspaces/fortress_tut_ws/install/dynamixel_sdk_examples/share/dynamixel_sdk_examples/local_setup.dsv
[24.027s] -- Symlinking: /home/dr/Documents/ros2_workspaces/fortress_tut_ws/install/dynamixel_sdk_examples/share/dynamixel_sdk_examples/package.dsv
[24.046s] -- Symlinking: /home/dr/Documents/ros2_workspaces/fortress_tut_ws/install/dynamixel_sdk_examples/share/ament_index/resource_index/packages/dynamixel_sdk_examples
[24.066s] -- Symlinking: /home/dr/Documents/ros2_workspaces/fortress_tut_ws/install/dynamixel_sdk_examples/share/dynamixel_sdk_examples/cmake/dynamixel_sdk_examplesConfig.cmake
[24.106s] -- Symlinking: /home/dr/Documents/ros2_workspaces/fortress_tut_ws/install/dynamixel_sdk_examples/share/dynamixel_sdk_examples/cmake/dynamixel_sdk_examplesConfig-version.cmake
[24.128s] -- Symlinking: /home/dr/Documents/ros2_workspaces/fortress_tut_ws/install/dynamixel_sdk_examples/share/dynamixel_sdk_examples/package.xml
[24.157s] Invoked command in '/home/dr/Documents/ros2_workspaces/fortress_tut_ws/build/dynamixel_sdk_examples' returned '0': AMENT_PREFIX_PATH=/home/dr/Documents/ros2_workspaces/fortress_tut_ws/install/dynamixel_sdk_custom_interfaces:/home/dr/Documents/ros2_workspaces/fortress_tut_ws/install/dynamixel_sdk:${AMENT_PREFIX_PATH} CMAKE_PREFIX_PATH=/home/dr/Documents/ros2_workspaces/fortress_tut_ws/install/dynamixel_sdk_custom_interfaces:/home/dr/Documents/ros2_workspaces/fortress_tut_ws/install/dynamixel_sdk:/home/dr/ros2_ws/install/my_robot_controller:/opt/ros/humble LD_LIBRARY_PATH=/home/dr/Documents/ros2_workspaces/fortress_tut_ws/install/dynamixel_sdk_custom_interfaces/lib:/home/dr/Documents/ros2_workspaces/fortress_tut_ws/install/dynamixel_sdk/lib:${LD_LIBRARY_PATH} PYTHONPATH=/home/dr/Documents/ros2_workspaces/fortress_tut_ws/install/dynamixel_sdk_custom_interfaces/local/lib/python3.10/dist-packages:/home/dr/Documents/ros2_workspaces/fortress_tut_ws/install/dynamixel_sdk/local/lib/python3.10/dist-packages:${PYTHONPATH} /usr/bin/cmake --install /home/dr/Documents/ros2_workspaces/fortress_tut_ws/build/dynamixel_sdk_examples
