[3.103s] Invoking command in '/home/dr/Documents/ros2_workspaces/fortress_tut_ws/src/fortress_tut': AMENT_PREFIX_PATH=/home/dr/Documents/ros2_workspaces/fortress_tut_ws/install/fortress_tut_msgs:${AMENT_PREFIX_PATH} CMAKE_PREFIX_PATH=/home/dr/Documents/ros2_workspaces/fortress_tut_ws/install/fortress_tut_msgs LD_LIBRARY_PATH=/home/dr/Documents/ros2_workspaces/fortress_tut_ws/install/fortress_tut_msgs/lib:${LD_LIBRARY_PATH} PYTHONPATH=/home/dr/Documents/ros2_workspaces/fortress_tut_ws/build/fortress_tut/prefix_override:/usr/lib/python3/dist-packages/colcon_core/task/python/colcon_distutils_commands:/home/dr/Documents/ros2_workspaces/fortress_tut_ws/install/fortress_tut/lib/python3.10/site-packages:/home/dr/Documents/ros2_workspaces/fortress_tut_ws/install/fortress_tut_msgs/local/lib/python3.10/dist-packages:${PYTHONPATH} /usr/bin/python3 -W ignore:setup.py install is deprecated -W ignore:easy_install command is deprecated setup.py egg_info --egg-base ../../build/fortress_tut build --build-base /home/dr/Documents/ros2_workspaces/fortress_tut_ws/build/fortress_tut/build install --record /home/dr/Documents/ros2_workspaces/fortress_tut_ws/build/fortress_tut/install.log --install-scripts $base/lib/fortress_tut --single-version-externally-managed install_data
[3.866s] running egg_info
[3.868s] writing ../../build/fortress_tut/fortress_tut.egg-info/PKG-INFO
[3.868s] writing dependency_links to ../../build/fortress_tut/fortress_tut.egg-info/dependency_links.txt
[3.869s] writing entry points to ../../build/fortress_tut/fortress_tut.egg-info/entry_points.txt
[3.869s] writing requirements to ../../build/fortress_tut/fortress_tut.egg-info/requires.txt
[3.870s] writing top-level names to ../../build/fortress_tut/fortress_tut.egg-info/top_level.txt
[3.875s] reading manifest file '../../build/fortress_tut/fortress_tut.egg-info/SOURCES.txt'
[3.879s] writing manifest file '../../build/fortress_tut/fortress_tut.egg-info/SOURCES.txt'
[3.879s] running build
[3.879s] running build_py
[3.881s] running install
[3.882s] running install_lib
[3.885s] running install_data
[3.888s] running install_egg_info
[3.897s] removing '/home/dr/Documents/ros2_workspaces/fortress_tut_ws/install/fortress_tut/lib/python3.10/site-packages/fortress_tut-0.0.0-py3.10.egg-info' (and everything under it)
[3.897s] Copying ../../build/fortress_tut/fortress_tut.egg-info to /home/dr/Documents/ros2_workspaces/fortress_tut_ws/install/fortress_tut/lib/python3.10/site-packages/fortress_tut-0.0.0-py3.10.egg-info
[3.903s] running install_scripts
[3.970s] Installing commander script to /home/dr/Documents/ros2_workspaces/fortress_tut_ws/install/fortress_tut/lib/fortress_tut
[3.971s] Installing robot script to /home/dr/Documents/ros2_workspaces/fortress_tut_ws/install/fortress_tut/lib/fortress_tut
[3.973s] writing list of installed files to '/home/dr/Documents/ros2_workspaces/fortress_tut_ws/build/fortress_tut/install.log'
[4.048s] Invoked command in '/home/dr/Documents/ros2_workspaces/fortress_tut_ws/src/fortress_tut' returned '0': AMENT_PREFIX_PATH=/home/dr/Documents/ros2_workspaces/fortress_tut_ws/install/fortress_tut_msgs:${AMENT_PREFIX_PATH} CMAKE_PREFIX_PATH=/home/dr/Documents/ros2_workspaces/fortress_tut_ws/install/fortress_tut_msgs LD_LIBRARY_PATH=/home/dr/Documents/ros2_workspaces/fortress_tut_ws/install/fortress_tut_msgs/lib:${LD_LIBRARY_PATH} PYTHONPATH=/home/dr/Documents/ros2_workspaces/fortress_tut_ws/build/fortress_tut/prefix_override:/usr/lib/python3/dist-packages/colcon_core/task/python/colcon_distutils_commands:/home/dr/Documents/ros2_workspaces/fortress_tut_ws/install/fortress_tut/lib/python3.10/site-packages:/home/dr/Documents/ros2_workspaces/fortress_tut_ws/install/fortress_tut_msgs/local/lib/python3.10/dist-packages:${PYTHONPATH} /usr/bin/python3 -W ignore:setup.py install is deprecated -W ignore:easy_install command is deprecated setup.py egg_info --egg-base ../../build/fortress_tut build --build-base /home/dr/Documents/ros2_workspaces/fortress_tut_ws/build/fortress_tut/build install --record /home/dr/Documents/ros2_workspaces/fortress_tut_ws/build/fortress_tut/install.log --install-scripts $base/lib/fortress_tut --single-version-externally-managed install_data
