[0.070s] Invoking command in '/home/dr/Documents/ros2_workspaces/fortress_tut_ws/build/dynamixel_sdk_examples': CMAKE_PREFIX_PATH=/home/dr/Documents/ros2_workspaces/fortress_tut_ws/install/dynamixel_sdk_custom_interfaces:/home/dr/Documents/ros2_workspaces/fortress_tut_ws/install/dynamixel_sdk:/home/dr/Documents/ros2_workspaces/fortress_tut_ws/install/turtlebot3:/home/dr/Documents/ros2_workspaces/fortress_tut_ws/install/turtlebot3_simulations:/home/dr/Documents/ros2_workspaces/fortress_tut_ws/install/turtlebot3_bringup:/home/dr/Documents/ros2_workspaces/fortress_tut_ws/install/turtlebot3_node:/home/dr/Documents/ros2_workspaces/fortress_tut_ws/install/turtlebot3_navigation2:/home/dr/Documents/ros2_workspaces/fortress_tut_ws/install/turtlebot3_fake_node:/home/dr/Documents/ros2_workspaces/fortress_tut_ws/install/turtlebot3_msgs:/home/dr/Documents/ros2_workspaces/fortress_tut_ws/install/turtlebot3_manipulation_gazebo:/home/dr/Documents/ros2_workspaces/fortress_tut_ws/install/turtlebot3_gazebo:/home/dr/Documents/ros2_workspaces/fortress_tut_ws/install/turtlebot3_description:/home/dr/Documents/ros2_workspaces/fortress_tut_ws/install/turtlebot3_cartographer:/home/dr/Documents/ros2_workspaces/fortress_tut_ws/install/fortress_tut_msgs:/home/dr/Documents/ros2_workspaces/fortress_tut_ws/install/dynamixel_sdk_examples:/home/dr/Documents/ros2_workspaces/fortress_tut_ws/install/turtlebot3_teleop:/home/dr/Documents/ros2_workspaces/fortress_tut_ws/install/turtlebot3_example:/home/dr/Documents/ros2_workspaces/fortress_tut_ws/install/fortress_tut:/home/dr/ros2_ws/install/my_robot_controller:/opt/ros/humble LD_LIBRARY_PATH=/home/dr/Documents/ros2_workspaces/fortress_tut_ws/install/dynamixel_sdk_custom_interfaces/lib:/home/dr/Documents/ros2_workspaces/fortress_tut_ws/install/dynamixel_sdk/lib:/home/dr/Documents/ros2_workspaces/fortress_tut_ws/install/turtlebot3_msgs/lib:/home/dr/Documents/ros2_workspaces/fortress_tut_ws/install/fortress_tut_msgs/lib:/usr/lib/x86_64-linux-gnu/gazebo-11/plugins:/opt/ros/humble/opt/rviz_ogre_vendor/lib:/opt/ros/humble/lib/x86_64-linux-gnu:/opt/ros/humble/lib:/usr/lib/x86_64-linux-gnu/gazebo-11/plugins /usr/bin/cmake /home/dr/Documents/ros2_workspaces/fortress_tut_ws/src/DynamixelSDK/ros/dynamixel_sdk_examples -DCMAKE_INSTALL_PREFIX=/home/dr/Documents/ros2_workspaces/fortress_tut_ws/install/dynamixel_sdk_examples
[0.393s] -- The C compiler identification is GNU 11.4.0
[0.772s] -- The CXX compiler identification is GNU 11.4.0
[0.812s] -- Detecting C compiler ABI info
[1.233s] -- Detecting C compiler ABI info - done
[1.303s] -- Check for working C compiler: /usr/bin/cc - skipped
[1.307s] -- Detecting C compile features
[1.311s] -- Detecting C compile features - done
[1.332s] -- Detecting CXX compiler ABI info
[1.641s] -- Detecting CXX compiler ABI info - done
[1.667s] -- Check for working CXX compiler: /usr/bin/c++ - skipped
[1.668s] -- Detecting CXX compile features
[1.670s] -- Detecting CXX compile features - done
[1.688s] -- Found ament_cmake: 1.3.14 (/opt/ros/humble/share/ament_cmake/cmake)
[2.757s] -- Found Python3: /usr/bin/python3 (found version "3.10.12") found components: Interpreter 
[3.525s] -- Found dynamixel_sdk: 4.0.5 (/home/dr/Documents/ros2_workspaces/fortress_tut_ws/install/dynamixel_sdk/share/dynamixel_sdk/cmake)
[3.546s] -- Found dynamixel_sdk_custom_interfaces: 4.0.5 (/home/dr/Documents/ros2_workspaces/fortress_tut_ws/install/dynamixel_sdk_custom_interfaces/share/dynamixel_sdk_custom_interfaces/cmake)
[3.847s] -- Found rosidl_generator_c: 3.1.9 (/opt/ros/humble/share/rosidl_generator_c/cmake)
[3.906s] -- Found rosidl_adapter: 3.1.9 (/opt/ros/humble/share/rosidl_adapter/cmake)
[3.998s] -- Found rosidl_generator_cpp: 3.1.9 (/opt/ros/humble/share/rosidl_generator_cpp/cmake)
[4.124s] -- Using all available rosidl_typesupport_c: rosidl_typesupport_fastrtps_c;rosidl_typesupport_introspection_c
[4.295s] -- Using all available rosidl_typesupport_cpp: rosidl_typesupport_fastrtps_cpp;rosidl_typesupport_introspection_cpp
[4.567s] -- Found rclcpp: 16.0.19 (/opt/ros/humble/share/rclcpp/cmake)
[4.843s] -- Found rmw_implementation_cmake: 6.1.2 (/opt/ros/humble/share/rmw_implementation_cmake/cmake)
[4.858s] -- Found rmw_fastrtps_cpp: 6.2.10 (/opt/ros/humble/share/rmw_fastrtps_cpp/cmake)
[5.339s] -- Found OpenSSL: /usr/lib/x86_64-linux-gnu/libcrypto.so (found version "3.0.2")  
[5.445s] -- Found FastRTPS: /opt/ros/humble/include  
[5.561s] -- Using RMW implementation 'rmw_fastrtps_cpp' as default
[5.590s] -- Looking for pthread.h
[5.817s] -- Looking for pthread.h - found
[5.822s] -- Performing Test CMAKE_HAVE_LIBC_PTHREAD
[6.035s] -- Performing Test CMAKE_HAVE_LIBC_PTHREAD - Success
[6.037s] -- Found Threads: TRUE  
[6.272s] -- Found rclpy: 3.3.21 (/opt/ros/humble/share/rclpy/cmake)
[6.285s] -- Found ament_lint_auto: 0.12.15 (/opt/ros/humble/share/ament_lint_auto/cmake)
[6.732s] -- Added test 'copyright' to check source files copyright and LICENSE
[6.736s] -- Added test 'cppcheck' to perform static code analysis on C / C++ code
[6.737s] -- Configured cppcheck include dirs: /home/dr/Documents/ros2_workspaces/fortress_tut_ws/src/DynamixelSDK/ros/dynamixel_sdk_examples/include
[6.739s] -- Configured cppcheck exclude dirs and/or files: 
[6.741s] -- Added test 'cpplint' to check C / C++ code against the Google style
[6.742s] -- Configured cpplint exclude dirs and/or files: 
[6.746s] -- Added test 'flake8' to check Python code syntax and style conventions
[6.747s] -- Added test 'lint_cmake' to check CMake code style
[6.749s] -- Added test 'pep257' to check Python code against some of the docstring style conventions in PEP 257
[6.753s] -- Added test 'uncrustify' to check C / C++ code style
[6.753s] -- Configured uncrustify additional arguments: 
[6.755s] -- Added test 'xmllint' to check XML markup files
[6.762s] -- Configuring done
[6.801s] -- Generating done
[6.813s] -- Build files have been written to: /home/dr/Documents/ros2_workspaces/fortress_tut_ws/build/dynamixel_sdk_examples
[6.838s] Invoked command in '/home/dr/Documents/ros2_workspaces/fortress_tut_ws/build/dynamixel_sdk_examples' returned '0': CMAKE_PREFIX_PATH=/home/dr/Documents/ros2_workspaces/fortress_tut_ws/install/dynamixel_sdk_custom_interfaces:/home/dr/Documents/ros2_workspaces/fortress_tut_ws/install/dynamixel_sdk:/home/dr/Documents/ros2_workspaces/fortress_tut_ws/install/turtlebot3:/home/dr/Documents/ros2_workspaces/fortress_tut_ws/install/turtlebot3_simulations:/home/dr/Documents/ros2_workspaces/fortress_tut_ws/install/turtlebot3_bringup:/home/dr/Documents/ros2_workspaces/fortress_tut_ws/install/turtlebot3_node:/home/dr/Documents/ros2_workspaces/fortress_tut_ws/install/turtlebot3_navigation2:/home/dr/Documents/ros2_workspaces/fortress_tut_ws/install/turtlebot3_fake_node:/home/dr/Documents/ros2_workspaces/fortress_tut_ws/install/turtlebot3_msgs:/home/dr/Documents/ros2_workspaces/fortress_tut_ws/install/turtlebot3_manipulation_gazebo:/home/dr/Documents/ros2_workspaces/fortress_tut_ws/install/turtlebot3_gazebo:/home/dr/Documents/ros2_workspaces/fortress_tut_ws/install/turtlebot3_description:/home/dr/Documents/ros2_workspaces/fortress_tut_ws/install/turtlebot3_cartographer:/home/dr/Documents/ros2_workspaces/fortress_tut_ws/install/fortress_tut_msgs:/home/dr/Documents/ros2_workspaces/fortress_tut_ws/install/dynamixel_sdk_examples:/home/dr/Documents/ros2_workspaces/fortress_tut_ws/install/turtlebot3_teleop:/home/dr/Documents/ros2_workspaces/fortress_tut_ws/install/turtlebot3_example:/home/dr/Documents/ros2_workspaces/fortress_tut_ws/install/fortress_tut:/home/dr/ros2_ws/install/my_robot_controller:/opt/ros/humble LD_LIBRARY_PATH=/home/dr/Documents/ros2_workspaces/fortress_tut_ws/install/dynamixel_sdk_custom_interfaces/lib:/home/dr/Documents/ros2_workspaces/fortress_tut_ws/install/dynamixel_sdk/lib:/home/dr/Documents/ros2_workspaces/fortress_tut_ws/install/turtlebot3_msgs/lib:/home/dr/Documents/ros2_workspaces/fortress_tut_ws/install/fortress_tut_msgs/lib:/usr/lib/x86_64-linux-gnu/gazebo-11/plugins:/opt/ros/humble/opt/rviz_ogre_vendor/lib:/opt/ros/humble/lib/x86_64-linux-gnu:/opt/ros/humble/lib:/usr/lib/x86_64-linux-gnu/gazebo-11/plugins /usr/bin/cmake /home/dr/Documents/ros2_workspaces/fortress_tut_ws/src/DynamixelSDK/ros/dynamixel_sdk_examples -DCMAKE_INSTALL_PREFIX=/home/dr/Documents/ros2_workspaces/fortress_tut_ws/install/dynamixel_sdk_examples
[6.839s] Invoking command in '/home/dr/Documents/ros2_workspaces/fortress_tut_ws/build/dynamixel_sdk_examples': CMAKE_PREFIX_PATH=/home/dr/Documents/ros2_workspaces/fortress_tut_ws/install/dynamixel_sdk_custom_interfaces:/home/dr/Documents/ros2_workspaces/fortress_tut_ws/install/dynamixel_sdk:/home/dr/Documents/ros2_workspaces/fortress_tut_ws/install/turtlebot3:/home/dr/Documents/ros2_workspaces/fortress_tut_ws/install/turtlebot3_simulations:/home/dr/Documents/ros2_workspaces/fortress_tut_ws/install/turtlebot3_bringup:/home/dr/Documents/ros2_workspaces/fortress_tut_ws/install/turtlebot3_node:/home/dr/Documents/ros2_workspaces/fortress_tut_ws/install/turtlebot3_navigation2:/home/dr/Documents/ros2_workspaces/fortress_tut_ws/install/turtlebot3_fake_node:/home/dr/Documents/ros2_workspaces/fortress_tut_ws/install/turtlebot3_msgs:/home/dr/Documents/ros2_workspaces/fortress_tut_ws/install/turtlebot3_manipulation_gazebo:/home/dr/Documents/ros2_workspaces/fortress_tut_ws/install/turtlebot3_gazebo:/home/dr/Documents/ros2_workspaces/fortress_tut_ws/install/turtlebot3_description:/home/dr/Documents/ros2_workspaces/fortress_tut_ws/install/turtlebot3_cartographer:/home/dr/Documents/ros2_workspaces/fortress_tut_ws/install/fortress_tut_msgs:/home/dr/Documents/ros2_workspaces/fortress_tut_ws/install/dynamixel_sdk_examples:/home/dr/Documents/ros2_workspaces/fortress_tut_ws/install/turtlebot3_teleop:/home/dr/Documents/ros2_workspaces/fortress_tut_ws/install/turtlebot3_example:/home/dr/Documents/ros2_workspaces/fortress_tut_ws/install/fortress_tut:/home/dr/ros2_ws/install/my_robot_controller:/opt/ros/humble LD_LIBRARY_PATH=/home/dr/Documents/ros2_workspaces/fortress_tut_ws/install/dynamixel_sdk_custom_interfaces/lib:/home/dr/Documents/ros2_workspaces/fortress_tut_ws/install/dynamixel_sdk/lib:/home/dr/Documents/ros2_workspaces/fortress_tut_ws/install/turtlebot3_msgs/lib:/home/dr/Documents/ros2_workspaces/fortress_tut_ws/install/fortress_tut_msgs/lib:/usr/lib/x86_64-linux-gnu/gazebo-11/plugins:/opt/ros/humble/opt/rviz_ogre_vendor/lib:/opt/ros/humble/lib/x86_64-linux-gnu:/opt/ros/humble/lib:/usr/lib/x86_64-linux-gnu/gazebo-11/plugins /usr/bin/cmake --build /home/dr/Documents/ros2_workspaces/fortress_tut_ws/build/dynamixel_sdk_examples -- -j8 -l8
[6.972s] [ 50%] [32mBuilding CXX object CMakeFiles/read_write_node.dir/src/read_write_node.cpp.o[0m
