[2.625s] Invoking command in '/home/dr/Documents/ros2_workspaces/fortress_tut_ws/src/turtlebot3/turtlebot3_teleop': PYTHONPATH=/home/dr/Documents/ros2_workspaces/fortress_tut_ws/build/turtlebot3_teleop/prefix_override:/usr/lib/python3/dist-packages/colcon_core/task/python/colcon_distutils_commands:/home/dr/Documents/ros2_workspaces/fortress_tut_ws/install/turtlebot3_teleop/lib/python3.10/site-packages:${PYTHONPATH} /usr/bin/python3 -W ignore:setup.py install is deprecated -W ignore:easy_install command is deprecated setup.py egg_info --egg-base ../../../build/turtlebot3_teleop build --build-base /home/dr/Documents/ros2_workspaces/fortress_tut_ws/build/turtlebot3_teleop/build install --record /home/dr/Documents/ros2_workspaces/fortress_tut_ws/build/turtlebot3_teleop/install.log --install-scripts $base/lib/turtlebot3_teleop --single-version-externally-managed install_data
[3.513s] running egg_info
[3.515s] writing ../../../build/turtlebot3_teleop/turtlebot3_teleop.egg-info/PKG-INFO
[3.515s] writing dependency_links to ../../../build/turtlebot3_teleop/turtlebot3_teleop.egg-info/dependency_links.txt
[3.516s] writing entry points to ../../../build/turtlebot3_teleop/turtlebot3_teleop.egg-info/entry_points.txt
[3.516s] writing requirements to ../../../build/turtlebot3_teleop/turtlebot3_teleop.egg-info/requires.txt
[3.516s] writing top-level names to ../../../build/turtlebot3_teleop/turtlebot3_teleop.egg-info/top_level.txt
[3.523s] reading manifest file '../../../build/turtlebot3_teleop/turtlebot3_teleop.egg-info/SOURCES.txt'
[3.525s] writing manifest file '../../../build/turtlebot3_teleop/turtlebot3_teleop.egg-info/SOURCES.txt'
[3.526s] running build
[3.526s] running build_py
[3.526s] running install
[3.528s] running install_lib
[3.534s] running install_data
[3.534s] running install_egg_info
[3.541s] removing '/home/dr/Documents/ros2_workspaces/fortress_tut_ws/install/turtlebot3_teleop/lib/python3.10/site-packages/turtlebot3_teleop-2.3.7-py3.10.egg-info' (and everything under it)
[3.541s] Copying ../../../build/turtlebot3_teleop/turtlebot3_teleop.egg-info to /home/dr/Documents/ros2_workspaces/fortress_tut_ws/install/turtlebot3_teleop/lib/python3.10/site-packages/turtlebot3_teleop-2.3.7-py3.10.egg-info
[3.543s] running install_scripts
[3.594s] Installing teleop_keyboard script to /home/dr/Documents/ros2_workspaces/fortress_tut_ws/install/turtlebot3_teleop/lib/turtlebot3_teleop
[3.595s] writing list of installed files to '/home/dr/Documents/ros2_workspaces/fortress_tut_ws/build/turtlebot3_teleop/install.log'
