[0.774s] Invoking command in '/home/dr/Documents/ros2_workspaces/fortress_tut_ws/src/fortress_tut': PYTHONPATH=/home/dr/Documents/ros2_workspaces/fortress_tut_ws/build/fortress_tut/prefix_override:/usr/lib/python3/dist-packages/colcon_core/task/python/colcon_distutils_commands:/home/dr/Documents/ros2_workspaces/fortress_tut_ws/install/fortress_tut/lib/python3.10/site-packages:${PYTHONPATH} /usr/bin/python3 -W ignore:setup.py install is deprecated -W ignore:easy_install command is deprecated setup.py egg_info --egg-base ../../build/fortress_tut build --build-base /home/dr/Documents/ros2_workspaces/fortress_tut_ws/build/fortress_tut/build install --record /home/dr/Documents/ros2_workspaces/fortress_tut_ws/build/fortress_tut/install.log --install-scripts $base/lib/fortress_tut --single-version-externally-managed install_data
[1.084s] running egg_info
[1.085s] writing ../../build/fortress_tut/fortress_tut.egg-info/PKG-INFO
[1.086s] writing dependency_links to ../../build/fortress_tut/fortress_tut.egg-info/dependency_links.txt
[1.086s] writing entry points to ../../build/fortress_tut/fortress_tut.egg-info/entry_points.txt
[1.086s] writing requirements to ../../build/fortress_tut/fortress_tut.egg-info/requires.txt
[1.086s] writing top-level names to ../../build/fortress_tut/fortress_tut.egg-info/top_level.txt
[1.088s] reading manifest file '../../build/fortress_tut/fortress_tut.egg-info/SOURCES.txt'
[1.090s] writing manifest file '../../build/fortress_tut/fortress_tut.egg-info/SOURCES.txt'
[1.090s] running build
[1.090s] running build_py
[1.090s] running install
[1.090s] running install_lib
[1.092s] running install_data
[1.092s] running install_egg_info
[1.096s] removing '/home/dr/Documents/ros2_workspaces/fortress_tut_ws/install/fortress_tut/lib/python3.10/site-packages/fortress_tut-0.0.0-py3.10.egg-info' (and everything under it)
[1.099s] Copying ../../build/fortress_tut/fortress_tut.egg-info to /home/dr/Documents/ros2_workspaces/fortress_tut_ws/install/fortress_tut/lib/python3.10/site-packages/fortress_tut-0.0.0-py3.10.egg-info
[1.100s] running install_scripts
[1.125s] writing list of installed files to '/home/dr/Documents/ros2_workspaces/fortress_tut_ws/build/fortress_tut/install.log'
[1.167s] Invoked command in '/home/dr/Documents/ros2_workspaces/fortress_tut_ws/src/fortress_tut' returned '0': PYTHONPATH=/home/dr/Documents/ros2_workspaces/fortress_tut_ws/build/fortress_tut/prefix_override:/usr/lib/python3/dist-packages/colcon_core/task/python/colcon_distutils_commands:/home/dr/Documents/ros2_workspaces/fortress_tut_ws/install/fortress_tut/lib/python3.10/site-packages:${PYTHONPATH} /usr/bin/python3 -W ignore:setup.py install is deprecated -W ignore:easy_install command is deprecated setup.py egg_info --egg-base ../../build/fortress_tut build --build-base /home/dr/Documents/ros2_workspaces/fortress_tut_ws/build/fortress_tut/build install --record /home/dr/Documents/ros2_workspaces/fortress_tut_ws/build/fortress_tut/install.log --install-scripts $base/lib/fortress_tut --single-version-externally-managed install_data
