[0.099s] Invoking command in '/home/dr/Documents/ros2_workspaces/fortress_tut_ws/build/turtlebot3_gazebo': CMAKE_PREFIX_PATH=${CMAKE_PREFIX_PATH}:/home/dr/Documents/ros2_workspaces/fortress_tut_ws/install/turtlebot3_teleop:/home/dr/Documents/ros2_workspaces/fortress_tut_ws/install/turtlebot3_example:/home/dr/Documents/ros2_workspaces/fortress_tut_ws/install/fortress_tut:/home/dr/ros2_ws/install/my_robot_controller:/opt/ros/humble /usr/bin/cmake /home/dr/Documents/ros2_workspaces/fortress_tut_ws/src/turtlebot3_simulations/turtlebot3_gazebo -DCMAKE_INSTALL_PREFIX=/home/dr/Documents/ros2_workspaces/fortress_tut_ws/install/turtlebot3_gazebo
[0.929s] -- Found ament_cmake: 1.3.14 (/opt/ros/humble/share/ament_cmake/cmake)
[0.931s] -- Override CMake install command with custom implementation using symlinks instead of copying resources
[0.933s] -- Found DART: /usr/include (Required is at least version "6.6") found components: dart 
[0.939s] [33mCMake Warning (dev) at /usr/share/cmake-3.22/Modules/FindPackageHandleStandardArgs.cmake:438 (message):
[0.940s]   The package name passed to `find_package_handle_standard_args` (PkgConfig)
[0.940s]   does not match the name of the calling package (gazebo).  This can lead to
[0.941s]   problems in calling code that expects `find_package` result variables
[0.942s]   (e.g., `_FOUND`) to follow a certain pattern.
[0.942s] Call Stack (most recent call first):
[0.943s]   /usr/share/cmake-3.22/Modules/FindPkgConfig.cmake:99 (find_package_handle_standard_args)
[0.946s]   /usr/lib/x86_64-linux-gnu/cmake/gazebo/gazebo-config.cmake:72 (include)
[0.947s]   CMakeLists.txt:23 (find_package)
[0.948s] This warning is for project developers.  Use -Wno-dev to suppress it.
[0.949s] [0m
[1.016s] -- Found Protobuf: /usr/lib/x86_64-linux-gnu/libprotobuf.so (found version "3.12.4") 
[1.023s] -- Looking for ignition-math6 -- found version 6.16.0
[1.041s] -- Searching for dependencies of ignition-math6
[1.049s] -- Looking for OGRE...
[1.068s] -- Found Ogre Ghadamon (1.9.0)
[1.070s] -- Found OGRE: optimized;/usr/lib/x86_64-linux-gnu/libOgreMain.so;debug;/usr/lib/x86_64-linux-gnu/libOgreMain.so
[1.104s] -- Looking for OGRE_Paging...
[1.106s] -- Found OGRE_Paging: optimized;/usr/lib/x86_64-linux-gnu/libOgrePaging.so;debug;/usr/lib/x86_64-linux-gnu/libOgrePaging.so
[1.107s] -- Looking for OGRE_Terrain...
[1.107s] -- Found OGRE_Terrain: optimized;/usr/lib/x86_64-linux-gnu/libOgreTerrain.so;debug;/usr/lib/x86_64-linux-gnu/libOgreTerrain.so
[1.107s] -- Looking for OGRE_Property...
[1.107s] -- Found OGRE_Property: optimized;/usr/lib/x86_64-linux-gnu/libOgreProperty.so;debug;/usr/lib/x86_64-linux-gnu/libOgreProperty.so
[1.107s] -- Looking for OGRE_RTShaderSystem...
[1.108s] -- Found OGRE_RTShaderSystem: optimized;/usr/lib/x86_64-linux-gnu/libOgreRTShaderSystem.so;debug;/usr/lib/x86_64-linux-gnu/libOgreRTShaderSystem.so
[1.108s] -- Looking for OGRE_Volume...
[1.108s] -- Found OGRE_Volume: optimized;/usr/lib/x86_64-linux-gnu/libOgreVolume.so;debug;/usr/lib/x86_64-linux-gnu/libOgreVolume.so
[1.108s] -- Looking for OGRE_Overlay...
[1.108s] -- Found OGRE_Overlay: optimized;/usr/lib/x86_64-linux-gnu/libOgreOverlay.so;debug;/usr/lib/x86_64-linux-gnu/libOgreOverlay.so
[1.872s] -- Looking for ignition-math6 -- found version 6.16.0
[1.872s] -- Looking for ignition-transport8 -- found version 8.2.1
[1.872s] -- Searching for dependencies of ignition-transport8
[1.955s] -- Found Protobuf: /usr/lib/x86_64-linux-gnu/libprotobuf.so (found suitable version "3.12.4", minimum required is "3") 
[2.039s] -- Config-file not installed for ZeroMQ -- checking for pkg-config
[2.062s] -- Checking for module 'libzmq >= 4'
[2.157s] --   Found libzmq , version 4.3.4
[2.415s] -- Checking for module 'uuid'
[2.487s] --   Found uuid, version 2.37.2
[2.696s] -- Looking for ignition-msgs5 -- found version 5.8.1
[2.698s] -- Searching for dependencies of ignition-msgs5
[2.780s] -- Looking for ignition-math6 -- found version 6.16.0
[2.803s] -- Checking for module 'tinyxml2'
[2.865s] --   Found tinyxml2, version 9.0.0
[2.971s] -- Looking for ignition-msgs5 -- found version 5.8.1
[2.975s] -- Looking for ignition-common3 -- found version 3.14.0
[2.975s] -- Searching for dependencies of ignition-common3
[2.977s] -- Looking for dlfcn.h - found
[2.979s] -- Looking for libdl - found
[3.023s] -- Searching for <ignition-common3> component [graphics]
[3.025s] -- Looking for ignition-common3-graphics -- found version 3.14.0
[3.026s] -- Searching for dependencies of ignition-common3-graphics
[3.028s] -- Looking for ignition-math6 -- found version 6.16.0
[3.034s] -- Looking for ignition-fuel_tools4 -- found version 4.4.0
[3.035s] -- Searching for dependencies of ignition-fuel_tools4
[3.181s] -- Checking for module 'jsoncpp'
[3.251s] --   Found jsoncpp, version 1.9.5
[3.444s] -- Checking for module 'libzip'
[3.480s] --   Found libzip, version 1.7.3
[3.602s] -- Looking for ignition-common3 -- found version 3.14.0
[3.605s] -- Looking for ignition-math6 -- found version 6.16.0
[3.607s] -- Looking for ignition-msgs5 -- found version 5.8.1
[3.616s] -- Found gazebo_ros_pkgs: 3.9.0 (/opt/ros/humble/share/gazebo_ros_pkgs/cmake)
[3.623s] -- Found geometry_msgs: 4.9.1 (/opt/ros/humble/share/geometry_msgs/cmake)
[3.681s] -- Found rosidl_generator_c: 3.1.9 (/opt/ros/humble/share/rosidl_generator_c/cmake)
[3.693s] -- Found rosidl_adapter: 3.1.9 (/opt/ros/humble/share/rosidl_adapter/cmake)
[3.715s] -- Found rosidl_generator_cpp: 3.1.9 (/opt/ros/humble/share/rosidl_generator_cpp/cmake)
[3.749s] -- Using all available rosidl_typesupport_c: rosidl_typesupport_fastrtps_c;rosidl_typesupport_introspection_c
[3.794s] -- Using all available rosidl_typesupport_cpp: rosidl_typesupport_fastrtps_cpp;rosidl_typesupport_introspection_cpp
[3.933s] -- Found nav_msgs: 4.9.1 (/opt/ros/humble/share/nav_msgs/cmake)
[3.993s] -- Found rclcpp: 16.0.19 (/opt/ros/humble/share/rclcpp/cmake)
[4.070s] -- Found rmw_implementation_cmake: 6.1.2 (/opt/ros/humble/share/rmw_implementation_cmake/cmake)
[4.075s] -- Found rmw_fastrtps_cpp: 6.2.10 (/opt/ros/humble/share/rmw_fastrtps_cpp/cmake)
[4.374s] -- Using RMW implementation 'rmw_fastrtps_cpp' as default
[4.521s] -- Found sensor_msgs: 4.9.1 (/opt/ros/humble/share/sensor_msgs/cmake)
[4.581s] -- Found tf2: 0.25.20 (/opt/ros/humble/share/tf2/cmake)
[4.912s] -- Configuring done
[5.088s] -- Generating done
[5.120s] -- Build files have been written to: /home/dr/Documents/ros2_workspaces/fortress_tut_ws/build/turtlebot3_gazebo
