[2.108s] Invoking command in '/home/dr/Documents/ros2_workspaces/fortress_tut_ws/src/turtlebot3/turtlebot3_teleop': PYTHONPATH=/home/dr/Documents/ros2_workspaces/fortress_tut_ws/build/turtlebot3_teleop/prefix_override:/usr/lib/python3/dist-packages/colcon_core/task/python/colcon_distutils_commands:/home/dr/Documents/ros2_workspaces/fortress_tut_ws/install/turtlebot3_teleop/lib/python3.10/site-packages:${PYTHONPATH} /usr/bin/python3 -W ignore:setup.py install is deprecated -W ignore:easy_install command is deprecated setup.py egg_info --egg-base ../../../build/turtlebot3_teleop build --build-base /home/dr/Documents/ros2_workspaces/fortress_tut_ws/build/turtlebot3_teleop/build install --record /home/dr/Documents/ros2_workspaces/fortress_tut_ws/build/turtlebot3_teleop/install.log --install-scripts $base/lib/turtlebot3_teleop --single-version-externally-managed install_data
[3.653s] running egg_info
[3.655s] creating ../../../build/turtlebot3_teleop/turtlebot3_teleop.egg-info
[3.659s] writing ../../../build/turtlebot3_teleop/turtlebot3_teleop.egg-info/PKG-INFO
[3.664s] writing dependency_links to ../../../build/turtlebot3_teleop/turtlebot3_teleop.egg-info/dependency_links.txt
[3.665s] writing entry points to ../../../build/turtlebot3_teleop/turtlebot3_teleop.egg-info/entry_points.txt
[3.665s] writing requirements to ../../../build/turtlebot3_teleop/turtlebot3_teleop.egg-info/requires.txt
[3.665s] writing top-level names to ../../../build/turtlebot3_teleop/turtlebot3_teleop.egg-info/top_level.txt
[3.665s] writing manifest file '../../../build/turtlebot3_teleop/turtlebot3_teleop.egg-info/SOURCES.txt'
[3.675s] reading manifest file '../../../build/turtlebot3_teleop/turtlebot3_teleop.egg-info/SOURCES.txt'
[3.676s] writing manifest file '../../../build/turtlebot3_teleop/turtlebot3_teleop.egg-info/SOURCES.txt'
[3.682s] running build
[3.683s] running build_py
[3.683s] creating /home/dr/Documents/ros2_workspaces/fortress_tut_ws/build/turtlebot3_teleop/build
[3.683s] creating /home/dr/Documents/ros2_workspaces/fortress_tut_ws/build/turtlebot3_teleop/build/lib
[3.683s] creating /home/dr/Documents/ros2_workspaces/fortress_tut_ws/build/turtlebot3_teleop/build/lib/turtlebot3_teleop
[3.686s] copying turtlebot3_teleop/__init__.py -> /home/dr/Documents/ros2_workspaces/fortress_tut_ws/build/turtlebot3_teleop/build/lib/turtlebot3_teleop
[3.687s] creating /home/dr/Documents/ros2_workspaces/fortress_tut_ws/build/turtlebot3_teleop/build/lib/turtlebot3_teleop/script
[3.687s] copying turtlebot3_teleop/script/__init__.py -> /home/dr/Documents/ros2_workspaces/fortress_tut_ws/build/turtlebot3_teleop/build/lib/turtlebot3_teleop/script
[3.687s] copying turtlebot3_teleop/script/teleop_keyboard.py -> /home/dr/Documents/ros2_workspaces/fortress_tut_ws/build/turtlebot3_teleop/build/lib/turtlebot3_teleop/script
[3.690s] running install
[3.691s] running install_lib
[3.703s] creating /home/dr/Documents/ros2_workspaces/fortress_tut_ws/install/turtlebot3_teleop/lib/python3.10/site-packages/turtlebot3_teleop
[3.704s] copying /home/dr/Documents/ros2_workspaces/fortress_tut_ws/build/turtlebot3_teleop/build/lib/turtlebot3_teleop/__init__.py -> /home/dr/Documents/ros2_workspaces/fortress_tut_ws/install/turtlebot3_teleop/lib/python3.10/site-packages/turtlebot3_teleop
[3.704s] creating /home/dr/Documents/ros2_workspaces/fortress_tut_ws/install/turtlebot3_teleop/lib/python3.10/site-packages/turtlebot3_teleop/script
[3.704s] copying /home/dr/Documents/ros2_workspaces/fortress_tut_ws/build/turtlebot3_teleop/build/lib/turtlebot3_teleop/script/__init__.py -> /home/dr/Documents/ros2_workspaces/fortress_tut_ws/install/turtlebot3_teleop/lib/python3.10/site-packages/turtlebot3_teleop/script
[3.705s] copying /home/dr/Documents/ros2_workspaces/fortress_tut_ws/build/turtlebot3_teleop/build/lib/turtlebot3_teleop/script/teleop_keyboard.py -> /home/dr/Documents/ros2_workspaces/fortress_tut_ws/install/turtlebot3_teleop/lib/python3.10/site-packages/turtlebot3_teleop/script
[3.707s] byte-compiling /home/dr/Documents/ros2_workspaces/fortress_tut_ws/install/turtlebot3_teleop/lib/python3.10/site-packages/turtlebot3_teleop/__init__.py to __init__.cpython-310.pyc
[3.707s] byte-compiling /home/dr/Documents/ros2_workspaces/fortress_tut_ws/install/turtlebot3_teleop/lib/python3.10/site-packages/turtlebot3_teleop/script/__init__.py to __init__.cpython-310.pyc
[3.711s] byte-compiling /home/dr/Documents/ros2_workspaces/fortress_tut_ws/install/turtlebot3_teleop/lib/python3.10/site-packages/turtlebot3_teleop/script/teleop_keyboard.py to teleop_keyboard.cpython-310.pyc
[3.719s] running install_data
[3.720s] creating /home/dr/Documents/ros2_workspaces/fortress_tut_ws/install/turtlebot3_teleop/share/ament_index
[3.720s] creating /home/dr/Documents/ros2_workspaces/fortress_tut_ws/install/turtlebot3_teleop/share/ament_index/resource_index
[3.720s] creating /home/dr/Documents/ros2_workspaces/fortress_tut_ws/install/turtlebot3_teleop/share/ament_index/resource_index/packages
[3.720s] copying resource/turtlebot3_teleop -> /home/dr/Documents/ros2_workspaces/fortress_tut_ws/install/turtlebot3_teleop/share/ament_index/resource_index/packages
[3.726s] copying package.xml -> /home/dr/Documents/ros2_workspaces/fortress_tut_ws/install/turtlebot3_teleop/share/turtlebot3_teleop
[3.727s] running install_egg_info
[3.733s] Copying ../../../build/turtlebot3_teleop/turtlebot3_teleop.egg-info to /home/dr/Documents/ros2_workspaces/fortress_tut_ws/install/turtlebot3_teleop/lib/python3.10/site-packages/turtlebot3_teleop-2.3.7-py3.10.egg-info
[3.741s] running install_scripts
[3.881s] Installing teleop_keyboard script to /home/dr/Documents/ros2_workspaces/fortress_tut_ws/install/turtlebot3_teleop/lib/turtlebot3_teleop
[3.882s] writing list of installed files to '/home/dr/Documents/ros2_workspaces/fortress_tut_ws/build/turtlebot3_teleop/install.log'
[4.082s] Invoked command in '/home/dr/Documents/ros2_workspaces/fortress_tut_ws/src/turtlebot3/turtlebot3_teleop' returned '0': PYTHONPATH=/home/dr/Documents/ros2_workspaces/fortress_tut_ws/build/turtlebot3_teleop/prefix_override:/usr/lib/python3/dist-packages/colcon_core/task/python/colcon_distutils_commands:/home/dr/Documents/ros2_workspaces/fortress_tut_ws/install/turtlebot3_teleop/lib/python3.10/site-packages:${PYTHONPATH} /usr/bin/python3 -W ignore:setup.py install is deprecated -W ignore:easy_install command is deprecated setup.py egg_info --egg-base ../../../build/turtlebot3_teleop build --build-base /home/dr/Documents/ros2_workspaces/fortress_tut_ws/build/turtlebot3_teleop/build install --record /home/dr/Documents/ros2_workspaces/fortress_tut_ws/build/turtlebot3_teleop/install.log --install-scripts $base/lib/turtlebot3_teleop --single-version-externally-managed install_data
