[2.767s] Invoking command in '/home/dr/Documents/ros2_workspaces/fortress_tut_ws/src/turtlebot3/turtlebot3_example': AMENT_PREFIX_PATH=/home/dr/Documents/ros2_workspaces/fortress_tut_ws/install/turtlebot3_msgs:${AMENT_PREFIX_PATH} CMAKE_PREFIX_PATH=/home/dr/Documents/ros2_workspaces/fortress_tut_ws/install/turtlebot3_msgs LD_LIBRARY_PATH=/home/dr/Documents/ros2_workspaces/fortress_tut_ws/install/turtlebot3_msgs/lib:${LD_LIBRARY_PATH} PYTHONPATH=/home/dr/Documents/ros2_workspaces/fortress_tut_ws/build/turtlebot3_example/prefix_override:/usr/lib/python3/dist-packages/colcon_core/task/python/colcon_distutils_commands:/home/dr/Documents/ros2_workspaces/fortress_tut_ws/install/turtlebot3_example/lib/python3.10/site-packages:/home/dr/Documents/ros2_workspaces/fortress_tut_ws/install/turtlebot3_msgs/local/lib/python3.10/dist-packages:${PYTHONPATH} /usr/bin/python3 -W ignore:setup.py install is deprecated -W ignore:easy_install command is deprecated setup.py egg_info --egg-base ../../../build/turtlebot3_example build --build-base /home/dr/Documents/ros2_workspaces/fortress_tut_ws/build/turtlebot3_example/build install --record /home/dr/Documents/ros2_workspaces/fortress_tut_ws/build/turtlebot3_example/install.log --install-scripts $base/lib/turtlebot3_example --single-version-externally-managed install_data
[3.462s] running egg_info
[3.463s] creating ../../../build/turtlebot3_example/turtlebot3_example.egg-info
[3.465s] writing ../../../build/turtlebot3_example/turtlebot3_example.egg-info/PKG-INFO
[3.469s] writing dependency_links to ../../../build/turtlebot3_example/turtlebot3_example.egg-info/dependency_links.txt
[3.469s] writing entry points to ../../../build/turtlebot3_example/turtlebot3_example.egg-info/entry_points.txt
[3.469s] writing requirements to ../../../build/turtlebot3_example/turtlebot3_example.egg-info/requires.txt
[3.470s] writing top-level names to ../../../build/turtlebot3_example/turtlebot3_example.egg-info/top_level.txt
[3.470s] writing manifest file '../../../build/turtlebot3_example/turtlebot3_example.egg-info/SOURCES.txt'
[3.473s] reading manifest file '../../../build/turtlebot3_example/turtlebot3_example.egg-info/SOURCES.txt'
[3.478s] writing manifest file '../../../build/turtlebot3_example/turtlebot3_example.egg-info/SOURCES.txt'
[3.478s] running build
[3.478s] running build_py
[3.478s] creating /home/dr/Documents/ros2_workspaces/fortress_tut_ws/build/turtlebot3_example/build
[3.478s] creating /home/dr/Documents/ros2_workspaces/fortress_tut_ws/build/turtlebot3_example/build/lib
[3.478s] creating /home/dr/Documents/ros2_workspaces/fortress_tut_ws/build/turtlebot3_example/build/lib/turtlebot3_example
[3.479s] copying turtlebot3_example/__init__.py -> /home/dr/Documents/ros2_workspaces/fortress_tut_ws/build/turtlebot3_example/build/lib/turtlebot3_example
[3.479s] creating /home/dr/Documents/ros2_workspaces/fortress_tut_ws/build/turtlebot3_example/build/lib/turtlebot3_example/turtlebot3_interactive_marker
[3.479s] copying turtlebot3_example/turtlebot3_interactive_marker/__init__.py -> /home/dr/Documents/ros2_workspaces/fortress_tut_ws/build/turtlebot3_example/build/lib/turtlebot3_example/turtlebot3_interactive_marker
[3.479s] copying turtlebot3_example/turtlebot3_interactive_marker/turtlebot3_interactive_marker.py -> /home/dr/Documents/ros2_workspaces/fortress_tut_ws/build/turtlebot3_example/build/lib/turtlebot3_example/turtlebot3_interactive_marker
[3.481s] creating /home/dr/Documents/ros2_workspaces/fortress_tut_ws/build/turtlebot3_example/build/lib/turtlebot3_example/turtlebot3_patrol
[3.484s] copying turtlebot3_example/turtlebot3_patrol/__init__.py -> /home/dr/Documents/ros2_workspaces/fortress_tut_ws/build/turtlebot3_example/build/lib/turtlebot3_example/turtlebot3_patrol
[3.485s] copying turtlebot3_example/turtlebot3_patrol/turtlebot3_patrol_server.py -> /home/dr/Documents/ros2_workspaces/fortress_tut_ws/build/turtlebot3_example/build/lib/turtlebot3_example/turtlebot3_patrol
[3.485s] copying turtlebot3_example/turtlebot3_patrol/turtlebot3_patrol_client.py -> /home/dr/Documents/ros2_workspaces/fortress_tut_ws/build/turtlebot3_example/build/lib/turtlebot3_example/turtlebot3_patrol
[3.485s] creating /home/dr/Documents/ros2_workspaces/fortress_tut_ws/build/turtlebot3_example/build/lib/turtlebot3_example/turtlebot3_relative_move
[3.485s] copying turtlebot3_example/turtlebot3_relative_move/turtlebot3_relative_move.py -> /home/dr/Documents/ros2_workspaces/fortress_tut_ws/build/turtlebot3_example/build/lib/turtlebot3_example/turtlebot3_relative_move
[3.485s] copying turtlebot3_example/turtlebot3_relative_move/__init__.py -> /home/dr/Documents/ros2_workspaces/fortress_tut_ws/build/turtlebot3_example/build/lib/turtlebot3_example/turtlebot3_relative_move
[3.485s] creating /home/dr/Documents/ros2_workspaces/fortress_tut_ws/build/turtlebot3_example/build/lib/turtlebot3_example/turtlebot3_absolute_move
[3.486s] copying turtlebot3_example/turtlebot3_absolute_move/__init__.py -> /home/dr/Documents/ros2_workspaces/fortress_tut_ws/build/turtlebot3_example/build/lib/turtlebot3_example/turtlebot3_absolute_move
[3.490s] copying turtlebot3_example/turtlebot3_absolute_move/turtlebot3_absolute_move.py -> /home/dr/Documents/ros2_workspaces/fortress_tut_ws/build/turtlebot3_example/build/lib/turtlebot3_example/turtlebot3_absolute_move
[3.491s] creating /home/dr/Documents/ros2_workspaces/fortress_tut_ws/build/turtlebot3_example/build/lib/turtlebot3_example/turtlebot3_obstacle_detection
[3.491s] copying turtlebot3_example/turtlebot3_obstacle_detection/__init__.py -> /home/dr/Documents/ros2_workspaces/fortress_tut_ws/build/turtlebot3_example/build/lib/turtlebot3_example/turtlebot3_obstacle_detection
[3.491s] copying turtlebot3_example/turtlebot3_obstacle_detection/turtlebot3_obstacle_detection.py -> /home/dr/Documents/ros2_workspaces/fortress_tut_ws/build/turtlebot3_example/build/lib/turtlebot3_example/turtlebot3_obstacle_detection
[3.491s] running install
[3.491s] running install_lib
[3.491s] creating /home/dr/Documents/ros2_workspaces/fortress_tut_ws/install/turtlebot3_example/lib/python3.10/site-packages/turtlebot3_example
[3.492s] copying /home/dr/Documents/ros2_workspaces/fortress_tut_ws/build/turtlebot3_example/build/lib/turtlebot3_example/__init__.py -> /home/dr/Documents/ros2_workspaces/fortress_tut_ws/install/turtlebot3_example/lib/python3.10/site-packages/turtlebot3_example
[3.492s] creating /home/dr/Documents/ros2_workspaces/fortress_tut_ws/install/turtlebot3_example/lib/python3.10/site-packages/turtlebot3_example/turtlebot3_interactive_marker
[3.492s] copying /home/dr/Documents/ros2_workspaces/fortress_tut_ws/build/turtlebot3_example/build/lib/turtlebot3_example/turtlebot3_interactive_marker/__init__.py -> /home/dr/Documents/ros2_workspaces/fortress_tut_ws/install/turtlebot3_example/lib/python3.10/site-packages/turtlebot3_example/turtlebot3_interactive_marker
[3.492s] copying /home/dr/Documents/ros2_workspaces/fortress_tut_ws/build/turtlebot3_example/build/lib/turtlebot3_example/turtlebot3_interactive_marker/turtlebot3_interactive_marker.py -> /home/dr/Documents/ros2_workspaces/fortress_tut_ws/install/turtlebot3_example/lib/python3.10/site-packages/turtlebot3_example/turtlebot3_interactive_marker
[3.494s] creating /home/dr/Documents/ros2_workspaces/fortress_tut_ws/install/turtlebot3_example/lib/python3.10/site-packages/turtlebot3_example/turtlebot3_patrol
[3.495s] copying /home/dr/Documents/ros2_workspaces/fortress_tut_ws/build/turtlebot3_example/build/lib/turtlebot3_example/turtlebot3_patrol/__init__.py -> /home/dr/Documents/ros2_workspaces/fortress_tut_ws/install/turtlebot3_example/lib/python3.10/site-packages/turtlebot3_example/turtlebot3_patrol
[3.495s] copying /home/dr/Documents/ros2_workspaces/fortress_tut_ws/build/turtlebot3_example/build/lib/turtlebot3_example/turtlebot3_patrol/turtlebot3_patrol_server.py -> /home/dr/Documents/ros2_workspaces/fortress_tut_ws/install/turtlebot3_example/lib/python3.10/site-packages/turtlebot3_example/turtlebot3_patrol
[3.495s] copying /home/dr/Documents/ros2_workspaces/fortress_tut_ws/build/turtlebot3_example/build/lib/turtlebot3_example/turtlebot3_patrol/turtlebot3_patrol_client.py -> /home/dr/Documents/ros2_workspaces/fortress_tut_ws/install/turtlebot3_example/lib/python3.10/site-packages/turtlebot3_example/turtlebot3_patrol
[3.496s] creating /home/dr/Documents/ros2_workspaces/fortress_tut_ws/install/turtlebot3_example/lib/python3.10/site-packages/turtlebot3_example/turtlebot3_relative_move
[3.497s] copying /home/dr/Documents/ros2_workspaces/fortress_tut_ws/build/turtlebot3_example/build/lib/turtlebot3_example/turtlebot3_relative_move/turtlebot3_relative_move.py -> /home/dr/Documents/ros2_workspaces/fortress_tut_ws/install/turtlebot3_example/lib/python3.10/site-packages/turtlebot3_example/turtlebot3_relative_move
[3.497s] copying /home/dr/Documents/ros2_workspaces/fortress_tut_ws/build/turtlebot3_example/build/lib/turtlebot3_example/turtlebot3_relative_move/__init__.py -> /home/dr/Documents/ros2_workspaces/fortress_tut_ws/install/turtlebot3_example/lib/python3.10/site-packages/turtlebot3_example/turtlebot3_relative_move
[3.497s] creating /home/dr/Documents/ros2_workspaces/fortress_tut_ws/install/turtlebot3_example/lib/python3.10/site-packages/turtlebot3_example/turtlebot3_absolute_move
[3.497s] copying /home/dr/Documents/ros2_workspaces/fortress_tut_ws/build/turtlebot3_example/build/lib/turtlebot3_example/turtlebot3_absolute_move/__init__.py -> /home/dr/Documents/ros2_workspaces/fortress_tut_ws/install/turtlebot3_example/lib/python3.10/site-packages/turtlebot3_example/turtlebot3_absolute_move
[3.497s] copying /home/dr/Documents/ros2_workspaces/fortress_tut_ws/build/turtlebot3_example/build/lib/turtlebot3_example/turtlebot3_absolute_move/turtlebot3_absolute_move.py -> /home/dr/Documents/ros2_workspaces/fortress_tut_ws/install/turtlebot3_example/lib/python3.10/site-packages/turtlebot3_example/turtlebot3_absolute_move
[3.497s] creating /home/dr/Documents/ros2_workspaces/fortress_tut_ws/install/turtlebot3_example/lib/python3.10/site-packages/turtlebot3_example/turtlebot3_obstacle_detection
[3.498s] copying /home/dr/Documents/ros2_workspaces/fortress_tut_ws/build/turtlebot3_example/build/lib/turtlebot3_example/turtlebot3_obstacle_detection/__init__.py -> /home/dr/Documents/ros2_workspaces/fortress_tut_ws/install/turtlebot3_example/lib/python3.10/site-packages/turtlebot3_example/turtlebot3_obstacle_detection
[3.498s] copying /home/dr/Documents/ros2_workspaces/fortress_tut_ws/build/turtlebot3_example/build/lib/turtlebot3_example/turtlebot3_obstacle_detection/turtlebot3_obstacle_detection.py -> /home/dr/Documents/ros2_workspaces/fortress_tut_ws/install/turtlebot3_example/lib/python3.10/site-packages/turtlebot3_example/turtlebot3_obstacle_detection
[3.498s] byte-compiling /home/dr/Documents/ros2_workspaces/fortress_tut_ws/install/turtlebot3_example/lib/python3.10/site-packages/turtlebot3_example/__init__.py to __init__.cpython-310.pyc
[3.498s] byte-compiling /home/dr/Documents/ros2_workspaces/fortress_tut_ws/install/turtlebot3_example/lib/python3.10/site-packages/turtlebot3_example/turtlebot3_interactive_marker/__init__.py to __init__.cpython-310.pyc
[3.503s] byte-compiling /home/dr/Documents/ros2_workspaces/fortress_tut_ws/install/turtlebot3_example/lib/python3.10/site-packages/turtlebot3_example/turtlebot3_interactive_marker/turtlebot3_interactive_marker.py to turtlebot3_interactive_marker.cpython-310.pyc
[3.506s] byte-compiling /home/dr/Documents/ros2_workspaces/fortress_tut_ws/install/turtlebot3_example/lib/python3.10/site-packages/turtlebot3_example/turtlebot3_patrol/__init__.py to __init__.cpython-310.pyc
[3.506s] byte-compiling /home/dr/Documents/ros2_workspaces/fortress_tut_ws/install/turtlebot3_example/lib/python3.10/site-packages/turtlebot3_example/turtlebot3_patrol/turtlebot3_patrol_server.py to turtlebot3_patrol_server.cpython-310.pyc
[3.506s] byte-compiling /home/dr/Documents/ros2_workspaces/fortress_tut_ws/install/turtlebot3_example/lib/python3.10/site-packages/turtlebot3_example/turtlebot3_patrol/turtlebot3_patrol_client.py to turtlebot3_patrol_client.cpython-310.pyc
[3.507s] byte-compiling /home/dr/Documents/ros2_workspaces/fortress_tut_ws/install/turtlebot3_example/lib/python3.10/site-packages/turtlebot3_example/turtlebot3_relative_move/turtlebot3_relative_move.py to turtlebot3_relative_move.cpython-310.pyc
[3.507s] byte-compiling /home/dr/Documents/ros2_workspaces/fortress_tut_ws/install/turtlebot3_example/lib/python3.10/site-packages/turtlebot3_example/turtlebot3_relative_move/__init__.py to __init__.cpython-310.pyc
[3.507s] byte-compiling /home/dr/Documents/ros2_workspaces/fortress_tut_ws/install/turtlebot3_example/lib/python3.10/site-packages/turtlebot3_example/turtlebot3_absolute_move/__init__.py to __init__.cpython-310.pyc
[3.508s] byte-compiling /home/dr/Documents/ros2_workspaces/fortress_tut_ws/install/turtlebot3_example/lib/python3.10/site-packages/turtlebot3_example/turtlebot3_absolute_move/turtlebot3_absolute_move.py to turtlebot3_absolute_move.cpython-310.pyc
[3.508s] byte-compiling /home/dr/Documents/ros2_workspaces/fortress_tut_ws/install/turtlebot3_example/lib/python3.10/site-packages/turtlebot3_example/turtlebot3_obstacle_detection/__init__.py to __init__.cpython-310.pyc
[3.508s] byte-compiling /home/dr/Documents/ros2_workspaces/fortress_tut_ws/install/turtlebot3_example/lib/python3.10/site-packages/turtlebot3_example/turtlebot3_obstacle_detection/turtlebot3_obstacle_detection.py to turtlebot3_obstacle_detection.cpython-310.pyc
[3.509s] running install_data
[3.511s] creating /home/dr/Documents/ros2_workspaces/fortress_tut_ws/install/turtlebot3_example/share/ament_index
[3.511s] creating /home/dr/Documents/ros2_workspaces/fortress_tut_ws/install/turtlebot3_example/share/ament_index/resource_index
[3.512s] creating /home/dr/Documents/ros2_workspaces/fortress_tut_ws/install/turtlebot3_example/share/ament_index/resource_index/packages
[3.512s] copying resource/turtlebot3_example -> /home/dr/Documents/ros2_workspaces/fortress_tut_ws/install/turtlebot3_example/share/ament_index/resource_index/packages
[3.512s] copying package.xml -> /home/dr/Documents/ros2_workspaces/fortress_tut_ws/install/turtlebot3_example/share/turtlebot3_example
[3.513s] running install_egg_info
[3.518s] Copying ../../../build/turtlebot3_example/turtlebot3_example.egg-info to /home/dr/Documents/ros2_workspaces/fortress_tut_ws/install/turtlebot3_example/lib/python3.10/site-packages/turtlebot3_example-2.3.7-py3.10.egg-info
[3.518s] running install_scripts
[3.569s] Installing turtlebot3_absolute_move script to /home/dr/Documents/ros2_workspaces/fortress_tut_ws/install/turtlebot3_example/lib/turtlebot3_example
[3.570s] Installing turtlebot3_interactive_marker script to /home/dr/Documents/ros2_workspaces/fortress_tut_ws/install/turtlebot3_example/lib/turtlebot3_example
[3.570s] Installing turtlebot3_obstacle_detection script to /home/dr/Documents/ros2_workspaces/fortress_tut_ws/install/turtlebot3_example/lib/turtlebot3_example
[3.570s] Installing turtlebot3_patrol_client script to /home/dr/Documents/ros2_workspaces/fortress_tut_ws/install/turtlebot3_example/lib/turtlebot3_example
[3.571s] Installing turtlebot3_patrol_server script to /home/dr/Documents/ros2_workspaces/fortress_tut_ws/install/turtlebot3_example/lib/turtlebot3_example
[3.571s] Installing turtlebot3_relative_move script to /home/dr/Documents/ros2_workspaces/fortress_tut_ws/install/turtlebot3_example/lib/turtlebot3_example
[3.577s] writing list of installed files to '/home/dr/Documents/ros2_workspaces/fortress_tut_ws/build/turtlebot3_example/install.log'
[3.636s] Invoked command in '/home/dr/Documents/ros2_workspaces/fortress_tut_ws/src/turtlebot3/turtlebot3_example' returned '0': AMENT_PREFIX_PATH=/home/dr/Documents/ros2_workspaces/fortress_tut_ws/install/turtlebot3_msgs:${AMENT_PREFIX_PATH} CMAKE_PREFIX_PATH=/home/dr/Documents/ros2_workspaces/fortress_tut_ws/install/turtlebot3_msgs LD_LIBRARY_PATH=/home/dr/Documents/ros2_workspaces/fortress_tut_ws/install/turtlebot3_msgs/lib:${LD_LIBRARY_PATH} PYTHONPATH=/home/dr/Documents/ros2_workspaces/fortress_tut_ws/build/turtlebot3_example/prefix_override:/usr/lib/python3/dist-packages/colcon_core/task/python/colcon_distutils_commands:/home/dr/Documents/ros2_workspaces/fortress_tut_ws/install/turtlebot3_example/lib/python3.10/site-packages:/home/dr/Documents/ros2_workspaces/fortress_tut_ws/install/turtlebot3_msgs/local/lib/python3.10/dist-packages:${PYTHONPATH} /usr/bin/python3 -W ignore:setup.py install is deprecated -W ignore:easy_install command is deprecated setup.py egg_info --egg-base ../../../build/turtlebot3_example build --build-base /home/dr/Documents/ros2_workspaces/fortress_tut_ws/build/turtlebot3_example/build install --record /home/dr/Documents/ros2_workspaces/fortress_tut_ws/build/turtlebot3_example/install.log --install-scripts $base/lib/turtlebot3_example --single-version-externally-managed install_data
