[0.118s] Invoking command in '/home/dr/Documents/ros2_workspaces/fortress_tut_ws/build/dynamixel_sdk': CMAKE_PREFIX_PATH=${CMAKE_PREFIX_PATH}:/home/dr/Documents/ros2_workspaces/fortress_tut_ws/install/turtlebot3_teleop:/home/dr/Documents/ros2_workspaces/fortress_tut_ws/install/turtlebot3_example:/home/dr/Documents/ros2_workspaces/fortress_tut_ws/install/fortress_tut:/home/dr/ros2_ws/install/my_robot_controller:/opt/ros/humble /usr/bin/cmake /home/dr/Documents/ros2_workspaces/fortress_tut_ws/src/DynamixelSDK/ros/dynamixel_sdk -DAMENT_CMAKE_SYMLINK_INSTALL=1 -DCMAKE_INSTALL_PREFIX=/home/dr/Documents/ros2_workspaces/fortress_tut_ws/install/dynamixel_sdk
[0.190s] -- Found ament_cmake: 1.3.14 (/opt/ros/humble/share/ament_cmake/cmake)
[0.778s] -- Override CMake install command with custom implementation using symlinks instead of copying resources
[1.628s] -- Configuring done
[1.772s] -- Generating done
[1.773s] -- Build files have been written to: /home/dr/Documents/ros2_workspaces/fortress_tut_ws/build/dynamixel_sdk
[1.906s] Invoked command in '/home/dr/Documents/ros2_workspaces/fortress_tut_ws/build/dynamixel_sdk' returned '0': CMAKE_PREFIX_PATH=${CMAKE_PREFIX_PATH}:/home/dr/Documents/ros2_workspaces/fortress_tut_ws/install/turtlebot3_teleop:/home/dr/Documents/ros2_workspaces/fortress_tut_ws/install/turtlebot3_example:/home/dr/Documents/ros2_workspaces/fortress_tut_ws/install/fortress_tut:/home/dr/ros2_ws/install/my_robot_controller:/opt/ros/humble /usr/bin/cmake /home/dr/Documents/ros2_workspaces/fortress_tut_ws/src/DynamixelSDK/ros/dynamixel_sdk -DAMENT_CMAKE_SYMLINK_INSTALL=1 -DCMAKE_INSTALL_PREFIX=/home/dr/Documents/ros2_workspaces/fortress_tut_ws/install/dynamixel_sdk
[1.918s] Invoking command in '/home/dr/Documents/ros2_workspaces/fortress_tut_ws/build/dynamixel_sdk': CMAKE_PREFIX_PATH=${CMAKE_PREFIX_PATH}:/home/dr/Documents/ros2_workspaces/fortress_tut_ws/install/turtlebot3_teleop:/home/dr/Documents/ros2_workspaces/fortress_tut_ws/install/turtlebot3_example:/home/dr/Documents/ros2_workspaces/fortress_tut_ws/install/fortress_tut:/home/dr/ros2_ws/install/my_robot_controller:/opt/ros/humble /usr/bin/cmake --build /home/dr/Documents/ros2_workspaces/fortress_tut_ws/build/dynamixel_sdk -- -j8 -l8
[2.108s] [35m[1mConsolidate compiler generated dependencies of target dynamixel_sdk[0m
[2.139s] [  0%] Built target ament_cmake_python_symlink_dynamixel_easy_sdk
[2.169s] [  0%] Built target ament_cmake_python_symlink_dynamixel_sdk
[2.292s] [100%] Built target dynamixel_sdk
[3.129s] running egg_info
[3.130s] writing dynamixel_easy_sdk.egg-info/PKG-INFO
[3.132s] writing dependency_links to dynamixel_easy_sdk.egg-info/dependency_links.txt
[3.132s] writing top-level names to dynamixel_easy_sdk.egg-info/top_level.txt
[3.137s] reading manifest file 'dynamixel_easy_sdk.egg-info/SOURCES.txt'
[3.139s] writing manifest file 'dynamixel_easy_sdk.egg-info/SOURCES.txt'
[3.221s] running egg_info
[3.224s] writing dynamixel_sdk.egg-info/PKG-INFO
[3.225s] writing dependency_links to dynamixel_sdk.egg-info/dependency_links.txt
[3.226s] writing top-level names to dynamixel_sdk.egg-info/top_level.txt
[3.235s] reading manifest file 'dynamixel_sdk.egg-info/SOURCES.txt'
[3.237s] writing manifest file 'dynamixel_sdk.egg-info/SOURCES.txt'
[3.354s] [100%] Built target ament_cmake_python_build_dynamixel_sdk_egg
[3.359s] [100%] Built target ament_cmake_python_build_dynamixel_easy_sdk_egg
[3.462s] Invoked command in '/home/dr/Documents/ros2_workspaces/fortress_tut_ws/build/dynamixel_sdk' returned '0': CMAKE_PREFIX_PATH=${CMAKE_PREFIX_PATH}:/home/dr/Documents/ros2_workspaces/fortress_tut_ws/install/turtlebot3_teleop:/home/dr/Documents/ros2_workspaces/fortress_tut_ws/install/turtlebot3_example:/home/dr/Documents/ros2_workspaces/fortress_tut_ws/install/fortress_tut:/home/dr/ros2_ws/install/my_robot_controller:/opt/ros/humble /usr/bin/cmake --build /home/dr/Documents/ros2_workspaces/fortress_tut_ws/build/dynamixel_sdk -- -j8 -l8
[3.465s] Invoking command in '/home/dr/Documents/ros2_workspaces/fortress_tut_ws/build/dynamixel_sdk': CMAKE_PREFIX_PATH=${CMAKE_PREFIX_PATH}:/home/dr/Documents/ros2_workspaces/fortress_tut_ws/install/turtlebot3_teleop:/home/dr/Documents/ros2_workspaces/fortress_tut_ws/install/turtlebot3_example:/home/dr/Documents/ros2_workspaces/fortress_tut_ws/install/fortress_tut:/home/dr/ros2_ws/install/my_robot_controller:/opt/ros/humble /usr/bin/cmake --install /home/dr/Documents/ros2_workspaces/fortress_tut_ws/build/dynamixel_sdk
[3.499s] -- Install configuration: ""
[3.500s] -- Execute custom install script
[3.506s] -- Up-to-date symlink: /home/dr/Documents/ros2_workspaces/fortress_tut_ws/install/dynamixel_sdk/include//dynamixel_easy_sdk/connector.hpp
[3.507s] -- Up-to-date symlink: /home/dr/Documents/ros2_workspaces/fortress_tut_ws/install/dynamixel_sdk/include//dynamixel_easy_sdk/control_table.hpp
[3.509s] -- Up-to-date symlink: /home/dr/Documents/ros2_workspaces/fortress_tut_ws/install/dynamixel_sdk/include//dynamixel_easy_sdk/data_types.hpp
[3.510s] -- Up-to-date symlink: /home/dr/Documents/ros2_workspaces/fortress_tut_ws/install/dynamixel_sdk/include//dynamixel_easy_sdk/dynamixel_easy_sdk.hpp
[3.511s] -- Up-to-date symlink: /home/dr/Documents/ros2_workspaces/fortress_tut_ws/install/dynamixel_sdk/include//dynamixel_easy_sdk/dynamixel_error.hpp
[3.512s] -- Up-to-date symlink: /home/dr/Documents/ros2_workspaces/fortress_tut_ws/install/dynamixel_sdk/include//dynamixel_easy_sdk/group_executor.hpp
[3.512s] -- Up-to-date symlink: /home/dr/Documents/ros2_workspaces/fortress_tut_ws/install/dynamixel_sdk/include//dynamixel_easy_sdk/motor.hpp
[3.512s] -- Up-to-date symlink: /home/dr/Documents/ros2_workspaces/fortress_tut_ws/install/dynamixel_sdk/include//dynamixel_sdk/dynamixel_sdk.h
[3.513s] -- Up-to-date symlink: /home/dr/Documents/ros2_workspaces/fortress_tut_ws/install/dynamixel_sdk/include//dynamixel_sdk/group_bulk_read.h
[3.514s] -- Up-to-date symlink: /home/dr/Documents/ros2_workspaces/fortress_tut_ws/install/dynamixel_sdk/include//dynamixel_sdk/group_bulk_write.h
[3.515s] -- Up-to-date symlink: /home/dr/Documents/ros2_workspaces/fortress_tut_ws/install/dynamixel_sdk/include//dynamixel_sdk/group_fast_bulk_read.h
[3.515s] -- Up-to-date symlink: /home/dr/Documents/ros2_workspaces/fortress_tut_ws/install/dynamixel_sdk/include//dynamixel_sdk/group_fast_sync_read.h
[3.516s] -- Up-to-date symlink: /home/dr/Documents/ros2_workspaces/fortress_tut_ws/install/dynamixel_sdk/include//dynamixel_sdk/group_handler.h
[3.516s] -- Up-to-date symlink: /home/dr/Documents/ros2_workspaces/fortress_tut_ws/install/dynamixel_sdk/include//dynamixel_sdk/group_sync_read.h
[3.518s] -- Up-to-date symlink: /home/dr/Documents/ros2_workspaces/fortress_tut_ws/install/dynamixel_sdk/include//dynamixel_sdk/group_sync_write.h
[3.520s] -- Up-to-date symlink: /home/dr/Documents/ros2_workspaces/fortress_tut_ws/install/dynamixel_sdk/include//dynamixel_sdk/packet_handler.h
[3.522s] -- Up-to-date symlink: /home/dr/Documents/ros2_workspaces/fortress_tut_ws/install/dynamixel_sdk/include//dynamixel_sdk/port_handler.h
[3.523s] -- Up-to-date symlink: /home/dr/Documents/ros2_workspaces/fortress_tut_ws/install/dynamixel_sdk/include//dynamixel_sdk/port_handler_arduino.h
[3.524s] -- Up-to-date symlink: /home/dr/Documents/ros2_workspaces/fortress_tut_ws/install/dynamixel_sdk/include//dynamixel_sdk/port_handler_linux.h
[3.525s] -- Up-to-date symlink: /home/dr/Documents/ros2_workspaces/fortress_tut_ws/install/dynamixel_sdk/include//dynamixel_sdk/port_handler_mac.h
[3.526s] -- Up-to-date symlink: /home/dr/Documents/ros2_workspaces/fortress_tut_ws/install/dynamixel_sdk/include//dynamixel_sdk/port_handler_windows.h
[3.526s] -- Up-to-date symlink: /home/dr/Documents/ros2_workspaces/fortress_tut_ws/install/dynamixel_sdk/include//dynamixel_sdk/protocol1_packet_handler.h
[3.527s] -- Up-to-date symlink: /home/dr/Documents/ros2_workspaces/fortress_tut_ws/install/dynamixel_sdk/include//dynamixel_sdk/protocol2_packet_handler.h
[3.530s] -- Up-to-date symlink: /home/dr/Documents/ros2_workspaces/fortress_tut_ws/install/dynamixel_sdk/share/dynamixel_sdk/control_table/2xc430_w250.model
[3.531s] -- Up-to-date symlink: /home/dr/Documents/ros2_workspaces/fortress_tut_ws/install/dynamixel_sdk/share/dynamixel_sdk/control_table/2xl430_w250.model
[3.532s] -- Up-to-date symlink: /home/dr/Documents/ros2_workspaces/fortress_tut_ws/install/dynamixel_sdk/share/dynamixel_sdk/control_table/dynamixel.model
[3.535s] -- Up-to-date symlink: /home/dr/Documents/ros2_workspaces/fortress_tut_ws/install/dynamixel_sdk/share/dynamixel_sdk/control_table/h42_20_s300_ra.model
[3.535s] -- Up-to-date symlink: /home/dr/Documents/ros2_workspaces/fortress_tut_ws/install/dynamixel_sdk/share/dynamixel_sdk/control_table/h54_100_s500_ra.model
[3.539s] -- Up-to-date symlink: /home/dr/Documents/ros2_workspaces/fortress_tut_ws/install/dynamixel_sdk/share/dynamixel_sdk/control_table/h54_200_s500_ra.model
[3.540s] -- Up-to-date symlink: /home/dr/Documents/ros2_workspaces/fortress_tut_ws/install/dynamixel_sdk/share/dynamixel_sdk/control_table/m42_10_s260_ra.model
[3.541s] -- Up-to-date symlink: /home/dr/Documents/ros2_workspaces/fortress_tut_ws/install/dynamixel_sdk/share/dynamixel_sdk/control_table/m54_40_s250_ra.model
[3.541s] -- Up-to-date symlink: /home/dr/Documents/ros2_workspaces/fortress_tut_ws/install/dynamixel_sdk/share/dynamixel_sdk/control_table/m54_60_s250_ra.model
[3.542s] -- Up-to-date symlink: /home/dr/Documents/ros2_workspaces/fortress_tut_ws/install/dynamixel_sdk/share/dynamixel_sdk/control_table/mx_106.model
[3.543s] -- Up-to-date symlink: /home/dr/Documents/ros2_workspaces/fortress_tut_ws/install/dynamixel_sdk/share/dynamixel_sdk/control_table/mx_28.model
[3.544s] -- Up-to-date symlink: /home/dr/Documents/ros2_workspaces/fortress_tut_ws/install/dynamixel_sdk/share/dynamixel_sdk/control_table/mx_64.model
[3.545s] -- Up-to-date symlink: /home/dr/Documents/ros2_workspaces/fortress_tut_ws/install/dynamixel_sdk/share/dynamixel_sdk/control_table/ph42_020_s300.model
[3.545s] -- Up-to-date symlink: /home/dr/Documents/ros2_workspaces/fortress_tut_ws/install/dynamixel_sdk/share/dynamixel_sdk/control_table/ph54_100_s500.model
[3.545s] -- Up-to-date symlink: /home/dr/Documents/ros2_workspaces/fortress_tut_ws/install/dynamixel_sdk/share/dynamixel_sdk/control_table/ph54_200_s500.model
[3.546s] -- Up-to-date symlink: /home/dr/Documents/ros2_workspaces/fortress_tut_ws/install/dynamixel_sdk/share/dynamixel_sdk/control_table/pm42_010_s260.model
[3.547s] -- Up-to-date symlink: /home/dr/Documents/ros2_workspaces/fortress_tut_ws/install/dynamixel_sdk/share/dynamixel_sdk/control_table/pm54_040_s250.model
[3.547s] -- Up-to-date symlink: /home/dr/Documents/ros2_workspaces/fortress_tut_ws/install/dynamixel_sdk/share/dynamixel_sdk/control_table/pm54_060_s250.model
[3.549s] -- Up-to-date symlink: /home/dr/Documents/ros2_workspaces/fortress_tut_ws/install/dynamixel_sdk/share/dynamixel_sdk/control_table/rh_p12_rn.model
[3.549s] -- Up-to-date symlink: /home/dr/Documents/ros2_workspaces/fortress_tut_ws/install/dynamixel_sdk/share/dynamixel_sdk/control_table/xc330_m181.model
[3.549s] -- Up-to-date symlink: /home/dr/Documents/ros2_workspaces/fortress_tut_ws/install/dynamixel_sdk/share/dynamixel_sdk/control_table/xc330_m181_fw52.model
[3.553s] -- Up-to-date symlink: /home/dr/Documents/ros2_workspaces/fortress_tut_ws/install/dynamixel_sdk/share/dynamixel_sdk/control_table/xc330_m288.model
[3.554s] -- Up-to-date symlink: /home/dr/Documents/ros2_workspaces/fortress_tut_ws/install/dynamixel_sdk/share/dynamixel_sdk/control_table/xc330_m288_fw52.model
[3.555s] -- Up-to-date symlink: /home/dr/Documents/ros2_workspaces/fortress_tut_ws/install/dynamixel_sdk/share/dynamixel_sdk/control_table/xc330_t181.model
[3.556s] -- Up-to-date symlink: /home/dr/Documents/ros2_workspaces/fortress_tut_ws/install/dynamixel_sdk/share/dynamixel_sdk/control_table/xc330_t181_fw52.model
[3.557s] -- Up-to-date symlink: /home/dr/Documents/ros2_workspaces/fortress_tut_ws/install/dynamixel_sdk/share/dynamixel_sdk/control_table/xc330_t288.model
[3.558s] -- Up-to-date symlink: /home/dr/Documents/ros2_workspaces/fortress_tut_ws/install/dynamixel_sdk/share/dynamixel_sdk/control_table/xc330_t288_fw52.model
[3.558s] -- Up-to-date symlink: /home/dr/Documents/ros2_workspaces/fortress_tut_ws/install/dynamixel_sdk/share/dynamixel_sdk/control_table/xc430_w150.model
[3.561s] -- Up-to-date symlink: /home/dr/Documents/ros2_workspaces/fortress_tut_ws/install/dynamixel_sdk/share/dynamixel_sdk/control_table/xc430_w240.model
[3.562s] -- Up-to-date symlink: /home/dr/Documents/ros2_workspaces/fortress_tut_ws/install/dynamixel_sdk/share/dynamixel_sdk/control_table/xd430_t210.model
[3.566s] -- Up-to-date symlink: /home/dr/Documents/ros2_workspaces/fortress_tut_ws/install/dynamixel_sdk/share/dynamixel_sdk/control_table/xd430_t350.model
[3.567s] -- Up-to-date symlink: /home/dr/Documents/ros2_workspaces/fortress_tut_ws/install/dynamixel_sdk/share/dynamixel_sdk/control_table/xd540_t150.model
[3.568s] -- Up-to-date symlink: /home/dr/Documents/ros2_workspaces/fortress_tut_ws/install/dynamixel_sdk/share/dynamixel_sdk/control_table/xd540_t270.model
[3.569s] -- Up-to-date symlink: /home/dr/Documents/ros2_workspaces/fortress_tut_ws/install/dynamixel_sdk/share/dynamixel_sdk/control_table/xh430_v210.model
[3.570s] -- Up-to-date symlink: /home/dr/Documents/ros2_workspaces/fortress_tut_ws/install/dynamixel_sdk/share/dynamixel_sdk/control_table/xh430_v350.model
[3.570s] -- Up-to-date symlink: /home/dr/Documents/ros2_workspaces/fortress_tut_ws/install/dynamixel_sdk/share/dynamixel_sdk/control_table/xh430_w210.model
[3.572s] -- Up-to-date symlink: /home/dr/Documents/ros2_workspaces/fortress_tut_ws/install/dynamixel_sdk/share/dynamixel_sdk/control_table/xh430_w350.model
[3.572s] -- Up-to-date symlink: /home/dr/Documents/ros2_workspaces/fortress_tut_ws/install/dynamixel_sdk/share/dynamixel_sdk/control_table/xh540_v150.model
[3.573s] -- Up-to-date symlink: /home/dr/Documents/ros2_workspaces/fortress_tut_ws/install/dynamixel_sdk/share/dynamixel_sdk/control_table/xh540_v270.model
[3.573s] -- Up-to-date symlink: /home/dr/Documents/ros2_workspaces/fortress_tut_ws/install/dynamixel_sdk/share/dynamixel_sdk/control_table/xh540_w150.model
[3.574s] -- Up-to-date symlink: /home/dr/Documents/ros2_workspaces/fortress_tut_ws/install/dynamixel_sdk/share/dynamixel_sdk/control_table/xh540_w270.model
[3.574s] -- Up-to-date symlink: /home/dr/Documents/ros2_workspaces/fortress_tut_ws/install/dynamixel_sdk/share/dynamixel_sdk/control_table/xl320.model
[3.574s] -- Up-to-date symlink: /home/dr/Documents/ros2_workspaces/fortress_tut_ws/install/dynamixel_sdk/share/dynamixel_sdk/control_table/xl330_m077.model
[3.575s] -- Up-to-date symlink: /home/dr/Documents/ros2_workspaces/fortress_tut_ws/install/dynamixel_sdk/share/dynamixel_sdk/control_table/xl330_m077_fw52.model
[3.575s] -- Up-to-date symlink: /home/dr/Documents/ros2_workspaces/fortress_tut_ws/install/dynamixel_sdk/share/dynamixel_sdk/control_table/xl330_m288.model
[3.575s] -- Up-to-date symlink: /home/dr/Documents/ros2_workspaces/fortress_tut_ws/install/dynamixel_sdk/share/dynamixel_sdk/control_table/xl330_m288_fw52.model
[3.576s] -- Up-to-date symlink: /home/dr/Documents/ros2_workspaces/fortress_tut_ws/install/dynamixel_sdk/share/dynamixel_sdk/control_table/xl430_w250.model
[3.577s] -- Up-to-date symlink: /home/dr/Documents/ros2_workspaces/fortress_tut_ws/install/dynamixel_sdk/share/dynamixel_sdk/control_table/xm430_w210.model
[3.578s] -- Up-to-date symlink: /home/dr/Documents/ros2_workspaces/fortress_tut_ws/install/dynamixel_sdk/share/dynamixel_sdk/control_table/xm430_w350.model
[3.583s] -- Up-to-date symlink: /home/dr/Documents/ros2_workspaces/fortress_tut_ws/install/dynamixel_sdk/share/dynamixel_sdk/control_table/xm540_w150.model
[3.583s] -- Up-to-date symlink: /home/dr/Documents/ros2_workspaces/fortress_tut_ws/install/dynamixel_sdk/share/dynamixel_sdk/control_table/xm540_w270.model
[3.584s] -- Up-to-date symlink: /home/dr/Documents/ros2_workspaces/fortress_tut_ws/install/dynamixel_sdk/share/dynamixel_sdk/control_table/xw430_t200.model
[3.585s] -- Up-to-date symlink: /home/dr/Documents/ros2_workspaces/fortress_tut_ws/install/dynamixel_sdk/share/dynamixel_sdk/control_table/xw430_t333.model
[3.586s] -- Up-to-date symlink: /home/dr/Documents/ros2_workspaces/fortress_tut_ws/install/dynamixel_sdk/share/dynamixel_sdk/control_table/xw540_h260.model
[3.587s] -- Up-to-date symlink: /home/dr/Documents/ros2_workspaces/fortress_tut_ws/install/dynamixel_sdk/share/dynamixel_sdk/control_table/xw540_t140.model
[3.588s] -- Up-to-date symlink: /home/dr/Documents/ros2_workspaces/fortress_tut_ws/install/dynamixel_sdk/share/dynamixel_sdk/control_table/xw540_t260.model
[3.588s] -- Up-to-date symlink: /home/dr/Documents/ros2_workspaces/fortress_tut_ws/install/dynamixel_sdk/share/dynamixel_sdk/control_table/ym070_210_a051.model
[3.590s] -- Up-to-date symlink: /home/dr/Documents/ros2_workspaces/fortress_tut_ws/install/dynamixel_sdk/share/dynamixel_sdk/control_table/ym070_210_a099.model
[3.592s] -- Up-to-date symlink: /home/dr/Documents/ros2_workspaces/fortress_tut_ws/install/dynamixel_sdk/share/dynamixel_sdk/control_table/ym070_210_b001.model
[3.592s] -- Up-to-date symlink: /home/dr/Documents/ros2_workspaces/fortress_tut_ws/install/dynamixel_sdk/share/dynamixel_sdk/control_table/ym070_210_m001.model
[3.592s] -- Up-to-date symlink: /home/dr/Documents/ros2_workspaces/fortress_tut_ws/install/dynamixel_sdk/share/dynamixel_sdk/control_table/ym070_210_r051.model
[3.593s] -- Up-to-date symlink: /home/dr/Documents/ros2_workspaces/fortress_tut_ws/install/dynamixel_sdk/share/dynamixel_sdk/control_table/ym070_210_r099.model
[3.594s] -- Up-to-date symlink: /home/dr/Documents/ros2_workspaces/fortress_tut_ws/install/dynamixel_sdk/share/dynamixel_sdk/control_table/ym080_230_a051.model
[3.594s] -- Up-to-date symlink: /home/dr/Documents/ros2_workspaces/fortress_tut_ws/install/dynamixel_sdk/share/dynamixel_sdk/control_table/ym080_230_a099.model
[3.594s] -- Up-to-date symlink: /home/dr/Documents/ros2_workspaces/fortress_tut_ws/install/dynamixel_sdk/share/dynamixel_sdk/control_table/ym080_230_b001.model
[3.594s] -- Up-to-date symlink: /home/dr/Documents/ros2_workspaces/fortress_tut_ws/install/dynamixel_sdk/share/dynamixel_sdk/control_table/ym080_230_m001.model
[3.598s] -- Up-to-date symlink: /home/dr/Documents/ros2_workspaces/fortress_tut_ws/install/dynamixel_sdk/share/dynamixel_sdk/control_table/ym080_230_r051.model
[3.598s] -- Up-to-date symlink: /home/dr/Documents/ros2_workspaces/fortress_tut_ws/install/dynamixel_sdk/share/dynamixel_sdk/control_table/ym080_230_r099.model
[3.599s] -- Up-to-date symlink: /home/dr/Documents/ros2_workspaces/fortress_tut_ws/install/dynamixel_sdk/share/dynamixel_sdk/environment/pythonpath.sh
[3.599s] -- Up-to-date symlink: /home/dr/Documents/ros2_workspaces/fortress_tut_ws/install/dynamixel_sdk/share/dynamixel_sdk/environment/pythonpath.dsv
[3.600s] -- Up-to-date symlink: /home/dr/Documents/ros2_workspaces/fortress_tut_ws/install/dynamixel_sdk/local/lib/python3.10/dist-packages/dynamixel_sdk-4.0.5-py3.10.egg-info/PKG-INFO
[3.601s] -- Up-to-date symlink: /home/dr/Documents/ros2_workspaces/fortress_tut_ws/install/dynamixel_sdk/local/lib/python3.10/dist-packages/dynamixel_sdk-4.0.5-py3.10.egg-info/SOURCES.txt
[3.601s] -- Up-to-date symlink: /home/dr/Documents/ros2_workspaces/fortress_tut_ws/install/dynamixel_sdk/local/lib/python3.10/dist-packages/dynamixel_sdk-4.0.5-py3.10.egg-info/dependency_links.txt
[3.601s] -- Up-to-date symlink: /home/dr/Documents/ros2_workspaces/fortress_tut_ws/install/dynamixel_sdk/local/lib/python3.10/dist-packages/dynamixel_sdk-4.0.5-py3.10.egg-info/top_level.txt
[3.605s] -- Up-to-date symlink: /home/dr/Documents/ros2_workspaces/fortress_tut_ws/install/dynamixel_sdk/local/lib/python3.10/dist-packages/dynamixel_sdk/__init__.py
[3.605s] -- Up-to-date symlink: /home/dr/Documents/ros2_workspaces/fortress_tut_ws/install/dynamixel_sdk/local/lib/python3.10/dist-packages/dynamixel_sdk/group_bulk_read.cpp
[3.606s] -- Up-to-date symlink: /home/dr/Documents/ros2_workspaces/fortress_tut_ws/install/dynamixel_sdk/local/lib/python3.10/dist-packages/dynamixel_sdk/group_bulk_read.py
[3.607s] -- Up-to-date symlink: /home/dr/Documents/ros2_workspaces/fortress_tut_ws/install/dynamixel_sdk/local/lib/python3.10/dist-packages/dynamixel_sdk/group_bulk_write.cpp
[3.607s] -- Up-to-date symlink: /home/dr/Documents/ros2_workspaces/fortress_tut_ws/install/dynamixel_sdk/local/lib/python3.10/dist-packages/dynamixel_sdk/group_bulk_write.py
[3.607s] -- Up-to-date symlink: /home/dr/Documents/ros2_workspaces/fortress_tut_ws/install/dynamixel_sdk/local/lib/python3.10/dist-packages/dynamixel_sdk/group_fast_bulk_read.cpp
[3.608s] -- Up-to-date symlink: /home/dr/Documents/ros2_workspaces/fortress_tut_ws/install/dynamixel_sdk/local/lib/python3.10/dist-packages/dynamixel_sdk/group_fast_sync_read.cpp
[3.608s] -- Up-to-date symlink: /home/dr/Documents/ros2_workspaces/fortress_tut_ws/install/dynamixel_sdk/local/lib/python3.10/dist-packages/dynamixel_sdk/group_handler.cpp
[3.608s] -- Up-to-date symlink: /home/dr/Documents/ros2_workspaces/fortress_tut_ws/install/dynamixel_sdk/local/lib/python3.10/dist-packages/dynamixel_sdk/group_sync_read.cpp
[3.608s] -- Up-to-date symlink: /home/dr/Documents/ros2_workspaces/fortress_tut_ws/install/dynamixel_sdk/local/lib/python3.10/dist-packages/dynamixel_sdk/group_sync_read.py
[3.609s] -- Up-to-date symlink: /home/dr/Documents/ros2_workspaces/fortress_tut_ws/install/dynamixel_sdk/local/lib/python3.10/dist-packages/dynamixel_sdk/group_sync_write.cpp
[3.609s] -- Up-to-date symlink: /home/dr/Documents/ros2_workspaces/fortress_tut_ws/install/dynamixel_sdk/local/lib/python3.10/dist-packages/dynamixel_sdk/group_sync_write.py
[3.609s] -- Up-to-date symlink: /home/dr/Documents/ros2_workspaces/fortress_tut_ws/install/dynamixel_sdk/local/lib/python3.10/dist-packages/dynamixel_sdk/packet_handler.cpp
[3.609s] -- Up-to-date symlink: /home/dr/Documents/ros2_workspaces/fortress_tut_ws/install/dynamixel_sdk/local/lib/python3.10/dist-packages/dynamixel_sdk/packet_handler.py
[3.609s] -- Up-to-date symlink: /home/dr/Documents/ros2_workspaces/fortress_tut_ws/install/dynamixel_sdk/local/lib/python3.10/dist-packages/dynamixel_sdk/port_handler.cpp
[3.610s] -- Up-to-date symlink: /home/dr/Documents/ros2_workspaces/fortress_tut_ws/install/dynamixel_sdk/local/lib/python3.10/dist-packages/dynamixel_sdk/port_handler.py
[3.610s] -- Up-to-date symlink: /home/dr/Documents/ros2_workspaces/fortress_tut_ws/install/dynamixel_sdk/local/lib/python3.10/dist-packages/dynamixel_sdk/port_handler_arduino.cpp
[3.610s] -- Up-to-date symlink: /home/dr/Documents/ros2_workspaces/fortress_tut_ws/install/dynamixel_sdk/local/lib/python3.10/dist-packages/dynamixel_sdk/port_handler_linux.cpp
[3.611s] -- Up-to-date symlink: /home/dr/Documents/ros2_workspaces/fortress_tut_ws/install/dynamixel_sdk/local/lib/python3.10/dist-packages/dynamixel_sdk/port_handler_mac.cpp
[3.614s] -- Up-to-date symlink: /home/dr/Documents/ros2_workspaces/fortress_tut_ws/install/dynamixel_sdk/local/lib/python3.10/dist-packages/dynamixel_sdk/port_handler_windows.cpp
[3.614s] -- Up-to-date symlink: /home/dr/Documents/ros2_workspaces/fortress_tut_ws/install/dynamixel_sdk/local/lib/python3.10/dist-packages/dynamixel_sdk/protocol1_packet_handler.cpp
[3.614s] -- Up-to-date symlink: /home/dr/Documents/ros2_workspaces/fortress_tut_ws/install/dynamixel_sdk/local/lib/python3.10/dist-packages/dynamixel_sdk/protocol1_packet_handler.py
[3.614s] -- Up-to-date symlink: /home/dr/Documents/ros2_workspaces/fortress_tut_ws/install/dynamixel_sdk/local/lib/python3.10/dist-packages/dynamixel_sdk/protocol2_packet_handler.cpp
[3.615s] -- Up-to-date symlink: /home/dr/Documents/ros2_workspaces/fortress_tut_ws/install/dynamixel_sdk/local/lib/python3.10/dist-packages/dynamixel_sdk/protocol2_packet_handler.py
[3.616s] -- Up-to-date symlink: /home/dr/Documents/ros2_workspaces/fortress_tut_ws/install/dynamixel_sdk/local/lib/python3.10/dist-packages/dynamixel_sdk/robotis_def.py
[3.617s] -- Up-to-date symlink: /home/dr/Documents/ros2_workspaces/fortress_tut_ws/install/dynamixel_sdk/local/lib/python3.10/dist-packages/dynamixel_easy_sdk-4.0.5-py3.10.egg-info/PKG-INFO
[3.619s] -- Up-to-date symlink: /home/dr/Documents/ros2_workspaces/fortress_tut_ws/install/dynamixel_sdk/local/lib/python3.10/dist-packages/dynamixel_easy_sdk-4.0.5-py3.10.egg-info/SOURCES.txt
[3.620s] -- Up-to-date symlink: /home/dr/Documents/ros2_workspaces/fortress_tut_ws/install/dynamixel_sdk/local/lib/python3.10/dist-packages/dynamixel_easy_sdk-4.0.5-py3.10.egg-info/dependency_links.txt
[3.621s] -- Up-to-date symlink: /home/dr/Documents/ros2_workspaces/fortress_tut_ws/install/dynamixel_sdk/local/lib/python3.10/dist-packages/dynamixel_easy_sdk-4.0.5-py3.10.egg-info/top_level.txt
[3.622s] -- Up-to-date symlink: /home/dr/Documents/ros2_workspaces/fortress_tut_ws/install/dynamixel_sdk/local/lib/python3.10/dist-packages/dynamixel_easy_sdk/__init__.py
[3.623s] -- Up-to-date symlink: /home/dr/Documents/ros2_workspaces/fortress_tut_ws/install/dynamixel_sdk/local/lib/python3.10/dist-packages/dynamixel_easy_sdk/connector.cpp
[3.624s] -- Up-to-date symlink: /home/dr/Documents/ros2_workspaces/fortress_tut_ws/install/dynamixel_sdk/local/lib/python3.10/dist-packages/dynamixel_easy_sdk/connector.py
[3.624s] -- Up-to-date symlink: /home/dr/Documents/ros2_workspaces/fortress_tut_ws/install/dynamixel_sdk/local/lib/python3.10/dist-packages/dynamixel_easy_sdk/control_table.cpp
[3.625s] -- Up-to-date symlink: /home/dr/Documents/ros2_workspaces/fortress_tut_ws/install/dynamixel_sdk/local/lib/python3.10/dist-packages/dynamixel_easy_sdk/control_table.py
[3.625s] -- Up-to-date symlink: /home/dr/Documents/ros2_workspaces/fortress_tut_ws/install/dynamixel_sdk/local/lib/python3.10/dist-packages/dynamixel_easy_sdk/data_types.py
[3.626s] -- Up-to-date symlink: /home/dr/Documents/ros2_workspaces/fortress_tut_ws/install/dynamixel_sdk/local/lib/python3.10/dist-packages/dynamixel_easy_sdk/dynamixel_error.cpp
[3.626s] -- Up-to-date symlink: /home/dr/Documents/ros2_workspaces/fortress_tut_ws/install/dynamixel_sdk/local/lib/python3.10/dist-packages/dynamixel_easy_sdk/dynamixel_error.py
[3.627s] -- Up-to-date symlink: /home/dr/Documents/ros2_workspaces/fortress_tut_ws/install/dynamixel_sdk/local/lib/python3.10/dist-packages/dynamixel_easy_sdk/group_executor.cpp
[3.628s] -- Up-to-date symlink: /home/dr/Documents/ros2_workspaces/fortress_tut_ws/install/dynamixel_sdk/local/lib/python3.10/dist-packages/dynamixel_easy_sdk/group_executor.py
[3.628s] -- Up-to-date symlink: /home/dr/Documents/ros2_workspaces/fortress_tut_ws/install/dynamixel_sdk/local/lib/python3.10/dist-packages/dynamixel_easy_sdk/motor.cpp
[3.628s] -- Up-to-date symlink: /home/dr/Documents/ros2_workspaces/fortress_tut_ws/install/dynamixel_sdk/local/lib/python3.10/dist-packages/dynamixel_easy_sdk/motor.py
[3.629s] -- Up-to-date symlink: /home/dr/Documents/ros2_workspaces/fortress_tut_ws/install/dynamixel_sdk/share/dynamixel_sdk/environment/library_path.sh
[3.629s] -- Up-to-date symlink: /home/dr/Documents/ros2_workspaces/fortress_tut_ws/install/dynamixel_sdk/share/dynamixel_sdk/environment/library_path.dsv
[3.629s] -- Up-to-date symlink: /home/dr/Documents/ros2_workspaces/fortress_tut_ws/install/dynamixel_sdk/share/ament_index/resource_index/package_run_dependencies/dynamixel_sdk
[3.630s] -- Up-to-date symlink: /home/dr/Documents/ros2_workspaces/fortress_tut_ws/install/dynamixel_sdk/share/ament_index/resource_index/parent_prefix_path/dynamixel_sdk
[3.630s] -- Up-to-date symlink: /home/dr/Documents/ros2_workspaces/fortress_tut_ws/install/dynamixel_sdk/share/dynamixel_sdk/environment/ament_prefix_path.sh
[3.632s] -- Up-to-date symlink: /home/dr/Documents/ros2_workspaces/fortress_tut_ws/install/dynamixel_sdk/share/dynamixel_sdk/environment/ament_prefix_path.dsv
[3.633s] -- Up-to-date symlink: /home/dr/Documents/ros2_workspaces/fortress_tut_ws/install/dynamixel_sdk/share/dynamixel_sdk/environment/path.sh
[3.634s] -- Up-to-date symlink: /home/dr/Documents/ros2_workspaces/fortress_tut_ws/install/dynamixel_sdk/share/dynamixel_sdk/environment/path.dsv
[3.635s] -- Up-to-date symlink: /home/dr/Documents/ros2_workspaces/fortress_tut_ws/install/dynamixel_sdk/share/dynamixel_sdk/local_setup.bash
[3.639s] -- Up-to-date symlink: /home/dr/Documents/ros2_workspaces/fortress_tut_ws/install/dynamixel_sdk/share/dynamixel_sdk/local_setup.sh
[3.639s] -- Up-to-date symlink: /home/dr/Documents/ros2_workspaces/fortress_tut_ws/install/dynamixel_sdk/share/dynamixel_sdk/local_setup.zsh
[3.640s] -- Up-to-date symlink: /home/dr/Documents/ros2_workspaces/fortress_tut_ws/install/dynamixel_sdk/share/dynamixel_sdk/local_setup.dsv
[3.640s] -- Symlinking: /home/dr/Documents/ros2_workspaces/fortress_tut_ws/install/dynamixel_sdk/share/dynamixel_sdk/package.dsv
[3.666s] -- Up-to-date symlink: /home/dr/Documents/ros2_workspaces/fortress_tut_ws/install/dynamixel_sdk/share/ament_index/resource_index/packages/dynamixel_sdk
[3.672s] -- Up-to-date symlink: /home/dr/Documents/ros2_workspaces/fortress_tut_ws/install/dynamixel_sdk/share/dynamixel_sdk/cmake/ament_cmake_export_targets-extras.cmake
[3.673s] -- Up-to-date symlink: /home/dr/Documents/ros2_workspaces/fortress_tut_ws/install/dynamixel_sdk/share/dynamixel_sdk/cmake/ament_cmake_export_include_directories-extras.cmake
[3.673s] -- Up-to-date symlink: /home/dr/Documents/ros2_workspaces/fortress_tut_ws/install/dynamixel_sdk/share/dynamixel_sdk/cmake/ament_cmake_export_libraries-extras.cmake
[3.686s] -- Up-to-date symlink: /home/dr/Documents/ros2_workspaces/fortress_tut_ws/install/dynamixel_sdk/share/dynamixel_sdk/cmake/dynamixel_sdkConfig.cmake
[3.687s] -- Up-to-date symlink: /home/dr/Documents/ros2_workspaces/fortress_tut_ws/install/dynamixel_sdk/share/dynamixel_sdk/cmake/dynamixel_sdkConfig-version.cmake
[3.687s] -- Up-to-date symlink: /home/dr/Documents/ros2_workspaces/fortress_tut_ws/install/dynamixel_sdk/share/dynamixel_sdk/package.xml
[3.689s] -- Up-to-date: /home/dr/Documents/ros2_workspaces/fortress_tut_ws/install/dynamixel_sdk/lib/libdynamixel_sdk.so
[3.825s] Listing '/home/dr/Documents/ros2_workspaces/fortress_tut_ws/install/dynamixel_sdk/local/lib/python3.10/dist-packages/dynamixel_sdk'...
[3.971s] Listing '/home/dr/Documents/ros2_workspaces/fortress_tut_ws/install/dynamixel_sdk/local/lib/python3.10/dist-packages/dynamixel_easy_sdk'...
[3.989s] -- Up-to-date: /home/dr/Documents/ros2_workspaces/fortress_tut_ws/install/dynamixel_sdk/share/dynamixel_sdk/cmake/dynamixel_sdkExport.cmake
[3.990s] -- Up-to-date: /home/dr/Documents/ros2_workspaces/fortress_tut_ws/install/dynamixel_sdk/share/dynamixel_sdk/cmake/dynamixel_sdkExport-noconfig.cmake
[3.995s] Invoked command in '/home/dr/Documents/ros2_workspaces/fortress_tut_ws/build/dynamixel_sdk' returned '0': CMAKE_PREFIX_PATH=${CMAKE_PREFIX_PATH}:/home/dr/Documents/ros2_workspaces/fortress_tut_ws/install/turtlebot3_teleop:/home/dr/Documents/ros2_workspaces/fortress_tut_ws/install/turtlebot3_example:/home/dr/Documents/ros2_workspaces/fortress_tut_ws/install/fortress_tut:/home/dr/ros2_ws/install/my_robot_controller:/opt/ros/humble /usr/bin/cmake --install /home/dr/Documents/ros2_workspaces/fortress_tut_ws/build/dynamixel_sdk
