[0.823s] Invoking command in '/home/dr/Documents/ros2_workspaces/fortress_tut_ws/build/turtlebot3_node': CMAKE_PREFIX_PATH=/home/dr/Documents/ros2_workspaces/fortress_tut_ws/install/turtlebot3_msgs:/home/dr/Documents/ros2_workspaces/fortress_tut_ws/install/dynamixel_sdk:/home/dr/Documents/ros2_workspaces/fortress_tut_ws/install/turtlebot3:/home/dr/Documents/ros2_workspaces/fortress_tut_ws/install/turtlebot3_simulations:/home/dr/Documents/ros2_workspaces/fortress_tut_ws/install/turtlebot3_bringup:/home/dr/Documents/ros2_workspaces/fortress_tut_ws/install/turtlebot3_node:/home/dr/Documents/ros2_workspaces/fortress_tut_ws/install/turtlebot3_navigation2:/home/dr/Documents/ros2_workspaces/fortress_tut_ws/install/turtlebot3_fake_node:/home/dr/Documents/ros2_workspaces/fortress_tut_ws/install/turtlebot3_manipulation_gazebo:/home/dr/Documents/ros2_workspaces/fortress_tut_ws/install/turtlebot3_gazebo:/home/dr/Documents/ros2_workspaces/fortress_tut_ws/install/turtlebot3_description:/home/dr/Documents/ros2_workspaces/fortress_tut_ws/install/turtlebot3_cartographer:/home/dr/Documents/ros2_workspaces/fortress_tut_ws/install/fortress_tut_msgs:/home/dr/Documents/ros2_workspaces/fortress_tut_ws/install/dynamixel_sdk_examples:/home/dr/Documents/ros2_workspaces/fortress_tut_ws/install/dynamixel_sdk_custom_interfaces:/home/dr/Documents/ros2_workspaces/fortress_tut_ws/install/turtlebot3_teleop:/home/dr/Documents/ros2_workspaces/fortress_tut_ws/install/turtlebot3_example:/home/dr/Documents/ros2_workspaces/fortress_tut_ws/install/fortress_tut:/home/dr/ros2_ws/install/my_robot_controller:/opt/ros/humble LD_LIBRARY_PATH=/home/dr/Documents/ros2_workspaces/fortress_tut_ws/install/turtlebot3_msgs/lib:/home/dr/Documents/ros2_workspaces/fortress_tut_ws/install/dynamixel_sdk/lib:/home/dr/Documents/ros2_workspaces/fortress_tut_ws/install/fortress_tut_msgs/lib:/home/dr/Documents/ros2_workspaces/fortress_tut_ws/install/dynamixel_sdk_custom_interfaces/lib:/usr/lib/x86_64-linux-gnu/gazebo-11/plugins:/opt/ros/humble/opt/rviz_ogre_vendor/lib:/opt/ros/humble/lib/x86_64-linux-gnu:/opt/ros/humble/lib:/usr/lib/x86_64-linux-gnu/gazebo-11/plugins /usr/bin/cmake /home/dr/Documents/ros2_workspaces/fortress_tut_ws/src/turtlebot3/turtlebot3_node -DCMAKE_INSTALL_PREFIX=/home/dr/Documents/ros2_workspaces/fortress_tut_ws/install/turtlebot3_node
[3.583s] -- The C compiler identification is GNU 11.4.0
[3.584s] -- The CXX compiler identification is GNU 11.4.0
[3.584s] -- Detecting C compiler ABI info
[3.584s] -- Detecting C compiler ABI info - done
[3.585s] -- Check for working C compiler: /usr/bin/cc - skipped
[3.585s] -- Detecting C compile features
[3.593s] -- Detecting C compile features - done
[3.594s] -- Detecting CXX compiler ABI info
[3.594s] -- Detecting CXX compiler ABI info - done
[3.594s] -- Check for working CXX compiler: /usr/bin/c++ - skipped
[3.594s] -- Detecting CXX compile features
[3.594s] -- Detecting CXX compile features - done
[3.594s] -- Found ament_cmake: 1.3.14 (/opt/ros/humble/share/ament_cmake/cmake)
[3.663s] -- Found Python3: /usr/bin/python3 (found version "3.10.12") found components: Interpreter 
[4.350s] -- Found dynamixel_sdk: 4.0.5 (/home/dr/Documents/ros2_workspaces/fortress_tut_ws/install/dynamixel_sdk/share/dynamixel_sdk/cmake)
[4.383s] -- Found geometry_msgs: 4.9.1 (/opt/ros/humble/share/geometry_msgs/cmake)
[4.759s] -- Found rosidl_generator_c: 3.1.9 (/opt/ros/humble/share/rosidl_generator_c/cmake)
[4.801s] -- Found rosidl_adapter: 3.1.9 (/opt/ros/humble/share/rosidl_adapter/cmake)
[4.899s] -- Found rosidl_generator_cpp: 3.1.9 (/opt/ros/humble/share/rosidl_generator_cpp/cmake)
[5.048s] -- Using all available rosidl_typesupport_c: rosidl_typesupport_fastrtps_c;rosidl_typesupport_introspection_c
[5.187s] -- Using all available rosidl_typesupport_cpp: rosidl_typesupport_fastrtps_cpp;rosidl_typesupport_introspection_cpp
[5.508s] -- Found message_filters: 4.3.18 (/opt/ros/humble/share/message_filters/cmake)
[6.366s] -- Found rmw_implementation_cmake: 6.1.2 (/opt/ros/humble/share/rmw_implementation_cmake/cmake)
[6.414s] -- Found rmw_fastrtps_cpp: 6.2.10 (/opt/ros/humble/share/rmw_fastrtps_cpp/cmake)
