running egg_info
creating ../../build/fortress_tut/fortress_tut.egg-info
writing ../../build/fortress_tut/fortress_tut.egg-info/PKG-INFO
writing dependency_links to ../../build/fortress_tut/fortress_tut.egg-info/dependency_links.txt
writing entry points to ../../build/fortress_tut/fortress_tut.egg-info/entry_points.txt
writing requirements to ../../build/fortress_tut/fortress_tut.egg-info/requires.txt
writing top-level names to ../../build/fortress_tut/fortress_tut.egg-info/top_level.txt
writing manifest file '../../build/fortress_tut/fortress_tut.egg-info/SOURCES.txt'
reading manifest file '../../build/fortress_tut/fortress_tut.egg-info/SOURCES.txt'
writing manifest file '../../build/fortress_tut/fortress_tut.egg-info/SOURCES.txt'
running build
running build_py
creating /home/dr/Documents/ros2_workspaces/fortress_tut_ws/build/fortress_tut/build
creating /home/dr/Documents/ros2_workspaces/fortress_tut_ws/build/fortress_tut/build/lib
creating /home/dr/Documents/ros2_workspaces/fortress_tut_ws/build/fortress_tut/build/lib/fortress_tut
copying fortress_tut/__init__.py -> /home/dr/Documents/ros2_workspaces/fortress_tut_ws/build/fortress_tut/build/lib/fortress_tut
copying fortress_tut/commander.py -> /home/dr/Documents/ros2_workspaces/fortress_tut_ws/build/fortress_tut/build/lib/fortress_tut
copying fortress_tut/robot.py -> /home/dr/Documents/ros2_workspaces/fortress_tut_ws/build/fortress_tut/build/lib/fortress_tut
running install
running install_lib
creating /home/dr/Documents/ros2_workspaces/fortress_tut_ws/install/fortress_tut/lib/python3.10/site-packages/fortress_tut
copying /home/dr/Documents/ros2_workspaces/fortress_tut_ws/build/fortress_tut/build/lib/fortress_tut/__init__.py -> /home/dr/Documents/ros2_workspaces/fortress_tut_ws/install/fortress_tut/lib/python3.10/site-packages/fortress_tut
copying /home/dr/Documents/ros2_workspaces/fortress_tut_ws/build/fortress_tut/build/lib/fortress_tut/commander.py -> /home/dr/Documents/ros2_workspaces/fortress_tut_ws/install/fortress_tut/lib/python3.10/site-packages/fortress_tut
copying /home/dr/Documents/ros2_workspaces/fortress_tut_ws/build/fortress_tut/build/lib/fortress_tut/robot.py -> /home/dr/Documents/ros2_workspaces/fortress_tut_ws/install/fortress_tut/lib/python3.10/site-packages/fortress_tut
byte-compiling /home/dr/Documents/ros2_workspaces/fortress_tut_ws/install/fortress_tut/lib/python3.10/site-packages/fortress_tut/__init__.py to __init__.cpython-310.pyc
byte-compiling /home/dr/Documents/ros2_workspaces/fortress_tut_ws/install/fortress_tut/lib/python3.10/site-packages/fortress_tut/commander.py to commander.cpython-310.pyc
byte-compiling /home/dr/Documents/ros2_workspaces/fortress_tut_ws/install/fortress_tut/lib/python3.10/site-packages/fortress_tut/robot.py to robot.cpython-310.pyc
running install_data
creating /home/dr/Documents/ros2_workspaces/fortress_tut_ws/install/fortress_tut/share/ament_index
creating /home/dr/Documents/ros2_workspaces/fortress_tut_ws/install/fortress_tut/share/ament_index/resource_index
creating /home/dr/Documents/ros2_workspaces/fortress_tut_ws/install/fortress_tut/share/ament_index/resource_index/packages
copying resource/fortress_tut -> /home/dr/Documents/ros2_workspaces/fortress_tut_ws/install/fortress_tut/share/ament_index/resource_index/packages
copying package.xml -> /home/dr/Documents/ros2_workspaces/fortress_tut_ws/install/fortress_tut/share/fortress_tut
creating /home/dr/Documents/ros2_workspaces/fortress_tut_ws/install/fortress_tut/share/fortress_tut/launch
copying launch/simulation_launch.py -> /home/dr/Documents/ros2_workspaces/fortress_tut_ws/install/fortress_tut/share/fortress_tut/launch
copying launch/robot_launch.py -> /home/dr/Documents/ros2_workspaces/fortress_tut_ws/install/fortress_tut/share/fortress_tut/launch
creating /home/dr/Documents/ros2_workspaces/fortress_tut_ws/install/fortress_tut/share/fortress_tut/config
copying config/robot.yaml -> /home/dr/Documents/ros2_workspaces/fortress_tut_ws/install/fortress_tut/share/fortress_tut/config
running install_egg_info
Copying ../../build/fortress_tut/fortress_tut.egg-info to /home/dr/Documents/ros2_workspaces/fortress_tut_ws/install/fortress_tut/lib/python3.10/site-packages/fortress_tut-0.0.0-py3.10.egg-info
running install_scripts
Installing commander script to /home/dr/Documents/ros2_workspaces/fortress_tut_ws/install/fortress_tut/lib/fortress_tut
Installing robot script to /home/dr/Documents/ros2_workspaces/fortress_tut_ws/install/fortress_tut/lib/fortress_tut
writing list of installed files to '/home/dr/Documents/ros2_workspaces/fortress_tut_ws/build/fortress_tut/install.log'
