[4.478s] Invoking command in '/home/dr/Documents/ros2_workspaces/fortress_tut_ws/src/fortress_tut': CMAKE_PREFIX_PATH=/home/dr/Documents/ros2_workspaces/fortress_tut_ws/install/fortress_tut_msgs:/home/dr/Documents/ros2_workspaces/fortress_tut_ws/install/turtlebot3:/home/dr/Documents/ros2_workspaces/fortress_tut_ws/install/turtlebot3_simulations:/home/dr/Documents/ros2_workspaces/fortress_tut_ws/install/turtlebot3_bringup:/home/dr/Documents/ros2_workspaces/fortress_tut_ws/install/turtlebot3_node:/home/dr/Documents/ros2_workspaces/fortress_tut_ws/install/turtlebot3_navigation2:/home/dr/Documents/ros2_workspaces/fortress_tut_ws/install/turtlebot3_fake_node:/home/dr/Documents/ros2_workspaces/fortress_tut_ws/install/turtlebot3_msgs:/home/dr/Documents/ros2_workspaces/fortress_tut_ws/install/turtlebot3_manipulation_gazebo:/home/dr/Documents/ros2_workspaces/fortress_tut_ws/install/turtlebot3_gazebo:/home/dr/Documents/ros2_workspaces/fortress_tut_ws/install/turtlebot3_description:/home/dr/Documents/ros2_workspaces/fortress_tut_ws/install/turtlebot3_cartographer:/home/dr/Documents/ros2_workspaces/fortress_tut_ws/install/dynamixel_sdk_examples:/home/dr/Documents/ros2_workspaces/fortress_tut_ws/install/dynamixel_sdk_custom_interfaces:/home/dr/Documents/ros2_workspaces/fortress_tut_ws/install/dynamixel_sdk LD_LIBRARY_PATH=/home/dr/Documents/ros2_workspaces/fortress_tut_ws/install/fortress_tut_msgs/lib:/home/dr/Documents/ros2_workspaces/fortress_tut_ws/install/turtlebot3_msgs/lib:/home/dr/Documents/ros2_workspaces/fortress_tut_ws/install/dynamixel_sdk_custom_interfaces/lib:/home/dr/Documents/ros2_workspaces/fortress_tut_ws/install/dynamixel_sdk/lib:/usr/lib/x86_64-linux-gnu/gazebo-11/plugins:/opt/ros/humble/opt/rviz_ogre_vendor/lib:/opt/ros/humble/lib/x86_64-linux-gnu:/opt/ros/humble/lib:/usr/lib/x86_64-linux-gnu/gazebo-11/plugins PYTHONPATH=/home/dr/Documents/ros2_workspaces/fortress_tut_ws/build/fortress_tut/prefix_override:/usr/lib/python3/dist-packages/colcon_core/task/python/colcon_distutils_commands:/home/dr/Documents/ros2_workspaces/fortress_tut_ws/install/fortress_tut/lib/python3.10/site-packages:${PYTHONPATH} /usr/bin/python3 -W ignore:setup.py install is deprecated -W ignore:easy_install command is deprecated setup.py egg_info --egg-base ../../build/fortress_tut build --build-base /home/dr/Documents/ros2_workspaces/fortress_tut_ws/build/fortress_tut/build install --record /home/dr/Documents/ros2_workspaces/fortress_tut_ws/build/fortress_tut/install.log --install-scripts $base/lib/fortress_tut --single-version-externally-managed install_data
[6.525s] running egg_info
[6.527s] creating ../../build/fortress_tut/fortress_tut.egg-info
[6.533s] writing ../../build/fortress_tut/fortress_tut.egg-info/PKG-INFO
[6.534s] writing dependency_links to ../../build/fortress_tut/fortress_tut.egg-info/dependency_links.txt
[6.534s] writing entry points to ../../build/fortress_tut/fortress_tut.egg-info/entry_points.txt
[6.534s] writing requirements to ../../build/fortress_tut/fortress_tut.egg-info/requires.txt
[6.535s] writing top-level names to ../../build/fortress_tut/fortress_tut.egg-info/top_level.txt
[6.535s] writing manifest file '../../build/fortress_tut/fortress_tut.egg-info/SOURCES.txt'
[6.550s] reading manifest file '../../build/fortress_tut/fortress_tut.egg-info/SOURCES.txt'
[6.559s] writing manifest file '../../build/fortress_tut/fortress_tut.egg-info/SOURCES.txt'
[6.561s] running build
[6.561s] running build_py
[6.562s] creating /home/dr/Documents/ros2_workspaces/fortress_tut_ws/build/fortress_tut/build
[6.567s] creating /home/dr/Documents/ros2_workspaces/fortress_tut_ws/build/fortress_tut/build/lib
[6.569s] creating /home/dr/Documents/ros2_workspaces/fortress_tut_ws/build/fortress_tut/build/lib/fortress_tut
[6.569s] copying fortress_tut/__init__.py -> /home/dr/Documents/ros2_workspaces/fortress_tut_ws/build/fortress_tut/build/lib/fortress_tut
[6.569s] copying fortress_tut/commander.py -> /home/dr/Documents/ros2_workspaces/fortress_tut_ws/build/fortress_tut/build/lib/fortress_tut
[6.571s] copying fortress_tut/robot.py -> /home/dr/Documents/ros2_workspaces/fortress_tut_ws/build/fortress_tut/build/lib/fortress_tut
[6.572s] running install
[6.573s] running install_lib
[6.575s] creating /home/dr/Documents/ros2_workspaces/fortress_tut_ws/install/fortress_tut/lib/python3.10/site-packages/fortress_tut
[6.575s] copying /home/dr/Documents/ros2_workspaces/fortress_tut_ws/build/fortress_tut/build/lib/fortress_tut/__init__.py -> /home/dr/Documents/ros2_workspaces/fortress_tut_ws/install/fortress_tut/lib/python3.10/site-packages/fortress_tut
[6.585s] copying /home/dr/Documents/ros2_workspaces/fortress_tut_ws/build/fortress_tut/build/lib/fortress_tut/commander.py -> /home/dr/Documents/ros2_workspaces/fortress_tut_ws/install/fortress_tut/lib/python3.10/site-packages/fortress_tut
[6.592s] copying /home/dr/Documents/ros2_workspaces/fortress_tut_ws/build/fortress_tut/build/lib/fortress_tut/robot.py -> /home/dr/Documents/ros2_workspaces/fortress_tut_ws/install/fortress_tut/lib/python3.10/site-packages/fortress_tut
[6.592s] byte-compiling /home/dr/Documents/ros2_workspaces/fortress_tut_ws/install/fortress_tut/lib/python3.10/site-packages/fortress_tut/__init__.py to __init__.cpython-310.pyc
[6.592s] byte-compiling /home/dr/Documents/ros2_workspaces/fortress_tut_ws/install/fortress_tut/lib/python3.10/site-packages/fortress_tut/commander.py to commander.cpython-310.pyc
[6.592s] byte-compiling /home/dr/Documents/ros2_workspaces/fortress_tut_ws/install/fortress_tut/lib/python3.10/site-packages/fortress_tut/robot.py to robot.cpython-310.pyc
[6.601s] running install_data
[6.601s] creating /home/dr/Documents/ros2_workspaces/fortress_tut_ws/install/fortress_tut/share/ament_index
[6.606s] creating /home/dr/Documents/ros2_workspaces/fortress_tut_ws/install/fortress_tut/share/ament_index/resource_index
[6.607s] creating /home/dr/Documents/ros2_workspaces/fortress_tut_ws/install/fortress_tut/share/ament_index/resource_index/packages
[6.607s] copying resource/fortress_tut -> /home/dr/Documents/ros2_workspaces/fortress_tut_ws/install/fortress_tut/share/ament_index/resource_index/packages
[6.607s] copying package.xml -> /home/dr/Documents/ros2_workspaces/fortress_tut_ws/install/fortress_tut/share/fortress_tut
[6.607s] creating /home/dr/Documents/ros2_workspaces/fortress_tut_ws/install/fortress_tut/share/fortress_tut/launch
[6.614s] copying launch/simulation_launch.py -> /home/dr/Documents/ros2_workspaces/fortress_tut_ws/install/fortress_tut/share/fortress_tut/launch
[6.614s] copying launch/robot_launch.py -> /home/dr/Documents/ros2_workspaces/fortress_tut_ws/install/fortress_tut/share/fortress_tut/launch
[6.614s] creating /home/dr/Documents/ros2_workspaces/fortress_tut_ws/install/fortress_tut/share/fortress_tut/config
[6.615s] copying config/robot.yaml -> /home/dr/Documents/ros2_workspaces/fortress_tut_ws/install/fortress_tut/share/fortress_tut/config
[6.615s] running install_egg_info
[6.627s] Copying ../../build/fortress_tut/fortress_tut.egg-info to /home/dr/Documents/ros2_workspaces/fortress_tut_ws/install/fortress_tut/lib/python3.10/site-packages/fortress_tut-0.0.0-py3.10.egg-info
[6.640s] running install_scripts
[6.797s] Installing commander script to /home/dr/Documents/ros2_workspaces/fortress_tut_ws/install/fortress_tut/lib/fortress_tut
[6.798s] Installing robot script to /home/dr/Documents/ros2_workspaces/fortress_tut_ws/install/fortress_tut/lib/fortress_tut
[6.804s] writing list of installed files to '/home/dr/Documents/ros2_workspaces/fortress_tut_ws/build/fortress_tut/install.log'
[7.016s] Invoked command in '/home/dr/Documents/ros2_workspaces/fortress_tut_ws/src/fortress_tut' returned '0': CMAKE_PREFIX_PATH=/home/dr/Documents/ros2_workspaces/fortress_tut_ws/install/fortress_tut_msgs:/home/dr/Documents/ros2_workspaces/fortress_tut_ws/install/turtlebot3:/home/dr/Documents/ros2_workspaces/fortress_tut_ws/install/turtlebot3_simulations:/home/dr/Documents/ros2_workspaces/fortress_tut_ws/install/turtlebot3_bringup:/home/dr/Documents/ros2_workspaces/fortress_tut_ws/install/turtlebot3_node:/home/dr/Documents/ros2_workspaces/fortress_tut_ws/install/turtlebot3_navigation2:/home/dr/Documents/ros2_workspaces/fortress_tut_ws/install/turtlebot3_fake_node:/home/dr/Documents/ros2_workspaces/fortress_tut_ws/install/turtlebot3_msgs:/home/dr/Documents/ros2_workspaces/fortress_tut_ws/install/turtlebot3_manipulation_gazebo:/home/dr/Documents/ros2_workspaces/fortress_tut_ws/install/turtlebot3_gazebo:/home/dr/Documents/ros2_workspaces/fortress_tut_ws/install/turtlebot3_description:/home/dr/Documents/ros2_workspaces/fortress_tut_ws/install/turtlebot3_cartographer:/home/dr/Documents/ros2_workspaces/fortress_tut_ws/install/dynamixel_sdk_examples:/home/dr/Documents/ros2_workspaces/fortress_tut_ws/install/dynamixel_sdk_custom_interfaces:/home/dr/Documents/ros2_workspaces/fortress_tut_ws/install/dynamixel_sdk LD_LIBRARY_PATH=/home/dr/Documents/ros2_workspaces/fortress_tut_ws/install/fortress_tut_msgs/lib:/home/dr/Documents/ros2_workspaces/fortress_tut_ws/install/turtlebot3_msgs/lib:/home/dr/Documents/ros2_workspaces/fortress_tut_ws/install/dynamixel_sdk_custom_interfaces/lib:/home/dr/Documents/ros2_workspaces/fortress_tut_ws/install/dynamixel_sdk/lib:/usr/lib/x86_64-linux-gnu/gazebo-11/plugins:/opt/ros/humble/opt/rviz_ogre_vendor/lib:/opt/ros/humble/lib/x86_64-linux-gnu:/opt/ros/humble/lib:/usr/lib/x86_64-linux-gnu/gazebo-11/plugins PYTHONPATH=/home/dr/Documents/ros2_workspaces/fortress_tut_ws/build/fortress_tut/prefix_override:/usr/lib/python3/dist-packages/colcon_core/task/python/colcon_distutils_commands:/home/dr/Documents/ros2_workspaces/fortress_tut_ws/install/fortress_tut/lib/python3.10/site-packages:${PYTHONPATH} /usr/bin/python3 -W ignore:setup.py install is deprecated -W ignore:easy_install command is deprecated setup.py egg_info --egg-base ../../build/fortress_tut build --build-base /home/dr/Documents/ros2_workspaces/fortress_tut_ws/build/fortress_tut/build install --record /home/dr/Documents/ros2_workspaces/fortress_tut_ws/build/fortress_tut/install.log --install-scripts $base/lib/fortress_tut --single-version-externally-managed install_data
