[0.106s] Invoking command in '/home/dr/Documents/ros2_workspaces/fortress_tut_ws/build/turtlebot3_fake_node': AMENT_PREFIX_PATH=/home/dr/Documents/ros2_workspaces/fortress_tut_ws/install/turtlebot3_msgs:${AMENT_PREFIX_PATH} CMAKE_PREFIX_PATH=/home/dr/Documents/ros2_workspaces/fortress_tut_ws/install/turtlebot3_msgs:/home/dr/ros2_ws/install/my_robot_controller:/opt/ros/humble LD_LIBRARY_PATH=/home/dr/Documents/ros2_workspaces/fortress_tut_ws/install/turtlebot3_msgs/lib:${LD_LIBRARY_PATH} PYTHONPATH=/home/dr/Documents/ros2_workspaces/fortress_tut_ws/install/turtlebot3_msgs/local/lib/python3.10/dist-packages:${PYTHONPATH} /usr/bin/cmake /home/dr/Documents/ros2_workspaces/fortress_tut_ws/src/turtlebot3_simulations/turtlebot3_fake_node -DAMENT_CMAKE_SYMLINK_INSTALL=1 -DCMAKE_INSTALL_PREFIX=/home/dr/Documents/ros2_workspaces/fortress_tut_ws/install/turtlebot3_fake_node
[0.753s] -- Found ament_cmake: 1.3.14 (/opt/ros/humble/share/ament_cmake/cmake)
[0.754s] -- Override CMake install command with custom implementation using symlinks instead of copying resources
[0.754s] -- Found geometry_msgs: 4.9.1 (/opt/ros/humble/share/geometry_msgs/cmake)
[0.755s] -- Found rosidl_generator_c: 3.1.9 (/opt/ros/humble/share/rosidl_generator_c/cmake)
[0.755s] -- Found rosidl_adapter: 3.1.9 (/opt/ros/humble/share/rosidl_adapter/cmake)
[0.755s] -- Found rosidl_generator_cpp: 3.1.9 (/opt/ros/humble/share/rosidl_generator_cpp/cmake)
[0.756s] -- Using all available rosidl_typesupport_c: rosidl_typesupport_fastrtps_c;rosidl_typesupport_introspection_c
[0.756s] -- Using all available rosidl_typesupport_cpp: rosidl_typesupport_fastrtps_cpp;rosidl_typesupport_introspection_cpp
[0.756s] -- Found nav_msgs: 4.9.1 (/opt/ros/humble/share/nav_msgs/cmake)
[0.757s] -- Found rclcpp: 16.0.19 (/opt/ros/humble/share/rclcpp/cmake)
[0.815s] -- Found rmw_implementation_cmake: 6.1.2 (/opt/ros/humble/share/rmw_implementation_cmake/cmake)
[0.819s] -- Found rmw_fastrtps_cpp: 6.2.10 (/opt/ros/humble/share/rmw_fastrtps_cpp/cmake)
[1.140s] -- Using RMW implementation 'rmw_fastrtps_cpp' as default
[1.252s] -- Found sensor_msgs: 4.9.1 (/opt/ros/humble/share/sensor_msgs/cmake)
[1.301s] -- Found tf2: 0.25.20 (/opt/ros/humble/share/tf2/cmake)
[1.317s] -- Found tf2_msgs: 0.25.20 (/opt/ros/humble/share/tf2_msgs/cmake)
[1.473s] -- Found turtlebot3_msgs: 2.4.0 (/home/dr/Documents/ros2_workspaces/fortress_tut_ws/install/turtlebot3_msgs/share/turtlebot3_msgs/cmake)
[1.717s] -- Configuring done
[1.748s] -- Generating done
[1.762s] -- Build files have been written to: /home/dr/Documents/ros2_workspaces/fortress_tut_ws/build/turtlebot3_fake_node
[1.790s] Invoked command in '/home/dr/Documents/ros2_workspaces/fortress_tut_ws/build/turtlebot3_fake_node' returned '0': AMENT_PREFIX_PATH=/home/dr/Documents/ros2_workspaces/fortress_tut_ws/install/turtlebot3_msgs:${AMENT_PREFIX_PATH} CMAKE_PREFIX_PATH=/home/dr/Documents/ros2_workspaces/fortress_tut_ws/install/turtlebot3_msgs:/home/dr/ros2_ws/install/my_robot_controller:/opt/ros/humble LD_LIBRARY_PATH=/home/dr/Documents/ros2_workspaces/fortress_tut_ws/install/turtlebot3_msgs/lib:${LD_LIBRARY_PATH} PYTHONPATH=/home/dr/Documents/ros2_workspaces/fortress_tut_ws/install/turtlebot3_msgs/local/lib/python3.10/dist-packages:${PYTHONPATH} /usr/bin/cmake /home/dr/Documents/ros2_workspaces/fortress_tut_ws/src/turtlebot3_simulations/turtlebot3_fake_node -DAMENT_CMAKE_SYMLINK_INSTALL=1 -DCMAKE_INSTALL_PREFIX=/home/dr/Documents/ros2_workspaces/fortress_tut_ws/install/turtlebot3_fake_node
[1.791s] Invoking command in '/home/dr/Documents/ros2_workspaces/fortress_tut_ws/build/turtlebot3_fake_node': AMENT_PREFIX_PATH=/home/dr/Documents/ros2_workspaces/fortress_tut_ws/install/turtlebot3_msgs:${AMENT_PREFIX_PATH} CMAKE_PREFIX_PATH=/home/dr/Documents/ros2_workspaces/fortress_tut_ws/install/turtlebot3_msgs:/home/dr/ros2_ws/install/my_robot_controller:/opt/ros/humble LD_LIBRARY_PATH=/home/dr/Documents/ros2_workspaces/fortress_tut_ws/install/turtlebot3_msgs/lib:${LD_LIBRARY_PATH} PYTHONPATH=/home/dr/Documents/ros2_workspaces/fortress_tut_ws/install/turtlebot3_msgs/local/lib/python3.10/dist-packages:${PYTHONPATH} /usr/bin/cmake --build /home/dr/Documents/ros2_workspaces/fortress_tut_ws/build/turtlebot3_fake_node -- -j8 -l8
[1.896s] [ 50%] [32mBuilding CXX object CMakeFiles/turtlebot3_fake_node.dir/src/turtlebot3_fake_node.cpp.o[0m
