[1.915s] Invoking command in '/home/dr/Documents/ros2_workspaces/fortress_tut_ws/build/fortress_tut': PYTHONPATH=/home/dr/Documents/ros2_workspaces/fortress_tut_ws/build/fortress_tut/prefix_override:/usr/lib/python3/dist-packages/colcon_core/task/python/colcon_distutils_commands:/home/dr/Documents/ros2_workspaces/fortress_tut_ws/install/fortress_tut/lib/python3.10/site-packages:${PYTHONPATH} /usr/bin/python3 -W ignore:setup.py install is deprecated -W ignore:easy_install command is deprecated setup.py develop --uninstall --editable --build-directory /home/dr/Documents/ros2_workspaces/fortress_tut_ws/build/fortress_tut/build
[2.524s] running develop
[2.874s] Removing /home/dr/Documents/ros2_workspaces/fortress_tut_ws/install/fortress_tut/lib/python3.10/site-packages/fortress-tut.egg-link (link to .)
[2.938s] Invoked command in '/home/dr/Documents/ros2_workspaces/fortress_tut_ws/build/fortress_tut' returned '0': PYTHONPATH=/home/dr/Documents/ros2_workspaces/fortress_tut_ws/build/fortress_tut/prefix_override:/usr/lib/python3/dist-packages/colcon_core/task/python/colcon_distutils_commands:/home/dr/Documents/ros2_workspaces/fortress_tut_ws/install/fortress_tut/lib/python3.10/site-packages:${PYTHONPATH} /usr/bin/python3 -W ignore:setup.py install is deprecated -W ignore:easy_install command is deprecated setup.py develop --uninstall --editable --build-directory /home/dr/Documents/ros2_workspaces/fortress_tut_ws/build/fortress_tut/build
[2.943s] Invoking command in '/home/dr/Documents/ros2_workspaces/fortress_tut_ws/src/fortress_tut': PYTHONPATH=/home/dr/Documents/ros2_workspaces/fortress_tut_ws/build/fortress_tut/prefix_override:/usr/lib/python3/dist-packages/colcon_core/task/python/colcon_distutils_commands:/home/dr/Documents/ros2_workspaces/fortress_tut_ws/install/fortress_tut/lib/python3.10/site-packages:${PYTHONPATH} /usr/bin/python3 -W ignore:setup.py install is deprecated -W ignore:easy_install command is deprecated setup.py egg_info --egg-base ../../build/fortress_tut build --build-base /home/dr/Documents/ros2_workspaces/fortress_tut_ws/build/fortress_tut/build install --record /home/dr/Documents/ros2_workspaces/fortress_tut_ws/build/fortress_tut/install.log --install-scripts $base/lib/fortress_tut --single-version-externally-managed install_data --force
[3.330s] running egg_info
[3.332s] writing ../../build/fortress_tut/fortress_tut.egg-info/PKG-INFO
[3.332s] writing dependency_links to ../../build/fortress_tut/fortress_tut.egg-info/dependency_links.txt
[3.333s] writing entry points to ../../build/fortress_tut/fortress_tut.egg-info/entry_points.txt
[3.333s] writing requirements to ../../build/fortress_tut/fortress_tut.egg-info/requires.txt
[3.333s] writing top-level names to ../../build/fortress_tut/fortress_tut.egg-info/top_level.txt
[3.342s] reading manifest file '../../build/fortress_tut/fortress_tut.egg-info/SOURCES.txt'
[3.344s] writing manifest file '../../build/fortress_tut/fortress_tut.egg-info/SOURCES.txt'
[3.344s] running build
[3.344s] running build_py
[3.344s] copying fortress_tut/robot.py -> /home/dr/Documents/ros2_workspaces/fortress_tut_ws/build/fortress_tut/build/lib/fortress_tut
[3.344s] running install
[3.346s] running install_lib
[3.348s] creating /home/dr/Documents/ros2_workspaces/fortress_tut_ws/install/fortress_tut/lib/python3.10/site-packages/fortress_tut
[3.348s] copying /home/dr/Documents/ros2_workspaces/fortress_tut_ws/build/fortress_tut/build/lib/fortress_tut/__init__.py -> /home/dr/Documents/ros2_workspaces/fortress_tut_ws/install/fortress_tut/lib/python3.10/site-packages/fortress_tut
[3.349s] copying /home/dr/Documents/ros2_workspaces/fortress_tut_ws/build/fortress_tut/build/lib/fortress_tut/robot.py -> /home/dr/Documents/ros2_workspaces/fortress_tut_ws/install/fortress_tut/lib/python3.10/site-packages/fortress_tut
[3.349s] byte-compiling /home/dr/Documents/ros2_workspaces/fortress_tut_ws/install/fortress_tut/lib/python3.10/site-packages/fortress_tut/__init__.py to __init__.cpython-310.pyc
[3.349s] byte-compiling /home/dr/Documents/ros2_workspaces/fortress_tut_ws/install/fortress_tut/lib/python3.10/site-packages/fortress_tut/robot.py to robot.cpython-310.pyc
[3.349s] running install_data
[3.349s] copying resource/fortress_tut -> /home/dr/Documents/ros2_workspaces/fortress_tut_ws/install/fortress_tut/share/ament_index/resource_index/packages
[3.349s] copying package.xml -> /home/dr/Documents/ros2_workspaces/fortress_tut_ws/install/fortress_tut/share/fortress_tut
[3.350s] running install_egg_info
[3.350s] Copying ../../build/fortress_tut/fortress_tut.egg-info to /home/dr/Documents/ros2_workspaces/fortress_tut_ws/install/fortress_tut/lib/python3.10/site-packages/fortress_tut-0.0.0-py3.10.egg-info
[3.353s] running install_scripts
[3.387s] Installing robot script to /home/dr/Documents/ros2_workspaces/fortress_tut_ws/install/fortress_tut/lib/fortress_tut
[3.387s] writing list of installed files to '/home/dr/Documents/ros2_workspaces/fortress_tut_ws/build/fortress_tut/install.log'
[3.432s] Invoked command in '/home/dr/Documents/ros2_workspaces/fortress_tut_ws/src/fortress_tut' returned '0': PYTHONPATH=/home/dr/Documents/ros2_workspaces/fortress_tut_ws/build/fortress_tut/prefix_override:/usr/lib/python3/dist-packages/colcon_core/task/python/colcon_distutils_commands:/home/dr/Documents/ros2_workspaces/fortress_tut_ws/install/fortress_tut/lib/python3.10/site-packages:${PYTHONPATH} /usr/bin/python3 -W ignore:setup.py install is deprecated -W ignore:easy_install command is deprecated setup.py egg_info --egg-base ../../build/fortress_tut build --build-base /home/dr/Documents/ros2_workspaces/fortress_tut_ws/build/fortress_tut/build install --record /home/dr/Documents/ros2_workspaces/fortress_tut_ws/build/fortress_tut/install.log --install-scripts $base/lib/fortress_tut --single-version-externally-managed install_data --force
