[0.029s] Invoking command in '/home/dr/Documents/ros2_workspaces/fortress_tut_ws/build/turtlebot3_node': AMENT_PREFIX_PATH=/home/dr/Documents/ros2_workspaces/fortress_tut_ws/install/turtlebot3_msgs:/home/dr/Documents/ros2_workspaces/fortress_tut_ws/install/dynamixel_sdk:${AMENT_PREFIX_PATH} CMAKE_PREFIX_PATH=/home/dr/Documents/ros2_workspaces/fortress_tut_ws/install/turtlebot3_msgs:/home/dr/Documents/ros2_workspaces/fortress_tut_ws/install/dynamixel_sdk:/home/dr/ros2_ws/install/my_robot_controller:/opt/ros/humble LD_LIBRARY_PATH=/home/dr/Documents/ros2_workspaces/fortress_tut_ws/install/turtlebot3_msgs/lib:/home/dr/Documents/ros2_workspaces/fortress_tut_ws/install/dynamixel_sdk/lib:${LD_LIBRARY_PATH} PYTHONPATH=/home/dr/Documents/ros2_workspaces/fortress_tut_ws/install/turtlebot3_msgs/local/lib/python3.10/dist-packages:/home/dr/Documents/ros2_workspaces/fortress_tut_ws/install/dynamixel_sdk/local/lib/python3.10/dist-packages:${PYTHONPATH} /usr/bin/cmake /home/dr/Documents/ros2_workspaces/fortress_tut_ws/src/turtlebot3/turtlebot3_node -DAMENT_CMAKE_SYMLINK_INSTALL=1 -DCMAKE_INSTALL_PREFIX=/home/dr/Documents/ros2_workspaces/fortress_tut_ws/install/turtlebot3_node
[0.142s] -- The C compiler identification is GNU 11.4.0
[0.245s] -- The CXX compiler identification is GNU 11.4.0
[0.255s] -- Detecting C compiler ABI info
[0.364s] -- Detecting C compiler ABI info - done
[0.386s] -- Check for working C compiler: /usr/bin/cc - skipped
[0.387s] -- Detecting C compile features
[0.388s] -- Detecting C compile features - done
[0.395s] -- Detecting CXX compiler ABI info
[0.564s] -- Detecting CXX compiler ABI info - done
[0.588s] -- Check for working CXX compiler: /usr/bin/c++ - skipped
[0.588s] -- Detecting CXX compile features
[0.589s] -- Detecting CXX compile features - done
[0.596s] -- Found ament_cmake: 1.3.14 (/opt/ros/humble/share/ament_cmake/cmake)
[0.861s] -- Found Python3: /usr/bin/python3 (found version "3.10.12") found components: Interpreter 
[0.968s] -- Override CMake install command with custom implementation using symlinks instead of copying resources
[1.020s] -- Found dynamixel_sdk: 4.0.5 (/home/dr/Documents/ros2_workspaces/fortress_tut_ws/install/dynamixel_sdk/share/dynamixel_sdk/cmake)
[1.025s] -- Found geometry_msgs: 4.9.1 (/opt/ros/humble/share/geometry_msgs/cmake)
[1.091s] -- Found rosidl_generator_c: 3.1.9 (/opt/ros/humble/share/rosidl_generator_c/cmake)
[1.101s] -- Found rosidl_adapter: 3.1.9 (/opt/ros/humble/share/rosidl_adapter/cmake)
[1.121s] -- Found rosidl_generator_cpp: 3.1.9 (/opt/ros/humble/share/rosidl_generator_cpp/cmake)
[1.143s] -- Using all available rosidl_typesupport_c: rosidl_typesupport_fastrtps_c;rosidl_typesupport_introspection_c
[1.173s] -- Using all available rosidl_typesupport_cpp: rosidl_typesupport_fastrtps_cpp;rosidl_typesupport_introspection_cpp
[1.247s] -- Found message_filters: 4.3.18 (/opt/ros/humble/share/message_filters/cmake)
[1.321s] -- Found rmw_implementation_cmake: 6.1.2 (/opt/ros/humble/share/rmw_implementation_cmake/cmake)
[1.325s] -- Found rmw_fastrtps_cpp: 6.2.10 (/opt/ros/humble/share/rmw_fastrtps_cpp/cmake)
[1.464s] -- Found OpenSSL: /usr/lib/x86_64-linux-gnu/libcrypto.so (found version "3.0.2")  
[1.509s] -- Found FastRTPS: /opt/ros/humble/include  
[1.583s] -- Using RMW implementation 'rmw_fastrtps_cpp' as default
[1.598s] -- Looking for pthread.h
[1.727s] -- Looking for pthread.h - found
[1.727s] -- Performing Test CMAKE_HAVE_LIBC_PTHREAD
[1.852s] -- Performing Test CMAKE_HAVE_LIBC_PTHREAD - Success
[1.856s] -- Found Threads: TRUE  
[1.932s] -- Found nav_msgs: 4.9.1 (/opt/ros/humble/share/nav_msgs/cmake)
[1.959s] -- Found sensor_msgs: 4.9.1 (/opt/ros/humble/share/sensor_msgs/cmake)
[1.987s] -- Found std_srvs: 4.9.1 (/opt/ros/humble/share/std_srvs/cmake)
[2.006s] -- Found tf2: 0.25.20 (/opt/ros/humble/share/tf2/cmake)
[2.025s] -- Found tf2_ros: 0.25.20 (/opt/ros/humble/share/tf2_ros/cmake)
[2.164s] -- Found turtlebot3_msgs: 2.4.0 (/home/dr/Documents/ros2_workspaces/fortress_tut_ws/install/turtlebot3_msgs/share/turtlebot3_msgs/cmake)
[2.313s] -- Configuring done
[2.358s] -- Generating done
[2.379s] -- Build files have been written to: /home/dr/Documents/ros2_workspaces/fortress_tut_ws/build/turtlebot3_node
[2.409s] Invoked command in '/home/dr/Documents/ros2_workspaces/fortress_tut_ws/build/turtlebot3_node' returned '0': AMENT_PREFIX_PATH=/home/dr/Documents/ros2_workspaces/fortress_tut_ws/install/turtlebot3_msgs:/home/dr/Documents/ros2_workspaces/fortress_tut_ws/install/dynamixel_sdk:${AMENT_PREFIX_PATH} CMAKE_PREFIX_PATH=/home/dr/Documents/ros2_workspaces/fortress_tut_ws/install/turtlebot3_msgs:/home/dr/Documents/ros2_workspaces/fortress_tut_ws/install/dynamixel_sdk:/home/dr/ros2_ws/install/my_robot_controller:/opt/ros/humble LD_LIBRARY_PATH=/home/dr/Documents/ros2_workspaces/fortress_tut_ws/install/turtlebot3_msgs/lib:/home/dr/Documents/ros2_workspaces/fortress_tut_ws/install/dynamixel_sdk/lib:${LD_LIBRARY_PATH} PYTHONPATH=/home/dr/Documents/ros2_workspaces/fortress_tut_ws/install/turtlebot3_msgs/local/lib/python3.10/dist-packages:/home/dr/Documents/ros2_workspaces/fortress_tut_ws/install/dynamixel_sdk/local/lib/python3.10/dist-packages:${PYTHONPATH} /usr/bin/cmake /home/dr/Documents/ros2_workspaces/fortress_tut_ws/src/turtlebot3/turtlebot3_node -DAMENT_CMAKE_SYMLINK_INSTALL=1 -DCMAKE_INSTALL_PREFIX=/home/dr/Documents/ros2_workspaces/fortress_tut_ws/install/turtlebot3_node
[2.413s] Invoking command in '/home/dr/Documents/ros2_workspaces/fortress_tut_ws/build/turtlebot3_node': AMENT_PREFIX_PATH=/home/dr/Documents/ros2_workspaces/fortress_tut_ws/install/turtlebot3_msgs:/home/dr/Documents/ros2_workspaces/fortress_tut_ws/install/dynamixel_sdk:${AMENT_PREFIX_PATH} CMAKE_PREFIX_PATH=/home/dr/Documents/ros2_workspaces/fortress_tut_ws/install/turtlebot3_msgs:/home/dr/Documents/ros2_workspaces/fortress_tut_ws/install/dynamixel_sdk:/home/dr/ros2_ws/install/my_robot_controller:/opt/ros/humble LD_LIBRARY_PATH=/home/dr/Documents/ros2_workspaces/fortress_tut_ws/install/turtlebot3_msgs/lib:/home/dr/Documents/ros2_workspaces/fortress_tut_ws/install/dynamixel_sdk/lib:${LD_LIBRARY_PATH} PYTHONPATH=/home/dr/Documents/ros2_workspaces/fortress_tut_ws/install/turtlebot3_msgs/local/lib/python3.10/dist-packages:/home/dr/Documents/ros2_workspaces/fortress_tut_ws/install/dynamixel_sdk/local/lib/python3.10/dist-packages:${PYTHONPATH} /usr/bin/cmake --build /home/dr/Documents/ros2_workspaces/fortress_tut_ws/build/turtlebot3_node -- -j8 -l8
[2.501s] [  7%] [32mBuilding CXX object CMakeFiles/turtlebot3_node_lib.dir/src/diff_drive_controller.cpp.o[0m
[2.501s] [ 14%] [32mBuilding CXX object CMakeFiles/turtlebot3_node_lib.dir/src/devices/sound.cpp.o[0m
[2.501s] [ 21%] [32mBuilding CXX object CMakeFiles/turtlebot3_node_lib.dir/src/devices/motor_power.cpp.o[0m
[2.509s] [ 28%] [32mBuilding CXX object CMakeFiles/turtlebot3_node_lib.dir/src/turtlebot3.cpp.o[0m
[2.509s] [ 35%] [32mBuilding CXX object CMakeFiles/turtlebot3_node_lib.dir/src/devices/reset.cpp.o[0m
[2.509s] [ 50%] [32mBuilding CXX object CMakeFiles/turtlebot3_node_lib.dir/src/dynamixel_sdk_wrapper.cpp.o[0m
[2.510s] [ 50%] [32mBuilding CXX object CMakeFiles/turtlebot3_node_lib.dir/src/odometry.cpp.o[0m
[2.514s] [ 57%] [32mBuilding CXX object CMakeFiles/turtlebot3_node_lib.dir/src/sensors/battery_state.cpp.o[0m
[4.060s] [ 64%] [32mBuilding CXX object CMakeFiles/turtlebot3_node_lib.dir/src/sensors/imu.cpp.o[0m
[13.721s] [ 71%] [32mBuilding CXX object CMakeFiles/turtlebot3_node_lib.dir/src/sensors/joint_state.cpp.o[0m
[14.307s] [ 78%] [32mBuilding CXX object CMakeFiles/turtlebot3_node_lib.dir/src/sensors/sensor_state.cpp.o[0m
[31.442s] [ 85%] [32m[1mLinking CXX static library libturtlebot3_node_lib.a[0m
[32.795s] [ 85%] Built target turtlebot3_node_lib
[32.829s] [ 92%] [32mBuilding CXX object CMakeFiles/turtlebot3_ros.dir/src/node_main.cpp.o[0m
[38.110s] [100%] [32m[1mLinking CXX executable turtlebot3_ros[0m
[41.440s] [100%] Built target turtlebot3_ros
[41.459s] Invoked command in '/home/dr/Documents/ros2_workspaces/fortress_tut_ws/build/turtlebot3_node' returned '0': AMENT_PREFIX_PATH=/home/dr/Documents/ros2_workspaces/fortress_tut_ws/install/turtlebot3_msgs:/home/dr/Documents/ros2_workspaces/fortress_tut_ws/install/dynamixel_sdk:${AMENT_PREFIX_PATH} CMAKE_PREFIX_PATH=/home/dr/Documents/ros2_workspaces/fortress_tut_ws/install/turtlebot3_msgs:/home/dr/Documents/ros2_workspaces/fortress_tut_ws/install/dynamixel_sdk:/home/dr/ros2_ws/install/my_robot_controller:/opt/ros/humble LD_LIBRARY_PATH=/home/dr/Documents/ros2_workspaces/fortress_tut_ws/install/turtlebot3_msgs/lib:/home/dr/Documents/ros2_workspaces/fortress_tut_ws/install/dynamixel_sdk/lib:${LD_LIBRARY_PATH} PYTHONPATH=/home/dr/Documents/ros2_workspaces/fortress_tut_ws/install/turtlebot3_msgs/local/lib/python3.10/dist-packages:/home/dr/Documents/ros2_workspaces/fortress_tut_ws/install/dynamixel_sdk/local/lib/python3.10/dist-packages:${PYTHONPATH} /usr/bin/cmake --build /home/dr/Documents/ros2_workspaces/fortress_tut_ws/build/turtlebot3_node -- -j8 -l8
[41.461s] Invoking command in '/home/dr/Documents/ros2_workspaces/fortress_tut_ws/build/turtlebot3_node': AMENT_PREFIX_PATH=/home/dr/Documents/ros2_workspaces/fortress_tut_ws/install/turtlebot3_msgs:/home/dr/Documents/ros2_workspaces/fortress_tut_ws/install/dynamixel_sdk:${AMENT_PREFIX_PATH} CMAKE_PREFIX_PATH=/home/dr/Documents/ros2_workspaces/fortress_tut_ws/install/turtlebot3_msgs:/home/dr/Documents/ros2_workspaces/fortress_tut_ws/install/dynamixel_sdk:/home/dr/ros2_ws/install/my_robot_controller:/opt/ros/humble LD_LIBRARY_PATH=/home/dr/Documents/ros2_workspaces/fortress_tut_ws/install/turtlebot3_msgs/lib:/home/dr/Documents/ros2_workspaces/fortress_tut_ws/install/dynamixel_sdk/lib:${LD_LIBRARY_PATH} PYTHONPATH=/home/dr/Documents/ros2_workspaces/fortress_tut_ws/install/turtlebot3_msgs/local/lib/python3.10/dist-packages:/home/dr/Documents/ros2_workspaces/fortress_tut_ws/install/dynamixel_sdk/local/lib/python3.10/dist-packages:${PYTHONPATH} /usr/bin/cmake --install /home/dr/Documents/ros2_workspaces/fortress_tut_ws/build/turtlebot3_node
[41.473s] -- Install configuration: ""
[41.474s] -- Execute custom install script
[41.475s] -- Symlinking: /home/dr/Documents/ros2_workspaces/fortress_tut_ws/install/turtlebot3_node/share/turtlebot3_node/param/burger.yaml
[41.489s] -- Symlinking: /home/dr/Documents/ros2_workspaces/fortress_tut_ws/install/turtlebot3_node/share/turtlebot3_node/param/waffle.yaml
[41.503s] -- Symlinking: /home/dr/Documents/ros2_workspaces/fortress_tut_ws/install/turtlebot3_node/share/turtlebot3_node/param/waffle_pi.yaml
[41.516s] -- Symlinking: /home/dr/Documents/ros2_workspaces/fortress_tut_ws/install/turtlebot3_node/lib/turtlebot3_node/turtlebot3_ros
[41.530s] -- Symlinking: /home/dr/Documents/ros2_workspaces/fortress_tut_ws/install/turtlebot3_node/share/ament_index/resource_index/package_run_dependencies/turtlebot3_node
[41.544s] -- Symlinking: /home/dr/Documents/ros2_workspaces/fortress_tut_ws/install/turtlebot3_node/share/ament_index/resource_index/parent_prefix_path/turtlebot3_node
[41.557s] -- Symlinking: /home/dr/Documents/ros2_workspaces/fortress_tut_ws/install/turtlebot3_node/share/turtlebot3_node/environment/ament_prefix_path.sh
[41.571s] -- Symlinking: /home/dr/Documents/ros2_workspaces/fortress_tut_ws/install/turtlebot3_node/share/turtlebot3_node/environment/ament_prefix_path.dsv
[41.584s] -- Symlinking: /home/dr/Documents/ros2_workspaces/fortress_tut_ws/install/turtlebot3_node/share/turtlebot3_node/environment/path.sh
[41.600s] -- Symlinking: /home/dr/Documents/ros2_workspaces/fortress_tut_ws/install/turtlebot3_node/share/turtlebot3_node/environment/path.dsv
[41.614s] -- Symlinking: /home/dr/Documents/ros2_workspaces/fortress_tut_ws/install/turtlebot3_node/share/turtlebot3_node/local_setup.bash
[41.628s] -- Symlinking: /home/dr/Documents/ros2_workspaces/fortress_tut_ws/install/turtlebot3_node/share/turtlebot3_node/local_setup.sh
[41.642s] -- Symlinking: /home/dr/Documents/ros2_workspaces/fortress_tut_ws/install/turtlebot3_node/share/turtlebot3_node/local_setup.zsh
[41.656s] -- Symlinking: /home/dr/Documents/ros2_workspaces/fortress_tut_ws/install/turtlebot3_node/share/turtlebot3_node/local_setup.dsv
[41.668s] -- Symlinking: /home/dr/Documents/ros2_workspaces/fortress_tut_ws/install/turtlebot3_node/share/turtlebot3_node/package.dsv
[41.682s] -- Symlinking: /home/dr/Documents/ros2_workspaces/fortress_tut_ws/install/turtlebot3_node/share/ament_index/resource_index/packages/turtlebot3_node
[41.700s] -- Symlinking: /home/dr/Documents/ros2_workspaces/fortress_tut_ws/install/turtlebot3_node/share/turtlebot3_node/cmake/ament_cmake_export_dependencies-extras.cmake
[41.715s] -- Symlinking: /home/dr/Documents/ros2_workspaces/fortress_tut_ws/install/turtlebot3_node/share/turtlebot3_node/cmake/ament_cmake_export_include_directories-extras.cmake
[41.728s] -- Symlinking: /home/dr/Documents/ros2_workspaces/fortress_tut_ws/install/turtlebot3_node/share/turtlebot3_node/cmake/turtlebot3_nodeConfig.cmake
[41.741s] -- Symlinking: /home/dr/Documents/ros2_workspaces/fortress_tut_ws/install/turtlebot3_node/share/turtlebot3_node/cmake/turtlebot3_nodeConfig-version.cmake
[41.755s] -- Symlinking: /home/dr/Documents/ros2_workspaces/fortress_tut_ws/install/turtlebot3_node/share/turtlebot3_node/package.xml
[41.772s] Invoked command in '/home/dr/Documents/ros2_workspaces/fortress_tut_ws/build/turtlebot3_node' returned '0': AMENT_PREFIX_PATH=/home/dr/Documents/ros2_workspaces/fortress_tut_ws/install/turtlebot3_msgs:/home/dr/Documents/ros2_workspaces/fortress_tut_ws/install/dynamixel_sdk:${AMENT_PREFIX_PATH} CMAKE_PREFIX_PATH=/home/dr/Documents/ros2_workspaces/fortress_tut_ws/install/turtlebot3_msgs:/home/dr/Documents/ros2_workspaces/fortress_tut_ws/install/dynamixel_sdk:/home/dr/ros2_ws/install/my_robot_controller:/opt/ros/humble LD_LIBRARY_PATH=/home/dr/Documents/ros2_workspaces/fortress_tut_ws/install/turtlebot3_msgs/lib:/home/dr/Documents/ros2_workspaces/fortress_tut_ws/install/dynamixel_sdk/lib:${LD_LIBRARY_PATH} PYTHONPATH=/home/dr/Documents/ros2_workspaces/fortress_tut_ws/install/turtlebot3_msgs/local/lib/python3.10/dist-packages:/home/dr/Documents/ros2_workspaces/fortress_tut_ws/install/dynamixel_sdk/local/lib/python3.10/dist-packages:${PYTHONPATH} /usr/bin/cmake --install /home/dr/Documents/ros2_workspaces/fortress_tut_ws/build/turtlebot3_node
