[0.163s] Invoking command in '/home/dr/Documents/ros2_workspaces/fortress_tut_ws/build/turtlebot3_navigation2': CMAKE_PREFIX_PATH=/home/dr/ros2_ws/install/my_robot_controller:/opt/ros/humble /usr/bin/cmake --build /home/dr/Documents/ros2_workspaces/fortress_tut_ws/build/turtlebot3_navigation2 -- -j8 -l8
[1.097s] Invoked command in '/home/dr/Documents/ros2_workspaces/fortress_tut_ws/build/turtlebot3_navigation2' returned '0': CMAKE_PREFIX_PATH=/home/dr/ros2_ws/install/my_robot_controller:/opt/ros/humble /usr/bin/cmake --build /home/dr/Documents/ros2_workspaces/fortress_tut_ws/build/turtlebot3_navigation2 -- -j8 -l8
[1.101s] Invoking command in '/home/dr/Documents/ros2_workspaces/fortress_tut_ws/build/turtlebot3_navigation2': CMAKE_PREFIX_PATH=/home/dr/ros2_ws/install/my_robot_controller:/opt/ros/humble /usr/bin/cmake --install /home/dr/Documents/ros2_workspaces/fortress_tut_ws/build/turtlebot3_navigation2
[1.115s] -- Install configuration: ""
[1.115s] -- Up-to-date: /home/dr/Documents/ros2_workspaces/fortress_tut_ws/install/turtlebot3_navigation2/share/turtlebot3_navigation2/launch
[1.118s] -- Up-to-date: /home/dr/Documents/ros2_workspaces/fortress_tut_ws/install/turtlebot3_navigation2/share/turtlebot3_navigation2/launch/navigation2.launch.py
[1.118s] -- Up-to-date: /home/dr/Documents/ros2_workspaces/fortress_tut_ws/install/turtlebot3_navigation2/share/turtlebot3_navigation2/map
[1.118s] -- Up-to-date: /home/dr/Documents/ros2_workspaces/fortress_tut_ws/install/turtlebot3_navigation2/share/turtlebot3_navigation2/map/map.yaml
[1.118s] -- Up-to-date: /home/dr/Documents/ros2_workspaces/fortress_tut_ws/install/turtlebot3_navigation2/share/turtlebot3_navigation2/map/map.pgm
[1.119s] -- Up-to-date: /home/dr/Documents/ros2_workspaces/fortress_tut_ws/install/turtlebot3_navigation2/share/turtlebot3_navigation2/param
[1.119s] -- Up-to-date: /home/dr/Documents/ros2_workspaces/fortress_tut_ws/install/turtlebot3_navigation2/share/turtlebot3_navigation2/param/waffle.yaml
[1.119s] -- Up-to-date: /home/dr/Documents/ros2_workspaces/fortress_tut_ws/install/turtlebot3_navigation2/share/turtlebot3_navigation2/param/humble
[1.119s] -- Up-to-date: /home/dr/Documents/ros2_workspaces/fortress_tut_ws/install/turtlebot3_navigation2/share/turtlebot3_navigation2/param/humble/waffle.yaml
[1.119s] -- Up-to-date: /home/dr/Documents/ros2_workspaces/fortress_tut_ws/install/turtlebot3_navigation2/share/turtlebot3_navigation2/param/humble/burger.yaml
[1.119s] -- Up-to-date: /home/dr/Documents/ros2_workspaces/fortress_tut_ws/install/turtlebot3_navigation2/share/turtlebot3_navigation2/param/humble/burger_cam.yaml
[1.120s] -- Up-to-date: /home/dr/Documents/ros2_workspaces/fortress_tut_ws/install/turtlebot3_navigation2/share/turtlebot3_navigation2/param/humble/waffle_pi.yaml
[1.120s] -- Up-to-date: /home/dr/Documents/ros2_workspaces/fortress_tut_ws/install/turtlebot3_navigation2/share/turtlebot3_navigation2/param/burger.yaml
[1.120s] -- Up-to-date: /home/dr/Documents/ros2_workspaces/fortress_tut_ws/install/turtlebot3_navigation2/share/turtlebot3_navigation2/param/burger_cam.yaml
[1.120s] -- Up-to-date: /home/dr/Documents/ros2_workspaces/fortress_tut_ws/install/turtlebot3_navigation2/share/turtlebot3_navigation2/param/waffle_pi.yaml
[1.120s] -- Up-to-date: /home/dr/Documents/ros2_workspaces/fortress_tut_ws/install/turtlebot3_navigation2/share/turtlebot3_navigation2/rviz
[1.120s] -- Up-to-date: /home/dr/Documents/ros2_workspaces/fortress_tut_ws/install/turtlebot3_navigation2/share/turtlebot3_navigation2/rviz/tb3_navigation2.rviz
[1.121s] -- Up-to-date: /home/dr/Documents/ros2_workspaces/fortress_tut_ws/install/turtlebot3_navigation2/share/ament_index/resource_index/package_run_dependencies/turtlebot3_navigation2
[1.123s] -- Up-to-date: /home/dr/Documents/ros2_workspaces/fortress_tut_ws/install/turtlebot3_navigation2/share/ament_index/resource_index/parent_prefix_path/turtlebot3_navigation2
[1.124s] -- Up-to-date: /home/dr/Documents/ros2_workspaces/fortress_tut_ws/install/turtlebot3_navigation2/share/turtlebot3_navigation2/environment/ament_prefix_path.sh
[1.124s] -- Up-to-date: /home/dr/Documents/ros2_workspaces/fortress_tut_ws/install/turtlebot3_navigation2/share/turtlebot3_navigation2/environment/ament_prefix_path.dsv
[1.124s] -- Up-to-date: /home/dr/Documents/ros2_workspaces/fortress_tut_ws/install/turtlebot3_navigation2/share/turtlebot3_navigation2/environment/path.sh
[1.124s] -- Up-to-date: /home/dr/Documents/ros2_workspaces/fortress_tut_ws/install/turtlebot3_navigation2/share/turtlebot3_navigation2/environment/path.dsv
[1.124s] -- Up-to-date: /home/dr/Documents/ros2_workspaces/fortress_tut_ws/install/turtlebot3_navigation2/share/turtlebot3_navigation2/local_setup.bash
[1.125s] -- Up-to-date: /home/dr/Documents/ros2_workspaces/fortress_tut_ws/install/turtlebot3_navigation2/share/turtlebot3_navigation2/local_setup.sh
[1.125s] -- Up-to-date: /home/dr/Documents/ros2_workspaces/fortress_tut_ws/install/turtlebot3_navigation2/share/turtlebot3_navigation2/local_setup.zsh
[1.125s] -- Up-to-date: /home/dr/Documents/ros2_workspaces/fortress_tut_ws/install/turtlebot3_navigation2/share/turtlebot3_navigation2/local_setup.dsv
[1.125s] -- Up-to-date: /home/dr/Documents/ros2_workspaces/fortress_tut_ws/install/turtlebot3_navigation2/share/turtlebot3_navigation2/package.dsv
[1.125s] -- Up-to-date: /home/dr/Documents/ros2_workspaces/fortress_tut_ws/install/turtlebot3_navigation2/share/ament_index/resource_index/packages/turtlebot3_navigation2
[1.126s] -- Up-to-date: /home/dr/Documents/ros2_workspaces/fortress_tut_ws/install/turtlebot3_navigation2/share/turtlebot3_navigation2/cmake/turtlebot3_navigation2Config.cmake
[1.126s] -- Up-to-date: /home/dr/Documents/ros2_workspaces/fortress_tut_ws/install/turtlebot3_navigation2/share/turtlebot3_navigation2/cmake/turtlebot3_navigation2Config-version.cmake
[1.126s] -- Up-to-date: /home/dr/Documents/ros2_workspaces/fortress_tut_ws/install/turtlebot3_navigation2/share/turtlebot3_navigation2/package.xml
[1.295s] Invoked command in '/home/dr/Documents/ros2_workspaces/fortress_tut_ws/build/turtlebot3_navigation2' returned '0': CMAKE_PREFIX_PATH=/home/dr/ros2_ws/install/my_robot_controller:/opt/ros/humble /usr/bin/cmake --install /home/dr/Documents/ros2_workspaces/fortress_tut_ws/build/turtlebot3_navigation2
