[1.526s] Invoking command in '/home/dr/Documents/ros2_workspaces/fortress_tut_ws/build/turtlebot3_node': AMENT_PREFIX_PATH=/home/dr/Documents/ros2_workspaces/fortress_tut_ws/install/turtlebot3_msgs:/home/dr/Documents/ros2_workspaces/fortress_tut_ws/install/dynamixel_sdk:${AMENT_PREFIX_PATH} CMAKE_PREFIX_PATH=/home/dr/Documents/ros2_workspaces/fortress_tut_ws/install/turtlebot3_msgs:/home/dr/Documents/ros2_workspaces/fortress_tut_ws/install/dynamixel_sdk:/home/dr/ros2_ws/install/my_robot_controller:/opt/ros/humble LD_LIBRARY_PATH=/home/dr/Documents/ros2_workspaces/fortress_tut_ws/install/turtlebot3_msgs/lib:/home/dr/Documents/ros2_workspaces/fortress_tut_ws/install/dynamixel_sdk/lib:${LD_LIBRARY_PATH} PYTHONPATH=/home/dr/Documents/ros2_workspaces/fortress_tut_ws/install/turtlebot3_msgs/local/lib/python3.10/dist-packages:/home/dr/Documents/ros2_workspaces/fortress_tut_ws/install/dynamixel_sdk/local/lib/python3.10/dist-packages:${PYTHONPATH} /usr/bin/cmake /home/dr/Documents/ros2_workspaces/fortress_tut_ws/src/turtlebot3/turtlebot3_node -DCMAKE_INSTALL_PREFIX=/home/dr/Documents/ros2_workspaces/fortress_tut_ws/install/turtlebot3_node
[1.767s] -- The C compiler identification is GNU 11.4.0
[2.052s] -- The CXX compiler identification is GNU 11.4.0
[2.086s] -- Detecting C compiler ABI info
[2.341s] -- Detecting C compiler ABI info - done
[2.389s] -- Check for working C compiler: /usr/bin/cc - skipped
[2.389s] -- Detecting C compile features
[2.392s] -- Detecting C compile features - done
[2.399s] -- Detecting CXX compiler ABI info
[2.705s] -- Detecting CXX compiler ABI info - done
[2.761s] -- Check for working CXX compiler: /usr/bin/c++ - skipped
[2.761s] -- Detecting CXX compile features
[2.768s] -- Detecting CXX compile features - done
[2.781s] -- Found ament_cmake: 1.3.14 (/opt/ros/humble/share/ament_cmake/cmake)
[3.460s] -- Found Python3: /usr/bin/python3 (found version "3.10.12") found components: Interpreter 
[3.704s] -- Found dynamixel_sdk: 4.0.5 (/home/dr/Documents/ros2_workspaces/fortress_tut_ws/install/dynamixel_sdk/share/dynamixel_sdk/cmake)
[3.728s] -- Found geometry_msgs: 4.9.1 (/opt/ros/humble/share/geometry_msgs/cmake)
[3.851s] -- Found rosidl_generator_c: 3.1.9 (/opt/ros/humble/share/rosidl_generator_c/cmake)
[3.863s] -- Found rosidl_adapter: 3.1.9 (/opt/ros/humble/share/rosidl_adapter/cmake)
[3.887s] -- Found rosidl_generator_cpp: 3.1.9 (/opt/ros/humble/share/rosidl_generator_cpp/cmake)
[3.919s] -- Using all available rosidl_typesupport_c: rosidl_typesupport_fastrtps_c;rosidl_typesupport_introspection_c
[3.967s] -- Using all available rosidl_typesupport_cpp: rosidl_typesupport_fastrtps_cpp;rosidl_typesupport_introspection_cpp
[4.086s] -- Found message_filters: 4.3.18 (/opt/ros/humble/share/message_filters/cmake)
[4.218s] -- Found rmw_implementation_cmake: 6.1.2 (/opt/ros/humble/share/rmw_implementation_cmake/cmake)
[4.228s] -- Found rmw_fastrtps_cpp: 6.2.10 (/opt/ros/humble/share/rmw_fastrtps_cpp/cmake)
[4.511s] -- Found OpenSSL: /usr/lib/x86_64-linux-gnu/libcrypto.so (found version "3.0.2")  
[4.585s] -- Found FastRTPS: /opt/ros/humble/include  
[4.705s] -- Using RMW implementation 'rmw_fastrtps_cpp' as default
[4.731s] -- Looking for pthread.h
[4.936s] -- Looking for pthread.h - found
[4.939s] -- Performing Test CMAKE_HAVE_LIBC_PTHREAD
[5.187s] -- Performing Test CMAKE_HAVE_LIBC_PTHREAD - Success
[5.193s] -- Found Threads: TRUE  
[5.331s] -- Found nav_msgs: 4.9.1 (/opt/ros/humble/share/nav_msgs/cmake)
[5.394s] -- Found sensor_msgs: 4.9.1 (/opt/ros/humble/share/sensor_msgs/cmake)
[5.443s] -- Found std_srvs: 4.9.1 (/opt/ros/humble/share/std_srvs/cmake)
[5.481s] -- Found tf2: 0.25.20 (/opt/ros/humble/share/tf2/cmake)
[5.509s] -- Found tf2_ros: 0.25.20 (/opt/ros/humble/share/tf2_ros/cmake)
[5.903s] -- Found turtlebot3_msgs: 2.4.0 (/home/dr/Documents/ros2_workspaces/fortress_tut_ws/install/turtlebot3_msgs/share/turtlebot3_msgs/cmake)
[6.241s] -- Configuring done
[6.313s] -- Generating done
[6.343s] -- Build files have been written to: /home/dr/Documents/ros2_workspaces/fortress_tut_ws/build/turtlebot3_node
[6.395s] Invoked command in '/home/dr/Documents/ros2_workspaces/fortress_tut_ws/build/turtlebot3_node' returned '0': AMENT_PREFIX_PATH=/home/dr/Documents/ros2_workspaces/fortress_tut_ws/install/turtlebot3_msgs:/home/dr/Documents/ros2_workspaces/fortress_tut_ws/install/dynamixel_sdk:${AMENT_PREFIX_PATH} CMAKE_PREFIX_PATH=/home/dr/Documents/ros2_workspaces/fortress_tut_ws/install/turtlebot3_msgs:/home/dr/Documents/ros2_workspaces/fortress_tut_ws/install/dynamixel_sdk:/home/dr/ros2_ws/install/my_robot_controller:/opt/ros/humble LD_LIBRARY_PATH=/home/dr/Documents/ros2_workspaces/fortress_tut_ws/install/turtlebot3_msgs/lib:/home/dr/Documents/ros2_workspaces/fortress_tut_ws/install/dynamixel_sdk/lib:${LD_LIBRARY_PATH} PYTHONPATH=/home/dr/Documents/ros2_workspaces/fortress_tut_ws/install/turtlebot3_msgs/local/lib/python3.10/dist-packages:/home/dr/Documents/ros2_workspaces/fortress_tut_ws/install/dynamixel_sdk/local/lib/python3.10/dist-packages:${PYTHONPATH} /usr/bin/cmake /home/dr/Documents/ros2_workspaces/fortress_tut_ws/src/turtlebot3/turtlebot3_node -DCMAKE_INSTALL_PREFIX=/home/dr/Documents/ros2_workspaces/fortress_tut_ws/install/turtlebot3_node
[6.400s] Invoking command in '/home/dr/Documents/ros2_workspaces/fortress_tut_ws/build/turtlebot3_node': AMENT_PREFIX_PATH=/home/dr/Documents/ros2_workspaces/fortress_tut_ws/install/turtlebot3_msgs:/home/dr/Documents/ros2_workspaces/fortress_tut_ws/install/dynamixel_sdk:${AMENT_PREFIX_PATH} CMAKE_PREFIX_PATH=/home/dr/Documents/ros2_workspaces/fortress_tut_ws/install/turtlebot3_msgs:/home/dr/Documents/ros2_workspaces/fortress_tut_ws/install/dynamixel_sdk:/home/dr/ros2_ws/install/my_robot_controller:/opt/ros/humble LD_LIBRARY_PATH=/home/dr/Documents/ros2_workspaces/fortress_tut_ws/install/turtlebot3_msgs/lib:/home/dr/Documents/ros2_workspaces/fortress_tut_ws/install/dynamixel_sdk/lib:${LD_LIBRARY_PATH} PYTHONPATH=/home/dr/Documents/ros2_workspaces/fortress_tut_ws/install/turtlebot3_msgs/local/lib/python3.10/dist-packages:/home/dr/Documents/ros2_workspaces/fortress_tut_ws/install/dynamixel_sdk/local/lib/python3.10/dist-packages:${PYTHONPATH} /usr/bin/cmake --build /home/dr/Documents/ros2_workspaces/fortress_tut_ws/build/turtlebot3_node -- -j8 -l8
[6.659s] [  7%] [32mBuilding CXX object CMakeFiles/turtlebot3_node_lib.dir/src/devices/motor_power.cpp.o[0m
[6.659s] [ 14%] [32mBuilding CXX object CMakeFiles/turtlebot3_node_lib.dir/src/devices/sound.cpp.o[0m
[6.670s] [ 21%] [32mBuilding CXX object CMakeFiles/turtlebot3_node_lib.dir/src/dynamixel_sdk_wrapper.cpp.o[0m
[6.670s] [ 28%] [32mBuilding CXX object CMakeFiles/turtlebot3_node_lib.dir/src/odometry.cpp.o[0m
[6.670s] [ 35%] [32mBuilding CXX object CMakeFiles/turtlebot3_node_lib.dir/src/devices/reset.cpp.o[0m
[6.677s] [ 42%] [32mBuilding CXX object CMakeFiles/turtlebot3_node_lib.dir/src/diff_drive_controller.cpp.o[0m
[6.687s] [ 57%] [32mBuilding CXX object CMakeFiles/turtlebot3_node_lib.dir/src/turtlebot3.cpp.o[0m
[6.690s] [ 50%] [32mBuilding CXX object CMakeFiles/turtlebot3_node_lib.dir/src/sensors/battery_state.cpp.o[0m
[9.857s] [ 64%] [32mBuilding CXX object CMakeFiles/turtlebot3_node_lib.dir/src/sensors/imu.cpp.o[0m
[26.366s] [ 71%] [32mBuilding CXX object CMakeFiles/turtlebot3_node_lib.dir/src/sensors/joint_state.cpp.o[0m
[26.770s] [ 78%] [32mBuilding CXX object CMakeFiles/turtlebot3_node_lib.dir/src/sensors/sensor_state.cpp.o[0m
[59.373s] [ 85%] [32m[1mLinking CXX static library libturtlebot3_node_lib.a[0m
[61.004s] [ 85%] Built target turtlebot3_node_lib
[61.049s] [ 92%] [32mBuilding CXX object CMakeFiles/turtlebot3_ros.dir/src/node_main.cpp.o[0m
[66.516s] [100%] [32m[1mLinking CXX executable turtlebot3_ros[0m
[69.735s] [100%] Built target turtlebot3_ros
[69.786s] Invoked command in '/home/dr/Documents/ros2_workspaces/fortress_tut_ws/build/turtlebot3_node' returned '0': AMENT_PREFIX_PATH=/home/dr/Documents/ros2_workspaces/fortress_tut_ws/install/turtlebot3_msgs:/home/dr/Documents/ros2_workspaces/fortress_tut_ws/install/dynamixel_sdk:${AMENT_PREFIX_PATH} CMAKE_PREFIX_PATH=/home/dr/Documents/ros2_workspaces/fortress_tut_ws/install/turtlebot3_msgs:/home/dr/Documents/ros2_workspaces/fortress_tut_ws/install/dynamixel_sdk:/home/dr/ros2_ws/install/my_robot_controller:/opt/ros/humble LD_LIBRARY_PATH=/home/dr/Documents/ros2_workspaces/fortress_tut_ws/install/turtlebot3_msgs/lib:/home/dr/Documents/ros2_workspaces/fortress_tut_ws/install/dynamixel_sdk/lib:${LD_LIBRARY_PATH} PYTHONPATH=/home/dr/Documents/ros2_workspaces/fortress_tut_ws/install/turtlebot3_msgs/local/lib/python3.10/dist-packages:/home/dr/Documents/ros2_workspaces/fortress_tut_ws/install/dynamixel_sdk/local/lib/python3.10/dist-packages:${PYTHONPATH} /usr/bin/cmake --build /home/dr/Documents/ros2_workspaces/fortress_tut_ws/build/turtlebot3_node -- -j8 -l8
[69.790s] Invoking command in '/home/dr/Documents/ros2_workspaces/fortress_tut_ws/build/turtlebot3_node': AMENT_PREFIX_PATH=/home/dr/Documents/ros2_workspaces/fortress_tut_ws/install/turtlebot3_msgs:/home/dr/Documents/ros2_workspaces/fortress_tut_ws/install/dynamixel_sdk:${AMENT_PREFIX_PATH} CMAKE_PREFIX_PATH=/home/dr/Documents/ros2_workspaces/fortress_tut_ws/install/turtlebot3_msgs:/home/dr/Documents/ros2_workspaces/fortress_tut_ws/install/dynamixel_sdk:/home/dr/ros2_ws/install/my_robot_controller:/opt/ros/humble LD_LIBRARY_PATH=/home/dr/Documents/ros2_workspaces/fortress_tut_ws/install/turtlebot3_msgs/lib:/home/dr/Documents/ros2_workspaces/fortress_tut_ws/install/dynamixel_sdk/lib:${LD_LIBRARY_PATH} PYTHONPATH=/home/dr/Documents/ros2_workspaces/fortress_tut_ws/install/turtlebot3_msgs/local/lib/python3.10/dist-packages:/home/dr/Documents/ros2_workspaces/fortress_tut_ws/install/dynamixel_sdk/local/lib/python3.10/dist-packages:${PYTHONPATH} /usr/bin/cmake --install /home/dr/Documents/ros2_workspaces/fortress_tut_ws/build/turtlebot3_node
[69.804s] -- Install configuration: ""
[69.804s] -- Installing: /home/dr/Documents/ros2_workspaces/fortress_tut_ws/install/turtlebot3_node/share/turtlebot3_node/param
[69.805s] -- Installing: /home/dr/Documents/ros2_workspaces/fortress_tut_ws/install/turtlebot3_node/share/turtlebot3_node/param/waffle.yaml
[69.805s] -- Installing: /home/dr/Documents/ros2_workspaces/fortress_tut_ws/install/turtlebot3_node/share/turtlebot3_node/param/burger.yaml
[69.805s] -- Installing: /home/dr/Documents/ros2_workspaces/fortress_tut_ws/install/turtlebot3_node/share/turtlebot3_node/param/waffle_pi.yaml
[69.806s] -- Installing: /home/dr/Documents/ros2_workspaces/fortress_tut_ws/install/turtlebot3_node/lib/turtlebot3_node/turtlebot3_ros
[69.826s] -- Set runtime path of "/home/dr/Documents/ros2_workspaces/fortress_tut_ws/install/turtlebot3_node/lib/turtlebot3_node/turtlebot3_ros" to ""
[69.829s] -- Installing: /home/dr/Documents/ros2_workspaces/fortress_tut_ws/install/turtlebot3_node/share/ament_index/resource_index/package_run_dependencies/turtlebot3_node
[69.829s] -- Installing: /home/dr/Documents/ros2_workspaces/fortress_tut_ws/install/turtlebot3_node/share/ament_index/resource_index/parent_prefix_path/turtlebot3_node
[69.830s] -- Installing: /home/dr/Documents/ros2_workspaces/fortress_tut_ws/install/turtlebot3_node/share/turtlebot3_node/environment/ament_prefix_path.sh
[69.830s] -- Installing: /home/dr/Documents/ros2_workspaces/fortress_tut_ws/install/turtlebot3_node/share/turtlebot3_node/environment/ament_prefix_path.dsv
[69.830s] -- Installing: /home/dr/Documents/ros2_workspaces/fortress_tut_ws/install/turtlebot3_node/share/turtlebot3_node/environment/path.sh
[69.831s] -- Installing: /home/dr/Documents/ros2_workspaces/fortress_tut_ws/install/turtlebot3_node/share/turtlebot3_node/environment/path.dsv
[69.831s] -- Installing: /home/dr/Documents/ros2_workspaces/fortress_tut_ws/install/turtlebot3_node/share/turtlebot3_node/local_setup.bash
[69.831s] -- Installing: /home/dr/Documents/ros2_workspaces/fortress_tut_ws/install/turtlebot3_node/share/turtlebot3_node/local_setup.sh
[69.831s] -- Installing: /home/dr/Documents/ros2_workspaces/fortress_tut_ws/install/turtlebot3_node/share/turtlebot3_node/local_setup.zsh
[69.832s] -- Installing: /home/dr/Documents/ros2_workspaces/fortress_tut_ws/install/turtlebot3_node/share/turtlebot3_node/local_setup.dsv
[69.832s] -- Installing: /home/dr/Documents/ros2_workspaces/fortress_tut_ws/install/turtlebot3_node/share/turtlebot3_node/package.dsv
[69.833s] -- Installing: /home/dr/Documents/ros2_workspaces/fortress_tut_ws/install/turtlebot3_node/share/ament_index/resource_index/packages/turtlebot3_node
[69.833s] -- Installing: /home/dr/Documents/ros2_workspaces/fortress_tut_ws/install/turtlebot3_node/share/turtlebot3_node/cmake/ament_cmake_export_dependencies-extras.cmake
[69.833s] -- Installing: /home/dr/Documents/ros2_workspaces/fortress_tut_ws/install/turtlebot3_node/share/turtlebot3_node/cmake/ament_cmake_export_include_directories-extras.cmake
[69.834s] -- Installing: /home/dr/Documents/ros2_workspaces/fortress_tut_ws/install/turtlebot3_node/share/turtlebot3_node/cmake/turtlebot3_nodeConfig.cmake
[69.834s] -- Installing: /home/dr/Documents/ros2_workspaces/fortress_tut_ws/install/turtlebot3_node/share/turtlebot3_node/cmake/turtlebot3_nodeConfig-version.cmake
[69.834s] -- Installing: /home/dr/Documents/ros2_workspaces/fortress_tut_ws/install/turtlebot3_node/share/turtlebot3_node/package.xml
[69.837s] Invoked command in '/home/dr/Documents/ros2_workspaces/fortress_tut_ws/build/turtlebot3_node' returned '0': AMENT_PREFIX_PATH=/home/dr/Documents/ros2_workspaces/fortress_tut_ws/install/turtlebot3_msgs:/home/dr/Documents/ros2_workspaces/fortress_tut_ws/install/dynamixel_sdk:${AMENT_PREFIX_PATH} CMAKE_PREFIX_PATH=/home/dr/Documents/ros2_workspaces/fortress_tut_ws/install/turtlebot3_msgs:/home/dr/Documents/ros2_workspaces/fortress_tut_ws/install/dynamixel_sdk:/home/dr/ros2_ws/install/my_robot_controller:/opt/ros/humble LD_LIBRARY_PATH=/home/dr/Documents/ros2_workspaces/fortress_tut_ws/install/turtlebot3_msgs/lib:/home/dr/Documents/ros2_workspaces/fortress_tut_ws/install/dynamixel_sdk/lib:${LD_LIBRARY_PATH} PYTHONPATH=/home/dr/Documents/ros2_workspaces/fortress_tut_ws/install/turtlebot3_msgs/local/lib/python3.10/dist-packages:/home/dr/Documents/ros2_workspaces/fortress_tut_ws/install/dynamixel_sdk/local/lib/python3.10/dist-packages:${PYTHONPATH} /usr/bin/cmake --install /home/dr/Documents/ros2_workspaces/fortress_tut_ws/build/turtlebot3_node
