[0.053s] Invoking command in '/home/dr/Documents/ros2_workspaces/fortress_tut_ws/build/turtlebot3_msgs': CMAKE_PREFIX_PATH=${CMAKE_PREFIX_PATH}:/home/dr/Documents/ros2_workspaces/fortress_tut_ws/install/turtlebot3_teleop:/home/dr/Documents/ros2_workspaces/fortress_tut_ws/install/turtlebot3_example:/home/dr/Documents/ros2_workspaces/fortress_tut_ws/install/fortress_tut:/home/dr/ros2_ws/install/my_robot_controller:/opt/ros/humble /usr/bin/cmake /home/dr/Documents/ros2_workspaces/fortress_tut_ws/src/turtlebot3_msgs -DCMAKE_INSTALL_PREFIX=/home/dr/Documents/ros2_workspaces/fortress_tut_ws/install/turtlebot3_msgs
[0.214s] -- The C compiler identification is GNU 11.4.0
[0.401s] -- The CXX compiler identification is GNU 11.4.0
[0.420s] -- Detecting C compiler ABI info
[0.594s] -- Detecting C compiler ABI info - done
[0.613s] -- Check for working C compiler: /usr/bin/cc - skipped
[0.636s] -- Detecting C compile features
[0.640s] -- Detecting C compile features - done
[0.650s] -- Detecting CXX compiler ABI info
[0.842s] -- Detecting CXX compiler ABI info - done
[0.867s] -- Check for working CXX compiler: /usr/bin/c++ - skipped
[0.868s] -- Detecting CXX compile features
[0.868s] -- Detecting CXX compile features - done
[0.875s] -- Found action_msgs: 1.2.3 (/opt/ros/humble/share/action_msgs/cmake)
[1.261s] -- Found Python3: /usr/bin/python3 (found version "3.10.12") found components: Interpreter 
[1.600s] -- Found rosidl_generator_c: 3.1.9 (/opt/ros/humble/share/rosidl_generator_c/cmake)
[1.613s] -- Found rosidl_adapter: 3.1.9 (/opt/ros/humble/share/rosidl_adapter/cmake)
[1.634s] -- Found rosidl_generator_cpp: 3.1.9 (/opt/ros/humble/share/rosidl_generator_cpp/cmake)
[1.682s] -- Using all available rosidl_typesupport_c: rosidl_typesupport_fastrtps_c;rosidl_typesupport_introspection_c
[1.714s] -- Using all available rosidl_typesupport_cpp: rosidl_typesupport_fastrtps_cpp;rosidl_typesupport_introspection_cpp
[1.824s] -- Found rosidl_default_generators: 1.2.1 (/opt/ros/humble/share/rosidl_default_generators/cmake)
[1.870s] -- Found std_msgs: 4.9.1 (/opt/ros/humble/share/std_msgs/cmake)
[1.921s] -- Found geometry_msgs: 4.9.1 (/opt/ros/humble/share/geometry_msgs/cmake)
[2.796s] -- Found ament_cmake_cppcheck: 0.12.15 (/opt/ros/humble/share/ament_cmake_cppcheck/cmake)
[2.820s] -- Found ament_cmake_cpplint: 0.12.15 (/opt/ros/humble/share/ament_cmake_cpplint/cmake)
[2.837s] -- Found ament_cmake_uncrustify: 0.12.15 (/opt/ros/humble/share/ament_cmake_uncrustify/cmake)
[2.853s] -- Found ament_cmake_ros: 0.10.0 (/opt/ros/humble/share/ament_cmake_ros/cmake)
[4.662s] -- Using all available rosidl_typesupport_c: rosidl_typesupport_fastrtps_c;rosidl_typesupport_introspection_c
[5.414s] -- Using all available rosidl_typesupport_cpp: rosidl_typesupport_fastrtps_cpp;rosidl_typesupport_introspection_cpp
[5.503s] -- Found PythonInterp: /usr/bin/python3 (found suitable version "3.10.12", minimum required is "3.6") 
[5.512s] -- Found python_cmake_module: 0.10.0 (/opt/ros/humble/share/python_cmake_module/cmake)
[5.587s] -- Found PythonLibs: /usr/lib/x86_64-linux-gnu/libpython3.10.so (found suitable version "3.10.12", minimum required is "3.5") 
[5.588s] -- Using PYTHON_EXECUTABLE: /usr/bin/python3
[5.589s] -- Using PYTHON_INCLUDE_DIRS: /usr/include/python3.10
[5.589s] -- Using PYTHON_LIBRARIES: /usr/lib/x86_64-linux-gnu/libpython3.10.so
[5.669s] -- Found PythonExtra: .so  
[5.887s] -- Found ament_cmake_flake8: 0.12.15 (/opt/ros/humble/share/ament_cmake_flake8/cmake)
[5.894s] -- Found ament_cmake_pep257: 0.12.15 (/opt/ros/humble/share/ament_cmake_pep257/cmake)
[6.155s] -- Configuring done
[6.308s] -- Generating done
[6.358s] -- Build files have been written to: /home/dr/Documents/ros2_workspaces/fortress_tut_ws/build/turtlebot3_msgs
[6.433s] Invoked command in '/home/dr/Documents/ros2_workspaces/fortress_tut_ws/build/turtlebot3_msgs' returned '0': CMAKE_PREFIX_PATH=${CMAKE_PREFIX_PATH}:/home/dr/Documents/ros2_workspaces/fortress_tut_ws/install/turtlebot3_teleop:/home/dr/Documents/ros2_workspaces/fortress_tut_ws/install/turtlebot3_example:/home/dr/Documents/ros2_workspaces/fortress_tut_ws/install/fortress_tut:/home/dr/ros2_ws/install/my_robot_controller:/opt/ros/humble /usr/bin/cmake /home/dr/Documents/ros2_workspaces/fortress_tut_ws/src/turtlebot3_msgs -DCMAKE_INSTALL_PREFIX=/home/dr/Documents/ros2_workspaces/fortress_tut_ws/install/turtlebot3_msgs
[6.438s] Invoking command in '/home/dr/Documents/ros2_workspaces/fortress_tut_ws/build/turtlebot3_msgs': CMAKE_PREFIX_PATH=${CMAKE_PREFIX_PATH}:/home/dr/Documents/ros2_workspaces/fortress_tut_ws/install/turtlebot3_teleop:/home/dr/Documents/ros2_workspaces/fortress_tut_ws/install/turtlebot3_example:/home/dr/Documents/ros2_workspaces/fortress_tut_ws/install/fortress_tut:/home/dr/ros2_ws/install/my_robot_controller:/opt/ros/humble /usr/bin/cmake --build /home/dr/Documents/ros2_workspaces/fortress_tut_ws/build/turtlebot3_msgs -- -j8 -l8
[6.673s] [  1%] [34m[1mGenerating C code for ROS interfaces[0m
[6.735s] [  2%] [34m[1mGenerating Rust code for ROS interfaces[0m
[6.747s] [  3%] [34m[1mGenerating C++ code for ROS interfaces[0m
[6.836s] [  3%] Built target ament_cmake_python_copy_turtlebot3_msgs
[7.592s] running egg_info
[7.598s] creating turtlebot3_msgs.egg-info
[7.598s] writing turtlebot3_msgs.egg-info/PKG-INFO
[7.599s] writing dependency_links to turtlebot3_msgs.egg-info/dependency_links.txt
[7.599s] writing top-level names to turtlebot3_msgs.egg-info/top_level.txt
[7.606s] writing manifest file 'turtlebot3_msgs.egg-info/SOURCES.txt'
[7.613s] reading manifest file 'turtlebot3_msgs.egg-info/SOURCES.txt'
[7.615s] writing manifest file 'turtlebot3_msgs.egg-info/SOURCES.txt'
[7.747s] [  3%] Built target ament_cmake_python_build_turtlebot3_msgs_egg
[10.595s] [  3%] Built target turtlebot3_msgs__rs
[12.807s] [  5%] [32mBuilding C object CMakeFiles/turtlebot3_msgs__rosidl_generator_c.dir/rosidl_generator_c/turtlebot3_msgs/msg/detail/sensor_state__functions.c.o[0m
[12.823s] [  7%] [32mBuilding C object CMakeFiles/turtlebot3_msgs__rosidl_generator_c.dir/rosidl_generator_c/turtlebot3_msgs/srv/detail/dqn__functions.c.o[0m
[12.828s] [  8%] [32mBuilding C object CMakeFiles/turtlebot3_msgs__rosidl_generator_c.dir/rosidl_generator_c/turtlebot3_msgs/srv/detail/sound__functions.c.o[0m
[12.831s] [  7%] [32mBuilding C object CMakeFiles/turtlebot3_msgs__rosidl_generator_c.dir/rosidl_generator_c/turtlebot3_msgs/msg/detail/sound__functions.c.o[0m
[12.831s] [ 10%] [32mBuilding C object CMakeFiles/turtlebot3_msgs__rosidl_generator_c.dir/rosidl_generator_c/turtlebot3_msgs/msg/detail/version_info__functions.c.o[0m
[12.840s] [ 11%] [32mBuilding C object CMakeFiles/turtlebot3_msgs__rosidl_generator_c.dir/rosidl_generator_c/turtlebot3_msgs/action/detail/patrol__functions.c.o[0m
[12.846s] [ 12%] [32mBuilding C object CMakeFiles/turtlebot3_msgs__rosidl_generator_c.dir/rosidl_generator_c/turtlebot3_msgs/srv/detail/goal__functions.c.o[0m
[13.337s] [ 12%] Built target turtlebot3_msgs__cpp
[13.370s] [ 13%] [34m[1mGenerating C++ introspection for ROS interfaces[0m
[13.381s] [ 15%] [34m[1mGenerating C++ type support dispatch for ROS interfaces[0m
[13.385s] [ 16%] [34m[1mGenerating C++ type support for eProsima Fast-RTPS[0m
[13.423s] [ 17%] [32m[1mLinking C shared library libturtlebot3_msgs__rosidl_generator_c.so[0m
[13.580s] [ 17%] Built target turtlebot3_msgs__rosidl_generator_c
[13.637s] [ 18%] [34m[1mGenerating C type support dispatch for ROS interfaces[0m
[13.643s] [ 20%] [34m[1mGenerating C introspection for ROS interfaces[0m
[13.661s] [ 21%] [34m[1mGenerating C type support for eProsima Fast-RTPS[0m
[16.532s] [ 22%] [32mBuilding CXX object CMakeFiles/turtlebot3_msgs__rosidl_typesupport_cpp.dir/rosidl_typesupport_cpp/turtlebot3_msgs/msg/sound__type_support.cpp.o[0m
[16.533s] [ 23%] [32mBuilding CXX object CMakeFiles/turtlebot3_msgs__rosidl_typesupport_cpp.dir/rosidl_typesupport_cpp/turtlebot3_msgs/msg/version_info__type_support.cpp.o[0m
[16.536s] [ 25%] [32mBuilding CXX object CMakeFiles/turtlebot3_msgs__rosidl_typesupport_cpp.dir/rosidl_typesupport_cpp/turtlebot3_msgs/msg/sensor_state__type_support.cpp.o[0m
[17.267s] [ 26%] [32mBuilding CXX object CMakeFiles/turtlebot3_msgs__rosidl_typesupport_cpp.dir/rosidl_typesupport_cpp/turtlebot3_msgs/srv/sound__type_support.cpp.o[0m
[18.001s] [ 27%] [32mBuilding CXX object CMakeFiles/turtlebot3_msgs__rosidl_typesupport_c.dir/rosidl_typesupport_c/turtlebot3_msgs/msg/sensor_state__type_support.cpp.o[0m
[18.024s] [ 28%] [32mBuilding CXX object CMakeFiles/turtlebot3_msgs__rosidl_typesupport_c.dir/rosidl_typesupport_c/turtlebot3_msgs/msg/sound__type_support.cpp.o[0m
[18.067s] [ 30%] [32mBuilding CXX object CMakeFiles/turtlebot3_msgs__rosidl_typesupport_cpp.dir/rosidl_typesupport_cpp/turtlebot3_msgs/srv/dqn__type_support.cpp.o[0m
[18.087s] [ 31%] [32mBuilding CXX object CMakeFiles/turtlebot3_msgs__rosidl_typesupport_fastrtps_c.dir/rosidl_typesupport_fastrtps_c/turtlebot3_msgs/msg/detail/sensor_state__type_support_c.cpp.o[0m
[18.107s] [ 32%] [32mBuilding C object CMakeFiles/turtlebot3_msgs__rosidl_typesupport_introspection_c.dir/rosidl_typesupport_introspection_c/turtlebot3_msgs/msg/detail/sensor_state__type_support.c.o[0m
[18.183s] [ 33%] [32mBuilding CXX object CMakeFiles/turtlebot3_msgs__rosidl_typesupport_c.dir/rosidl_typesupport_c/turtlebot3_msgs/msg/version_info__type_support.cpp.o[0m
[18.196s] [ 35%] [32mBuilding CXX object CMakeFiles/turtlebot3_msgs__rosidl_typesupport_c.dir/rosidl_typesupport_c/turtlebot3_msgs/srv/sound__type_support.cpp.o[0m
[18.336s] [ 36%] [32mBuilding C object CMakeFiles/turtlebot3_msgs__rosidl_typesupport_introspection_c.dir/rosidl_typesupport_introspection_c/turtlebot3_msgs/msg/detail/sound__type_support.c.o[0m
[18.369s] [ 37%] [32mBuilding CXX object CMakeFiles/turtlebot3_msgs__rosidl_typesupport_c.dir/rosidl_typesupport_c/turtlebot3_msgs/srv/dqn__type_support.cpp.o[0m
[18.380s] [ 38%] [32mBuilding CXX object CMakeFiles/turtlebot3_msgs__rosidl_typesupport_cpp.dir/rosidl_typesupport_cpp/turtlebot3_msgs/srv/goal__type_support.cpp.o[0m
[18.452s] [ 40%] [32mBuilding CXX object CMakeFiles/turtlebot3_msgs__rosidl_typesupport_introspection_cpp.dir/rosidl_typesupport_introspection_cpp/turtlebot3_msgs/msg/detail/sensor_state__type_support.cpp.o[0m
[18.520s] [ 41%] [32mBuilding C object CMakeFiles/turtlebot3_msgs__rosidl_typesupport_introspection_c.dir/rosidl_typesupport_introspection_c/turtlebot3_msgs/msg/detail/version_info__type_support.c.o[0m
[18.589s] [ 42%] [32mBuilding CXX object CMakeFiles/turtlebot3_msgs__rosidl_typesupport_c.dir/rosidl_typesupport_c/turtlebot3_msgs/srv/goal__type_support.cpp.o[0m
[18.652s] [ 43%] [32mBuilding CXX object CMakeFiles/turtlebot3_msgs__rosidl_typesupport_c.dir/rosidl_typesupport_c/turtlebot3_msgs/action/patrol__type_support.cpp.o[0m
[18.714s] [ 45%] [32mBuilding C object CMakeFiles/turtlebot3_msgs__rosidl_typesupport_introspection_c.dir/rosidl_typesupport_introspection_c/turtlebot3_msgs/srv/detail/sound__type_support.c.o[0m
[18.731s] [ 46%] [32mBuilding CXX object CMakeFiles/turtlebot3_msgs__rosidl_typesupport_fastrtps_c.dir/rosidl_typesupport_fastrtps_c/turtlebot3_msgs/msg/detail/sound__type_support_c.cpp.o[0m
[18.903s] [ 47%] [32mBuilding C object CMakeFiles/turtlebot3_msgs__rosidl_typesupport_introspection_c.dir/rosidl_typesupport_introspection_c/turtlebot3_msgs/srv/detail/dqn__type_support.c.o[0m
[18.949s] [ 48%] [32m[1mLinking CXX shared library libturtlebot3_msgs__rosidl_typesupport_c.so[0m
[19.123s] [ 48%] Built target turtlebot3_msgs__rosidl_typesupport_c
[19.159s] [ 50%] [32mBuilding CXX object CMakeFiles/turtlebot3_msgs__rosidl_typesupport_fastrtps_c.dir/rosidl_typesupport_fastrtps_c/turtlebot3_msgs/msg/detail/version_info__type_support_c.cpp.o[0m
[19.190s] [ 51%] [32mBuilding C object CMakeFiles/turtlebot3_msgs__rosidl_typesupport_introspection_c.dir/rosidl_typesupport_introspection_c/turtlebot3_msgs/srv/detail/goal__type_support.c.o[0m
[19.397s] [ 52%] [32mBuilding C object CMakeFiles/turtlebot3_msgs__rosidl_typesupport_introspection_c.dir/rosidl_typesupport_introspection_c/turtlebot3_msgs/action/detail/patrol__type_support.c.o[0m
[19.571s] [ 53%] [32m[1mLinking C shared library libturtlebot3_msgs__rosidl_typesupport_introspection_c.so[0m
[19.756s] [ 53%] Built target turtlebot3_msgs__rosidl_typesupport_introspection_c
[19.765s] [ 55%] [32mBuilding CXX object CMakeFiles/turtlebot3_msgs__rosidl_typesupport_fastrtps_c.dir/rosidl_typesupport_fastrtps_c/turtlebot3_msgs/srv/detail/sound__type_support_c.cpp.o[0m
[19.816s] [ 56%] [32mBuilding CXX object CMakeFiles/turtlebot3_msgs__rosidl_typesupport_cpp.dir/rosidl_typesupport_cpp/turtlebot3_msgs/action/patrol__type_support.cpp.o[0m
[19.842s] [ 57%] [32mBuilding CXX object CMakeFiles/turtlebot3_msgs__rosidl_typesupport_fastrtps_cpp.dir/rosidl_typesupport_fastrtps_cpp/turtlebot3_msgs/msg/detail/dds_fastrtps/sensor_state__type_support.cpp.o[0m
[19.993s] [ 58%] [32mBuilding CXX object CMakeFiles/turtlebot3_msgs__rosidl_typesupport_introspection_cpp.dir/rosidl_typesupport_introspection_cpp/turtlebot3_msgs/msg/detail/sound__type_support.cpp.o[0m
[20.130s] [ 60%] [32mBuilding CXX object CMakeFiles/turtlebot3_msgs__rosidl_typesupport_fastrtps_cpp.dir/rosidl_typesupport_fastrtps_cpp/turtlebot3_msgs/msg/detail/dds_fastrtps/sound__type_support.cpp.o[0m
[20.493s] [ 61%] [32mBuilding CXX object CMakeFiles/turtlebot3_msgs__rosidl_typesupport_fastrtps_c.dir/rosidl_typesupport_fastrtps_c/turtlebot3_msgs/srv/detail/dqn__type_support_c.cpp.o[0m
[20.513s] [ 62%] [32mBuilding CXX object CMakeFiles/turtlebot3_msgs__rosidl_typesupport_fastrtps_c.dir/rosidl_typesupport_fastrtps_c/turtlebot3_msgs/srv/detail/goal__type_support_c.cpp.o[0m
[20.843s] [ 63%] [32mBuilding CXX object CMakeFiles/turtlebot3_msgs__rosidl_typesupport_fastrtps_c.dir/rosidl_typesupport_fastrtps_c/turtlebot3_msgs/action/detail/patrol__type_support_c.cpp.o[0m
[21.386s] [ 65%] [32mBuilding CXX object CMakeFiles/turtlebot3_msgs__rosidl_typesupport_fastrtps_cpp.dir/rosidl_typesupport_fastrtps_cpp/turtlebot3_msgs/msg/detail/dds_fastrtps/version_info__type_support.cpp.o[0m
[21.875s] [ 66%] [32mBuilding CXX object CMakeFiles/turtlebot3_msgs__rosidl_typesupport_introspection_cpp.dir/rosidl_typesupport_introspection_cpp/turtlebot3_msgs/msg/detail/version_info__type_support.cpp.o[0m
[22.142s] [ 67%] [32mBuilding CXX object CMakeFiles/turtlebot3_msgs__rosidl_typesupport_introspection_cpp.dir/rosidl_typesupport_introspection_cpp/turtlebot3_msgs/srv/detail/sound__type_support.cpp.o[0m
[22.186s] [ 68%] [32mBuilding CXX object CMakeFiles/turtlebot3_msgs__rosidl_typesupport_fastrtps_cpp.dir/rosidl_typesupport_fastrtps_cpp/turtlebot3_msgs/srv/detail/dds_fastrtps/sound__type_support.cpp.o[0m
[22.486s] [ 70%] [32mBuilding CXX object CMakeFiles/turtlebot3_msgs__rosidl_typesupport_introspection_cpp.dir/rosidl_typesupport_introspection_cpp/turtlebot3_msgs/srv/detail/dqn__type_support.cpp.o[0m
[22.672s] [ 71%] [32m[1mLinking CXX shared library libturtlebot3_msgs__rosidl_typesupport_cpp.so[0m
[22.725s] [ 72%] [32m[1mLinking CXX shared library libturtlebot3_msgs__rosidl_typesupport_fastrtps_c.so[0m
[22.899s] [ 73%] [32mBuilding CXX object CMakeFiles/turtlebot3_msgs__rosidl_typesupport_introspection_cpp.dir/rosidl_typesupport_introspection_cpp/turtlebot3_msgs/srv/detail/goal__type_support.cpp.o[0m
[22.996s] [ 73%] Built target turtlebot3_msgs__rosidl_typesupport_cpp
[23.059s] [ 75%] [32mBuilding CXX object CMakeFiles/turtlebot3_msgs__rosidl_typesupport_fastrtps_cpp.dir/rosidl_typesupport_fastrtps_cpp/turtlebot3_msgs/srv/detail/dds_fastrtps/dqn__type_support.cpp.o[0m
[23.063s] [ 76%] [32mBuilding CXX object CMakeFiles/turtlebot3_msgs__rosidl_typesupport_introspection_cpp.dir/rosidl_typesupport_introspection_cpp/turtlebot3_msgs/action/detail/patrol__type_support.cpp.o[0m
[23.165s] [ 76%] Built target turtlebot3_msgs__rosidl_typesupport_fastrtps_c
[23.220s] [ 77%] [32mBuilding CXX object CMakeFiles/turtlebot3_msgs__rosidl_typesupport_fastrtps_cpp.dir/rosidl_typesupport_fastrtps_cpp/turtlebot3_msgs/srv/detail/dds_fastrtps/goal__type_support.cpp.o[0m
[23.787s] [ 78%] [32mBuilding CXX object CMakeFiles/turtlebot3_msgs__rosidl_typesupport_fastrtps_cpp.dir/rosidl_typesupport_fastrtps_cpp/turtlebot3_msgs/action/detail/dds_fastrtps/patrol__type_support.cpp.o[0m
[25.617s] [ 80%] [32m[1mLinking CXX shared library libturtlebot3_msgs__rosidl_typesupport_introspection_cpp.so[0m
[25.836s] [ 81%] [32m[1mLinking CXX shared library libturtlebot3_msgs__rosidl_typesupport_fastrtps_cpp.so[0m
[25.891s] [ 81%] Built target turtlebot3_msgs__rosidl_typesupport_introspection_cpp
[26.083s] [ 81%] Built target turtlebot3_msgs__rosidl_typesupport_fastrtps_cpp
[26.138s] [ 81%] Built target turtlebot3_msgs
[26.193s] [ 82%] [34m[1mGenerating Python code for ROS interfaces[0m
[32.719s] [ 82%] Built target turtlebot3_msgs__py
[32.864s] [ 83%] [32mBuilding C object CMakeFiles/turtlebot3_msgs__rosidl_generator_py.dir/rosidl_generator_py/turtlebot3_msgs/srv/_sound_s.c.o[0m
[32.865s] [ 85%] [32mBuilding C object CMakeFiles/turtlebot3_msgs__rosidl_generator_py.dir/rosidl_generator_py/turtlebot3_msgs/msg/_sensor_state_s.c.o[0m
[32.866s] [ 86%] [32mBuilding C object CMakeFiles/turtlebot3_msgs__rosidl_generator_py.dir/rosidl_generator_py/turtlebot3_msgs/msg/_sound_s.c.o[0m
[32.866s] [ 87%] [32mBuilding C object CMakeFiles/turtlebot3_msgs__rosidl_generator_py.dir/rosidl_generator_py/turtlebot3_msgs/msg/_version_info_s.c.o[0m
[32.867s] [ 88%] [32mBuilding C object CMakeFiles/turtlebot3_msgs__rosidl_generator_py.dir/rosidl_generator_py/turtlebot3_msgs/srv/_dqn_s.c.o[0m
[32.869s] [ 90%] [32mBuilding C object CMakeFiles/turtlebot3_msgs__rosidl_generator_py.dir/rosidl_generator_py/turtlebot3_msgs/srv/_goal_s.c.o[0m
[32.871s] [ 91%] [32mBuilding C object CMakeFiles/turtlebot3_msgs__rosidl_generator_py.dir/rosidl_generator_py/turtlebot3_msgs/action/_patrol_s.c.o[0m
[33.804s] [ 92%] [32m[1mLinking C shared library rosidl_generator_py/turtlebot3_msgs/libturtlebot3_msgs__rosidl_generator_py.so[0m
[33.985s] [ 92%] Built target turtlebot3_msgs__rosidl_generator_py
[34.061s] [ 93%] [32mBuilding C object CMakeFiles/turtlebot3_msgs__rosidl_typesupport_introspection_c__pyext.dir/rosidl_generator_py/turtlebot3_msgs/_turtlebot3_msgs_s.ep.rosidl_typesupport_introspection_c.c.o[0m
[34.110s] [ 95%] [32mBuilding C object CMakeFiles/turtlebot3_msgs__rosidl_typesupport_fastrtps_c__pyext.dir/rosidl_generator_py/turtlebot3_msgs/_turtlebot3_msgs_s.ep.rosidl_typesupport_fastrtps_c.c.o[0m
[34.116s] [ 96%] [32mBuilding C object CMakeFiles/turtlebot3_msgs__rosidl_typesupport_c__pyext.dir/rosidl_generator_py/turtlebot3_msgs/_turtlebot3_msgs_s.ep.rosidl_typesupport_c.c.o[0m
[34.639s] [ 97%] [32m[1mLinking C shared library rosidl_generator_py/turtlebot3_msgs/turtlebot3_msgs_s__rosidl_typesupport_introspection_c.cpython-310-x86_64-linux-gnu.so[0m
[34.643s] [ 98%] [32m[1mLinking C shared library rosidl_generator_py/turtlebot3_msgs/turtlebot3_msgs_s__rosidl_typesupport_fastrtps_c.cpython-310-x86_64-linux-gnu.so[0m
[34.729s] [100%] [32m[1mLinking C shared library rosidl_generator_py/turtlebot3_msgs/turtlebot3_msgs_s__rosidl_typesupport_c.cpython-310-x86_64-linux-gnu.so[0m
[34.856s] [100%] Built target turtlebot3_msgs__rosidl_typesupport_introspection_c__pyext
[34.893s] [100%] Built target turtlebot3_msgs__rosidl_typesupport_fastrtps_c__pyext
[34.914s] [100%] Built target turtlebot3_msgs__rosidl_typesupport_c__pyext
[35.003s] Invoked command in '/home/dr/Documents/ros2_workspaces/fortress_tut_ws/build/turtlebot3_msgs' returned '0': CMAKE_PREFIX_PATH=${CMAKE_PREFIX_PATH}:/home/dr/Documents/ros2_workspaces/fortress_tut_ws/install/turtlebot3_teleop:/home/dr/Documents/ros2_workspaces/fortress_tut_ws/install/turtlebot3_example:/home/dr/Documents/ros2_workspaces/fortress_tut_ws/install/fortress_tut:/home/dr/ros2_ws/install/my_robot_controller:/opt/ros/humble /usr/bin/cmake --build /home/dr/Documents/ros2_workspaces/fortress_tut_ws/build/turtlebot3_msgs -- -j8 -l8
[35.016s] Invoking command in '/home/dr/Documents/ros2_workspaces/fortress_tut_ws/build/turtlebot3_msgs': CMAKE_PREFIX_PATH=${CMAKE_PREFIX_PATH}:/home/dr/Documents/ros2_workspaces/fortress_tut_ws/install/turtlebot3_teleop:/home/dr/Documents/ros2_workspaces/fortress_tut_ws/install/turtlebot3_example:/home/dr/Documents/ros2_workspaces/fortress_tut_ws/install/fortress_tut:/home/dr/ros2_ws/install/my_robot_controller:/opt/ros/humble /usr/bin/cmake --install /home/dr/Documents/ros2_workspaces/fortress_tut_ws/build/turtlebot3_msgs
[35.035s] -- Install configuration: ""
[35.036s] -- Installing: /home/dr/Documents/ros2_workspaces/fortress_tut_ws/install/turtlebot3_msgs/share/ament_index/resource_index/rosidl_interfaces/turtlebot3_msgs
[35.036s] -- Installing: /home/dr/Documents/ros2_workspaces/fortress_tut_ws/install/turtlebot3_msgs/include/turtlebot3_msgs/turtlebot3_msgs
[35.036s] -- Installing: /home/dr/Documents/ros2_workspaces/fortress_tut_ws/install/turtlebot3_msgs/include/turtlebot3_msgs/turtlebot3_msgs/srv
[35.036s] -- Installing: /home/dr/Documents/ros2_workspaces/fortress_tut_ws/install/turtlebot3_msgs/include/turtlebot3_msgs/turtlebot3_msgs/srv/detail
[35.037s] -- Installing: /home/dr/Documents/ros2_workspaces/fortress_tut_ws/install/turtlebot3_msgs/include/turtlebot3_msgs/turtlebot3_msgs/srv/detail/sound__functions.c
[35.037s] -- Installing: /home/dr/Documents/ros2_workspaces/fortress_tut_ws/install/turtlebot3_msgs/include/turtlebot3_msgs/turtlebot3_msgs/srv/detail/dqn__functions.h
[35.039s] -- Installing: /home/dr/Documents/ros2_workspaces/fortress_tut_ws/install/turtlebot3_msgs/include/turtlebot3_msgs/turtlebot3_msgs/srv/detail/sound__type_support.h
[35.039s] -- Installing: /home/dr/Documents/ros2_workspaces/fortress_tut_ws/install/turtlebot3_msgs/include/turtlebot3_msgs/turtlebot3_msgs/srv/detail/sound__struct.h
[35.039s] -- Installing: /home/dr/Documents/ros2_workspaces/fortress_tut_ws/install/turtlebot3_msgs/include/turtlebot3_msgs/turtlebot3_msgs/srv/detail/goal__functions.c
[35.041s] -- Installing: /home/dr/Documents/ros2_workspaces/fortress_tut_ws/install/turtlebot3_msgs/include/turtlebot3_msgs/turtlebot3_msgs/srv/detail/dqn__functions.c
[35.043s] -- Installing: /home/dr/Documents/ros2_workspaces/fortress_tut_ws/install/turtlebot3_msgs/include/turtlebot3_msgs/turtlebot3_msgs/srv/detail/dqn__type_support.h
[35.044s] -- Installing: /home/dr/Documents/ros2_workspaces/fortress_tut_ws/install/turtlebot3_msgs/include/turtlebot3_msgs/turtlebot3_msgs/srv/detail/sound__functions.h
[35.044s] -- Installing: /home/dr/Documents/ros2_workspaces/fortress_tut_ws/install/turtlebot3_msgs/include/turtlebot3_msgs/turtlebot3_msgs/srv/detail/dqn__struct.h
[35.045s] -- Installing: /home/dr/Documents/ros2_workspaces/fortress_tut_ws/install/turtlebot3_msgs/include/turtlebot3_msgs/turtlebot3_msgs/srv/detail/goal__type_support.h
[35.048s] -- Installing: /home/dr/Documents/ros2_workspaces/fortress_tut_ws/install/turtlebot3_msgs/include/turtlebot3_msgs/turtlebot3_msgs/srv/detail/goal__struct.h
[35.048s] -- Installing: /home/dr/Documents/ros2_workspaces/fortress_tut_ws/install/turtlebot3_msgs/include/turtlebot3_msgs/turtlebot3_msgs/srv/detail/goal__functions.h
[35.049s] -- Installing: /home/dr/Documents/ros2_workspaces/fortress_tut_ws/install/turtlebot3_msgs/include/turtlebot3_msgs/turtlebot3_msgs/srv/dqn.h
[35.052s] -- Installing: /home/dr/Documents/ros2_workspaces/fortress_tut_ws/install/turtlebot3_msgs/include/turtlebot3_msgs/turtlebot3_msgs/srv/goal.h
[35.065s] -- Installing: /home/dr/Documents/ros2_workspaces/fortress_tut_ws/install/turtlebot3_msgs/include/turtlebot3_msgs/turtlebot3_msgs/srv/sound.h
[35.084s] -- Installing: /home/dr/Documents/ros2_workspaces/fortress_tut_ws/install/turtlebot3_msgs/include/turtlebot3_msgs/turtlebot3_msgs/msg
[35.084s] -- Installing: /home/dr/Documents/ros2_workspaces/fortress_tut_ws/install/turtlebot3_msgs/include/turtlebot3_msgs/turtlebot3_msgs/msg/rosidl_generator_c__visibility_control.h
[35.085s] -- Installing: /home/dr/Documents/ros2_workspaces/fortress_tut_ws/install/turtlebot3_msgs/include/turtlebot3_msgs/turtlebot3_msgs/msg/detail
[35.085s] -- Installing: /home/dr/Documents/ros2_workspaces/fortress_tut_ws/install/turtlebot3_msgs/include/turtlebot3_msgs/turtlebot3_msgs/msg/detail/sensor_state__struct.h
[35.085s] -- Installing: /home/dr/Documents/ros2_workspaces/fortress_tut_ws/install/turtlebot3_msgs/include/turtlebot3_msgs/turtlebot3_msgs/msg/detail/sound__functions.c
[35.098s] -- Installing: /home/dr/Documents/ros2_workspaces/fortress_tut_ws/install/turtlebot3_msgs/include/turtlebot3_msgs/turtlebot3_msgs/msg/detail/sound__type_support.h
[35.099s] -- Installing: /home/dr/Documents/ros2_workspaces/fortress_tut_ws/install/turtlebot3_msgs/include/turtlebot3_msgs/turtlebot3_msgs/msg/detail/sensor_state__functions.c
[35.112s] -- Installing: /home/dr/Documents/ros2_workspaces/fortress_tut_ws/install/turtlebot3_msgs/include/turtlebot3_msgs/turtlebot3_msgs/msg/detail/sound__struct.h
[35.115s] -- Installing: /home/dr/Documents/ros2_workspaces/fortress_tut_ws/install/turtlebot3_msgs/include/turtlebot3_msgs/turtlebot3_msgs/msg/detail/sensor_state__type_support.h
[35.115s] -- Installing: /home/dr/Documents/ros2_workspaces/fortress_tut_ws/install/turtlebot3_msgs/include/turtlebot3_msgs/turtlebot3_msgs/msg/detail/sensor_state__functions.h
[35.115s] -- Installing: /home/dr/Documents/ros2_workspaces/fortress_tut_ws/install/turtlebot3_msgs/include/turtlebot3_msgs/turtlebot3_msgs/msg/detail/version_info__struct.h
[35.116s] -- Installing: /home/dr/Documents/ros2_workspaces/fortress_tut_ws/install/turtlebot3_msgs/include/turtlebot3_msgs/turtlebot3_msgs/msg/detail/version_info__type_support.h
[35.116s] -- Installing: /home/dr/Documents/ros2_workspaces/fortress_tut_ws/install/turtlebot3_msgs/include/turtlebot3_msgs/turtlebot3_msgs/msg/detail/sound__functions.h
[35.116s] -- Installing: /home/dr/Documents/ros2_workspaces/fortress_tut_ws/install/turtlebot3_msgs/include/turtlebot3_msgs/turtlebot3_msgs/msg/detail/version_info__functions.h
[35.116s] -- Installing: /home/dr/Documents/ros2_workspaces/fortress_tut_ws/install/turtlebot3_msgs/include/turtlebot3_msgs/turtlebot3_msgs/msg/detail/version_info__functions.c
[35.129s] -- Installing: /home/dr/Documents/ros2_workspaces/fortress_tut_ws/install/turtlebot3_msgs/include/turtlebot3_msgs/turtlebot3_msgs/msg/version_info.h
[35.148s] -- Installing: /home/dr/Documents/ros2_workspaces/fortress_tut_ws/install/turtlebot3_msgs/include/turtlebot3_msgs/turtlebot3_msgs/msg/sensor_state.h
[35.163s] -- Installing: /home/dr/Documents/ros2_workspaces/fortress_tut_ws/install/turtlebot3_msgs/include/turtlebot3_msgs/turtlebot3_msgs/msg/sound.h
[35.181s] -- Installing: /home/dr/Documents/ros2_workspaces/fortress_tut_ws/install/turtlebot3_msgs/include/turtlebot3_msgs/turtlebot3_msgs/action
[35.181s] -- Installing: /home/dr/Documents/ros2_workspaces/fortress_tut_ws/install/turtlebot3_msgs/include/turtlebot3_msgs/turtlebot3_msgs/action/detail
[35.185s] -- Installing: /home/dr/Documents/ros2_workspaces/fortress_tut_ws/install/turtlebot3_msgs/include/turtlebot3_msgs/turtlebot3_msgs/action/detail/patrol__functions.h
[35.185s] -- Installing: /home/dr/Documents/ros2_workspaces/fortress_tut_ws/install/turtlebot3_msgs/include/turtlebot3_msgs/turtlebot3_msgs/action/detail/patrol__struct.h
[35.185s] -- Installing: /home/dr/Documents/ros2_workspaces/fortress_tut_ws/install/turtlebot3_msgs/include/turtlebot3_msgs/turtlebot3_msgs/action/detail/patrol__functions.c
[35.214s] -- Installing: /home/dr/Documents/ros2_workspaces/fortress_tut_ws/install/turtlebot3_msgs/include/turtlebot3_msgs/turtlebot3_msgs/action/detail/patrol__type_support.h
[35.215s] -- Installing: /home/dr/Documents/ros2_workspaces/fortress_tut_ws/install/turtlebot3_msgs/include/turtlebot3_msgs/turtlebot3_msgs/action/patrol.h
[35.230s] -- Installing: /home/dr/Documents/ros2_workspaces/fortress_tut_ws/install/turtlebot3_msgs/share/turtlebot3_msgs/environment/library_path.sh
[35.332s] -- Installing: /home/dr/Documents/ros2_workspaces/fortress_tut_ws/install/turtlebot3_msgs/share/turtlebot3_msgs/environment/library_path.dsv
[35.333s] -- Installing: /home/dr/Documents/ros2_workspaces/fortress_tut_ws/install/turtlebot3_msgs/lib/libturtlebot3_msgs__rosidl_generator_c.so
[35.334s] -- Set runtime path of "/home/dr/Documents/ros2_workspaces/fortress_tut_ws/install/turtlebot3_msgs/lib/libturtlebot3_msgs__rosidl_generator_c.so" to ""
[35.334s] -- Up-to-date: /home/dr/Documents/ros2_workspaces/fortress_tut_ws/install/turtlebot3_msgs/include/turtlebot3_msgs/turtlebot3_msgs
[35.334s] -- Up-to-date: /home/dr/Documents/ros2_workspaces/fortress_tut_ws/install/turtlebot3_msgs/include/turtlebot3_msgs/turtlebot3_msgs/srv
[35.334s] -- Up-to-date: /home/dr/Documents/ros2_workspaces/fortress_tut_ws/install/turtlebot3_msgs/include/turtlebot3_msgs/turtlebot3_msgs/srv/detail
[35.334s] -- Installing: /home/dr/Documents/ros2_workspaces/fortress_tut_ws/install/turtlebot3_msgs/include/turtlebot3_msgs/turtlebot3_msgs/srv/detail/goal__rosidl_typesupport_fastrtps_c.h
[35.336s] -- Installing: /home/dr/Documents/ros2_workspaces/fortress_tut_ws/install/turtlebot3_msgs/include/turtlebot3_msgs/turtlebot3_msgs/srv/detail/sound__rosidl_typesupport_fastrtps_c.h
[35.340s] -- Installing: /home/dr/Documents/ros2_workspaces/fortress_tut_ws/install/turtlebot3_msgs/include/turtlebot3_msgs/turtlebot3_msgs/srv/detail/dqn__rosidl_typesupport_fastrtps_c.h
[35.348s] -- Up-to-date: /home/dr/Documents/ros2_workspaces/fortress_tut_ws/install/turtlebot3_msgs/include/turtlebot3_msgs/turtlebot3_msgs/msg
[35.348s] -- Installing: /home/dr/Documents/ros2_workspaces/fortress_tut_ws/install/turtlebot3_msgs/include/turtlebot3_msgs/turtlebot3_msgs/msg/rosidl_typesupport_fastrtps_c__visibility_control.h
[35.352s] -- Up-to-date: /home/dr/Documents/ros2_workspaces/fortress_tut_ws/install/turtlebot3_msgs/include/turtlebot3_msgs/turtlebot3_msgs/msg/detail
[35.353s] -- Installing: /home/dr/Documents/ros2_workspaces/fortress_tut_ws/install/turtlebot3_msgs/include/turtlebot3_msgs/turtlebot3_msgs/msg/detail/version_info__rosidl_typesupport_fastrtps_c.h
[35.361s] -- Installing: /home/dr/Documents/ros2_workspaces/fortress_tut_ws/install/turtlebot3_msgs/include/turtlebot3_msgs/turtlebot3_msgs/msg/detail/sensor_state__rosidl_typesupport_fastrtps_c.h
[35.363s] -- Installing: /home/dr/Documents/ros2_workspaces/fortress_tut_ws/install/turtlebot3_msgs/include/turtlebot3_msgs/turtlebot3_msgs/msg/detail/sound__rosidl_typesupport_fastrtps_c.h
[35.366s] -- Up-to-date: /home/dr/Documents/ros2_workspaces/fortress_tut_ws/install/turtlebot3_msgs/include/turtlebot3_msgs/turtlebot3_msgs/action
[35.367s] -- Up-to-date: /home/dr/Documents/ros2_workspaces/fortress_tut_ws/install/turtlebot3_msgs/include/turtlebot3_msgs/turtlebot3_msgs/action/detail
[35.367s] -- Installing: /home/dr/Documents/ros2_workspaces/fortress_tut_ws/install/turtlebot3_msgs/include/turtlebot3_msgs/turtlebot3_msgs/action/detail/patrol__rosidl_typesupport_fastrtps_c.h
[35.384s] -- Installing: /home/dr/Documents/ros2_workspaces/fortress_tut_ws/install/turtlebot3_msgs/lib/libturtlebot3_msgs__rosidl_typesupport_fastrtps_c.so
[35.390s] -- Set runtime path of "/home/dr/Documents/ros2_workspaces/fortress_tut_ws/install/turtlebot3_msgs/lib/libturtlebot3_msgs__rosidl_typesupport_fastrtps_c.so" to ""
[35.390s] -- Up-to-date: /home/dr/Documents/ros2_workspaces/fortress_tut_ws/install/turtlebot3_msgs/include/turtlebot3_msgs/turtlebot3_msgs
[35.390s] -- Up-to-date: /home/dr/Documents/ros2_workspaces/fortress_tut_ws/install/turtlebot3_msgs/include/turtlebot3_msgs/turtlebot3_msgs/srv
[35.390s] -- Installing: /home/dr/Documents/ros2_workspaces/fortress_tut_ws/install/turtlebot3_msgs/include/turtlebot3_msgs/turtlebot3_msgs/srv/sound.hpp
[35.402s] -- Installing: /home/dr/Documents/ros2_workspaces/fortress_tut_ws/install/turtlebot3_msgs/include/turtlebot3_msgs/turtlebot3_msgs/srv/goal.hpp
[35.412s] -- Up-to-date: /home/dr/Documents/ros2_workspaces/fortress_tut_ws/install/turtlebot3_msgs/include/turtlebot3_msgs/turtlebot3_msgs/srv/detail
[35.413s] -- Installing: /home/dr/Documents/ros2_workspaces/fortress_tut_ws/install/turtlebot3_msgs/include/turtlebot3_msgs/turtlebot3_msgs/srv/detail/sound__traits.hpp
[35.433s] -- Installing: /home/dr/Documents/ros2_workspaces/fortress_tut_ws/install/turtlebot3_msgs/include/turtlebot3_msgs/turtlebot3_msgs/srv/detail/dqn__type_support.hpp
[35.445s] -- Installing: /home/dr/Documents/ros2_workspaces/fortress_tut_ws/install/turtlebot3_msgs/include/turtlebot3_msgs/turtlebot3_msgs/srv/detail/goal__builder.hpp
[35.450s] -- Installing: /home/dr/Documents/ros2_workspaces/fortress_tut_ws/install/turtlebot3_msgs/include/turtlebot3_msgs/turtlebot3_msgs/srv/detail/sound__type_support.hpp
[35.464s] -- Installing: /home/dr/Documents/ros2_workspaces/fortress_tut_ws/install/turtlebot3_msgs/include/turtlebot3_msgs/turtlebot3_msgs/srv/detail/dqn__struct.hpp
[35.474s] -- Installing: /home/dr/Documents/ros2_workspaces/fortress_tut_ws/install/turtlebot3_msgs/include/turtlebot3_msgs/turtlebot3_msgs/srv/detail/goal__struct.hpp
[35.481s] -- Installing: /home/dr/Documents/ros2_workspaces/fortress_tut_ws/install/turtlebot3_msgs/include/turtlebot3_msgs/turtlebot3_msgs/srv/detail/sound__struct.hpp
[35.500s] -- Installing: /home/dr/Documents/ros2_workspaces/fortress_tut_ws/install/turtlebot3_msgs/include/turtlebot3_msgs/turtlebot3_msgs/srv/detail/dqn__builder.hpp
[35.512s] -- Installing: /home/dr/Documents/ros2_workspaces/fortress_tut_ws/install/turtlebot3_msgs/include/turtlebot3_msgs/turtlebot3_msgs/srv/detail/sound__builder.hpp
[35.516s] -- Installing: /home/dr/Documents/ros2_workspaces/fortress_tut_ws/install/turtlebot3_msgs/include/turtlebot3_msgs/turtlebot3_msgs/srv/detail/dqn__traits.hpp
[35.527s] -- Installing: /home/dr/Documents/ros2_workspaces/fortress_tut_ws/install/turtlebot3_msgs/include/turtlebot3_msgs/turtlebot3_msgs/srv/detail/goal__type_support.hpp
[35.541s] -- Installing: /home/dr/Documents/ros2_workspaces/fortress_tut_ws/install/turtlebot3_msgs/include/turtlebot3_msgs/turtlebot3_msgs/srv/detail/goal__traits.hpp
[35.542s] -- Installing: /home/dr/Documents/ros2_workspaces/fortress_tut_ws/install/turtlebot3_msgs/include/turtlebot3_msgs/turtlebot3_msgs/srv/dqn.hpp
[35.549s] -- Up-to-date: /home/dr/Documents/ros2_workspaces/fortress_tut_ws/install/turtlebot3_msgs/include/turtlebot3_msgs/turtlebot3_msgs/msg
[35.550s] -- Installing: /home/dr/Documents/ros2_workspaces/fortress_tut_ws/install/turtlebot3_msgs/include/turtlebot3_msgs/turtlebot3_msgs/msg/sound.hpp
[35.565s] -- Installing: /home/dr/Documents/ros2_workspaces/fortress_tut_ws/install/turtlebot3_msgs/include/turtlebot3_msgs/turtlebot3_msgs/msg/sensor_state.hpp
[35.583s] -- Up-to-date: /home/dr/Documents/ros2_workspaces/fortress_tut_ws/install/turtlebot3_msgs/include/turtlebot3_msgs/turtlebot3_msgs/msg/detail
[35.583s] -- Installing: /home/dr/Documents/ros2_workspaces/fortress_tut_ws/install/turtlebot3_msgs/include/turtlebot3_msgs/turtlebot3_msgs/msg/detail/sound__traits.hpp
[35.590s] -- Installing: /home/dr/Documents/ros2_workspaces/fortress_tut_ws/install/turtlebot3_msgs/include/turtlebot3_msgs/turtlebot3_msgs/msg/detail/version_info__builder.hpp
[35.591s] -- Installing: /home/dr/Documents/ros2_workspaces/fortress_tut_ws/install/turtlebot3_msgs/include/turtlebot3_msgs/turtlebot3_msgs/msg/detail/version_info__traits.hpp
[35.593s] -- Installing: /home/dr/Documents/ros2_workspaces/fortress_tut_ws/install/turtlebot3_msgs/include/turtlebot3_msgs/turtlebot3_msgs/msg/detail/sensor_state__type_support.hpp
[35.597s] -- Installing: /home/dr/Documents/ros2_workspaces/fortress_tut_ws/install/turtlebot3_msgs/include/turtlebot3_msgs/turtlebot3_msgs/msg/detail/sound__type_support.hpp
[35.604s] -- Installing: /home/dr/Documents/ros2_workspaces/fortress_tut_ws/install/turtlebot3_msgs/include/turtlebot3_msgs/turtlebot3_msgs/msg/detail/version_info__type_support.hpp
[35.605s] -- Installing: /home/dr/Documents/ros2_workspaces/fortress_tut_ws/install/turtlebot3_msgs/include/turtlebot3_msgs/turtlebot3_msgs/msg/detail/sensor_state__builder.hpp
[35.613s] -- Installing: /home/dr/Documents/ros2_workspaces/fortress_tut_ws/install/turtlebot3_msgs/include/turtlebot3_msgs/turtlebot3_msgs/msg/detail/version_info__struct.hpp
[35.651s] -- Installing: /home/dr/Documents/ros2_workspaces/fortress_tut_ws/install/turtlebot3_msgs/include/turtlebot3_msgs/turtlebot3_msgs/msg/detail/sensor_state__struct.hpp
[35.670s] -- Installing: /home/dr/Documents/ros2_workspaces/fortress_tut_ws/install/turtlebot3_msgs/include/turtlebot3_msgs/turtlebot3_msgs/msg/detail/sensor_state__traits.hpp
[35.685s] -- Installing: /home/dr/Documents/ros2_workspaces/fortress_tut_ws/install/turtlebot3_msgs/include/turtlebot3_msgs/turtlebot3_msgs/msg/detail/sound__struct.hpp
[35.697s] -- Installing: /home/dr/Documents/ros2_workspaces/fortress_tut_ws/install/turtlebot3_msgs/include/turtlebot3_msgs/turtlebot3_msgs/msg/detail/sound__builder.hpp
[35.714s] -- Installing: /home/dr/Documents/ros2_workspaces/fortress_tut_ws/install/turtlebot3_msgs/include/turtlebot3_msgs/turtlebot3_msgs/msg/version_info.hpp
[35.735s] -- Installing: /home/dr/Documents/ros2_workspaces/fortress_tut_ws/install/turtlebot3_msgs/include/turtlebot3_msgs/turtlebot3_msgs/msg/rosidl_generator_cpp__visibility_control.hpp
[35.748s] -- Up-to-date: /home/dr/Documents/ros2_workspaces/fortress_tut_ws/install/turtlebot3_msgs/include/turtlebot3_msgs/turtlebot3_msgs/action
[35.749s] -- Up-to-date: /home/dr/Documents/ros2_workspaces/fortress_tut_ws/install/turtlebot3_msgs/include/turtlebot3_msgs/turtlebot3_msgs/action/detail
[35.749s] -- Installing: /home/dr/Documents/ros2_workspaces/fortress_tut_ws/install/turtlebot3_msgs/include/turtlebot3_msgs/turtlebot3_msgs/action/detail/patrol__builder.hpp
[35.795s] -- Installing: /home/dr/Documents/ros2_workspaces/fortress_tut_ws/install/turtlebot3_msgs/include/turtlebot3_msgs/turtlebot3_msgs/action/detail/patrol__traits.hpp
[35.813s] -- Installing: /home/dr/Documents/ros2_workspaces/fortress_tut_ws/install/turtlebot3_msgs/include/turtlebot3_msgs/turtlebot3_msgs/action/detail/patrol__struct.hpp
[35.834s] -- Installing: /home/dr/Documents/ros2_workspaces/fortress_tut_ws/install/turtlebot3_msgs/include/turtlebot3_msgs/turtlebot3_msgs/action/detail/patrol__type_support.hpp
[35.847s] -- Installing: /home/dr/Documents/ros2_workspaces/fortress_tut_ws/install/turtlebot3_msgs/include/turtlebot3_msgs/turtlebot3_msgs/action/patrol.hpp
[35.851s] -- Up-to-date: /home/dr/Documents/ros2_workspaces/fortress_tut_ws/install/turtlebot3_msgs/include/turtlebot3_msgs/turtlebot3_msgs
[35.889s] -- Up-to-date: /home/dr/Documents/ros2_workspaces/fortress_tut_ws/install/turtlebot3_msgs/include/turtlebot3_msgs/turtlebot3_msgs/srv
[35.889s] -- Up-to-date: /home/dr/Documents/ros2_workspaces/fortress_tut_ws/install/turtlebot3_msgs/include/turtlebot3_msgs/turtlebot3_msgs/srv/detail
[35.890s] -- Installing: /home/dr/Documents/ros2_workspaces/fortress_tut_ws/install/turtlebot3_msgs/include/turtlebot3_msgs/turtlebot3_msgs/srv/detail/dqn__rosidl_typesupport_fastrtps_cpp.hpp
[35.896s] -- Installing: /home/dr/Documents/ros2_workspaces/fortress_tut_ws/install/turtlebot3_msgs/include/turtlebot3_msgs/turtlebot3_msgs/srv/detail/sound__rosidl_typesupport_fastrtps_cpp.hpp
[35.903s] -- Installing: /home/dr/Documents/ros2_workspaces/fortress_tut_ws/install/turtlebot3_msgs/include/turtlebot3_msgs/turtlebot3_msgs/srv/detail/goal__rosidl_typesupport_fastrtps_cpp.hpp
[35.910s] -- Installing: /home/dr/Documents/ros2_workspaces/fortress_tut_ws/install/turtlebot3_msgs/include/turtlebot3_msgs/turtlebot3_msgs/srv/detail/dds_fastrtps
[35.910s] -- Up-to-date: /home/dr/Documents/ros2_workspaces/fortress_tut_ws/install/turtlebot3_msgs/include/turtlebot3_msgs/turtlebot3_msgs/msg
[35.910s] -- Installing: /home/dr/Documents/ros2_workspaces/fortress_tut_ws/install/turtlebot3_msgs/include/turtlebot3_msgs/turtlebot3_msgs/msg/rosidl_typesupport_fastrtps_cpp__visibility_control.h
[35.913s] -- Up-to-date: /home/dr/Documents/ros2_workspaces/fortress_tut_ws/install/turtlebot3_msgs/include/turtlebot3_msgs/turtlebot3_msgs/msg/detail
[35.914s] -- Installing: /home/dr/Documents/ros2_workspaces/fortress_tut_ws/install/turtlebot3_msgs/include/turtlebot3_msgs/turtlebot3_msgs/msg/detail/sound__rosidl_typesupport_fastrtps_cpp.hpp
[35.917s] -- Installing: /home/dr/Documents/ros2_workspaces/fortress_tut_ws/install/turtlebot3_msgs/include/turtlebot3_msgs/turtlebot3_msgs/msg/detail/version_info__rosidl_typesupport_fastrtps_cpp.hpp
[35.923s] -- Installing: /home/dr/Documents/ros2_workspaces/fortress_tut_ws/install/turtlebot3_msgs/include/turtlebot3_msgs/turtlebot3_msgs/msg/detail/sensor_state__rosidl_typesupport_fastrtps_cpp.hpp
[35.929s] -- Installing: /home/dr/Documents/ros2_workspaces/fortress_tut_ws/install/turtlebot3_msgs/include/turtlebot3_msgs/turtlebot3_msgs/msg/detail/dds_fastrtps
[35.930s] -- Up-to-date: /home/dr/Documents/ros2_workspaces/fortress_tut_ws/install/turtlebot3_msgs/include/turtlebot3_msgs/turtlebot3_msgs/action
[35.930s] -- Up-to-date: /home/dr/Documents/ros2_workspaces/fortress_tut_ws/install/turtlebot3_msgs/include/turtlebot3_msgs/turtlebot3_msgs/action/detail
[35.930s] -- Installing: /home/dr/Documents/ros2_workspaces/fortress_tut_ws/install/turtlebot3_msgs/include/turtlebot3_msgs/turtlebot3_msgs/action/detail/patrol__rosidl_typesupport_fastrtps_cpp.hpp
[35.940s] -- Installing: /home/dr/Documents/ros2_workspaces/fortress_tut_ws/install/turtlebot3_msgs/include/turtlebot3_msgs/turtlebot3_msgs/action/detail/dds_fastrtps
[35.941s] -- Installing: /home/dr/Documents/ros2_workspaces/fortress_tut_ws/install/turtlebot3_msgs/lib/libturtlebot3_msgs__rosidl_typesupport_fastrtps_cpp.so
[35.959s] -- Set runtime path of "/home/dr/Documents/ros2_workspaces/fortress_tut_ws/install/turtlebot3_msgs/lib/libturtlebot3_msgs__rosidl_typesupport_fastrtps_cpp.so" to ""
[35.959s] -- Up-to-date: /home/dr/Documents/ros2_workspaces/fortress_tut_ws/install/turtlebot3_msgs/include/turtlebot3_msgs/turtlebot3_msgs
[35.960s] -- Up-to-date: /home/dr/Documents/ros2_workspaces/fortress_tut_ws/install/turtlebot3_msgs/include/turtlebot3_msgs/turtlebot3_msgs/srv
[35.960s] -- Up-to-date: /home/dr/Documents/ros2_workspaces/fortress_tut_ws/install/turtlebot3_msgs/include/turtlebot3_msgs/turtlebot3_msgs/srv/detail
[35.960s] -- Installing: /home/dr/Documents/ros2_workspaces/fortress_tut_ws/install/turtlebot3_msgs/include/turtlebot3_msgs/turtlebot3_msgs/srv/detail/goal__type_support.c
[35.974s] -- Installing: /home/dr/Documents/ros2_workspaces/fortress_tut_ws/install/turtlebot3_msgs/include/turtlebot3_msgs/turtlebot3_msgs/srv/detail/goal__rosidl_typesupport_introspection_c.h
[35.975s] -- Installing: /home/dr/Documents/ros2_workspaces/fortress_tut_ws/install/turtlebot3_msgs/include/turtlebot3_msgs/turtlebot3_msgs/srv/detail/sound__rosidl_typesupport_introspection_c.h
[35.976s] -- Installing: /home/dr/Documents/ros2_workspaces/fortress_tut_ws/install/turtlebot3_msgs/include/turtlebot3_msgs/turtlebot3_msgs/srv/detail/dqn__type_support.c
[35.983s] -- Installing: /home/dr/Documents/ros2_workspaces/fortress_tut_ws/install/turtlebot3_msgs/include/turtlebot3_msgs/turtlebot3_msgs/srv/detail/sound__type_support.c
[35.983s] -- Installing: /home/dr/Documents/ros2_workspaces/fortress_tut_ws/install/turtlebot3_msgs/include/turtlebot3_msgs/turtlebot3_msgs/srv/detail/dqn__rosidl_typesupport_introspection_c.h
[35.985s] -- Up-to-date: /home/dr/Documents/ros2_workspaces/fortress_tut_ws/install/turtlebot3_msgs/include/turtlebot3_msgs/turtlebot3_msgs/msg
[35.985s] -- Installing: /home/dr/Documents/ros2_workspaces/fortress_tut_ws/install/turtlebot3_msgs/include/turtlebot3_msgs/turtlebot3_msgs/msg/rosidl_typesupport_introspection_c__visibility_control.h
[35.990s] -- Up-to-date: /home/dr/Documents/ros2_workspaces/fortress_tut_ws/install/turtlebot3_msgs/include/turtlebot3_msgs/turtlebot3_msgs/msg/detail
[35.990s] -- Installing: /home/dr/Documents/ros2_workspaces/fortress_tut_ws/install/turtlebot3_msgs/include/turtlebot3_msgs/turtlebot3_msgs/msg/detail/version_info__rosidl_typesupport_introspection_c.h
[35.990s] -- Installing: /home/dr/Documents/ros2_workspaces/fortress_tut_ws/install/turtlebot3_msgs/include/turtlebot3_msgs/turtlebot3_msgs/msg/detail/sensor_state__rosidl_typesupport_introspection_c.h
[35.992s] -- Installing: /home/dr/Documents/ros2_workspaces/fortress_tut_ws/install/turtlebot3_msgs/include/turtlebot3_msgs/turtlebot3_msgs/msg/detail/sound__rosidl_typesupport_introspection_c.h
[35.994s] -- Installing: /home/dr/Documents/ros2_workspaces/fortress_tut_ws/install/turtlebot3_msgs/include/turtlebot3_msgs/turtlebot3_msgs/msg/detail/sound__type_support.c
[35.994s] -- Installing: /home/dr/Documents/ros2_workspaces/fortress_tut_ws/install/turtlebot3_msgs/include/turtlebot3_msgs/turtlebot3_msgs/msg/detail/version_info__type_support.c
[35.996s] -- Installing: /home/dr/Documents/ros2_workspaces/fortress_tut_ws/install/turtlebot3_msgs/include/turtlebot3_msgs/turtlebot3_msgs/msg/detail/sensor_state__type_support.c
[35.996s] -- Up-to-date: /home/dr/Documents/ros2_workspaces/fortress_tut_ws/install/turtlebot3_msgs/include/turtlebot3_msgs/turtlebot3_msgs/action
[35.996s] -- Up-to-date: /home/dr/Documents/ros2_workspaces/fortress_tut_ws/install/turtlebot3_msgs/include/turtlebot3_msgs/turtlebot3_msgs/action/detail
[35.997s] -- Installing: /home/dr/Documents/ros2_workspaces/fortress_tut_ws/install/turtlebot3_msgs/include/turtlebot3_msgs/turtlebot3_msgs/action/detail/patrol__rosidl_typesupport_introspection_c.h
[35.997s] -- Installing: /home/dr/Documents/ros2_workspaces/fortress_tut_ws/install/turtlebot3_msgs/include/turtlebot3_msgs/turtlebot3_msgs/action/detail/patrol__type_support.c
[36.001s] -- Installing: /home/dr/Documents/ros2_workspaces/fortress_tut_ws/install/turtlebot3_msgs/lib/libturtlebot3_msgs__rosidl_typesupport_introspection_c.so
[36.001s] -- Set runtime path of "/home/dr/Documents/ros2_workspaces/fortress_tut_ws/install/turtlebot3_msgs/lib/libturtlebot3_msgs__rosidl_typesupport_introspection_c.so" to ""
[36.004s] -- Installing: /home/dr/Documents/ros2_workspaces/fortress_tut_ws/install/turtlebot3_msgs/lib/libturtlebot3_msgs__rosidl_typesupport_c.so
[36.005s] -- Set runtime path of "/home/dr/Documents/ros2_workspaces/fortress_tut_ws/install/turtlebot3_msgs/lib/libturtlebot3_msgs__rosidl_typesupport_c.so" to ""
[36.005s] -- Up-to-date: /home/dr/Documents/ros2_workspaces/fortress_tut_ws/install/turtlebot3_msgs/include/turtlebot3_msgs/turtlebot3_msgs
[36.005s] -- Up-to-date: /home/dr/Documents/ros2_workspaces/fortress_tut_ws/install/turtlebot3_msgs/include/turtlebot3_msgs/turtlebot3_msgs/srv
[36.005s] -- Up-to-date: /home/dr/Documents/ros2_workspaces/fortress_tut_ws/install/turtlebot3_msgs/include/turtlebot3_msgs/turtlebot3_msgs/srv/detail
[36.005s] -- Installing: /home/dr/Documents/ros2_workspaces/fortress_tut_ws/install/turtlebot3_msgs/include/turtlebot3_msgs/turtlebot3_msgs/srv/detail/goal__rosidl_typesupport_introspection_cpp.hpp
[36.005s] -- Installing: /home/dr/Documents/ros2_workspaces/fortress_tut_ws/install/turtlebot3_msgs/include/turtlebot3_msgs/turtlebot3_msgs/srv/detail/sound__type_support.cpp
[36.007s] -- Installing: /home/dr/Documents/ros2_workspaces/fortress_tut_ws/install/turtlebot3_msgs/include/turtlebot3_msgs/turtlebot3_msgs/srv/detail/sound__rosidl_typesupport_introspection_cpp.hpp
[36.010s] -- Installing: /home/dr/Documents/ros2_workspaces/fortress_tut_ws/install/turtlebot3_msgs/include/turtlebot3_msgs/turtlebot3_msgs/srv/detail/dqn__type_support.cpp
[36.013s] -- Installing: /home/dr/Documents/ros2_workspaces/fortress_tut_ws/install/turtlebot3_msgs/include/turtlebot3_msgs/turtlebot3_msgs/srv/detail/dqn__rosidl_typesupport_introspection_cpp.hpp
[36.023s] -- Installing: /home/dr/Documents/ros2_workspaces/fortress_tut_ws/install/turtlebot3_msgs/include/turtlebot3_msgs/turtlebot3_msgs/srv/detail/goal__type_support.cpp
[36.027s] -- Up-to-date: /home/dr/Documents/ros2_workspaces/fortress_tut_ws/install/turtlebot3_msgs/include/turtlebot3_msgs/turtlebot3_msgs/msg
[36.027s] -- Up-to-date: /home/dr/Documents/ros2_workspaces/fortress_tut_ws/install/turtlebot3_msgs/include/turtlebot3_msgs/turtlebot3_msgs/msg/detail
[36.027s] -- Installing: /home/dr/Documents/ros2_workspaces/fortress_tut_ws/install/turtlebot3_msgs/include/turtlebot3_msgs/turtlebot3_msgs/msg/detail/sound__type_support.cpp
[36.032s] -- Installing: /home/dr/Documents/ros2_workspaces/fortress_tut_ws/install/turtlebot3_msgs/include/turtlebot3_msgs/turtlebot3_msgs/msg/detail/sound__rosidl_typesupport_introspection_cpp.hpp
[36.033s] -- Installing: /home/dr/Documents/ros2_workspaces/fortress_tut_ws/install/turtlebot3_msgs/include/turtlebot3_msgs/turtlebot3_msgs/msg/detail/sensor_state__type_support.cpp
[36.033s] -- Installing: /home/dr/Documents/ros2_workspaces/fortress_tut_ws/install/turtlebot3_msgs/include/turtlebot3_msgs/turtlebot3_msgs/msg/detail/version_info__type_support.cpp
[36.034s] -- Installing: /home/dr/Documents/ros2_workspaces/fortress_tut_ws/install/turtlebot3_msgs/include/turtlebot3_msgs/turtlebot3_msgs/msg/detail/version_info__rosidl_typesupport_introspection_cpp.hpp
[36.036s] -- Installing: /home/dr/Documents/ros2_workspaces/fortress_tut_ws/install/turtlebot3_msgs/include/turtlebot3_msgs/turtlebot3_msgs/msg/detail/sensor_state__rosidl_typesupport_introspection_cpp.hpp
[36.038s] -- Up-to-date: /home/dr/Documents/ros2_workspaces/fortress_tut_ws/install/turtlebot3_msgs/include/turtlebot3_msgs/turtlebot3_msgs/action
[36.038s] -- Up-to-date: /home/dr/Documents/ros2_workspaces/fortress_tut_ws/install/turtlebot3_msgs/include/turtlebot3_msgs/turtlebot3_msgs/action/detail
[36.039s] -- Installing: /home/dr/Documents/ros2_workspaces/fortress_tut_ws/install/turtlebot3_msgs/include/turtlebot3_msgs/turtlebot3_msgs/action/detail/patrol__type_support.cpp
[36.039s] -- Installing: /home/dr/Documents/ros2_workspaces/fortress_tut_ws/install/turtlebot3_msgs/include/turtlebot3_msgs/turtlebot3_msgs/action/detail/patrol__rosidl_typesupport_introspection_cpp.hpp
[36.040s] -- Installing: /home/dr/Documents/ros2_workspaces/fortress_tut_ws/install/turtlebot3_msgs/lib/libturtlebot3_msgs__rosidl_typesupport_introspection_cpp.so
[36.041s] -- Set runtime path of "/home/dr/Documents/ros2_workspaces/fortress_tut_ws/install/turtlebot3_msgs/lib/libturtlebot3_msgs__rosidl_typesupport_introspection_cpp.so" to ""
[36.042s] -- Installing: /home/dr/Documents/ros2_workspaces/fortress_tut_ws/install/turtlebot3_msgs/lib/libturtlebot3_msgs__rosidl_typesupport_cpp.so
[36.043s] -- Set runtime path of "/home/dr/Documents/ros2_workspaces/fortress_tut_ws/install/turtlebot3_msgs/lib/libturtlebot3_msgs__rosidl_typesupport_cpp.so" to ""
[36.043s] -- Installing: /home/dr/Documents/ros2_workspaces/fortress_tut_ws/install/turtlebot3_msgs/share/turtlebot3_msgs/environment/pythonpath.sh
[36.043s] -- Installing: /home/dr/Documents/ros2_workspaces/fortress_tut_ws/install/turtlebot3_msgs/share/turtlebot3_msgs/environment/pythonpath.dsv
[36.046s] -- Installing: /home/dr/Documents/ros2_workspaces/fortress_tut_ws/install/turtlebot3_msgs/local/lib/python3.10/dist-packages/turtlebot3_msgs-2.4.0-py3.10.egg-info
[36.046s] -- Installing: /home/dr/Documents/ros2_workspaces/fortress_tut_ws/install/turtlebot3_msgs/local/lib/python3.10/dist-packages/turtlebot3_msgs-2.4.0-py3.10.egg-info/dependency_links.txt
[36.046s] -- Installing: /home/dr/Documents/ros2_workspaces/fortress_tut_ws/install/turtlebot3_msgs/local/lib/python3.10/dist-packages/turtlebot3_msgs-2.4.0-py3.10.egg-info/PKG-INFO
[36.047s] -- Installing: /home/dr/Documents/ros2_workspaces/fortress_tut_ws/install/turtlebot3_msgs/local/lib/python3.10/dist-packages/turtlebot3_msgs-2.4.0-py3.10.egg-info/top_level.txt
[36.047s] -- Installing: /home/dr/Documents/ros2_workspaces/fortress_tut_ws/install/turtlebot3_msgs/local/lib/python3.10/dist-packages/turtlebot3_msgs-2.4.0-py3.10.egg-info/SOURCES.txt
[36.047s] -- Installing: /home/dr/Documents/ros2_workspaces/fortress_tut_ws/install/turtlebot3_msgs/local/lib/python3.10/dist-packages/turtlebot3_msgs
[36.047s] -- Installing: /home/dr/Documents/ros2_workspaces/fortress_tut_ws/install/turtlebot3_msgs/local/lib/python3.10/dist-packages/turtlebot3_msgs/libturtlebot3_msgs__rosidl_generator_py.so
[36.047s] -- Installing: /home/dr/Documents/ros2_workspaces/fortress_tut_ws/install/turtlebot3_msgs/local/lib/python3.10/dist-packages/turtlebot3_msgs/srv
[36.047s] -- Installing: /home/dr/Documents/ros2_workspaces/fortress_tut_ws/install/turtlebot3_msgs/local/lib/python3.10/dist-packages/turtlebot3_msgs/srv/__init__.py
[36.048s] -- Installing: /home/dr/Documents/ros2_workspaces/fortress_tut_ws/install/turtlebot3_msgs/local/lib/python3.10/dist-packages/turtlebot3_msgs/srv/_dqn.py
[36.051s] -- Installing: /home/dr/Documents/ros2_workspaces/fortress_tut_ws/install/turtlebot3_msgs/local/lib/python3.10/dist-packages/turtlebot3_msgs/srv/_sound.py
[36.052s] -- Installing: /home/dr/Documents/ros2_workspaces/fortress_tut_ws/install/turtlebot3_msgs/local/lib/python3.10/dist-packages/turtlebot3_msgs/srv/_goal_s.c
[36.052s] -- Installing: /home/dr/Documents/ros2_workspaces/fortress_tut_ws/install/turtlebot3_msgs/local/lib/python3.10/dist-packages/turtlebot3_msgs/srv/_goal.py
[36.052s] -- Installing: /home/dr/Documents/ros2_workspaces/fortress_tut_ws/install/turtlebot3_msgs/local/lib/python3.10/dist-packages/turtlebot3_msgs/srv/_sound_s.c
[36.052s] -- Installing: /home/dr/Documents/ros2_workspaces/fortress_tut_ws/install/turtlebot3_msgs/local/lib/python3.10/dist-packages/turtlebot3_msgs/srv/_dqn_s.c
[36.052s] -- Installing: /home/dr/Documents/ros2_workspaces/fortress_tut_ws/install/turtlebot3_msgs/local/lib/python3.10/dist-packages/turtlebot3_msgs/__init__.py
[36.052s] -- Installing: /home/dr/Documents/ros2_workspaces/fortress_tut_ws/install/turtlebot3_msgs/local/lib/python3.10/dist-packages/turtlebot3_msgs/_turtlebot3_msgs_s.ep.rosidl_typesupport_fastrtps_c.c
[36.053s] -- Installing: /home/dr/Documents/ros2_workspaces/fortress_tut_ws/install/turtlebot3_msgs/local/lib/python3.10/dist-packages/turtlebot3_msgs/_turtlebot3_msgs_s.ep.rosidl_typesupport_introspection_c.c
[36.053s] -- Installing: /home/dr/Documents/ros2_workspaces/fortress_tut_ws/install/turtlebot3_msgs/local/lib/python3.10/dist-packages/turtlebot3_msgs/turtlebot3_msgs_s__rosidl_typesupport_fastrtps_c.cpython-310-x86_64-linux-gnu.so
[36.053s] -- Installing: /home/dr/Documents/ros2_workspaces/fortress_tut_ws/install/turtlebot3_msgs/local/lib/python3.10/dist-packages/turtlebot3_msgs/msg
[36.053s] -- Installing: /home/dr/Documents/ros2_workspaces/fortress_tut_ws/install/turtlebot3_msgs/local/lib/python3.10/dist-packages/turtlebot3_msgs/msg/_sensor_state_s.c
[36.053s] -- Installing: /home/dr/Documents/ros2_workspaces/fortress_tut_ws/install/turtlebot3_msgs/local/lib/python3.10/dist-packages/turtlebot3_msgs/msg/__init__.py
[36.053s] -- Installing: /home/dr/Documents/ros2_workspaces/fortress_tut_ws/install/turtlebot3_msgs/local/lib/python3.10/dist-packages/turtlebot3_msgs/msg/_version_info_s.c
[36.055s] -- Installing: /home/dr/Documents/ros2_workspaces/fortress_tut_ws/install/turtlebot3_msgs/local/lib/python3.10/dist-packages/turtlebot3_msgs/msg/_sound.py
[36.055s] -- Installing: /home/dr/Documents/ros2_workspaces/fortress_tut_ws/install/turtlebot3_msgs/local/lib/python3.10/dist-packages/turtlebot3_msgs/msg/_sensor_state.py
[36.055s] -- Installing: /home/dr/Documents/ros2_workspaces/fortress_tut_ws/install/turtlebot3_msgs/local/lib/python3.10/dist-packages/turtlebot3_msgs/msg/_version_info.py
[36.056s] -- Installing: /home/dr/Documents/ros2_workspaces/fortress_tut_ws/install/turtlebot3_msgs/local/lib/python3.10/dist-packages/turtlebot3_msgs/msg/_sound_s.c
[36.057s] -- Installing: /home/dr/Documents/ros2_workspaces/fortress_tut_ws/install/turtlebot3_msgs/local/lib/python3.10/dist-packages/turtlebot3_msgs/turtlebot3_msgs_s__rosidl_typesupport_c.cpython-310-x86_64-linux-gnu.so
[36.058s] -- Installing: /home/dr/Documents/ros2_workspaces/fortress_tut_ws/install/turtlebot3_msgs/local/lib/python3.10/dist-packages/turtlebot3_msgs/action
[36.058s] -- Installing: /home/dr/Documents/ros2_workspaces/fortress_tut_ws/install/turtlebot3_msgs/local/lib/python3.10/dist-packages/turtlebot3_msgs/action/__init__.py
[36.058s] -- Installing: /home/dr/Documents/ros2_workspaces/fortress_tut_ws/install/turtlebot3_msgs/local/lib/python3.10/dist-packages/turtlebot3_msgs/action/_patrol_s.c
[36.058s] -- Installing: /home/dr/Documents/ros2_workspaces/fortress_tut_ws/install/turtlebot3_msgs/local/lib/python3.10/dist-packages/turtlebot3_msgs/action/_patrol.py
[36.058s] -- Installing: /home/dr/Documents/ros2_workspaces/fortress_tut_ws/install/turtlebot3_msgs/local/lib/python3.10/dist-packages/turtlebot3_msgs/turtlebot3_msgs_s__rosidl_typesupport_introspection_c.cpython-310-x86_64-linux-gnu.so
[36.058s] -- Installing: /home/dr/Documents/ros2_workspaces/fortress_tut_ws/install/turtlebot3_msgs/local/lib/python3.10/dist-packages/turtlebot3_msgs/_turtlebot3_msgs_s.ep.rosidl_typesupport_c.c
[36.420s] Listing '/home/dr/Documents/ros2_workspaces/fortress_tut_ws/install/turtlebot3_msgs/local/lib/python3.10/dist-packages/turtlebot3_msgs'...
[36.420s] Compiling '/home/dr/Documents/ros2_workspaces/fortress_tut_ws/install/turtlebot3_msgs/local/lib/python3.10/dist-packages/turtlebot3_msgs/__init__.py'...
[36.420s] Listing '/home/dr/Documents/ros2_workspaces/fortress_tut_ws/install/turtlebot3_msgs/local/lib/python3.10/dist-packages/turtlebot3_msgs/action'...
[36.420s] Compiling '/home/dr/Documents/ros2_workspaces/fortress_tut_ws/install/turtlebot3_msgs/local/lib/python3.10/dist-packages/turtlebot3_msgs/action/__init__.py'...
[36.420s] Compiling '/home/dr/Documents/ros2_workspaces/fortress_tut_ws/install/turtlebot3_msgs/local/lib/python3.10/dist-packages/turtlebot3_msgs/action/_patrol.py'...
[36.421s] Listing '/home/dr/Documents/ros2_workspaces/fortress_tut_ws/install/turtlebot3_msgs/local/lib/python3.10/dist-packages/turtlebot3_msgs/msg'...
[36.421s] Compiling '/home/dr/Documents/ros2_workspaces/fortress_tut_ws/install/turtlebot3_msgs/local/lib/python3.10/dist-packages/turtlebot3_msgs/msg/__init__.py'...
[36.421s] Compiling '/home/dr/Documents/ros2_workspaces/fortress_tut_ws/install/turtlebot3_msgs/local/lib/python3.10/dist-packages/turtlebot3_msgs/msg/_sensor_state.py'...
[36.421s] Compiling '/home/dr/Documents/ros2_workspaces/fortress_tut_ws/install/turtlebot3_msgs/local/lib/python3.10/dist-packages/turtlebot3_msgs/msg/_sound.py'...
[36.421s] Compiling '/home/dr/Documents/ros2_workspaces/fortress_tut_ws/install/turtlebot3_msgs/local/lib/python3.10/dist-packages/turtlebot3_msgs/msg/_version_info.py'...
[36.421s] Listing '/home/dr/Documents/ros2_workspaces/fortress_tut_ws/install/turtlebot3_msgs/local/lib/python3.10/dist-packages/turtlebot3_msgs/srv'...
[36.421s] Compiling '/home/dr/Documents/ros2_workspaces/fortress_tut_ws/install/turtlebot3_msgs/local/lib/python3.10/dist-packages/turtlebot3_msgs/srv/__init__.py'...
[36.421s] Compiling '/home/dr/Documents/ros2_workspaces/fortress_tut_ws/install/turtlebot3_msgs/local/lib/python3.10/dist-packages/turtlebot3_msgs/srv/_dqn.py'...
[36.421s] Compiling '/home/dr/Documents/ros2_workspaces/fortress_tut_ws/install/turtlebot3_msgs/local/lib/python3.10/dist-packages/turtlebot3_msgs/srv/_goal.py'...
[36.421s] Compiling '/home/dr/Documents/ros2_workspaces/fortress_tut_ws/install/turtlebot3_msgs/local/lib/python3.10/dist-packages/turtlebot3_msgs/srv/_sound.py'...
[36.428s] -- Installing: /home/dr/Documents/ros2_workspaces/fortress_tut_ws/install/turtlebot3_msgs/local/lib/python3.10/dist-packages/turtlebot3_msgs/turtlebot3_msgs_s__rosidl_typesupport_fastrtps_c.cpython-310-x86_64-linux-gnu.so
[36.429s] -- Set runtime path of "/home/dr/Documents/ros2_workspaces/fortress_tut_ws/install/turtlebot3_msgs/local/lib/python3.10/dist-packages/turtlebot3_msgs/turtlebot3_msgs_s__rosidl_typesupport_fastrtps_c.cpython-310-x86_64-linux-gnu.so" to ""
[36.429s] -- Installing: /home/dr/Documents/ros2_workspaces/fortress_tut_ws/install/turtlebot3_msgs/local/lib/python3.10/dist-packages/turtlebot3_msgs/turtlebot3_msgs_s__rosidl_typesupport_introspection_c.cpython-310-x86_64-linux-gnu.so
[36.430s] -- Set runtime path of "/home/dr/Documents/ros2_workspaces/fortress_tut_ws/install/turtlebot3_msgs/local/lib/python3.10/dist-packages/turtlebot3_msgs/turtlebot3_msgs_s__rosidl_typesupport_introspection_c.cpython-310-x86_64-linux-gnu.so" to ""
[36.430s] -- Installing: /home/dr/Documents/ros2_workspaces/fortress_tut_ws/install/turtlebot3_msgs/local/lib/python3.10/dist-packages/turtlebot3_msgs/turtlebot3_msgs_s__rosidl_typesupport_c.cpython-310-x86_64-linux-gnu.so
[36.431s] -- Set runtime path of "/home/dr/Documents/ros2_workspaces/fortress_tut_ws/install/turtlebot3_msgs/local/lib/python3.10/dist-packages/turtlebot3_msgs/turtlebot3_msgs_s__rosidl_typesupport_c.cpython-310-x86_64-linux-gnu.so" to ""
[36.431s] -- Installing: /home/dr/Documents/ros2_workspaces/fortress_tut_ws/install/turtlebot3_msgs/lib/libturtlebot3_msgs__rosidl_generator_py.so
[36.432s] -- Set runtime path of "/home/dr/Documents/ros2_workspaces/fortress_tut_ws/install/turtlebot3_msgs/lib/libturtlebot3_msgs__rosidl_generator_py.so" to ""
[36.432s] -- Installing: /home/dr/Documents/ros2_workspaces/fortress_tut_ws/install/turtlebot3_msgs/share/ament_index/resource_index/rust_packages/turtlebot3_msgs
[36.432s] -- Installing: /home/dr/Documents/ros2_workspaces/fortress_tut_ws/install/turtlebot3_msgs/share/turtlebot3_msgs/rust
[36.432s] -- Installing: /home/dr/Documents/ros2_workspaces/fortress_tut_ws/install/turtlebot3_msgs/share/turtlebot3_msgs/rust/build.rs
[36.445s] -- Installing: /home/dr/Documents/ros2_workspaces/fortress_tut_ws/install/turtlebot3_msgs/share/turtlebot3_msgs/rust/Cargo.toml
[36.456s] -- Installing: /home/dr/Documents/ros2_workspaces/fortress_tut_ws/install/turtlebot3_msgs/share/turtlebot3_msgs/rust/src
[36.456s] -- Installing: /home/dr/Documents/ros2_workspaces/fortress_tut_ws/install/turtlebot3_msgs/share/turtlebot3_msgs/rust/src/lib.rs
[36.473s] -- Installing: /home/dr/Documents/ros2_workspaces/fortress_tut_ws/install/turtlebot3_msgs/share/turtlebot3_msgs/rust/src/srv
[36.473s] -- Installing: /home/dr/Documents/ros2_workspaces/fortress_tut_ws/install/turtlebot3_msgs/share/turtlebot3_msgs/rust/src/srv/rmw.rs
[36.493s] -- Installing: /home/dr/Documents/ros2_workspaces/fortress_tut_ws/install/turtlebot3_msgs/share/turtlebot3_msgs/rust/src/msg.rs
[36.495s] -- Installing: /home/dr/Documents/ros2_workspaces/fortress_tut_ws/install/turtlebot3_msgs/share/turtlebot3_msgs/rust/src/msg
[36.495s] -- Installing: /home/dr/Documents/ros2_workspaces/fortress_tut_ws/install/turtlebot3_msgs/share/turtlebot3_msgs/rust/src/msg/rmw.rs
[36.592s] -- Installing: /home/dr/Documents/ros2_workspaces/fortress_tut_ws/install/turtlebot3_msgs/share/turtlebot3_msgs/rust/src/srv.rs
[36.607s] -- Installing: /home/dr/Documents/ros2_workspaces/fortress_tut_ws/install/turtlebot3_msgs/share/turtlebot3_msgs/rust/src/action
[36.607s] -- Installing: /home/dr/Documents/ros2_workspaces/fortress_tut_ws/install/turtlebot3_msgs/share/turtlebot3_msgs/rust/src/action/rmw.rs
[36.623s] -- Installing: /home/dr/Documents/ros2_workspaces/fortress_tut_ws/install/turtlebot3_msgs/share/turtlebot3_msgs/rust/src/action.rs
[36.639s] -- Installing: /home/dr/Documents/ros2_workspaces/fortress_tut_ws/install/turtlebot3_msgs/share/turtlebot3_msgs/msg/SensorState.idl
[36.645s] -- Installing: /home/dr/Documents/ros2_workspaces/fortress_tut_ws/install/turtlebot3_msgs/share/turtlebot3_msgs/msg/Sound.idl
[36.658s] -- Installing: /home/dr/Documents/ros2_workspaces/fortress_tut_ws/install/turtlebot3_msgs/share/turtlebot3_msgs/msg/VersionInfo.idl
[36.669s] -- Installing: /home/dr/Documents/ros2_workspaces/fortress_tut_ws/install/turtlebot3_msgs/share/turtlebot3_msgs/srv/Sound.idl
[36.671s] -- Installing: /home/dr/Documents/ros2_workspaces/fortress_tut_ws/install/turtlebot3_msgs/share/turtlebot3_msgs/srv/Dqn.idl
[36.693s] -- Installing: /home/dr/Documents/ros2_workspaces/fortress_tut_ws/install/turtlebot3_msgs/share/turtlebot3_msgs/srv/Goal.idl
[36.710s] -- Installing: /home/dr/Documents/ros2_workspaces/fortress_tut_ws/install/turtlebot3_msgs/share/turtlebot3_msgs/action/Patrol.idl
[36.721s] -- Installing: /home/dr/Documents/ros2_workspaces/fortress_tut_ws/install/turtlebot3_msgs/share/turtlebot3_msgs/msg/SensorState.msg
[36.734s] -- Installing: /home/dr/Documents/ros2_workspaces/fortress_tut_ws/install/turtlebot3_msgs/share/turtlebot3_msgs/msg/Sound.msg
[36.745s] -- Installing: /home/dr/Documents/ros2_workspaces/fortress_tut_ws/install/turtlebot3_msgs/share/turtlebot3_msgs/msg/VersionInfo.msg
[36.761s] -- Installing: /home/dr/Documents/ros2_workspaces/fortress_tut_ws/install/turtlebot3_msgs/share/turtlebot3_msgs/srv/Sound.srv
[36.774s] -- Installing: /home/dr/Documents/ros2_workspaces/fortress_tut_ws/install/turtlebot3_msgs/share/turtlebot3_msgs/srv/Sound_Request.msg
[36.787s] -- Installing: /home/dr/Documents/ros2_workspaces/fortress_tut_ws/install/turtlebot3_msgs/share/turtlebot3_msgs/srv/Sound_Response.msg
[36.788s] -- Installing: /home/dr/Documents/ros2_workspaces/fortress_tut_ws/install/turtlebot3_msgs/share/turtlebot3_msgs/srv/Dqn.srv
[36.795s] -- Installing: /home/dr/Documents/ros2_workspaces/fortress_tut_ws/install/turtlebot3_msgs/share/turtlebot3_msgs/srv/Dqn_Request.msg
[36.800s] -- Installing: /home/dr/Documents/ros2_workspaces/fortress_tut_ws/install/turtlebot3_msgs/share/turtlebot3_msgs/srv/Dqn_Response.msg
[36.804s] -- Installing: /home/dr/Documents/ros2_workspaces/fortress_tut_ws/install/turtlebot3_msgs/share/turtlebot3_msgs/srv/Goal.srv
[36.813s] -- Installing: /home/dr/Documents/ros2_workspaces/fortress_tut_ws/install/turtlebot3_msgs/share/turtlebot3_msgs/srv/Goal_Request.msg
[36.813s] -- Installing: /home/dr/Documents/ros2_workspaces/fortress_tut_ws/install/turtlebot3_msgs/share/turtlebot3_msgs/srv/Goal_Response.msg
[36.819s] -- Installing: /home/dr/Documents/ros2_workspaces/fortress_tut_ws/install/turtlebot3_msgs/share/turtlebot3_msgs/action/Patrol.action
[36.820s] -- Installing: /home/dr/Documents/ros2_workspaces/fortress_tut_ws/install/turtlebot3_msgs/share/ament_index/resource_index/package_run_dependencies/turtlebot3_msgs
[36.831s] -- Installing: /home/dr/Documents/ros2_workspaces/fortress_tut_ws/install/turtlebot3_msgs/share/ament_index/resource_index/parent_prefix_path/turtlebot3_msgs
[36.838s] -- Installing: /home/dr/Documents/ros2_workspaces/fortress_tut_ws/install/turtlebot3_msgs/share/turtlebot3_msgs/environment/ament_prefix_path.sh
[36.852s] -- Installing: /home/dr/Documents/ros2_workspaces/fortress_tut_ws/install/turtlebot3_msgs/share/turtlebot3_msgs/environment/ament_prefix_path.dsv
[36.863s] -- Installing: /home/dr/Documents/ros2_workspaces/fortress_tut_ws/install/turtlebot3_msgs/share/turtlebot3_msgs/environment/path.sh
[36.873s] -- Installing: /home/dr/Documents/ros2_workspaces/fortress_tut_ws/install/turtlebot3_msgs/share/turtlebot3_msgs/environment/path.dsv
[36.881s] -- Installing: /home/dr/Documents/ros2_workspaces/fortress_tut_ws/install/turtlebot3_msgs/share/turtlebot3_msgs/local_setup.bash
[36.882s] -- Installing: /home/dr/Documents/ros2_workspaces/fortress_tut_ws/install/turtlebot3_msgs/share/turtlebot3_msgs/local_setup.sh
[36.888s] -- Installing: /home/dr/Documents/ros2_workspaces/fortress_tut_ws/install/turtlebot3_msgs/share/turtlebot3_msgs/local_setup.zsh
[36.902s] -- Installing: /home/dr/Documents/ros2_workspaces/fortress_tut_ws/install/turtlebot3_msgs/share/turtlebot3_msgs/local_setup.dsv
[36.912s] -- Installing: /home/dr/Documents/ros2_workspaces/fortress_tut_ws/install/turtlebot3_msgs/share/turtlebot3_msgs/package.dsv
[36.916s] -- Installing: /home/dr/Documents/ros2_workspaces/fortress_tut_ws/install/turtlebot3_msgs/share/ament_index/resource_index/packages/turtlebot3_msgs
[36.916s] -- Installing: /home/dr/Documents/ros2_workspaces/fortress_tut_ws/install/turtlebot3_msgs/share/turtlebot3_msgs/cmake/export_turtlebot3_msgs__rosidl_generator_cExport.cmake
[36.939s] -- Installing: /home/dr/Documents/ros2_workspaces/fortress_tut_ws/install/turtlebot3_msgs/share/turtlebot3_msgs/cmake/export_turtlebot3_msgs__rosidl_generator_cExport-noconfig.cmake
[36.947s] -- Installing: /home/dr/Documents/ros2_workspaces/fortress_tut_ws/install/turtlebot3_msgs/share/turtlebot3_msgs/cmake/export_turtlebot3_msgs__rosidl_typesupport_fastrtps_cExport.cmake
[36.962s] -- Installing: /home/dr/Documents/ros2_workspaces/fortress_tut_ws/install/turtlebot3_msgs/share/turtlebot3_msgs/cmake/export_turtlebot3_msgs__rosidl_typesupport_fastrtps_cExport-noconfig.cmake
[36.968s] -- Installing: /home/dr/Documents/ros2_workspaces/fortress_tut_ws/install/turtlebot3_msgs/share/turtlebot3_msgs/cmake/export_turtlebot3_msgs__rosidl_generator_cppExport.cmake
[36.976s] -- Installing: /home/dr/Documents/ros2_workspaces/fortress_tut_ws/install/turtlebot3_msgs/share/turtlebot3_msgs/cmake/export_turtlebot3_msgs__rosidl_typesupport_fastrtps_cppExport.cmake
[36.993s] -- Installing: /home/dr/Documents/ros2_workspaces/fortress_tut_ws/install/turtlebot3_msgs/share/turtlebot3_msgs/cmake/export_turtlebot3_msgs__rosidl_typesupport_fastrtps_cppExport-noconfig.cmake
[37.005s] -- Installing: /home/dr/Documents/ros2_workspaces/fortress_tut_ws/install/turtlebot3_msgs/share/turtlebot3_msgs/cmake/turtlebot3_msgs__rosidl_typesupport_introspection_cExport.cmake
[37.005s] -- Installing: /home/dr/Documents/ros2_workspaces/fortress_tut_ws/install/turtlebot3_msgs/share/turtlebot3_msgs/cmake/turtlebot3_msgs__rosidl_typesupport_introspection_cExport-noconfig.cmake
[37.015s] -- Installing: /home/dr/Documents/ros2_workspaces/fortress_tut_ws/install/turtlebot3_msgs/share/turtlebot3_msgs/cmake/turtlebot3_msgs__rosidl_typesupport_cExport.cmake
[37.017s] -- Installing: /home/dr/Documents/ros2_workspaces/fortress_tut_ws/install/turtlebot3_msgs/share/turtlebot3_msgs/cmake/turtlebot3_msgs__rosidl_typesupport_cExport-noconfig.cmake
[37.019s] -- Installing: /home/dr/Documents/ros2_workspaces/fortress_tut_ws/install/turtlebot3_msgs/share/turtlebot3_msgs/cmake/turtlebot3_msgs__rosidl_typesupport_introspection_cppExport.cmake
[37.020s] -- Installing: /home/dr/Documents/ros2_workspaces/fortress_tut_ws/install/turtlebot3_msgs/share/turtlebot3_msgs/cmake/turtlebot3_msgs__rosidl_typesupport_introspection_cppExport-noconfig.cmake
[37.024s] -- Installing: /home/dr/Documents/ros2_workspaces/fortress_tut_ws/install/turtlebot3_msgs/share/turtlebot3_msgs/cmake/turtlebot3_msgs__rosidl_typesupport_cppExport.cmake
[37.042s] -- Installing: /home/dr/Documents/ros2_workspaces/fortress_tut_ws/install/turtlebot3_msgs/share/turtlebot3_msgs/cmake/turtlebot3_msgs__rosidl_typesupport_cppExport-noconfig.cmake
[37.044s] -- Installing: /home/dr/Documents/ros2_workspaces/fortress_tut_ws/install/turtlebot3_msgs/share/turtlebot3_msgs/cmake/export_turtlebot3_msgs__rosidl_generator_pyExport.cmake
[37.053s] -- Installing: /home/dr/Documents/ros2_workspaces/fortress_tut_ws/install/turtlebot3_msgs/share/turtlebot3_msgs/cmake/export_turtlebot3_msgs__rosidl_generator_pyExport-noconfig.cmake
[37.060s] -- Installing: /home/dr/Documents/ros2_workspaces/fortress_tut_ws/install/turtlebot3_msgs/share/turtlebot3_msgs/cmake/rosidl_cmake-extras.cmake
[37.070s] -- Installing: /home/dr/Documents/ros2_workspaces/fortress_tut_ws/install/turtlebot3_msgs/share/turtlebot3_msgs/cmake/ament_cmake_export_dependencies-extras.cmake
[37.072s] -- Installing: /home/dr/Documents/ros2_workspaces/fortress_tut_ws/install/turtlebot3_msgs/share/turtlebot3_msgs/cmake/ament_cmake_export_include_directories-extras.cmake
[37.075s] -- Installing: /home/dr/Documents/ros2_workspaces/fortress_tut_ws/install/turtlebot3_msgs/share/turtlebot3_msgs/cmake/ament_cmake_export_libraries-extras.cmake
[37.083s] -- Installing: /home/dr/Documents/ros2_workspaces/fortress_tut_ws/install/turtlebot3_msgs/share/turtlebot3_msgs/cmake/ament_cmake_export_targets-extras.cmake
[37.089s] -- Installing: /home/dr/Documents/ros2_workspaces/fortress_tut_ws/install/turtlebot3_msgs/share/turtlebot3_msgs/cmake/rosidl_cmake_export_typesupport_targets-extras.cmake
[37.122s] -- Installing: /home/dr/Documents/ros2_workspaces/fortress_tut_ws/install/turtlebot3_msgs/share/turtlebot3_msgs/cmake/rosidl_cmake_export_typesupport_libraries-extras.cmake
[37.122s] -- Installing: /home/dr/Documents/ros2_workspaces/fortress_tut_ws/install/turtlebot3_msgs/share/turtlebot3_msgs/cmake/rosidl_cmake_aggregate_target-extras.cmake
[37.136s] -- Installing: /home/dr/Documents/ros2_workspaces/fortress_tut_ws/install/turtlebot3_msgs/share/turtlebot3_msgs/cmake/turtlebot3_msgsConfig.cmake
[37.144s] -- Installing: /home/dr/Documents/ros2_workspaces/fortress_tut_ws/install/turtlebot3_msgs/share/turtlebot3_msgs/cmake/turtlebot3_msgsConfig-version.cmake
[37.155s] -- Installing: /home/dr/Documents/ros2_workspaces/fortress_tut_ws/install/turtlebot3_msgs/share/turtlebot3_msgs/package.xml
[37.262s] Invoked command in '/home/dr/Documents/ros2_workspaces/fortress_tut_ws/build/turtlebot3_msgs' returned '0': CMAKE_PREFIX_PATH=${CMAKE_PREFIX_PATH}:/home/dr/Documents/ros2_workspaces/fortress_tut_ws/install/turtlebot3_teleop:/home/dr/Documents/ros2_workspaces/fortress_tut_ws/install/turtlebot3_example:/home/dr/Documents/ros2_workspaces/fortress_tut_ws/install/fortress_tut:/home/dr/ros2_ws/install/my_robot_controller:/opt/ros/humble /usr/bin/cmake --install /home/dr/Documents/ros2_workspaces/fortress_tut_ws/build/turtlebot3_msgs
