[35m[1mConsolidate compiler generated dependencies of target fortress_tut_msgs__rosidl_generator_c[0m
[  3%] Built target fortress_tut_msgs__rs
[  6%] Built target fortress_tut_msgs__cpp
[ 15%] Built target fortress_tut_msgs__rosidl_generator_c
[ 15%] Built target ament_cmake_python_copy_fortress_tut_msgs
[35m[1mConsolidate compiler generated dependencies of target fortress_tut_msgs__rosidl_typesupport_fastrtps_cpp[0m
[35m[1mConsolidate compiler generated dependencies of target fortress_tut_msgs__rosidl_typesupport_cpp[0m
[35m[1mConsolidate compiler generated dependencies of target fortress_tut_msgs__rosidl_typesupport_introspection_cpp[0m
[35m[1mConsolidate compiler generated dependencies of target fortress_tut_msgs__rosidl_typesupport_c[0m
[35m[1mConsolidate compiler generated dependencies of target fortress_tut_msgs__rosidl_typesupport_introspection_c[0m
[35m[1mConsolidate compiler generated dependencies of target fortress_tut_msgs__rosidl_typesupport_fastrtps_c[0m
[ 25%] Built target fortress_tut_msgs__rosidl_typesupport_fastrtps_cpp
[ 34%] Built target fortress_tut_msgs__rosidl_typesupport_introspection_cpp
[ 43%] Built target fortress_tut_msgs__rosidl_typesupport_introspection_c
[ 53%] Built target fortress_tut_msgs__rosidl_typesupport_cpp
[ 62%] Built target fortress_tut_msgs__rosidl_typesupport_fastrtps_c
[ 71%] Built target fortress_tut_msgs__rosidl_typesupport_c
[ 71%] Built target fortress_tut_msgs
[ 75%] Built target fortress_tut_msgs__py
[35m[1mConsolidate compiler generated dependencies of target fortress_tut_msgs__rosidl_generator_py[0m
[ 81%] Built target fortress_tut_msgs__rosidl_generator_py
[35m[1mConsolidate compiler generated dependencies of target fortress_tut_msgs__rosidl_typesupport_c__pyext[0m
[35m[1mConsolidate compiler generated dependencies of target fortress_tut_msgs__rosidl_typesupport_introspection_c__pyext[0m
[35m[1mConsolidate compiler generated dependencies of target fortress_tut_msgs__rosidl_typesupport_fastrtps_c__pyext[0m
[ 87%] Built target fortress_tut_msgs__rosidl_typesupport_c__pyext
[ 93%] Built target fortress_tut_msgs__rosidl_typesupport_introspection_c__pyext
[100%] Built target fortress_tut_msgs__rosidl_typesupport_fastrtps_c__pyext
running egg_info
writing fortress_tut_msgs.egg-info/PKG-INFO
writing dependency_links to fortress_tut_msgs.egg-info/dependency_links.txt
writing top-level names to fortress_tut_msgs.egg-info/top_level.txt
reading manifest file 'fortress_tut_msgs.egg-info/SOURCES.txt'
writing manifest file 'fortress_tut_msgs.egg-info/SOURCES.txt'
[100%] Built target ament_cmake_python_build_fortress_tut_msgs_egg
-- Install configuration: ""
-- Up-to-date: /home/dr/Documents/ros2_workspaces/fortress_tut_ws/install/fortress_tut_msgs/share/ament_index/resource_index/rosidl_interfaces/fortress_tut_msgs
-- Up-to-date: /home/dr/Documents/ros2_workspaces/fortress_tut_ws/install/fortress_tut_msgs/include/fortress_tut_msgs/fortress_tut_msgs
-- Up-to-date: /home/dr/Documents/ros2_workspaces/fortress_tut_ws/install/fortress_tut_msgs/include/fortress_tut_msgs/fortress_tut_msgs/srv
-- Up-to-date: /home/dr/Documents/ros2_workspaces/fortress_tut_ws/install/fortress_tut_msgs/include/fortress_tut_msgs/fortress_tut_msgs/srv/detail
-- Up-to-date: /home/dr/Documents/ros2_workspaces/fortress_tut_ws/install/fortress_tut_msgs/include/fortress_tut_msgs/fortress_tut_msgs/srv/detail/move_turtlebot__functions.c
-- Up-to-date: /home/dr/Documents/ros2_workspaces/fortress_tut_ws/install/fortress_tut_msgs/include/fortress_tut_msgs/fortress_tut_msgs/srv/detail/move_turtlebot__struct.h
-- Up-to-date: /home/dr/Documents/ros2_workspaces/fortress_tut_ws/install/fortress_tut_msgs/include/fortress_tut_msgs/fortress_tut_msgs/srv/detail/move_turtlebot__functions.h
-- Up-to-date: /home/dr/Documents/ros2_workspaces/fortress_tut_ws/install/fortress_tut_msgs/include/fortress_tut_msgs/fortress_tut_msgs/srv/detail/move_turtlebot__type_support.h
-- Up-to-date: /home/dr/Documents/ros2_workspaces/fortress_tut_ws/install/fortress_tut_msgs/include/fortress_tut_msgs/fortress_tut_msgs/srv/move_turtlebot.h
-- Up-to-date: /home/dr/Documents/ros2_workspaces/fortress_tut_ws/install/fortress_tut_msgs/include/fortress_tut_msgs/fortress_tut_msgs/msg
-- Up-to-date: /home/dr/Documents/ros2_workspaces/fortress_tut_ws/install/fortress_tut_msgs/include/fortress_tut_msgs/fortress_tut_msgs/msg/rosidl_generator_c__visibility_control.h
-- Up-to-date: /home/dr/Documents/ros2_workspaces/fortress_tut_ws/install/fortress_tut_msgs/share/fortress_tut_msgs/environment/library_path.sh
-- Up-to-date: /home/dr/Documents/ros2_workspaces/fortress_tut_ws/install/fortress_tut_msgs/share/fortress_tut_msgs/environment/library_path.dsv
-- Up-to-date: /home/dr/Documents/ros2_workspaces/fortress_tut_ws/install/fortress_tut_msgs/lib/libfortress_tut_msgs__rosidl_generator_c.so
-- Up-to-date: /home/dr/Documents/ros2_workspaces/fortress_tut_ws/install/fortress_tut_msgs/include/fortress_tut_msgs/fortress_tut_msgs
-- Up-to-date: /home/dr/Documents/ros2_workspaces/fortress_tut_ws/install/fortress_tut_msgs/include/fortress_tut_msgs/fortress_tut_msgs/srv
-- Up-to-date: /home/dr/Documents/ros2_workspaces/fortress_tut_ws/install/fortress_tut_msgs/include/fortress_tut_msgs/fortress_tut_msgs/srv/detail
-- Up-to-date: /home/dr/Documents/ros2_workspaces/fortress_tut_ws/install/fortress_tut_msgs/include/fortress_tut_msgs/fortress_tut_msgs/srv/detail/move_turtlebot__rosidl_typesupport_fastrtps_c.h
-- Up-to-date: /home/dr/Documents/ros2_workspaces/fortress_tut_ws/install/fortress_tut_msgs/include/fortress_tut_msgs/fortress_tut_msgs/msg
-- Up-to-date: /home/dr/Documents/ros2_workspaces/fortress_tut_ws/install/fortress_tut_msgs/include/fortress_tut_msgs/fortress_tut_msgs/msg/rosidl_typesupport_fastrtps_c__visibility_control.h
-- Up-to-date: /home/dr/Documents/ros2_workspaces/fortress_tut_ws/install/fortress_tut_msgs/lib/libfortress_tut_msgs__rosidl_typesupport_fastrtps_c.so
-- Up-to-date: /home/dr/Documents/ros2_workspaces/fortress_tut_ws/install/fortress_tut_msgs/include/fortress_tut_msgs/fortress_tut_msgs
-- Up-to-date: /home/dr/Documents/ros2_workspaces/fortress_tut_ws/install/fortress_tut_msgs/include/fortress_tut_msgs/fortress_tut_msgs/srv
-- Up-to-date: /home/dr/Documents/ros2_workspaces/fortress_tut_ws/install/fortress_tut_msgs/include/fortress_tut_msgs/fortress_tut_msgs/srv/detail
-- Up-to-date: /home/dr/Documents/ros2_workspaces/fortress_tut_ws/install/fortress_tut_msgs/include/fortress_tut_msgs/fortress_tut_msgs/srv/detail/move_turtlebot__type_support.c
-- Up-to-date: /home/dr/Documents/ros2_workspaces/fortress_tut_ws/install/fortress_tut_msgs/include/fortress_tut_msgs/fortress_tut_msgs/srv/detail/move_turtlebot__rosidl_typesupport_introspection_c.h
-- Up-to-date: /home/dr/Documents/ros2_workspaces/fortress_tut_ws/install/fortress_tut_msgs/include/fortress_tut_msgs/fortress_tut_msgs/msg
-- Up-to-date: /home/dr/Documents/ros2_workspaces/fortress_tut_ws/install/fortress_tut_msgs/include/fortress_tut_msgs/fortress_tut_msgs/msg/rosidl_typesupport_introspection_c__visibility_control.h
-- Up-to-date: /home/dr/Documents/ros2_workspaces/fortress_tut_ws/install/fortress_tut_msgs/lib/libfortress_tut_msgs__rosidl_typesupport_introspection_c.so
-- Up-to-date: /home/dr/Documents/ros2_workspaces/fortress_tut_ws/install/fortress_tut_msgs/lib/libfortress_tut_msgs__rosidl_typesupport_c.so
-- Up-to-date: /home/dr/Documents/ros2_workspaces/fortress_tut_ws/install/fortress_tut_msgs/include/fortress_tut_msgs/fortress_tut_msgs
-- Up-to-date: /home/dr/Documents/ros2_workspaces/fortress_tut_ws/install/fortress_tut_msgs/include/fortress_tut_msgs/fortress_tut_msgs/srv
-- Up-to-date: /home/dr/Documents/ros2_workspaces/fortress_tut_ws/install/fortress_tut_msgs/include/fortress_tut_msgs/fortress_tut_msgs/srv/detail
-- Up-to-date: /home/dr/Documents/ros2_workspaces/fortress_tut_ws/install/fortress_tut_msgs/include/fortress_tut_msgs/fortress_tut_msgs/srv/detail/move_turtlebot__traits.hpp
-- Up-to-date: /home/dr/Documents/ros2_workspaces/fortress_tut_ws/install/fortress_tut_msgs/include/fortress_tut_msgs/fortress_tut_msgs/srv/detail/move_turtlebot__builder.hpp
-- Up-to-date: /home/dr/Documents/ros2_workspaces/fortress_tut_ws/install/fortress_tut_msgs/include/fortress_tut_msgs/fortress_tut_msgs/srv/detail/move_turtlebot__struct.hpp
-- Up-to-date: /home/dr/Documents/ros2_workspaces/fortress_tut_ws/install/fortress_tut_msgs/include/fortress_tut_msgs/fortress_tut_msgs/srv/detail/move_turtlebot__type_support.hpp
-- Up-to-date: /home/dr/Documents/ros2_workspaces/fortress_tut_ws/install/fortress_tut_msgs/include/fortress_tut_msgs/fortress_tut_msgs/srv/move_turtlebot.hpp
-- Up-to-date: /home/dr/Documents/ros2_workspaces/fortress_tut_ws/install/fortress_tut_msgs/include/fortress_tut_msgs/fortress_tut_msgs/msg
-- Up-to-date: /home/dr/Documents/ros2_workspaces/fortress_tut_ws/install/fortress_tut_msgs/include/fortress_tut_msgs/fortress_tut_msgs/msg/rosidl_generator_cpp__visibility_control.hpp
-- Up-to-date: /home/dr/Documents/ros2_workspaces/fortress_tut_ws/install/fortress_tut_msgs/include/fortress_tut_msgs/fortress_tut_msgs
-- Up-to-date: /home/dr/Documents/ros2_workspaces/fortress_tut_ws/install/fortress_tut_msgs/include/fortress_tut_msgs/fortress_tut_msgs/srv
-- Up-to-date: /home/dr/Documents/ros2_workspaces/fortress_tut_ws/install/fortress_tut_msgs/include/fortress_tut_msgs/fortress_tut_msgs/srv/detail
-- Up-to-date: /home/dr/Documents/ros2_workspaces/fortress_tut_ws/install/fortress_tut_msgs/include/fortress_tut_msgs/fortress_tut_msgs/srv/detail/move_turtlebot__rosidl_typesupport_fastrtps_cpp.hpp
-- Up-to-date: /home/dr/Documents/ros2_workspaces/fortress_tut_ws/install/fortress_tut_msgs/include/fortress_tut_msgs/fortress_tut_msgs/srv/detail/dds_fastrtps
-- Up-to-date: /home/dr/Documents/ros2_workspaces/fortress_tut_ws/install/fortress_tut_msgs/include/fortress_tut_msgs/fortress_tut_msgs/msg
-- Up-to-date: /home/dr/Documents/ros2_workspaces/fortress_tut_ws/install/fortress_tut_msgs/include/fortress_tut_msgs/fortress_tut_msgs/msg/rosidl_typesupport_fastrtps_cpp__visibility_control.h
-- Up-to-date: /home/dr/Documents/ros2_workspaces/fortress_tut_ws/install/fortress_tut_msgs/lib/libfortress_tut_msgs__rosidl_typesupport_fastrtps_cpp.so
-- Up-to-date: /home/dr/Documents/ros2_workspaces/fortress_tut_ws/install/fortress_tut_msgs/include/fortress_tut_msgs/fortress_tut_msgs
-- Up-to-date: /home/dr/Documents/ros2_workspaces/fortress_tut_ws/install/fortress_tut_msgs/include/fortress_tut_msgs/fortress_tut_msgs/srv
-- Up-to-date: /home/dr/Documents/ros2_workspaces/fortress_tut_ws/install/fortress_tut_msgs/include/fortress_tut_msgs/fortress_tut_msgs/srv/detail
-- Up-to-date: /home/dr/Documents/ros2_workspaces/fortress_tut_ws/install/fortress_tut_msgs/include/fortress_tut_msgs/fortress_tut_msgs/srv/detail/move_turtlebot__rosidl_typesupport_introspection_cpp.hpp
-- Up-to-date: /home/dr/Documents/ros2_workspaces/fortress_tut_ws/install/fortress_tut_msgs/include/fortress_tut_msgs/fortress_tut_msgs/srv/detail/move_turtlebot__type_support.cpp
-- Up-to-date: /home/dr/Documents/ros2_workspaces/fortress_tut_ws/install/fortress_tut_msgs/lib/libfortress_tut_msgs__rosidl_typesupport_introspection_cpp.so
-- Up-to-date: /home/dr/Documents/ros2_workspaces/fortress_tut_ws/install/fortress_tut_msgs/lib/libfortress_tut_msgs__rosidl_typesupport_cpp.so
-- Up-to-date: /home/dr/Documents/ros2_workspaces/fortress_tut_ws/install/fortress_tut_msgs/share/fortress_tut_msgs/environment/pythonpath.sh
-- Up-to-date: /home/dr/Documents/ros2_workspaces/fortress_tut_ws/install/fortress_tut_msgs/share/fortress_tut_msgs/environment/pythonpath.dsv
-- Up-to-date: /home/dr/Documents/ros2_workspaces/fortress_tut_ws/install/fortress_tut_msgs/local/lib/python3.10/dist-packages/fortress_tut_msgs-0.0.0-py3.10.egg-info
-- Installing: /home/dr/Documents/ros2_workspaces/fortress_tut_ws/install/fortress_tut_msgs/local/lib/python3.10/dist-packages/fortress_tut_msgs-0.0.0-py3.10.egg-info/dependency_links.txt
-- Installing: /home/dr/Documents/ros2_workspaces/fortress_tut_ws/install/fortress_tut_msgs/local/lib/python3.10/dist-packages/fortress_tut_msgs-0.0.0-py3.10.egg-info/PKG-INFO
-- Installing: /home/dr/Documents/ros2_workspaces/fortress_tut_ws/install/fortress_tut_msgs/local/lib/python3.10/dist-packages/fortress_tut_msgs-0.0.0-py3.10.egg-info/top_level.txt
-- Installing: /home/dr/Documents/ros2_workspaces/fortress_tut_ws/install/fortress_tut_msgs/local/lib/python3.10/dist-packages/fortress_tut_msgs-0.0.0-py3.10.egg-info/SOURCES.txt
-- Up-to-date: /home/dr/Documents/ros2_workspaces/fortress_tut_ws/install/fortress_tut_msgs/local/lib/python3.10/dist-packages/fortress_tut_msgs
-- Up-to-date: /home/dr/Documents/ros2_workspaces/fortress_tut_ws/install/fortress_tut_msgs/local/lib/python3.10/dist-packages/fortress_tut_msgs/srv
-- Up-to-date: /home/dr/Documents/ros2_workspaces/fortress_tut_ws/install/fortress_tut_msgs/local/lib/python3.10/dist-packages/fortress_tut_msgs/srv/__init__.py
-- Up-to-date: /home/dr/Documents/ros2_workspaces/fortress_tut_ws/install/fortress_tut_msgs/local/lib/python3.10/dist-packages/fortress_tut_msgs/srv/_move_turtlebot.py
-- Up-to-date: /home/dr/Documents/ros2_workspaces/fortress_tut_ws/install/fortress_tut_msgs/local/lib/python3.10/dist-packages/fortress_tut_msgs/srv/_move_turtlebot_s.c
-- Up-to-date: /home/dr/Documents/ros2_workspaces/fortress_tut_ws/install/fortress_tut_msgs/local/lib/python3.10/dist-packages/fortress_tut_msgs/__init__.py
-- Up-to-date: /home/dr/Documents/ros2_workspaces/fortress_tut_ws/install/fortress_tut_msgs/local/lib/python3.10/dist-packages/fortress_tut_msgs/fortress_tut_msgs_s__rosidl_typesupport_c.cpython-310-x86_64-linux-gnu.so
-- Up-to-date: /home/dr/Documents/ros2_workspaces/fortress_tut_ws/install/fortress_tut_msgs/local/lib/python3.10/dist-packages/fortress_tut_msgs/libfortress_tut_msgs__rosidl_generator_py.so
-- Up-to-date: /home/dr/Documents/ros2_workspaces/fortress_tut_ws/install/fortress_tut_msgs/local/lib/python3.10/dist-packages/fortress_tut_msgs/_fortress_tut_msgs_s.ep.rosidl_typesupport_introspection_c.c
-- Up-to-date: /home/dr/Documents/ros2_workspaces/fortress_tut_ws/install/fortress_tut_msgs/local/lib/python3.10/dist-packages/fortress_tut_msgs/_fortress_tut_msgs_s.ep.rosidl_typesupport_c.c
-- Up-to-date: /home/dr/Documents/ros2_workspaces/fortress_tut_ws/install/fortress_tut_msgs/local/lib/python3.10/dist-packages/fortress_tut_msgs/fortress_tut_msgs_s__rosidl_typesupport_fastrtps_c.cpython-310-x86_64-linux-gnu.so
-- Up-to-date: /home/dr/Documents/ros2_workspaces/fortress_tut_ws/install/fortress_tut_msgs/local/lib/python3.10/dist-packages/fortress_tut_msgs/_fortress_tut_msgs_s.ep.rosidl_typesupport_fastrtps_c.c
-- Up-to-date: /home/dr/Documents/ros2_workspaces/fortress_tut_ws/install/fortress_tut_msgs/local/lib/python3.10/dist-packages/fortress_tut_msgs/fortress_tut_msgs_s__rosidl_typesupport_introspection_c.cpython-310-x86_64-linux-gnu.so
Listing '/home/dr/Documents/ros2_workspaces/fortress_tut_ws/install/fortress_tut_msgs/local/lib/python3.10/dist-packages/fortress_tut_msgs'...
Listing '/home/dr/Documents/ros2_workspaces/fortress_tut_ws/install/fortress_tut_msgs/local/lib/python3.10/dist-packages/fortress_tut_msgs/srv'...
-- Up-to-date: /home/dr/Documents/ros2_workspaces/fortress_tut_ws/install/fortress_tut_msgs/local/lib/python3.10/dist-packages/fortress_tut_msgs/fortress_tut_msgs_s__rosidl_typesupport_fastrtps_c.cpython-310-x86_64-linux-gnu.so
-- Up-to-date: /home/dr/Documents/ros2_workspaces/fortress_tut_ws/install/fortress_tut_msgs/local/lib/python3.10/dist-packages/fortress_tut_msgs/fortress_tut_msgs_s__rosidl_typesupport_introspection_c.cpython-310-x86_64-linux-gnu.so
-- Up-to-date: /home/dr/Documents/ros2_workspaces/fortress_tut_ws/install/fortress_tut_msgs/local/lib/python3.10/dist-packages/fortress_tut_msgs/fortress_tut_msgs_s__rosidl_typesupport_c.cpython-310-x86_64-linux-gnu.so
-- Up-to-date: /home/dr/Documents/ros2_workspaces/fortress_tut_ws/install/fortress_tut_msgs/lib/libfortress_tut_msgs__rosidl_generator_py.so
-- Up-to-date: /home/dr/Documents/ros2_workspaces/fortress_tut_ws/install/fortress_tut_msgs/share/ament_index/resource_index/rust_packages/fortress_tut_msgs
-- Up-to-date: /home/dr/Documents/ros2_workspaces/fortress_tut_ws/install/fortress_tut_msgs/share/fortress_tut_msgs/rust
-- Up-to-date: /home/dr/Documents/ros2_workspaces/fortress_tut_ws/install/fortress_tut_msgs/share/fortress_tut_msgs/rust/build.rs
-- Up-to-date: /home/dr/Documents/ros2_workspaces/fortress_tut_ws/install/fortress_tut_msgs/share/fortress_tut_msgs/rust/Cargo.toml
-- Up-to-date: /home/dr/Documents/ros2_workspaces/fortress_tut_ws/install/fortress_tut_msgs/share/fortress_tut_msgs/rust/src
-- Up-to-date: /home/dr/Documents/ros2_workspaces/fortress_tut_ws/install/fortress_tut_msgs/share/fortress_tut_msgs/rust/src/lib.rs
-- Up-to-date: /home/dr/Documents/ros2_workspaces/fortress_tut_ws/install/fortress_tut_msgs/share/fortress_tut_msgs/rust/src/srv
-- Up-to-date: /home/dr/Documents/ros2_workspaces/fortress_tut_ws/install/fortress_tut_msgs/share/fortress_tut_msgs/rust/src/srv/rmw.rs
-- Up-to-date: /home/dr/Documents/ros2_workspaces/fortress_tut_ws/install/fortress_tut_msgs/share/fortress_tut_msgs/rust/src/srv.rs
-- Up-to-date: /home/dr/Documents/ros2_workspaces/fortress_tut_ws/install/fortress_tut_msgs/share/fortress_tut_msgs/srv/MoveTurtlebot.idl
-- Up-to-date: /home/dr/Documents/ros2_workspaces/fortress_tut_ws/install/fortress_tut_msgs/share/fortress_tut_msgs/srv/MoveTurtlebot.srv
-- Up-to-date: /home/dr/Documents/ros2_workspaces/fortress_tut_ws/install/fortress_tut_msgs/share/fortress_tut_msgs/srv/MoveTurtlebot_Request.msg
-- Up-to-date: /home/dr/Documents/ros2_workspaces/fortress_tut_ws/install/fortress_tut_msgs/share/fortress_tut_msgs/srv/MoveTurtlebot_Response.msg
-- Up-to-date: /home/dr/Documents/ros2_workspaces/fortress_tut_ws/install/fortress_tut_msgs/share/ament_index/resource_index/package_run_dependencies/fortress_tut_msgs
-- Up-to-date: /home/dr/Documents/ros2_workspaces/fortress_tut_ws/install/fortress_tut_msgs/share/ament_index/resource_index/parent_prefix_path/fortress_tut_msgs
-- Up-to-date: /home/dr/Documents/ros2_workspaces/fortress_tut_ws/install/fortress_tut_msgs/share/fortress_tut_msgs/environment/ament_prefix_path.sh
-- Up-to-date: /home/dr/Documents/ros2_workspaces/fortress_tut_ws/install/fortress_tut_msgs/share/fortress_tut_msgs/environment/ament_prefix_path.dsv
-- Up-to-date: /home/dr/Documents/ros2_workspaces/fortress_tut_ws/install/fortress_tut_msgs/share/fortress_tut_msgs/environment/path.sh
-- Up-to-date: /home/dr/Documents/ros2_workspaces/fortress_tut_ws/install/fortress_tut_msgs/share/fortress_tut_msgs/environment/path.dsv
-- Up-to-date: /home/dr/Documents/ros2_workspaces/fortress_tut_ws/install/fortress_tut_msgs/share/fortress_tut_msgs/local_setup.bash
-- Up-to-date: /home/dr/Documents/ros2_workspaces/fortress_tut_ws/install/fortress_tut_msgs/share/fortress_tut_msgs/local_setup.sh
-- Up-to-date: /home/dr/Documents/ros2_workspaces/fortress_tut_ws/install/fortress_tut_msgs/share/fortress_tut_msgs/local_setup.zsh
-- Up-to-date: /home/dr/Documents/ros2_workspaces/fortress_tut_ws/install/fortress_tut_msgs/share/fortress_tut_msgs/local_setup.dsv
-- Installing: /home/dr/Documents/ros2_workspaces/fortress_tut_ws/install/fortress_tut_msgs/share/fortress_tut_msgs/package.dsv
-- Up-to-date: /home/dr/Documents/ros2_workspaces/fortress_tut_ws/install/fortress_tut_msgs/share/ament_index/resource_index/packages/fortress_tut_msgs
-- Up-to-date: /home/dr/Documents/ros2_workspaces/fortress_tut_ws/install/fortress_tut_msgs/share/fortress_tut_msgs/cmake/export_fortress_tut_msgs__rosidl_generator_cExport.cmake
-- Up-to-date: /home/dr/Documents/ros2_workspaces/fortress_tut_ws/install/fortress_tut_msgs/share/fortress_tut_msgs/cmake/export_fortress_tut_msgs__rosidl_generator_cExport-noconfig.cmake
-- Up-to-date: /home/dr/Documents/ros2_workspaces/fortress_tut_ws/install/fortress_tut_msgs/share/fortress_tut_msgs/cmake/export_fortress_tut_msgs__rosidl_typesupport_fastrtps_cExport.cmake
-- Up-to-date: /home/dr/Documents/ros2_workspaces/fortress_tut_ws/install/fortress_tut_msgs/share/fortress_tut_msgs/cmake/export_fortress_tut_msgs__rosidl_typesupport_fastrtps_cExport-noconfig.cmake
-- Up-to-date: /home/dr/Documents/ros2_workspaces/fortress_tut_ws/install/fortress_tut_msgs/share/fortress_tut_msgs/cmake/fortress_tut_msgs__rosidl_typesupport_introspection_cExport.cmake
-- Up-to-date: /home/dr/Documents/ros2_workspaces/fortress_tut_ws/install/fortress_tut_msgs/share/fortress_tut_msgs/cmake/fortress_tut_msgs__rosidl_typesupport_introspection_cExport-noconfig.cmake
-- Up-to-date: /home/dr/Documents/ros2_workspaces/fortress_tut_ws/install/fortress_tut_msgs/share/fortress_tut_msgs/cmake/fortress_tut_msgs__rosidl_typesupport_cExport.cmake
-- Up-to-date: /home/dr/Documents/ros2_workspaces/fortress_tut_ws/install/fortress_tut_msgs/share/fortress_tut_msgs/cmake/fortress_tut_msgs__rosidl_typesupport_cExport-noconfig.cmake
-- Up-to-date: /home/dr/Documents/ros2_workspaces/fortress_tut_ws/install/fortress_tut_msgs/share/fortress_tut_msgs/cmake/export_fortress_tut_msgs__rosidl_generator_cppExport.cmake
-- Up-to-date: /home/dr/Documents/ros2_workspaces/fortress_tut_ws/install/fortress_tut_msgs/share/fortress_tut_msgs/cmake/export_fortress_tut_msgs__rosidl_typesupport_fastrtps_cppExport.cmake
-- Up-to-date: /home/dr/Documents/ros2_workspaces/fortress_tut_ws/install/fortress_tut_msgs/share/fortress_tut_msgs/cmake/export_fortress_tut_msgs__rosidl_typesupport_fastrtps_cppExport-noconfig.cmake
-- Up-to-date: /home/dr/Documents/ros2_workspaces/fortress_tut_ws/install/fortress_tut_msgs/share/fortress_tut_msgs/cmake/fortress_tut_msgs__rosidl_typesupport_introspection_cppExport.cmake
-- Up-to-date: /home/dr/Documents/ros2_workspaces/fortress_tut_ws/install/fortress_tut_msgs/share/fortress_tut_msgs/cmake/fortress_tut_msgs__rosidl_typesupport_introspection_cppExport-noconfig.cmake
-- Up-to-date: /home/dr/Documents/ros2_workspaces/fortress_tut_ws/install/fortress_tut_msgs/share/fortress_tut_msgs/cmake/fortress_tut_msgs__rosidl_typesupport_cppExport.cmake
-- Up-to-date: /home/dr/Documents/ros2_workspaces/fortress_tut_ws/install/fortress_tut_msgs/share/fortress_tut_msgs/cmake/fortress_tut_msgs__rosidl_typesupport_cppExport-noconfig.cmake
-- Up-to-date: /home/dr/Documents/ros2_workspaces/fortress_tut_ws/install/fortress_tut_msgs/share/fortress_tut_msgs/cmake/export_fortress_tut_msgs__rosidl_generator_pyExport.cmake
-- Up-to-date: /home/dr/Documents/ros2_workspaces/fortress_tut_ws/install/fortress_tut_msgs/share/fortress_tut_msgs/cmake/export_fortress_tut_msgs__rosidl_generator_pyExport-noconfig.cmake
-- Up-to-date: /home/dr/Documents/ros2_workspaces/fortress_tut_ws/install/fortress_tut_msgs/share/fortress_tut_msgs/cmake/rosidl_cmake-extras.cmake
-- Up-to-date: /home/dr/Documents/ros2_workspaces/fortress_tut_ws/install/fortress_tut_msgs/share/fortress_tut_msgs/cmake/ament_cmake_export_include_directories-extras.cmake
-- Up-to-date: /home/dr/Documents/ros2_workspaces/fortress_tut_ws/install/fortress_tut_msgs/share/fortress_tut_msgs/cmake/ament_cmake_export_libraries-extras.cmake
-- Up-to-date: /home/dr/Documents/ros2_workspaces/fortress_tut_ws/install/fortress_tut_msgs/share/fortress_tut_msgs/cmake/ament_cmake_export_targets-extras.cmake
-- Up-to-date: /home/dr/Documents/ros2_workspaces/fortress_tut_ws/install/fortress_tut_msgs/share/fortress_tut_msgs/cmake/rosidl_cmake_export_typesupport_targets-extras.cmake
-- Up-to-date: /home/dr/Documents/ros2_workspaces/fortress_tut_ws/install/fortress_tut_msgs/share/fortress_tut_msgs/cmake/ament_cmake_export_dependencies-extras.cmake
-- Up-to-date: /home/dr/Documents/ros2_workspaces/fortress_tut_ws/install/fortress_tut_msgs/share/fortress_tut_msgs/cmake/rosidl_cmake_export_typesupport_libraries-extras.cmake
-- Up-to-date: /home/dr/Documents/ros2_workspaces/fortress_tut_ws/install/fortress_tut_msgs/share/fortress_tut_msgs/cmake/rosidl_cmake_aggregate_target-extras.cmake
-- Up-to-date: /home/dr/Documents/ros2_workspaces/fortress_tut_ws/install/fortress_tut_msgs/share/fortress_tut_msgs/cmake/fortress_tut_msgsConfig.cmake
-- Up-to-date: /home/dr/Documents/ros2_workspaces/fortress_tut_ws/install/fortress_tut_msgs/share/fortress_tut_msgs/cmake/fortress_tut_msgsConfig-version.cmake
-- Up-to-date: /home/dr/Documents/ros2_workspaces/fortress_tut_ws/install/fortress_tut_msgs/share/fortress_tut_msgs/package.xml
