[0.056s] Invoking command in '/home/dr/Documents/ros2_workspaces/fortress_tut_ws/build/fortress_tut_msgs': CMAKE_PREFIX_PATH=/home/dr/ros2_ws/install/my_robot_controller:/opt/ros/humble /usr/bin/cmake --build /home/dr/Documents/ros2_workspaces/fortress_tut_ws/build/fortress_tut_msgs -- -j8 -l8
[0.168s] [35m[1mConsolidate compiler generated dependencies of target fortress_tut_msgs__rosidl_generator_c[0m
[0.196s] [  3%] Built target fortress_tut_msgs__rs
[0.209s] [  6%] Built target fortress_tut_msgs__cpp
[0.230s] [ 15%] Built target fortress_tut_msgs__rosidl_generator_c
[0.268s] [ 15%] Built target ament_cmake_python_copy_fortress_tut_msgs
[0.270s] [35m[1mConsolidate compiler generated dependencies of target fortress_tut_msgs__rosidl_typesupport_fastrtps_cpp[0m
[0.345s] [35m[1mConsolidate compiler generated dependencies of target fortress_tut_msgs__rosidl_typesupport_cpp[0m
[0.345s] [35m[1mConsolidate compiler generated dependencies of target fortress_tut_msgs__rosidl_typesupport_introspection_cpp[0m
[0.400s] [35m[1mConsolidate compiler generated dependencies of target fortress_tut_msgs__rosidl_typesupport_c[0m
[0.401s] [35m[1mConsolidate compiler generated dependencies of target fortress_tut_msgs__rosidl_typesupport_introspection_c[0m
[0.410s] [35m[1mConsolidate compiler generated dependencies of target fortress_tut_msgs__rosidl_typesupport_fastrtps_c[0m
[0.411s] [ 25%] Built target fortress_tut_msgs__rosidl_typesupport_fastrtps_cpp
[0.419s] [ 34%] Built target fortress_tut_msgs__rosidl_typesupport_introspection_cpp
[0.421s] [ 43%] Built target fortress_tut_msgs__rosidl_typesupport_introspection_c
[0.422s] [ 53%] Built target fortress_tut_msgs__rosidl_typesupport_cpp
[0.427s] [ 62%] Built target fortress_tut_msgs__rosidl_typesupport_fastrtps_c
[0.431s] [ 71%] Built target fortress_tut_msgs__rosidl_typesupport_c
[0.490s] [ 71%] Built target fortress_tut_msgs
[0.606s] [ 75%] Built target fortress_tut_msgs__py
[0.656s] [35m[1mConsolidate compiler generated dependencies of target fortress_tut_msgs__rosidl_generator_py[0m
[0.716s] [ 81%] Built target fortress_tut_msgs__rosidl_generator_py
[0.762s] [35m[1mConsolidate compiler generated dependencies of target fortress_tut_msgs__rosidl_typesupport_c__pyext[0m
[0.765s] [35m[1mConsolidate compiler generated dependencies of target fortress_tut_msgs__rosidl_typesupport_introspection_c__pyext[0m
[0.799s] [35m[1mConsolidate compiler generated dependencies of target fortress_tut_msgs__rosidl_typesupport_fastrtps_c__pyext[0m
[0.822s] [ 87%] Built target fortress_tut_msgs__rosidl_typesupport_c__pyext
[0.825s] [ 93%] Built target fortress_tut_msgs__rosidl_typesupport_introspection_c__pyext
[0.846s] [100%] Built target fortress_tut_msgs__rosidl_typesupport_fastrtps_c__pyext
[1.044s] running egg_info
[1.044s] writing fortress_tut_msgs.egg-info/PKG-INFO
[1.045s] writing dependency_links to fortress_tut_msgs.egg-info/dependency_links.txt
[1.045s] writing top-level names to fortress_tut_msgs.egg-info/top_level.txt
[1.052s] reading manifest file 'fortress_tut_msgs.egg-info/SOURCES.txt'
[1.054s] writing manifest file 'fortress_tut_msgs.egg-info/SOURCES.txt'
[1.110s] [100%] Built target ament_cmake_python_build_fortress_tut_msgs_egg
[1.582s] Invoked command in '/home/dr/Documents/ros2_workspaces/fortress_tut_ws/build/fortress_tut_msgs' returned '0': CMAKE_PREFIX_PATH=/home/dr/ros2_ws/install/my_robot_controller:/opt/ros/humble /usr/bin/cmake --build /home/dr/Documents/ros2_workspaces/fortress_tut_ws/build/fortress_tut_msgs -- -j8 -l8
[1.587s] Invoking command in '/home/dr/Documents/ros2_workspaces/fortress_tut_ws/build/fortress_tut_msgs': CMAKE_PREFIX_PATH=/home/dr/ros2_ws/install/my_robot_controller:/opt/ros/humble /usr/bin/cmake --install /home/dr/Documents/ros2_workspaces/fortress_tut_ws/build/fortress_tut_msgs
[1.623s] -- Install configuration: ""
[1.623s] -- Up-to-date: /home/dr/Documents/ros2_workspaces/fortress_tut_ws/install/fortress_tut_msgs/share/ament_index/resource_index/rosidl_interfaces/fortress_tut_msgs
[1.624s] -- Up-to-date: /home/dr/Documents/ros2_workspaces/fortress_tut_ws/install/fortress_tut_msgs/include/fortress_tut_msgs/fortress_tut_msgs
[1.624s] -- Up-to-date: /home/dr/Documents/ros2_workspaces/fortress_tut_ws/install/fortress_tut_msgs/include/fortress_tut_msgs/fortress_tut_msgs/srv
[1.627s] -- Up-to-date: /home/dr/Documents/ros2_workspaces/fortress_tut_ws/install/fortress_tut_msgs/include/fortress_tut_msgs/fortress_tut_msgs/srv/detail
[1.629s] -- Up-to-date: /home/dr/Documents/ros2_workspaces/fortress_tut_ws/install/fortress_tut_msgs/include/fortress_tut_msgs/fortress_tut_msgs/srv/detail/move_turtlebot__functions.c
[1.632s] -- Up-to-date: /home/dr/Documents/ros2_workspaces/fortress_tut_ws/install/fortress_tut_msgs/include/fortress_tut_msgs/fortress_tut_msgs/srv/detail/move_turtlebot__struct.h
[1.633s] -- Up-to-date: /home/dr/Documents/ros2_workspaces/fortress_tut_ws/install/fortress_tut_msgs/include/fortress_tut_msgs/fortress_tut_msgs/srv/detail/move_turtlebot__functions.h
[1.633s] -- Up-to-date: /home/dr/Documents/ros2_workspaces/fortress_tut_ws/install/fortress_tut_msgs/include/fortress_tut_msgs/fortress_tut_msgs/srv/detail/move_turtlebot__type_support.h
[1.634s] -- Up-to-date: /home/dr/Documents/ros2_workspaces/fortress_tut_ws/install/fortress_tut_msgs/include/fortress_tut_msgs/fortress_tut_msgs/srv/move_turtlebot.h
[1.636s] -- Up-to-date: /home/dr/Documents/ros2_workspaces/fortress_tut_ws/install/fortress_tut_msgs/include/fortress_tut_msgs/fortress_tut_msgs/msg
[1.636s] -- Up-to-date: /home/dr/Documents/ros2_workspaces/fortress_tut_ws/install/fortress_tut_msgs/include/fortress_tut_msgs/fortress_tut_msgs/msg/rosidl_generator_c__visibility_control.h
[1.636s] -- Up-to-date: /home/dr/Documents/ros2_workspaces/fortress_tut_ws/install/fortress_tut_msgs/share/fortress_tut_msgs/environment/library_path.sh
[1.637s] -- Up-to-date: /home/dr/Documents/ros2_workspaces/fortress_tut_ws/install/fortress_tut_msgs/share/fortress_tut_msgs/environment/library_path.dsv
[1.642s] -- Up-to-date: /home/dr/Documents/ros2_workspaces/fortress_tut_ws/install/fortress_tut_msgs/lib/libfortress_tut_msgs__rosidl_generator_c.so
[1.642s] -- Up-to-date: /home/dr/Documents/ros2_workspaces/fortress_tut_ws/install/fortress_tut_msgs/include/fortress_tut_msgs/fortress_tut_msgs
[1.642s] -- Up-to-date: /home/dr/Documents/ros2_workspaces/fortress_tut_ws/install/fortress_tut_msgs/include/fortress_tut_msgs/fortress_tut_msgs/srv
[1.643s] -- Up-to-date: /home/dr/Documents/ros2_workspaces/fortress_tut_ws/install/fortress_tut_msgs/include/fortress_tut_msgs/fortress_tut_msgs/srv/detail
[1.643s] -- Up-to-date: /home/dr/Documents/ros2_workspaces/fortress_tut_ws/install/fortress_tut_msgs/include/fortress_tut_msgs/fortress_tut_msgs/srv/detail/move_turtlebot__rosidl_typesupport_fastrtps_c.h
[1.643s] -- Up-to-date: /home/dr/Documents/ros2_workspaces/fortress_tut_ws/install/fortress_tut_msgs/include/fortress_tut_msgs/fortress_tut_msgs/msg
[1.643s] -- Up-to-date: /home/dr/Documents/ros2_workspaces/fortress_tut_ws/install/fortress_tut_msgs/include/fortress_tut_msgs/fortress_tut_msgs/msg/rosidl_typesupport_fastrtps_c__visibility_control.h
[1.643s] -- Up-to-date: /home/dr/Documents/ros2_workspaces/fortress_tut_ws/install/fortress_tut_msgs/lib/libfortress_tut_msgs__rosidl_typesupport_fastrtps_c.so
[1.644s] -- Up-to-date: /home/dr/Documents/ros2_workspaces/fortress_tut_ws/install/fortress_tut_msgs/include/fortress_tut_msgs/fortress_tut_msgs
[1.647s] -- Up-to-date: /home/dr/Documents/ros2_workspaces/fortress_tut_ws/install/fortress_tut_msgs/include/fortress_tut_msgs/fortress_tut_msgs/srv
[1.647s] -- Up-to-date: /home/dr/Documents/ros2_workspaces/fortress_tut_ws/install/fortress_tut_msgs/include/fortress_tut_msgs/fortress_tut_msgs/srv/detail
[1.647s] -- Up-to-date: /home/dr/Documents/ros2_workspaces/fortress_tut_ws/install/fortress_tut_msgs/include/fortress_tut_msgs/fortress_tut_msgs/srv/detail/move_turtlebot__type_support.c
[1.648s] -- Up-to-date: /home/dr/Documents/ros2_workspaces/fortress_tut_ws/install/fortress_tut_msgs/include/fortress_tut_msgs/fortress_tut_msgs/srv/detail/move_turtlebot__rosidl_typesupport_introspection_c.h
[1.648s] -- Up-to-date: /home/dr/Documents/ros2_workspaces/fortress_tut_ws/install/fortress_tut_msgs/include/fortress_tut_msgs/fortress_tut_msgs/msg
[1.648s] -- Up-to-date: /home/dr/Documents/ros2_workspaces/fortress_tut_ws/install/fortress_tut_msgs/include/fortress_tut_msgs/fortress_tut_msgs/msg/rosidl_typesupport_introspection_c__visibility_control.h
[1.648s] -- Up-to-date: /home/dr/Documents/ros2_workspaces/fortress_tut_ws/install/fortress_tut_msgs/lib/libfortress_tut_msgs__rosidl_typesupport_introspection_c.so
[1.648s] -- Up-to-date: /home/dr/Documents/ros2_workspaces/fortress_tut_ws/install/fortress_tut_msgs/lib/libfortress_tut_msgs__rosidl_typesupport_c.so
[1.649s] -- Up-to-date: /home/dr/Documents/ros2_workspaces/fortress_tut_ws/install/fortress_tut_msgs/include/fortress_tut_msgs/fortress_tut_msgs
[1.649s] -- Up-to-date: /home/dr/Documents/ros2_workspaces/fortress_tut_ws/install/fortress_tut_msgs/include/fortress_tut_msgs/fortress_tut_msgs/srv
[1.649s] -- Up-to-date: /home/dr/Documents/ros2_workspaces/fortress_tut_ws/install/fortress_tut_msgs/include/fortress_tut_msgs/fortress_tut_msgs/srv/detail
[1.649s] -- Up-to-date: /home/dr/Documents/ros2_workspaces/fortress_tut_ws/install/fortress_tut_msgs/include/fortress_tut_msgs/fortress_tut_msgs/srv/detail/move_turtlebot__traits.hpp
[1.649s] -- Up-to-date: /home/dr/Documents/ros2_workspaces/fortress_tut_ws/install/fortress_tut_msgs/include/fortress_tut_msgs/fortress_tut_msgs/srv/detail/move_turtlebot__builder.hpp
[1.649s] -- Up-to-date: /home/dr/Documents/ros2_workspaces/fortress_tut_ws/install/fortress_tut_msgs/include/fortress_tut_msgs/fortress_tut_msgs/srv/detail/move_turtlebot__struct.hpp
[1.650s] -- Up-to-date: /home/dr/Documents/ros2_workspaces/fortress_tut_ws/install/fortress_tut_msgs/include/fortress_tut_msgs/fortress_tut_msgs/srv/detail/move_turtlebot__type_support.hpp
[1.650s] -- Up-to-date: /home/dr/Documents/ros2_workspaces/fortress_tut_ws/install/fortress_tut_msgs/include/fortress_tut_msgs/fortress_tut_msgs/srv/move_turtlebot.hpp
[1.651s] -- Up-to-date: /home/dr/Documents/ros2_workspaces/fortress_tut_ws/install/fortress_tut_msgs/include/fortress_tut_msgs/fortress_tut_msgs/msg
[1.651s] -- Up-to-date: /home/dr/Documents/ros2_workspaces/fortress_tut_ws/install/fortress_tut_msgs/include/fortress_tut_msgs/fortress_tut_msgs/msg/rosidl_generator_cpp__visibility_control.hpp
[1.652s] -- Up-to-date: /home/dr/Documents/ros2_workspaces/fortress_tut_ws/install/fortress_tut_msgs/include/fortress_tut_msgs/fortress_tut_msgs
[1.652s] -- Up-to-date: /home/dr/Documents/ros2_workspaces/fortress_tut_ws/install/fortress_tut_msgs/include/fortress_tut_msgs/fortress_tut_msgs/srv
[1.652s] -- Up-to-date: /home/dr/Documents/ros2_workspaces/fortress_tut_ws/install/fortress_tut_msgs/include/fortress_tut_msgs/fortress_tut_msgs/srv/detail
[1.652s] -- Up-to-date: /home/dr/Documents/ros2_workspaces/fortress_tut_ws/install/fortress_tut_msgs/include/fortress_tut_msgs/fortress_tut_msgs/srv/detail/move_turtlebot__rosidl_typesupport_fastrtps_cpp.hpp
[1.652s] -- Up-to-date: /home/dr/Documents/ros2_workspaces/fortress_tut_ws/install/fortress_tut_msgs/include/fortress_tut_msgs/fortress_tut_msgs/srv/detail/dds_fastrtps
[1.653s] -- Up-to-date: /home/dr/Documents/ros2_workspaces/fortress_tut_ws/install/fortress_tut_msgs/include/fortress_tut_msgs/fortress_tut_msgs/msg
[1.653s] -- Up-to-date: /home/dr/Documents/ros2_workspaces/fortress_tut_ws/install/fortress_tut_msgs/include/fortress_tut_msgs/fortress_tut_msgs/msg/rosidl_typesupport_fastrtps_cpp__visibility_control.h
[1.653s] -- Up-to-date: /home/dr/Documents/ros2_workspaces/fortress_tut_ws/install/fortress_tut_msgs/lib/libfortress_tut_msgs__rosidl_typesupport_fastrtps_cpp.so
[1.654s] -- Up-to-date: /home/dr/Documents/ros2_workspaces/fortress_tut_ws/install/fortress_tut_msgs/include/fortress_tut_msgs/fortress_tut_msgs
[1.654s] -- Up-to-date: /home/dr/Documents/ros2_workspaces/fortress_tut_ws/install/fortress_tut_msgs/include/fortress_tut_msgs/fortress_tut_msgs/srv
[1.655s] -- Up-to-date: /home/dr/Documents/ros2_workspaces/fortress_tut_ws/install/fortress_tut_msgs/include/fortress_tut_msgs/fortress_tut_msgs/srv/detail
[1.655s] -- Up-to-date: /home/dr/Documents/ros2_workspaces/fortress_tut_ws/install/fortress_tut_msgs/include/fortress_tut_msgs/fortress_tut_msgs/srv/detail/move_turtlebot__rosidl_typesupport_introspection_cpp.hpp
[1.655s] -- Up-to-date: /home/dr/Documents/ros2_workspaces/fortress_tut_ws/install/fortress_tut_msgs/include/fortress_tut_msgs/fortress_tut_msgs/srv/detail/move_turtlebot__type_support.cpp
[1.655s] -- Up-to-date: /home/dr/Documents/ros2_workspaces/fortress_tut_ws/install/fortress_tut_msgs/lib/libfortress_tut_msgs__rosidl_typesupport_introspection_cpp.so
[1.655s] -- Up-to-date: /home/dr/Documents/ros2_workspaces/fortress_tut_ws/install/fortress_tut_msgs/lib/libfortress_tut_msgs__rosidl_typesupport_cpp.so
[1.657s] -- Up-to-date: /home/dr/Documents/ros2_workspaces/fortress_tut_ws/install/fortress_tut_msgs/share/fortress_tut_msgs/environment/pythonpath.sh
[1.657s] -- Up-to-date: /home/dr/Documents/ros2_workspaces/fortress_tut_ws/install/fortress_tut_msgs/share/fortress_tut_msgs/environment/pythonpath.dsv
[1.657s] -- Up-to-date: /home/dr/Documents/ros2_workspaces/fortress_tut_ws/install/fortress_tut_msgs/local/lib/python3.10/dist-packages/fortress_tut_msgs-0.0.0-py3.10.egg-info
[1.657s] -- Installing: /home/dr/Documents/ros2_workspaces/fortress_tut_ws/install/fortress_tut_msgs/local/lib/python3.10/dist-packages/fortress_tut_msgs-0.0.0-py3.10.egg-info/dependency_links.txt
[1.658s] -- Installing: /home/dr/Documents/ros2_workspaces/fortress_tut_ws/install/fortress_tut_msgs/local/lib/python3.10/dist-packages/fortress_tut_msgs-0.0.0-py3.10.egg-info/PKG-INFO
[1.658s] -- Installing: /home/dr/Documents/ros2_workspaces/fortress_tut_ws/install/fortress_tut_msgs/local/lib/python3.10/dist-packages/fortress_tut_msgs-0.0.0-py3.10.egg-info/top_level.txt
[1.658s] -- Installing: /home/dr/Documents/ros2_workspaces/fortress_tut_ws/install/fortress_tut_msgs/local/lib/python3.10/dist-packages/fortress_tut_msgs-0.0.0-py3.10.egg-info/SOURCES.txt
[1.658s] -- Up-to-date: /home/dr/Documents/ros2_workspaces/fortress_tut_ws/install/fortress_tut_msgs/local/lib/python3.10/dist-packages/fortress_tut_msgs
[1.658s] -- Up-to-date: /home/dr/Documents/ros2_workspaces/fortress_tut_ws/install/fortress_tut_msgs/local/lib/python3.10/dist-packages/fortress_tut_msgs/srv
[1.658s] -- Up-to-date: /home/dr/Documents/ros2_workspaces/fortress_tut_ws/install/fortress_tut_msgs/local/lib/python3.10/dist-packages/fortress_tut_msgs/srv/__init__.py
[1.665s] -- Up-to-date: /home/dr/Documents/ros2_workspaces/fortress_tut_ws/install/fortress_tut_msgs/local/lib/python3.10/dist-packages/fortress_tut_msgs/srv/_move_turtlebot.py
[1.665s] -- Up-to-date: /home/dr/Documents/ros2_workspaces/fortress_tut_ws/install/fortress_tut_msgs/local/lib/python3.10/dist-packages/fortress_tut_msgs/srv/_move_turtlebot_s.c
[1.667s] -- Up-to-date: /home/dr/Documents/ros2_workspaces/fortress_tut_ws/install/fortress_tut_msgs/local/lib/python3.10/dist-packages/fortress_tut_msgs/__init__.py
[1.667s] -- Up-to-date: /home/dr/Documents/ros2_workspaces/fortress_tut_ws/install/fortress_tut_msgs/local/lib/python3.10/dist-packages/fortress_tut_msgs/fortress_tut_msgs_s__rosidl_typesupport_c.cpython-310-x86_64-linux-gnu.so
[1.668s] -- Up-to-date: /home/dr/Documents/ros2_workspaces/fortress_tut_ws/install/fortress_tut_msgs/local/lib/python3.10/dist-packages/fortress_tut_msgs/libfortress_tut_msgs__rosidl_generator_py.so
[1.668s] -- Up-to-date: /home/dr/Documents/ros2_workspaces/fortress_tut_ws/install/fortress_tut_msgs/local/lib/python3.10/dist-packages/fortress_tut_msgs/_fortress_tut_msgs_s.ep.rosidl_typesupport_introspection_c.c
[1.668s] -- Up-to-date: /home/dr/Documents/ros2_workspaces/fortress_tut_ws/install/fortress_tut_msgs/local/lib/python3.10/dist-packages/fortress_tut_msgs/_fortress_tut_msgs_s.ep.rosidl_typesupport_c.c
[1.668s] -- Up-to-date: /home/dr/Documents/ros2_workspaces/fortress_tut_ws/install/fortress_tut_msgs/local/lib/python3.10/dist-packages/fortress_tut_msgs/fortress_tut_msgs_s__rosidl_typesupport_fastrtps_c.cpython-310-x86_64-linux-gnu.so
[1.668s] -- Up-to-date: /home/dr/Documents/ros2_workspaces/fortress_tut_ws/install/fortress_tut_msgs/local/lib/python3.10/dist-packages/fortress_tut_msgs/_fortress_tut_msgs_s.ep.rosidl_typesupport_fastrtps_c.c
[1.668s] -- Up-to-date: /home/dr/Documents/ros2_workspaces/fortress_tut_ws/install/fortress_tut_msgs/local/lib/python3.10/dist-packages/fortress_tut_msgs/fortress_tut_msgs_s__rosidl_typesupport_introspection_c.cpython-310-x86_64-linux-gnu.so
[1.816s] Listing '/home/dr/Documents/ros2_workspaces/fortress_tut_ws/install/fortress_tut_msgs/local/lib/python3.10/dist-packages/fortress_tut_msgs'...
[1.816s] Listing '/home/dr/Documents/ros2_workspaces/fortress_tut_ws/install/fortress_tut_msgs/local/lib/python3.10/dist-packages/fortress_tut_msgs/srv'...
[1.841s] -- Up-to-date: /home/dr/Documents/ros2_workspaces/fortress_tut_ws/install/fortress_tut_msgs/local/lib/python3.10/dist-packages/fortress_tut_msgs/fortress_tut_msgs_s__rosidl_typesupport_fastrtps_c.cpython-310-x86_64-linux-gnu.so
[1.842s] -- Up-to-date: /home/dr/Documents/ros2_workspaces/fortress_tut_ws/install/fortress_tut_msgs/local/lib/python3.10/dist-packages/fortress_tut_msgs/fortress_tut_msgs_s__rosidl_typesupport_introspection_c.cpython-310-x86_64-linux-gnu.so
[1.843s] -- Up-to-date: /home/dr/Documents/ros2_workspaces/fortress_tut_ws/install/fortress_tut_msgs/local/lib/python3.10/dist-packages/fortress_tut_msgs/fortress_tut_msgs_s__rosidl_typesupport_c.cpython-310-x86_64-linux-gnu.so
[1.846s] -- Up-to-date: /home/dr/Documents/ros2_workspaces/fortress_tut_ws/install/fortress_tut_msgs/lib/libfortress_tut_msgs__rosidl_generator_py.so
[1.849s] -- Up-to-date: /home/dr/Documents/ros2_workspaces/fortress_tut_ws/install/fortress_tut_msgs/share/ament_index/resource_index/rust_packages/fortress_tut_msgs
[1.852s] -- Up-to-date: /home/dr/Documents/ros2_workspaces/fortress_tut_ws/install/fortress_tut_msgs/share/fortress_tut_msgs/rust
[1.852s] -- Up-to-date: /home/dr/Documents/ros2_workspaces/fortress_tut_ws/install/fortress_tut_msgs/share/fortress_tut_msgs/rust/build.rs
[1.853s] -- Up-to-date: /home/dr/Documents/ros2_workspaces/fortress_tut_ws/install/fortress_tut_msgs/share/fortress_tut_msgs/rust/Cargo.toml
[1.853s] -- Up-to-date: /home/dr/Documents/ros2_workspaces/fortress_tut_ws/install/fortress_tut_msgs/share/fortress_tut_msgs/rust/src
[1.853s] -- Up-to-date: /home/dr/Documents/ros2_workspaces/fortress_tut_ws/install/fortress_tut_msgs/share/fortress_tut_msgs/rust/src/lib.rs
[1.853s] -- Up-to-date: /home/dr/Documents/ros2_workspaces/fortress_tut_ws/install/fortress_tut_msgs/share/fortress_tut_msgs/rust/src/srv
[1.853s] -- Up-to-date: /home/dr/Documents/ros2_workspaces/fortress_tut_ws/install/fortress_tut_msgs/share/fortress_tut_msgs/rust/src/srv/rmw.rs
[1.853s] -- Up-to-date: /home/dr/Documents/ros2_workspaces/fortress_tut_ws/install/fortress_tut_msgs/share/fortress_tut_msgs/rust/src/srv.rs
[1.854s] -- Up-to-date: /home/dr/Documents/ros2_workspaces/fortress_tut_ws/install/fortress_tut_msgs/share/fortress_tut_msgs/srv/MoveTurtlebot.idl
[1.860s] -- Up-to-date: /home/dr/Documents/ros2_workspaces/fortress_tut_ws/install/fortress_tut_msgs/share/fortress_tut_msgs/srv/MoveTurtlebot.srv
[1.860s] -- Up-to-date: /home/dr/Documents/ros2_workspaces/fortress_tut_ws/install/fortress_tut_msgs/share/fortress_tut_msgs/srv/MoveTurtlebot_Request.msg
[1.860s] -- Up-to-date: /home/dr/Documents/ros2_workspaces/fortress_tut_ws/install/fortress_tut_msgs/share/fortress_tut_msgs/srv/MoveTurtlebot_Response.msg
[1.861s] -- Up-to-date: /home/dr/Documents/ros2_workspaces/fortress_tut_ws/install/fortress_tut_msgs/share/ament_index/resource_index/package_run_dependencies/fortress_tut_msgs
[1.861s] -- Up-to-date: /home/dr/Documents/ros2_workspaces/fortress_tut_ws/install/fortress_tut_msgs/share/ament_index/resource_index/parent_prefix_path/fortress_tut_msgs
[1.861s] -- Up-to-date: /home/dr/Documents/ros2_workspaces/fortress_tut_ws/install/fortress_tut_msgs/share/fortress_tut_msgs/environment/ament_prefix_path.sh
[1.861s] -- Up-to-date: /home/dr/Documents/ros2_workspaces/fortress_tut_ws/install/fortress_tut_msgs/share/fortress_tut_msgs/environment/ament_prefix_path.dsv
[1.861s] -- Up-to-date: /home/dr/Documents/ros2_workspaces/fortress_tut_ws/install/fortress_tut_msgs/share/fortress_tut_msgs/environment/path.sh
[1.861s] -- Up-to-date: /home/dr/Documents/ros2_workspaces/fortress_tut_ws/install/fortress_tut_msgs/share/fortress_tut_msgs/environment/path.dsv
[1.861s] -- Up-to-date: /home/dr/Documents/ros2_workspaces/fortress_tut_ws/install/fortress_tut_msgs/share/fortress_tut_msgs/local_setup.bash
[1.862s] -- Up-to-date: /home/dr/Documents/ros2_workspaces/fortress_tut_ws/install/fortress_tut_msgs/share/fortress_tut_msgs/local_setup.sh
[1.862s] -- Up-to-date: /home/dr/Documents/ros2_workspaces/fortress_tut_ws/install/fortress_tut_msgs/share/fortress_tut_msgs/local_setup.zsh
[1.866s] -- Up-to-date: /home/dr/Documents/ros2_workspaces/fortress_tut_ws/install/fortress_tut_msgs/share/fortress_tut_msgs/local_setup.dsv
[1.867s] -- Installing: /home/dr/Documents/ros2_workspaces/fortress_tut_ws/install/fortress_tut_msgs/share/fortress_tut_msgs/package.dsv
[1.870s] -- Up-to-date: /home/dr/Documents/ros2_workspaces/fortress_tut_ws/install/fortress_tut_msgs/share/ament_index/resource_index/packages/fortress_tut_msgs
[1.874s] -- Up-to-date: /home/dr/Documents/ros2_workspaces/fortress_tut_ws/install/fortress_tut_msgs/share/fortress_tut_msgs/cmake/export_fortress_tut_msgs__rosidl_generator_cExport.cmake
[1.874s] -- Up-to-date: /home/dr/Documents/ros2_workspaces/fortress_tut_ws/install/fortress_tut_msgs/share/fortress_tut_msgs/cmake/export_fortress_tut_msgs__rosidl_generator_cExport-noconfig.cmake
[1.875s] -- Up-to-date: /home/dr/Documents/ros2_workspaces/fortress_tut_ws/install/fortress_tut_msgs/share/fortress_tut_msgs/cmake/export_fortress_tut_msgs__rosidl_typesupport_fastrtps_cExport.cmake
[1.875s] -- Up-to-date: /home/dr/Documents/ros2_workspaces/fortress_tut_ws/install/fortress_tut_msgs/share/fortress_tut_msgs/cmake/export_fortress_tut_msgs__rosidl_typesupport_fastrtps_cExport-noconfig.cmake
[1.876s] -- Up-to-date: /home/dr/Documents/ros2_workspaces/fortress_tut_ws/install/fortress_tut_msgs/share/fortress_tut_msgs/cmake/fortress_tut_msgs__rosidl_typesupport_introspection_cExport.cmake
[1.876s] -- Up-to-date: /home/dr/Documents/ros2_workspaces/fortress_tut_ws/install/fortress_tut_msgs/share/fortress_tut_msgs/cmake/fortress_tut_msgs__rosidl_typesupport_introspection_cExport-noconfig.cmake
[1.876s] -- Up-to-date: /home/dr/Documents/ros2_workspaces/fortress_tut_ws/install/fortress_tut_msgs/share/fortress_tut_msgs/cmake/fortress_tut_msgs__rosidl_typesupport_cExport.cmake
[1.876s] -- Up-to-date: /home/dr/Documents/ros2_workspaces/fortress_tut_ws/install/fortress_tut_msgs/share/fortress_tut_msgs/cmake/fortress_tut_msgs__rosidl_typesupport_cExport-noconfig.cmake
[1.876s] -- Up-to-date: /home/dr/Documents/ros2_workspaces/fortress_tut_ws/install/fortress_tut_msgs/share/fortress_tut_msgs/cmake/export_fortress_tut_msgs__rosidl_generator_cppExport.cmake
[1.876s] -- Up-to-date: /home/dr/Documents/ros2_workspaces/fortress_tut_ws/install/fortress_tut_msgs/share/fortress_tut_msgs/cmake/export_fortress_tut_msgs__rosidl_typesupport_fastrtps_cppExport.cmake
[1.876s] -- Up-to-date: /home/dr/Documents/ros2_workspaces/fortress_tut_ws/install/fortress_tut_msgs/share/fortress_tut_msgs/cmake/export_fortress_tut_msgs__rosidl_typesupport_fastrtps_cppExport-noconfig.cmake
[1.877s] -- Up-to-date: /home/dr/Documents/ros2_workspaces/fortress_tut_ws/install/fortress_tut_msgs/share/fortress_tut_msgs/cmake/fortress_tut_msgs__rosidl_typesupport_introspection_cppExport.cmake
[1.877s] -- Up-to-date: /home/dr/Documents/ros2_workspaces/fortress_tut_ws/install/fortress_tut_msgs/share/fortress_tut_msgs/cmake/fortress_tut_msgs__rosidl_typesupport_introspection_cppExport-noconfig.cmake
[1.881s] -- Up-to-date: /home/dr/Documents/ros2_workspaces/fortress_tut_ws/install/fortress_tut_msgs/share/fortress_tut_msgs/cmake/fortress_tut_msgs__rosidl_typesupport_cppExport.cmake
[1.881s] -- Up-to-date: /home/dr/Documents/ros2_workspaces/fortress_tut_ws/install/fortress_tut_msgs/share/fortress_tut_msgs/cmake/fortress_tut_msgs__rosidl_typesupport_cppExport-noconfig.cmake
[1.881s] -- Up-to-date: /home/dr/Documents/ros2_workspaces/fortress_tut_ws/install/fortress_tut_msgs/share/fortress_tut_msgs/cmake/export_fortress_tut_msgs__rosidl_generator_pyExport.cmake
[1.881s] -- Up-to-date: /home/dr/Documents/ros2_workspaces/fortress_tut_ws/install/fortress_tut_msgs/share/fortress_tut_msgs/cmake/export_fortress_tut_msgs__rosidl_generator_pyExport-noconfig.cmake
[1.882s] -- Up-to-date: /home/dr/Documents/ros2_workspaces/fortress_tut_ws/install/fortress_tut_msgs/share/fortress_tut_msgs/cmake/rosidl_cmake-extras.cmake
[1.882s] -- Up-to-date: /home/dr/Documents/ros2_workspaces/fortress_tut_ws/install/fortress_tut_msgs/share/fortress_tut_msgs/cmake/ament_cmake_export_include_directories-extras.cmake
[1.882s] -- Up-to-date: /home/dr/Documents/ros2_workspaces/fortress_tut_ws/install/fortress_tut_msgs/share/fortress_tut_msgs/cmake/ament_cmake_export_libraries-extras.cmake
[1.882s] -- Up-to-date: /home/dr/Documents/ros2_workspaces/fortress_tut_ws/install/fortress_tut_msgs/share/fortress_tut_msgs/cmake/ament_cmake_export_targets-extras.cmake
[1.882s] -- Up-to-date: /home/dr/Documents/ros2_workspaces/fortress_tut_ws/install/fortress_tut_msgs/share/fortress_tut_msgs/cmake/rosidl_cmake_export_typesupport_targets-extras.cmake
[1.882s] -- Up-to-date: /home/dr/Documents/ros2_workspaces/fortress_tut_ws/install/fortress_tut_msgs/share/fortress_tut_msgs/cmake/ament_cmake_export_dependencies-extras.cmake
[1.883s] -- Up-to-date: /home/dr/Documents/ros2_workspaces/fortress_tut_ws/install/fortress_tut_msgs/share/fortress_tut_msgs/cmake/rosidl_cmake_export_typesupport_libraries-extras.cmake
[1.883s] -- Up-to-date: /home/dr/Documents/ros2_workspaces/fortress_tut_ws/install/fortress_tut_msgs/share/fortress_tut_msgs/cmake/rosidl_cmake_aggregate_target-extras.cmake
[1.886s] -- Up-to-date: /home/dr/Documents/ros2_workspaces/fortress_tut_ws/install/fortress_tut_msgs/share/fortress_tut_msgs/cmake/fortress_tut_msgsConfig.cmake
[1.886s] -- Up-to-date: /home/dr/Documents/ros2_workspaces/fortress_tut_ws/install/fortress_tut_msgs/share/fortress_tut_msgs/cmake/fortress_tut_msgsConfig-version.cmake
[1.887s] -- Up-to-date: /home/dr/Documents/ros2_workspaces/fortress_tut_ws/install/fortress_tut_msgs/share/fortress_tut_msgs/package.xml
[1.964s] Invoked command in '/home/dr/Documents/ros2_workspaces/fortress_tut_ws/build/fortress_tut_msgs' returned '0': CMAKE_PREFIX_PATH=/home/dr/ros2_ws/install/my_robot_controller:/opt/ros/humble /usr/bin/cmake --install /home/dr/Documents/ros2_workspaces/fortress_tut_ws/build/fortress_tut_msgs
