[0.131s] DEBUG:colcon:Command line arguments: ['/usr/bin/colcon', 'build']
[0.131s] DEBUG:colcon:Parsed command line arguments: Namespace(log_base=None, log_level=None, verb_name='build', build_base='build', install_base='install', merge_install=False, symlink_install=False, test_result_base=None, continue_on_error=False, executor='parallel', parallel_workers=8, event_handlers=None, ignore_user_meta=False, metas=['./colcon.meta'], base_paths=['.'], packages_ignore=None, packages_ignore_regex=None, paths=None, packages_up_to=None, packages_up_to_regex=None, packages_above=None, packages_above_and_dependencies=None, packages_above_depth=None, packages_select_by_dep=None, packages_skip_by_dep=None, packages_skip_up_to=None, packages_select_build_failed=False, packages_skip_build_finished=False, packages_select_test_failures=False, packages_skip_test_passed=False, packages_select=None, packages_skip=None, packages_select_regex=None, packages_skip_regex=None, packages_start=None, packages_end=None, allow_overriding=[], cmake_args=None, cmake_target=None, cmake_target_skip_unavailable=False, cmake_clean_cache=False, cmake_clean_first=False, cmake_force_configure=False, ament_cmake_args=None, catkin_cmake_args=None, catkin_skip_building_tests=False, verb_parser=<colcon_defaults.argument_parser.defaults.DefaultArgumentsDecorator object at 0x7c1617d144f0>, verb_extension=<colcon_core.verb.build.BuildVerb object at 0x7c1617ed4be0>, main=<bound method BuildVerb.main of <colcon_core.verb.build.BuildVerb object at 0x7c1617ed4be0>>)
[0.342s] Level 1:colcon.colcon_core.package_discovery:discover_packages(colcon_meta) check parameters
[0.342s] Level 1:colcon.colcon_core.package_discovery:discover_packages(recursive) check parameters
[0.343s] Level 1:colcon.colcon_core.package_discovery:discover_packages(ignore) check parameters
[0.343s] Level 1:colcon.colcon_core.package_discovery:discover_packages(path) check parameters
[0.343s] Level 1:colcon.colcon_core.package_discovery:discover_packages(colcon_meta) discover
[0.343s] Level 1:colcon.colcon_core.package_discovery:discover_packages(recursive) discover
[0.343s] INFO:colcon.colcon_core.package_discovery:Crawling recursively for packages in '/home/dr/Documents/ros2_workspaces/fortress_tut_ws'
[0.343s] Level 1:colcon.colcon_core.package_identification:_identify(.) by extensions ['ignore', 'ignore_ament_install']
[0.343s] Level 1:colcon.colcon_core.package_identification:_identify(.) by extension 'ignore'
[0.343s] Level 1:colcon.colcon_core.package_identification:_identify(.) by extension 'ignore_ament_install'
[0.343s] Level 1:colcon.colcon_core.package_identification:_identify(.) by extensions ['colcon_pkg']
[0.343s] Level 1:colcon.colcon_core.package_identification:_identify(.) by extension 'colcon_pkg'
[0.343s] Level 1:colcon.colcon_core.package_identification:_identify(.) by extensions ['colcon_meta']
[0.343s] Level 1:colcon.colcon_core.package_identification:_identify(.) by extension 'colcon_meta'
[0.343s] Level 1:colcon.colcon_core.package_identification:_identify(.) by extensions ['ros']
[0.343s] Level 1:colcon.colcon_core.package_identification:_identify(.) by extension 'ros'
[0.357s] Level 1:colcon.colcon_core.package_identification:_identify(.) by extensions ['cmake', 'python']
[0.357s] Level 1:colcon.colcon_core.package_identification:_identify(.) by extension 'cmake'
[0.357s] Level 1:colcon.colcon_core.package_identification:_identify(.) by extension 'python'
[0.357s] Level 1:colcon.colcon_core.package_identification:_identify(.) by extensions ['python_setup_py']
[0.357s] Level 1:colcon.colcon_core.package_identification:_identify(.) by extension 'python_setup_py'
[0.357s] Level 1:colcon.colcon_core.package_identification:_identify(build) by extensions ['ignore', 'ignore_ament_install']
[0.357s] Level 1:colcon.colcon_core.package_identification:_identify(build) by extension 'ignore'
[0.357s] Level 1:colcon.colcon_core.package_identification:_identify(build) ignored
[0.358s] Level 1:colcon.colcon_core.package_identification:_identify(install) by extensions ['ignore', 'ignore_ament_install']
[0.358s] Level 1:colcon.colcon_core.package_identification:_identify(install) by extension 'ignore'
[0.358s] Level 1:colcon.colcon_core.package_identification:_identify(install) ignored
[0.358s] Level 1:colcon.colcon_core.package_identification:_identify(log) by extensions ['ignore', 'ignore_ament_install']
[0.358s] Level 1:colcon.colcon_core.package_identification:_identify(log) by extension 'ignore'
[0.358s] Level 1:colcon.colcon_core.package_identification:_identify(log) ignored
[0.358s] Level 1:colcon.colcon_core.package_identification:_identify(src) by extensions ['ignore', 'ignore_ament_install']
[0.358s] Level 1:colcon.colcon_core.package_identification:_identify(src) by extension 'ignore'
[0.358s] Level 1:colcon.colcon_core.package_identification:_identify(src) by extension 'ignore_ament_install'
[0.358s] Level 1:colcon.colcon_core.package_identification:_identify(src) by extensions ['colcon_pkg']
[0.358s] Level 1:colcon.colcon_core.package_identification:_identify(src) by extension 'colcon_pkg'
[0.358s] Level 1:colcon.colcon_core.package_identification:_identify(src) by extensions ['colcon_meta']
[0.358s] Level 1:colcon.colcon_core.package_identification:_identify(src) by extension 'colcon_meta'
[0.359s] Level 1:colcon.colcon_core.package_identification:_identify(src) by extensions ['ros']
[0.359s] Level 1:colcon.colcon_core.package_identification:_identify(src) by extension 'ros'
[0.359s] Level 1:colcon.colcon_core.package_identification:_identify(src) by extensions ['cmake', 'python']
[0.359s] Level 1:colcon.colcon_core.package_identification:_identify(src) by extension 'cmake'
[0.359s] Level 1:colcon.colcon_core.package_identification:_identify(src) by extension 'python'
[0.359s] Level 1:colcon.colcon_core.package_identification:_identify(src) by extensions ['python_setup_py']
[0.359s] Level 1:colcon.colcon_core.package_identification:_identify(src) by extension 'python_setup_py'
[0.359s] Level 1:colcon.colcon_core.package_identification:_identify(src/fortress_tut) by extensions ['ignore', 'ignore_ament_install']
[0.359s] Level 1:colcon.colcon_core.package_identification:_identify(src/fortress_tut) by extension 'ignore'
[0.359s] Level 1:colcon.colcon_core.package_identification:_identify(src/fortress_tut) by extension 'ignore_ament_install'
[0.359s] Level 1:colcon.colcon_core.package_identification:_identify(src/fortress_tut) by extensions ['colcon_pkg']
[0.359s] Level 1:colcon.colcon_core.package_identification:_identify(src/fortress_tut) by extension 'colcon_pkg'
[0.359s] Level 1:colcon.colcon_core.package_identification:_identify(src/fortress_tut) by extensions ['colcon_meta']
[0.359s] Level 1:colcon.colcon_core.package_identification:_identify(src/fortress_tut) by extension 'colcon_meta'
[0.359s] Level 1:colcon.colcon_core.package_identification:_identify(src/fortress_tut) by extensions ['ros']
[0.359s] Level 1:colcon.colcon_core.package_identification:_identify(src/fortress_tut) by extension 'ros'
[0.362s] DEBUG:colcon.colcon_core.package_identification:Package 'src/fortress_tut' with type 'ros.ament_python' and name 'fortress_tut'
[0.362s] Level 1:colcon.colcon_core.package_discovery:discover_packages(recursive) using defaults
[0.363s] Level 1:colcon.colcon_core.package_discovery:discover_packages(ignore) discover
[0.363s] Level 1:colcon.colcon_core.package_discovery:discover_packages(ignore) using defaults
[0.363s] Level 1:colcon.colcon_core.package_discovery:discover_packages(path) discover
[0.363s] Level 1:colcon.colcon_core.package_discovery:discover_packages(path) using defaults
[0.387s] Level 1:colcon.colcon_core.package_discovery:discover_packages(prefix_path) check parameters
[0.387s] Level 1:colcon.colcon_core.package_discovery:discover_packages(prefix_path) discover
[0.389s] DEBUG:colcon.colcon_installed_package_information.package_discovery:Found 2 installed packages in /home/dr/Documents/ros2_workspaces/fortress_tut_ws/install
[0.390s] DEBUG:colcon.colcon_installed_package_information.package_discovery:Found 1 installed packages in /home/dr/ros2_ws/install
[0.392s] DEBUG:colcon.colcon_installed_package_information.package_discovery:Found 335 installed packages in /opt/ros/humble
[0.405s] Level 1:colcon.colcon_core.package_discovery:discover_packages(prefix_path) using defaults
[0.470s] Level 5:colcon.colcon_core.verb:set package 'fortress_tut' build argument 'cmake_args' from command line to 'None'
[0.470s] Level 5:colcon.colcon_core.verb:set package 'fortress_tut' build argument 'cmake_target' from command line to 'None'
[0.470s] Level 5:colcon.colcon_core.verb:set package 'fortress_tut' build argument 'cmake_target_skip_unavailable' from command line to 'False'
[0.470s] Level 5:colcon.colcon_core.verb:set package 'fortress_tut' build argument 'cmake_clean_cache' from command line to 'False'
[0.470s] Level 5:colcon.colcon_core.verb:set package 'fortress_tut' build argument 'cmake_clean_first' from command line to 'False'
[0.470s] Level 5:colcon.colcon_core.verb:set package 'fortress_tut' build argument 'cmake_force_configure' from command line to 'False'
[0.470s] Level 5:colcon.colcon_core.verb:set package 'fortress_tut' build argument 'ament_cmake_args' from command line to 'None'
[0.470s] Level 5:colcon.colcon_core.verb:set package 'fortress_tut' build argument 'catkin_cmake_args' from command line to 'None'
[0.470s] Level 5:colcon.colcon_core.verb:set package 'fortress_tut' build argument 'catkin_skip_building_tests' from command line to 'False'
[0.471s] DEBUG:colcon.colcon_core.verb:Building package 'fortress_tut' with the following arguments: {'ament_cmake_args': None, 'build_base': '/home/dr/Documents/ros2_workspaces/fortress_tut_ws/build/fortress_tut', 'catkin_cmake_args': None, 'catkin_skip_building_tests': False, 'cmake_args': None, 'cmake_clean_cache': False, 'cmake_clean_first': False, 'cmake_force_configure': False, 'cmake_target': None, 'cmake_target_skip_unavailable': False, 'install_base': '/home/dr/Documents/ros2_workspaces/fortress_tut_ws/install/fortress_tut', 'merge_install': False, 'path': '/home/dr/Documents/ros2_workspaces/fortress_tut_ws/src/fortress_tut', 'symlink_install': False, 'test_result_base': None}
[0.471s] INFO:colcon.colcon_core.executor:Executing jobs using 'parallel' executor
[0.472s] DEBUG:colcon.colcon_parallel_executor.executor.parallel:run_until_complete
[0.472s] INFO:colcon.colcon_ros.task.ament_python.build:Building ROS package in '/home/dr/Documents/ros2_workspaces/fortress_tut_ws/src/fortress_tut' with build type 'ament_python'
[0.472s] Level 1:colcon.colcon_core.shell:create_environment_hook('fortress_tut', 'ament_prefix_path')
[0.475s] INFO:colcon.colcon_core.plugin_system:Skipping extension 'colcon_core.shell.bat': Not used on non-Windows systems
[0.475s] INFO:colcon.colcon_core.shell:Creating environment hook '/home/dr/Documents/ros2_workspaces/fortress_tut_ws/install/fortress_tut/share/fortress_tut/hook/ament_prefix_path.ps1'
[0.476s] INFO:colcon.colcon_core.shell:Creating environment descriptor '/home/dr/Documents/ros2_workspaces/fortress_tut_ws/install/fortress_tut/share/fortress_tut/hook/ament_prefix_path.dsv'
[0.477s] INFO:colcon.colcon_core.shell:Creating environment hook '/home/dr/Documents/ros2_workspaces/fortress_tut_ws/install/fortress_tut/share/fortress_tut/hook/ament_prefix_path.sh'
[0.478s] INFO:colcon.colcon_core.shell:Skip shell extension 'powershell' for command environment: Not usable outside of PowerShell
[0.478s] DEBUG:colcon.colcon_core.shell:Skip shell extension 'dsv' for command environment
[0.817s] INFO:colcon.colcon_core.task.python.build:Building Python package in '/home/dr/Documents/ros2_workspaces/fortress_tut_ws/src/fortress_tut'
[0.818s] INFO:colcon.colcon_core.shell:Skip shell extension 'powershell' for command environment: Not usable outside of PowerShell
[0.818s] DEBUG:colcon.colcon_core.shell:Skip shell extension 'dsv' for command environment
[1.241s] DEBUG:colcon.colcon_core.task.python.build:Available setuptools commands: build_py, dist_info, install_lib, develop, build_ext, clean, bdist_egg, test, bdist_wheel, build_scripts, bdist, install_headers, install_data, symlink_data, install_egg_info, install, build_clib, egg_info, build, easy_install, rotate, register, saveopts, setopt, bdist_dumb, bdist_rpm, upload_docs, sdist, upload, alias, check, install_scripts
[1.246s] DEBUG:colcon.colcon_core.event_handler.log_command:Invoking command in '/home/dr/Documents/ros2_workspaces/fortress_tut_ws/src/fortress_tut': PYTHONPATH=/home/dr/Documents/ros2_workspaces/fortress_tut_ws/build/fortress_tut/prefix_override:/usr/lib/python3/dist-packages/colcon_core/task/python/colcon_distutils_commands:/home/dr/Documents/ros2_workspaces/fortress_tut_ws/install/fortress_tut/lib/python3.10/site-packages:${PYTHONPATH} /usr/bin/python3 -W ignore:setup.py install is deprecated -W ignore:easy_install command is deprecated setup.py egg_info --egg-base ../../build/fortress_tut build --build-base /home/dr/Documents/ros2_workspaces/fortress_tut_ws/build/fortress_tut/build install --record /home/dr/Documents/ros2_workspaces/fortress_tut_ws/build/fortress_tut/install.log --install-scripts $base/lib/fortress_tut --single-version-externally-managed install_data
[1.639s] DEBUG:colcon.colcon_core.event_handler.log_command:Invoked command in '/home/dr/Documents/ros2_workspaces/fortress_tut_ws/src/fortress_tut' returned '0': PYTHONPATH=/home/dr/Documents/ros2_workspaces/fortress_tut_ws/build/fortress_tut/prefix_override:/usr/lib/python3/dist-packages/colcon_core/task/python/colcon_distutils_commands:/home/dr/Documents/ros2_workspaces/fortress_tut_ws/install/fortress_tut/lib/python3.10/site-packages:${PYTHONPATH} /usr/bin/python3 -W ignore:setup.py install is deprecated -W ignore:easy_install command is deprecated setup.py egg_info --egg-base ../../build/fortress_tut build --build-base /home/dr/Documents/ros2_workspaces/fortress_tut_ws/build/fortress_tut/build install --record /home/dr/Documents/ros2_workspaces/fortress_tut_ws/build/fortress_tut/install.log --install-scripts $base/lib/fortress_tut --single-version-externally-managed install_data
[1.643s] Level 1:colcon.colcon_core.environment:checking '/home/dr/Documents/ros2_workspaces/fortress_tut_ws/install/fortress_tut' for CMake module files
[1.643s] Level 1:colcon.colcon_core.environment:checking '/home/dr/Documents/ros2_workspaces/fortress_tut_ws/install/fortress_tut' for CMake config files
[1.644s] Level 1:colcon.colcon_core.environment:checking '/home/dr/Documents/ros2_workspaces/fortress_tut_ws/install/fortress_tut/lib'
[1.644s] Level 1:colcon.colcon_core.environment:checking '/home/dr/Documents/ros2_workspaces/fortress_tut_ws/install/fortress_tut/bin'
[1.644s] Level 1:colcon.colcon_core.environment:checking '/home/dr/Documents/ros2_workspaces/fortress_tut_ws/install/fortress_tut/lib/pkgconfig/fortress_tut.pc'
[1.645s] Level 1:colcon.colcon_core.environment:checking '/home/dr/Documents/ros2_workspaces/fortress_tut_ws/install/fortress_tut/lib/python3.10/site-packages'
[1.645s] Level 1:colcon.colcon_core.shell:create_environment_hook('fortress_tut', 'pythonpath')
[1.645s] INFO:colcon.colcon_core.shell:Creating environment hook '/home/dr/Documents/ros2_workspaces/fortress_tut_ws/install/fortress_tut/share/fortress_tut/hook/pythonpath.ps1'
[1.646s] INFO:colcon.colcon_core.shell:Creating environment descriptor '/home/dr/Documents/ros2_workspaces/fortress_tut_ws/install/fortress_tut/share/fortress_tut/hook/pythonpath.dsv'
[1.647s] INFO:colcon.colcon_core.shell:Creating environment hook '/home/dr/Documents/ros2_workspaces/fortress_tut_ws/install/fortress_tut/share/fortress_tut/hook/pythonpath.sh'
[1.649s] Level 1:colcon.colcon_core.environment:checking '/home/dr/Documents/ros2_workspaces/fortress_tut_ws/install/fortress_tut/bin'
[1.649s] Level 1:colcon.colcon_core.environment:create_environment_scripts_only(fortress_tut)
[1.649s] INFO:colcon.colcon_core.shell:Creating package script '/home/dr/Documents/ros2_workspaces/fortress_tut_ws/install/fortress_tut/share/fortress_tut/package.ps1'
[1.651s] INFO:colcon.colcon_core.shell:Creating package descriptor '/home/dr/Documents/ros2_workspaces/fortress_tut_ws/install/fortress_tut/share/fortress_tut/package.dsv'
[1.652s] INFO:colcon.colcon_core.shell:Creating package script '/home/dr/Documents/ros2_workspaces/fortress_tut_ws/install/fortress_tut/share/fortress_tut/package.sh'
[1.653s] INFO:colcon.colcon_core.shell:Creating package script '/home/dr/Documents/ros2_workspaces/fortress_tut_ws/install/fortress_tut/share/fortress_tut/package.bash'
[1.654s] INFO:colcon.colcon_core.shell:Creating package script '/home/dr/Documents/ros2_workspaces/fortress_tut_ws/install/fortress_tut/share/fortress_tut/package.zsh'
[1.655s] Level 1:colcon.colcon_core.environment:create_file_with_runtime_dependencies(/home/dr/Documents/ros2_workspaces/fortress_tut_ws/install/fortress_tut/share/colcon-core/packages/fortress_tut)
[1.656s] DEBUG:colcon.colcon_parallel_executor.executor.parallel:closing loop
[1.656s] DEBUG:colcon.colcon_parallel_executor.executor.parallel:loop closed
[1.656s] DEBUG:colcon.colcon_parallel_executor.executor.parallel:run_until_complete finished with '0'
[1.656s] DEBUG:colcon.colcon_core.event_reactor:joining thread
[1.663s] INFO:colcon.colcon_core.plugin_system:Skipping extension 'colcon_notification.desktop_notification.terminal_notifier': Not used on non-Darwin systems
[1.663s] INFO:colcon.colcon_core.plugin_system:Skipping extension 'colcon_notification.desktop_notification.win32': Not used on non-Windows systems
[1.664s] INFO:colcon.colcon_notification.desktop_notification:Sending desktop notification using 'notify2'
[1.680s] DEBUG:colcon.colcon_core.event_reactor:joined thread
[1.681s] INFO:colcon.colcon_core.shell:Creating prefix script '/home/dr/Documents/ros2_workspaces/fortress_tut_ws/install/local_setup.ps1'
[1.682s] INFO:colcon.colcon_core.shell:Creating prefix util module '/home/dr/Documents/ros2_workspaces/fortress_tut_ws/install/_local_setup_util_ps1.py'
[1.684s] INFO:colcon.colcon_core.shell:Creating prefix chain script '/home/dr/Documents/ros2_workspaces/fortress_tut_ws/install/setup.ps1'
[1.687s] INFO:colcon.colcon_core.shell:Creating prefix script '/home/dr/Documents/ros2_workspaces/fortress_tut_ws/install/local_setup.sh'
[1.690s] INFO:colcon.colcon_core.shell:Creating prefix util module '/home/dr/Documents/ros2_workspaces/fortress_tut_ws/install/_local_setup_util_sh.py'
[1.692s] INFO:colcon.colcon_core.shell:Creating prefix chain script '/home/dr/Documents/ros2_workspaces/fortress_tut_ws/install/setup.sh'
[1.695s] INFO:colcon.colcon_core.shell:Creating prefix script '/home/dr/Documents/ros2_workspaces/fortress_tut_ws/install/local_setup.bash'
[1.697s] INFO:colcon.colcon_core.shell:Creating prefix chain script '/home/dr/Documents/ros2_workspaces/fortress_tut_ws/install/setup.bash'
[1.699s] INFO:colcon.colcon_core.shell:Creating prefix script '/home/dr/Documents/ros2_workspaces/fortress_tut_ws/install/local_setup.zsh'
[1.700s] INFO:colcon.colcon_core.shell:Creating prefix chain script '/home/dr/Documents/ros2_workspaces/fortress_tut_ws/install/setup.zsh'
