[0.125s] DEBUG:colcon:Command line arguments: ['/usr/bin/colcon', 'build']
[0.125s] DEBUG:colcon:Parsed command line arguments: Namespace(log_base=None, log_level=None, verb_name='build', build_base='build', install_base='install', merge_install=False, symlink_install=False, test_result_base=None, continue_on_error=False, executor='parallel', parallel_workers=8, event_handlers=None, ignore_user_meta=False, metas=['./colcon.meta'], base_paths=['.'], packages_ignore=None, packages_ignore_regex=None, paths=None, packages_up_to=None, packages_up_to_regex=None, packages_above=None, packages_above_and_dependencies=None, packages_above_depth=None, packages_select_by_dep=None, packages_skip_by_dep=None, packages_skip_up_to=None, packages_select_build_failed=False, packages_skip_build_finished=False, packages_select_test_failures=False, packages_skip_test_passed=False, packages_select=None, packages_skip=None, packages_select_regex=None, packages_skip_regex=None, packages_start=None, packages_end=None, allow_overriding=[], cmake_args=None, cmake_target=None, cmake_target_skip_unavailable=False, cmake_clean_cache=False, cmake_clean_first=False, cmake_force_configure=False, ament_cmake_args=None, catkin_cmake_args=None, catkin_skip_building_tests=False, verb_parser=<colcon_defaults.argument_parser.defaults.DefaultArgumentsDecorator object at 0x73182421f940>, verb_extension=<colcon_core.verb.build.BuildVerb object at 0x7318243b0160>, main=<bound method BuildVerb.main of <colcon_core.verb.build.BuildVerb object at 0x7318243b0160>>)
[0.304s] Level 1:colcon.colcon_core.package_discovery:discover_packages(colcon_meta) check parameters
[0.304s] Level 1:colcon.colcon_core.package_discovery:discover_packages(recursive) check parameters
[0.304s] Level 1:colcon.colcon_core.package_discovery:discover_packages(ignore) check parameters
[0.305s] Level 1:colcon.colcon_core.package_discovery:discover_packages(path) check parameters
[0.305s] Level 1:colcon.colcon_core.package_discovery:discover_packages(colcon_meta) discover
[0.305s] Level 1:colcon.colcon_core.package_discovery:discover_packages(recursive) discover
[0.305s] INFO:colcon.colcon_core.package_discovery:Crawling recursively for packages in '/home/dr/Documents/ros2_workspaces/fortress_tut_ws'
[0.305s] Level 1:colcon.colcon_core.package_identification:_identify(.) by extensions ['ignore', 'ignore_ament_install']
[0.305s] Level 1:colcon.colcon_core.package_identification:_identify(.) by extension 'ignore'
[0.305s] Level 1:colcon.colcon_core.package_identification:_identify(.) by extension 'ignore_ament_install'
[0.305s] Level 1:colcon.colcon_core.package_identification:_identify(.) by extensions ['colcon_pkg']
[0.305s] Level 1:colcon.colcon_core.package_identification:_identify(.) by extension 'colcon_pkg'
[0.305s] Level 1:colcon.colcon_core.package_identification:_identify(.) by extensions ['colcon_meta']
[0.305s] Level 1:colcon.colcon_core.package_identification:_identify(.) by extension 'colcon_meta'
[0.306s] Level 1:colcon.colcon_core.package_identification:_identify(.) by extensions ['ros']
[0.306s] Level 1:colcon.colcon_core.package_identification:_identify(.) by extension 'ros'
[0.320s] Level 1:colcon.colcon_core.package_identification:_identify(.) by extensions ['cmake', 'python']
[0.320s] Level 1:colcon.colcon_core.package_identification:_identify(.) by extension 'cmake'
[0.320s] Level 1:colcon.colcon_core.package_identification:_identify(.) by extension 'python'
[0.320s] Level 1:colcon.colcon_core.package_identification:_identify(.) by extensions ['python_setup_py']
[0.320s] Level 1:colcon.colcon_core.package_identification:_identify(.) by extension 'python_setup_py'
[0.320s] Level 1:colcon.colcon_core.package_identification:_identify(build) by extensions ['ignore', 'ignore_ament_install']
[0.320s] Level 1:colcon.colcon_core.package_identification:_identify(build) by extension 'ignore'
[0.320s] Level 1:colcon.colcon_core.package_identification:_identify(build) ignored
[0.321s] Level 1:colcon.colcon_core.package_identification:_identify(install) by extensions ['ignore', 'ignore_ament_install']
[0.321s] Level 1:colcon.colcon_core.package_identification:_identify(install) by extension 'ignore'
[0.321s] Level 1:colcon.colcon_core.package_identification:_identify(install) ignored
[0.321s] Level 1:colcon.colcon_core.package_identification:_identify(log) by extensions ['ignore', 'ignore_ament_install']
[0.321s] Level 1:colcon.colcon_core.package_identification:_identify(log) by extension 'ignore'
[0.321s] Level 1:colcon.colcon_core.package_identification:_identify(log) ignored
[0.321s] Level 1:colcon.colcon_core.package_identification:_identify(src) by extensions ['ignore', 'ignore_ament_install']
[0.321s] Level 1:colcon.colcon_core.package_identification:_identify(src) by extension 'ignore'
[0.322s] Level 1:colcon.colcon_core.package_identification:_identify(src) by extension 'ignore_ament_install'
[0.322s] Level 1:colcon.colcon_core.package_identification:_identify(src) by extensions ['colcon_pkg']
[0.322s] Level 1:colcon.colcon_core.package_identification:_identify(src) by extension 'colcon_pkg'
[0.322s] Level 1:colcon.colcon_core.package_identification:_identify(src) by extensions ['colcon_meta']
[0.322s] Level 1:colcon.colcon_core.package_identification:_identify(src) by extension 'colcon_meta'
[0.322s] Level 1:colcon.colcon_core.package_identification:_identify(src) by extensions ['ros']
[0.322s] Level 1:colcon.colcon_core.package_identification:_identify(src) by extension 'ros'
[0.322s] Level 1:colcon.colcon_core.package_identification:_identify(src) by extensions ['cmake', 'python']
[0.322s] Level 1:colcon.colcon_core.package_identification:_identify(src) by extension 'cmake'
[0.322s] Level 1:colcon.colcon_core.package_identification:_identify(src) by extension 'python'
[0.322s] Level 1:colcon.colcon_core.package_identification:_identify(src) by extensions ['python_setup_py']
[0.323s] Level 1:colcon.colcon_core.package_identification:_identify(src) by extension 'python_setup_py'
[0.323s] Level 1:colcon.colcon_core.package_identification:_identify(src/fortress_tut) by extensions ['ignore', 'ignore_ament_install']
[0.323s] Level 1:colcon.colcon_core.package_identification:_identify(src/fortress_tut) by extension 'ignore'
[0.323s] Level 1:colcon.colcon_core.package_identification:_identify(src/fortress_tut) by extension 'ignore_ament_install'
[0.323s] Level 1:colcon.colcon_core.package_identification:_identify(src/fortress_tut) by extensions ['colcon_pkg']
[0.323s] Level 1:colcon.colcon_core.package_identification:_identify(src/fortress_tut) by extension 'colcon_pkg'
[0.323s] Level 1:colcon.colcon_core.package_identification:_identify(src/fortress_tut) by extensions ['colcon_meta']
[0.323s] Level 1:colcon.colcon_core.package_identification:_identify(src/fortress_tut) by extension 'colcon_meta'
[0.323s] Level 1:colcon.colcon_core.package_identification:_identify(src/fortress_tut) by extensions ['ros']
[0.323s] Level 1:colcon.colcon_core.package_identification:_identify(src/fortress_tut) by extension 'ros'
[0.332s] DEBUG:colcon.colcon_core.package_identification:Package 'src/fortress_tut' with type 'ros.ament_python' and name 'fortress_tut'
[0.332s] Level 1:colcon.colcon_core.package_discovery:discover_packages(recursive) using defaults
[0.332s] Level 1:colcon.colcon_core.package_discovery:discover_packages(ignore) discover
[0.332s] Level 1:colcon.colcon_core.package_discovery:discover_packages(ignore) using defaults
[0.332s] Level 1:colcon.colcon_core.package_discovery:discover_packages(path) discover
[0.332s] Level 1:colcon.colcon_core.package_discovery:discover_packages(path) using defaults
[0.356s] Level 1:colcon.colcon_core.package_discovery:discover_packages(prefix_path) check parameters
[0.356s] Level 1:colcon.colcon_core.package_discovery:discover_packages(prefix_path) discover
[0.359s] DEBUG:colcon.colcon_installed_package_information.package_discovery:Found 1 installed packages in /home/dr/ros2_ws/install
[0.360s] DEBUG:colcon.colcon_installed_package_information.package_discovery:Found 273 installed packages in /opt/ros/humble
[0.363s] Level 1:colcon.colcon_core.package_discovery:discover_packages(prefix_path) using defaults
[0.428s] Level 5:colcon.colcon_core.verb:set package 'fortress_tut' build argument 'cmake_args' from command line to 'None'
[0.428s] Level 5:colcon.colcon_core.verb:set package 'fortress_tut' build argument 'cmake_target' from command line to 'None'
[0.428s] Level 5:colcon.colcon_core.verb:set package 'fortress_tut' build argument 'cmake_target_skip_unavailable' from command line to 'False'
[0.428s] Level 5:colcon.colcon_core.verb:set package 'fortress_tut' build argument 'cmake_clean_cache' from command line to 'False'
[0.428s] Level 5:colcon.colcon_core.verb:set package 'fortress_tut' build argument 'cmake_clean_first' from command line to 'False'
[0.428s] Level 5:colcon.colcon_core.verb:set package 'fortress_tut' build argument 'cmake_force_configure' from command line to 'False'
[0.428s] Level 5:colcon.colcon_core.verb:set package 'fortress_tut' build argument 'ament_cmake_args' from command line to 'None'
[0.428s] Level 5:colcon.colcon_core.verb:set package 'fortress_tut' build argument 'catkin_cmake_args' from command line to 'None'
[0.429s] Level 5:colcon.colcon_core.verb:set package 'fortress_tut' build argument 'catkin_skip_building_tests' from command line to 'False'
[0.429s] DEBUG:colcon.colcon_core.verb:Building package 'fortress_tut' with the following arguments: {'ament_cmake_args': None, 'build_base': '/home/dr/Documents/ros2_workspaces/fortress_tut_ws/build/fortress_tut', 'catkin_cmake_args': None, 'catkin_skip_building_tests': False, 'cmake_args': None, 'cmake_clean_cache': False, 'cmake_clean_first': False, 'cmake_force_configure': False, 'cmake_target': None, 'cmake_target_skip_unavailable': False, 'install_base': '/home/dr/Documents/ros2_workspaces/fortress_tut_ws/install/fortress_tut', 'merge_install': False, 'path': '/home/dr/Documents/ros2_workspaces/fortress_tut_ws/src/fortress_tut', 'symlink_install': False, 'test_result_base': None}
[0.429s] INFO:colcon.colcon_core.executor:Executing jobs using 'parallel' executor
[0.430s] DEBUG:colcon.colcon_parallel_executor.executor.parallel:run_until_complete
[0.431s] INFO:colcon.colcon_ros.task.ament_python.build:Building ROS package in '/home/dr/Documents/ros2_workspaces/fortress_tut_ws/src/fortress_tut' with build type 'ament_python'
[0.431s] Level 1:colcon.colcon_core.shell:create_environment_hook('fortress_tut', 'ament_prefix_path')
[0.434s] INFO:colcon.colcon_core.plugin_system:Skipping extension 'colcon_core.shell.bat': Not used on non-Windows systems
[0.434s] INFO:colcon.colcon_core.shell:Creating environment hook '/home/dr/Documents/ros2_workspaces/fortress_tut_ws/install/fortress_tut/share/fortress_tut/hook/ament_prefix_path.ps1'
[0.439s] INFO:colcon.colcon_core.shell:Creating environment descriptor '/home/dr/Documents/ros2_workspaces/fortress_tut_ws/install/fortress_tut/share/fortress_tut/hook/ament_prefix_path.dsv'
[0.440s] INFO:colcon.colcon_core.shell:Creating environment hook '/home/dr/Documents/ros2_workspaces/fortress_tut_ws/install/fortress_tut/share/fortress_tut/hook/ament_prefix_path.sh'
[0.441s] INFO:colcon.colcon_core.shell:Skip shell extension 'powershell' for command environment: Not usable outside of PowerShell
[0.441s] DEBUG:colcon.colcon_core.shell:Skip shell extension 'dsv' for command environment
[0.764s] INFO:colcon.colcon_core.task.python.build:Building Python package in '/home/dr/Documents/ros2_workspaces/fortress_tut_ws/src/fortress_tut'
[0.764s] INFO:colcon.colcon_core.shell:Skip shell extension 'powershell' for command environment: Not usable outside of PowerShell
[0.764s] DEBUG:colcon.colcon_core.shell:Skip shell extension 'dsv' for command environment
[1.222s] DEBUG:colcon.colcon_core.task.python.build:Available setuptools commands: upload, setopt, install, install_headers, dist_info, check, install_lib, upload_docs, bdist_rpm, build_ext, bdist_wheel, build_clib, easy_install, egg_info, bdist_dumb, sdist, develop, symlink_data, clean, install_data, install_scripts, rotate, alias, install_egg_info, register, build_py, test, build, bdist_egg, bdist, saveopts, build_scripts
[1.228s] DEBUG:colcon.colcon_core.event_handler.log_command:Invoking command in '/home/dr/Documents/ros2_workspaces/fortress_tut_ws/src/fortress_tut': PYTHONPATH=/home/dr/Documents/ros2_workspaces/fortress_tut_ws/build/fortress_tut/prefix_override:/usr/lib/python3/dist-packages/colcon_core/task/python/colcon_distutils_commands:/home/dr/Documents/ros2_workspaces/fortress_tut_ws/install/fortress_tut/lib/python3.10/site-packages:${PYTHONPATH} /usr/bin/python3 -W ignore:setup.py install is deprecated -W ignore:easy_install command is deprecated setup.py egg_info --egg-base ../../build/fortress_tut build --build-base /home/dr/Documents/ros2_workspaces/fortress_tut_ws/build/fortress_tut/build install --record /home/dr/Documents/ros2_workspaces/fortress_tut_ws/build/fortress_tut/install.log --install-scripts $base/lib/fortress_tut --single-version-externally-managed install_data
[1.588s] DEBUG:colcon.colcon_core.event_handler.log_command:Invoked command in '/home/dr/Documents/ros2_workspaces/fortress_tut_ws/src/fortress_tut' returned '0': PYTHONPATH=/home/dr/Documents/ros2_workspaces/fortress_tut_ws/build/fortress_tut/prefix_override:/usr/lib/python3/dist-packages/colcon_core/task/python/colcon_distutils_commands:/home/dr/Documents/ros2_workspaces/fortress_tut_ws/install/fortress_tut/lib/python3.10/site-packages:${PYTHONPATH} /usr/bin/python3 -W ignore:setup.py install is deprecated -W ignore:easy_install command is deprecated setup.py egg_info --egg-base ../../build/fortress_tut build --build-base /home/dr/Documents/ros2_workspaces/fortress_tut_ws/build/fortress_tut/build install --record /home/dr/Documents/ros2_workspaces/fortress_tut_ws/build/fortress_tut/install.log --install-scripts $base/lib/fortress_tut --single-version-externally-managed install_data
[1.595s] Level 1:colcon.colcon_core.environment:checking '/home/dr/Documents/ros2_workspaces/fortress_tut_ws/install/fortress_tut' for CMake module files
[1.596s] Level 1:colcon.colcon_core.environment:checking '/home/dr/Documents/ros2_workspaces/fortress_tut_ws/install/fortress_tut' for CMake config files
[1.597s] Level 1:colcon.colcon_core.environment:checking '/home/dr/Documents/ros2_workspaces/fortress_tut_ws/install/fortress_tut/lib'
[1.597s] Level 1:colcon.colcon_core.environment:checking '/home/dr/Documents/ros2_workspaces/fortress_tut_ws/install/fortress_tut/bin'
[1.597s] Level 1:colcon.colcon_core.environment:checking '/home/dr/Documents/ros2_workspaces/fortress_tut_ws/install/fortress_tut/lib/pkgconfig/fortress_tut.pc'
[1.597s] Level 1:colcon.colcon_core.environment:checking '/home/dr/Documents/ros2_workspaces/fortress_tut_ws/install/fortress_tut/lib/python3.10/site-packages'
[1.598s] Level 1:colcon.colcon_core.shell:create_environment_hook('fortress_tut', 'pythonpath')
[1.598s] INFO:colcon.colcon_core.shell:Creating environment hook '/home/dr/Documents/ros2_workspaces/fortress_tut_ws/install/fortress_tut/share/fortress_tut/hook/pythonpath.ps1'
[1.598s] INFO:colcon.colcon_core.shell:Creating environment descriptor '/home/dr/Documents/ros2_workspaces/fortress_tut_ws/install/fortress_tut/share/fortress_tut/hook/pythonpath.dsv'
[1.599s] INFO:colcon.colcon_core.shell:Creating environment hook '/home/dr/Documents/ros2_workspaces/fortress_tut_ws/install/fortress_tut/share/fortress_tut/hook/pythonpath.sh'
[1.600s] Level 1:colcon.colcon_core.environment:checking '/home/dr/Documents/ros2_workspaces/fortress_tut_ws/install/fortress_tut/bin'
[1.600s] Level 1:colcon.colcon_core.environment:create_environment_scripts_only(fortress_tut)
[1.600s] INFO:colcon.colcon_core.shell:Creating package script '/home/dr/Documents/ros2_workspaces/fortress_tut_ws/install/fortress_tut/share/fortress_tut/package.ps1'
[1.602s] INFO:colcon.colcon_core.shell:Creating package descriptor '/home/dr/Documents/ros2_workspaces/fortress_tut_ws/install/fortress_tut/share/fortress_tut/package.dsv'
[1.603s] INFO:colcon.colcon_core.shell:Creating package script '/home/dr/Documents/ros2_workspaces/fortress_tut_ws/install/fortress_tut/share/fortress_tut/package.sh'
[1.604s] INFO:colcon.colcon_core.shell:Creating package script '/home/dr/Documents/ros2_workspaces/fortress_tut_ws/install/fortress_tut/share/fortress_tut/package.bash'
[1.606s] INFO:colcon.colcon_core.shell:Creating package script '/home/dr/Documents/ros2_workspaces/fortress_tut_ws/install/fortress_tut/share/fortress_tut/package.zsh'
[1.607s] Level 1:colcon.colcon_core.environment:create_file_with_runtime_dependencies(/home/dr/Documents/ros2_workspaces/fortress_tut_ws/install/fortress_tut/share/colcon-core/packages/fortress_tut)
[1.607s] DEBUG:colcon.colcon_parallel_executor.executor.parallel:closing loop
[1.607s] DEBUG:colcon.colcon_parallel_executor.executor.parallel:loop closed
[1.608s] DEBUG:colcon.colcon_parallel_executor.executor.parallel:run_until_complete finished with '0'
[1.608s] DEBUG:colcon.colcon_core.event_reactor:joining thread
[1.615s] INFO:colcon.colcon_core.plugin_system:Skipping extension 'colcon_notification.desktop_notification.terminal_notifier': Not used on non-Darwin systems
[1.615s] INFO:colcon.colcon_core.plugin_system:Skipping extension 'colcon_notification.desktop_notification.win32': Not used on non-Windows systems
[1.615s] INFO:colcon.colcon_notification.desktop_notification:Sending desktop notification using 'notify2'
[1.632s] DEBUG:colcon.colcon_core.event_reactor:joined thread
[1.632s] INFO:colcon.colcon_core.shell:Creating prefix script '/home/dr/Documents/ros2_workspaces/fortress_tut_ws/install/local_setup.ps1'
[1.634s] INFO:colcon.colcon_core.shell:Creating prefix util module '/home/dr/Documents/ros2_workspaces/fortress_tut_ws/install/_local_setup_util_ps1.py'
[1.636s] INFO:colcon.colcon_core.shell:Creating prefix chain script '/home/dr/Documents/ros2_workspaces/fortress_tut_ws/install/setup.ps1'
[1.637s] INFO:colcon.colcon_core.shell:Creating prefix script '/home/dr/Documents/ros2_workspaces/fortress_tut_ws/install/local_setup.sh'
[1.638s] INFO:colcon.colcon_core.shell:Creating prefix util module '/home/dr/Documents/ros2_workspaces/fortress_tut_ws/install/_local_setup_util_sh.py'
[1.639s] INFO:colcon.colcon_core.shell:Creating prefix chain script '/home/dr/Documents/ros2_workspaces/fortress_tut_ws/install/setup.sh'
[1.640s] INFO:colcon.colcon_core.shell:Creating prefix script '/home/dr/Documents/ros2_workspaces/fortress_tut_ws/install/local_setup.bash'
[1.641s] INFO:colcon.colcon_core.shell:Creating prefix chain script '/home/dr/Documents/ros2_workspaces/fortress_tut_ws/install/setup.bash'
[1.642s] INFO:colcon.colcon_core.shell:Creating prefix script '/home/dr/Documents/ros2_workspaces/fortress_tut_ws/install/local_setup.zsh'
[1.643s] INFO:colcon.colcon_core.shell:Creating prefix chain script '/home/dr/Documents/ros2_workspaces/fortress_tut_ws/install/setup.zsh'
