[1.926s] Invoking command in '/home/dr/Documents/ros2_workspaces/fortress_tut_ws/build/turtlebot3_teleop': PYTHONPATH=/home/dr/Documents/ros2_workspaces/fortress_tut_ws/build/turtlebot3_teleop/prefix_override:/usr/lib/python3/dist-packages/colcon_core/task/python/colcon_distutils_commands:/home/dr/Documents/ros2_workspaces/fortress_tut_ws/install/turtlebot3_teleop/lib/python3.10/site-packages:${PYTHONPATH} /usr/bin/python3 -W ignore:setup.py install is deprecated -W ignore:easy_install command is deprecated setup.py develop --uninstall --editable --build-directory /home/dr/Documents/ros2_workspaces/fortress_tut_ws/build/turtlebot3_teleop/build
[2.485s] running develop
[2.840s] Removing /home/dr/Documents/ros2_workspaces/fortress_tut_ws/install/turtlebot3_teleop/lib/python3.10/site-packages/turtlebot3-teleop.egg-link (link to .)
[2.891s] Invoked command in '/home/dr/Documents/ros2_workspaces/fortress_tut_ws/build/turtlebot3_teleop' returned '0': PYTHONPATH=/home/dr/Documents/ros2_workspaces/fortress_tut_ws/build/turtlebot3_teleop/prefix_override:/usr/lib/python3/dist-packages/colcon_core/task/python/colcon_distutils_commands:/home/dr/Documents/ros2_workspaces/fortress_tut_ws/install/turtlebot3_teleop/lib/python3.10/site-packages:${PYTHONPATH} /usr/bin/python3 -W ignore:setup.py install is deprecated -W ignore:easy_install command is deprecated setup.py develop --uninstall --editable --build-directory /home/dr/Documents/ros2_workspaces/fortress_tut_ws/build/turtlebot3_teleop/build
[2.894s] Invoking command in '/home/dr/Documents/ros2_workspaces/fortress_tut_ws/src/turtlebot3/turtlebot3_teleop': PYTHONPATH=/home/dr/Documents/ros2_workspaces/fortress_tut_ws/build/turtlebot3_teleop/prefix_override:/usr/lib/python3/dist-packages/colcon_core/task/python/colcon_distutils_commands:/home/dr/Documents/ros2_workspaces/fortress_tut_ws/install/turtlebot3_teleop/lib/python3.10/site-packages:${PYTHONPATH} /usr/bin/python3 -W ignore:setup.py install is deprecated -W ignore:easy_install command is deprecated setup.py egg_info --egg-base ../../../build/turtlebot3_teleop build --build-base /home/dr/Documents/ros2_workspaces/fortress_tut_ws/build/turtlebot3_teleop/build install --record /home/dr/Documents/ros2_workspaces/fortress_tut_ws/build/turtlebot3_teleop/install.log --install-scripts $base/lib/turtlebot3_teleop --single-version-externally-managed install_data --force
[3.277s] running egg_info
[3.278s] writing ../../../build/turtlebot3_teleop/turtlebot3_teleop.egg-info/PKG-INFO
[3.278s] writing dependency_links to ../../../build/turtlebot3_teleop/turtlebot3_teleop.egg-info/dependency_links.txt
[3.279s] writing entry points to ../../../build/turtlebot3_teleop/turtlebot3_teleop.egg-info/entry_points.txt
[3.279s] writing requirements to ../../../build/turtlebot3_teleop/turtlebot3_teleop.egg-info/requires.txt
[3.279s] writing top-level names to ../../../build/turtlebot3_teleop/turtlebot3_teleop.egg-info/top_level.txt
[3.282s] reading manifest file '../../../build/turtlebot3_teleop/turtlebot3_teleop.egg-info/SOURCES.txt'
[3.283s] writing manifest file '../../../build/turtlebot3_teleop/turtlebot3_teleop.egg-info/SOURCES.txt'
[3.284s] running build
[3.284s] running build_py
[3.284s] creating /home/dr/Documents/ros2_workspaces/fortress_tut_ws/build/turtlebot3_teleop/build
[3.284s] creating /home/dr/Documents/ros2_workspaces/fortress_tut_ws/build/turtlebot3_teleop/build/lib
[3.285s] creating /home/dr/Documents/ros2_workspaces/fortress_tut_ws/build/turtlebot3_teleop/build/lib/turtlebot3_teleop
[3.285s] copying turtlebot3_teleop/__init__.py -> /home/dr/Documents/ros2_workspaces/fortress_tut_ws/build/turtlebot3_teleop/build/lib/turtlebot3_teleop
[3.285s] creating /home/dr/Documents/ros2_workspaces/fortress_tut_ws/build/turtlebot3_teleop/build/lib/turtlebot3_teleop/script
[3.285s] copying turtlebot3_teleop/script/__init__.py -> /home/dr/Documents/ros2_workspaces/fortress_tut_ws/build/turtlebot3_teleop/build/lib/turtlebot3_teleop/script
[3.285s] copying turtlebot3_teleop/script/teleop_keyboard.py -> /home/dr/Documents/ros2_workspaces/fortress_tut_ws/build/turtlebot3_teleop/build/lib/turtlebot3_teleop/script
[3.286s] running install
[3.286s] running install_lib
[3.289s] creating /home/dr/Documents/ros2_workspaces/fortress_tut_ws/install/turtlebot3_teleop/lib/python3.10/site-packages/turtlebot3_teleop
[3.289s] copying /home/dr/Documents/ros2_workspaces/fortress_tut_ws/build/turtlebot3_teleop/build/lib/turtlebot3_teleop/__init__.py -> /home/dr/Documents/ros2_workspaces/fortress_tut_ws/install/turtlebot3_teleop/lib/python3.10/site-packages/turtlebot3_teleop
[3.290s] creating /home/dr/Documents/ros2_workspaces/fortress_tut_ws/install/turtlebot3_teleop/lib/python3.10/site-packages/turtlebot3_teleop/script
[3.290s] copying /home/dr/Documents/ros2_workspaces/fortress_tut_ws/build/turtlebot3_teleop/build/lib/turtlebot3_teleop/script/__init__.py -> /home/dr/Documents/ros2_workspaces/fortress_tut_ws/install/turtlebot3_teleop/lib/python3.10/site-packages/turtlebot3_teleop/script
[3.290s] copying /home/dr/Documents/ros2_workspaces/fortress_tut_ws/build/turtlebot3_teleop/build/lib/turtlebot3_teleop/script/teleop_keyboard.py -> /home/dr/Documents/ros2_workspaces/fortress_tut_ws/install/turtlebot3_teleop/lib/python3.10/site-packages/turtlebot3_teleop/script
[3.291s] byte-compiling /home/dr/Documents/ros2_workspaces/fortress_tut_ws/install/turtlebot3_teleop/lib/python3.10/site-packages/turtlebot3_teleop/__init__.py to __init__.cpython-310.pyc
[3.291s] byte-compiling /home/dr/Documents/ros2_workspaces/fortress_tut_ws/install/turtlebot3_teleop/lib/python3.10/site-packages/turtlebot3_teleop/script/__init__.py to __init__.cpython-310.pyc
[3.291s] byte-compiling /home/dr/Documents/ros2_workspaces/fortress_tut_ws/install/turtlebot3_teleop/lib/python3.10/site-packages/turtlebot3_teleop/script/teleop_keyboard.py to teleop_keyboard.cpython-310.pyc
[3.293s] running install_data
[3.293s] copying resource/turtlebot3_teleop -> /home/dr/Documents/ros2_workspaces/fortress_tut_ws/install/turtlebot3_teleop/share/ament_index/resource_index/packages
[3.294s] copying package.xml -> /home/dr/Documents/ros2_workspaces/fortress_tut_ws/install/turtlebot3_teleop/share/turtlebot3_teleop
[3.294s] running install_egg_info
[3.296s] Copying ../../../build/turtlebot3_teleop/turtlebot3_teleop.egg-info to /home/dr/Documents/ros2_workspaces/fortress_tut_ws/install/turtlebot3_teleop/lib/python3.10/site-packages/turtlebot3_teleop-2.3.7-py3.10.egg-info
[3.298s] running install_scripts
[3.328s] Installing teleop_keyboard script to /home/dr/Documents/ros2_workspaces/fortress_tut_ws/install/turtlebot3_teleop/lib/turtlebot3_teleop
[3.329s] writing list of installed files to '/home/dr/Documents/ros2_workspaces/fortress_tut_ws/build/turtlebot3_teleop/install.log'
[3.374s] Invoked command in '/home/dr/Documents/ros2_workspaces/fortress_tut_ws/src/turtlebot3/turtlebot3_teleop' returned '0': PYTHONPATH=/home/dr/Documents/ros2_workspaces/fortress_tut_ws/build/turtlebot3_teleop/prefix_override:/usr/lib/python3/dist-packages/colcon_core/task/python/colcon_distutils_commands:/home/dr/Documents/ros2_workspaces/fortress_tut_ws/install/turtlebot3_teleop/lib/python3.10/site-packages:${PYTHONPATH} /usr/bin/python3 -W ignore:setup.py install is deprecated -W ignore:easy_install command is deprecated setup.py egg_info --egg-base ../../../build/turtlebot3_teleop build --build-base /home/dr/Documents/ros2_workspaces/fortress_tut_ws/build/turtlebot3_teleop/build install --record /home/dr/Documents/ros2_workspaces/fortress_tut_ws/build/turtlebot3_teleop/install.log --install-scripts $base/lib/turtlebot3_teleop --single-version-externally-managed install_data --force
