[0.116s] Invoking command in '/home/dr/Documents/ros2_workspaces/fortress_tut_ws/build/turtlebot3_gazebo': CMAKE_PREFIX_PATH=${CMAKE_PREFIX_PATH}:/home/dr/Documents/ros2_workspaces/fortress_tut_ws/install/turtlebot3_teleop:/home/dr/Documents/ros2_workspaces/fortress_tut_ws/install/turtlebot3_example:/home/dr/Documents/ros2_workspaces/fortress_tut_ws/install/fortress_tut:/home/dr/ros2_ws/install/my_robot_controller:/opt/ros/humble /usr/bin/cmake /home/dr/Documents/ros2_workspaces/fortress_tut_ws/src/turtlebot3_simulations/turtlebot3_gazebo -DAMENT_CMAKE_SYMLINK_INSTALL=1 -DCMAKE_INSTALL_PREFIX=/home/dr/Documents/ros2_workspaces/fortress_tut_ws/install/turtlebot3_gazebo
[1.015s] -- Found ament_cmake: 1.3.14 (/opt/ros/humble/share/ament_cmake/cmake)
[1.015s] -- Override CMake install command with custom implementation using symlinks instead of copying resources
[1.016s] [33mCMake Warning (dev) at /usr/share/cmake-3.22/Modules/FindPackageHandleStandardArgs.cmake:438 (message):
[1.017s]   The package name passed to `find_package_handle_standard_args` (PkgConfig)
[1.017s]   does not match the name of the calling package (gazebo).  This can lead to
[1.017s]   problems in calling code that expects `find_package` result variables
[1.018s]   (e.g., `_FOUND`) to follow a certain pattern.
[1.018s] Call Stack (most recent call first):
[1.019s]   /usr/share/cmake-3.22/Modules/FindPkgConfig.cmake:99 (find_package_handle_standard_args)
[1.028s]   /usr/lib/x86_64-linux-gnu/cmake/gazebo/gazebo-config.cmake:72 (include)
[1.028s]   CMakeLists.txt:23 (find_package)
[1.028s] This warning is for project developers.  Use -Wno-dev to suppress it.
[1.030s] [0m
[1.036s] -- Found DART: /usr/include (Required is at least version "6.6") found components: dart 
[1.174s] -- Found Protobuf: /usr/lib/x86_64-linux-gnu/libprotobuf.so (found version "3.12.4") 
[1.181s] -- Looking for ignition-math6 -- found version 6.16.0
[1.200s] -- Searching for dependencies of ignition-math6
[1.205s] -- Looking for OGRE...
[1.227s] -- Found Ogre Ghadamon (1.9.0)
[1.228s] -- Found OGRE: optimized;/usr/lib/x86_64-linux-gnu/libOgreMain.so;debug;/usr/lib/x86_64-linux-gnu/libOgreMain.so
[1.275s] -- Looking for OGRE_Paging...
[1.276s] -- Found OGRE_Paging: optimized;/usr/lib/x86_64-linux-gnu/libOgrePaging.so;debug;/usr/lib/x86_64-linux-gnu/libOgrePaging.so
[1.276s] -- Looking for OGRE_Terrain...
[1.277s] -- Found OGRE_Terrain: optimized;/usr/lib/x86_64-linux-gnu/libOgreTerrain.so;debug;/usr/lib/x86_64-linux-gnu/libOgreTerrain.so
[1.279s] -- Looking for OGRE_Property...
[1.279s] -- Found OGRE_Property: optimized;/usr/lib/x86_64-linux-gnu/libOgreProperty.so;debug;/usr/lib/x86_64-linux-gnu/libOgreProperty.so
[1.280s] -- Looking for OGRE_RTShaderSystem...
[1.281s] -- Found OGRE_RTShaderSystem: optimized;/usr/lib/x86_64-linux-gnu/libOgreRTShaderSystem.so;debug;/usr/lib/x86_64-linux-gnu/libOgreRTShaderSystem.so
[1.281s] -- Looking for OGRE_Volume...
[1.282s] -- Found OGRE_Volume: optimized;/usr/lib/x86_64-linux-gnu/libOgreVolume.so;debug;/usr/lib/x86_64-linux-gnu/libOgreVolume.so
[1.285s] -- Looking for OGRE_Overlay...
[1.287s] -- Found OGRE_Overlay: optimized;/usr/lib/x86_64-linux-gnu/libOgreOverlay.so;debug;/usr/lib/x86_64-linux-gnu/libOgreOverlay.so
[2.034s] -- Looking for ignition-math6 -- found version 6.16.0
[2.037s] -- Looking for ignition-transport8 -- found version 8.2.1
[2.039s] -- Searching for dependencies of ignition-transport8
[2.120s] -- Found Protobuf: /usr/lib/x86_64-linux-gnu/libprotobuf.so (found suitable version "3.12.4", minimum required is "3") 
[2.157s] -- Config-file not installed for ZeroMQ -- checking for pkg-config
[2.190s] -- Checking for module 'libzmq >= 4'
[2.250s] --   Found libzmq , version 4.3.4
[2.519s] -- Checking for module 'uuid'
[2.586s] --   Found uuid, version 2.37.2
[2.776s] -- Looking for ignition-msgs5 -- found version 5.8.1
[2.777s] -- Searching for dependencies of ignition-msgs5
[2.859s] -- Looking for ignition-math6 -- found version 6.16.0
[2.887s] -- Checking for module 'tinyxml2'
[2.966s] --   Found tinyxml2, version 9.0.0
[3.116s] -- Looking for ignition-msgs5 -- found version 5.8.1
[3.121s] -- Looking for ignition-common3 -- found version 3.14.0
[3.124s] -- Searching for dependencies of ignition-common3
[3.125s] -- Looking for dlfcn.h - found
[3.126s] -- Looking for libdl - found
[3.165s] -- Searching for <ignition-common3> component [graphics]
[3.171s] -- Looking for ignition-common3-graphics -- found version 3.14.0
[3.172s] -- Searching for dependencies of ignition-common3-graphics
[3.172s] -- Looking for ignition-math6 -- found version 6.16.0
[3.177s] -- Looking for ignition-fuel_tools4 -- found version 4.4.0
[3.177s] -- Searching for dependencies of ignition-fuel_tools4
[3.347s] -- Checking for module 'jsoncpp'
[3.399s] --   Found jsoncpp, version 1.9.5
[3.562s] -- Checking for module 'libzip'
[3.624s] --   Found libzip, version 1.7.3
[3.747s] -- Looking for ignition-common3 -- found version 3.14.0
[3.751s] -- Looking for ignition-math6 -- found version 6.16.0
[3.753s] -- Looking for ignition-msgs5 -- found version 5.8.1
[3.764s] -- Found gazebo_ros_pkgs: 3.9.0 (/opt/ros/humble/share/gazebo_ros_pkgs/cmake)
[3.765s] -- Found geometry_msgs: 4.9.1 (/opt/ros/humble/share/geometry_msgs/cmake)
[3.841s] -- Found rosidl_generator_c: 3.1.9 (/opt/ros/humble/share/rosidl_generator_c/cmake)
[3.847s] -- Found rosidl_adapter: 3.1.9 (/opt/ros/humble/share/rosidl_adapter/cmake)
[3.872s] -- Found rosidl_generator_cpp: 3.1.9 (/opt/ros/humble/share/rosidl_generator_cpp/cmake)
[3.903s] -- Using all available rosidl_typesupport_c: rosidl_typesupport_fastrtps_c;rosidl_typesupport_introspection_c
[3.954s] -- Using all available rosidl_typesupport_cpp: rosidl_typesupport_fastrtps_cpp;rosidl_typesupport_introspection_cpp
[4.087s] -- Found nav_msgs: 4.9.1 (/opt/ros/humble/share/nav_msgs/cmake)
[4.158s] -- Found rclcpp: 16.0.19 (/opt/ros/humble/share/rclcpp/cmake)
[4.261s] -- Found rmw_implementation_cmake: 6.1.2 (/opt/ros/humble/share/rmw_implementation_cmake/cmake)
[4.269s] -- Found rmw_fastrtps_cpp: 6.2.10 (/opt/ros/humble/share/rmw_fastrtps_cpp/cmake)
[4.633s] -- Using RMW implementation 'rmw_fastrtps_cpp' as default
[4.881s] -- Found sensor_msgs: 4.9.1 (/opt/ros/humble/share/sensor_msgs/cmake)
[5.004s] -- Found tf2: 0.25.20 (/opt/ros/humble/share/tf2/cmake)
[5.391s] -- Configuring done
[5.668s] -- Generating done
[5.728s] -- Build files have been written to: /home/dr/Documents/ros2_workspaces/fortress_tut_ws/build/turtlebot3_gazebo
