-- Found ament_cmake: 1.3.14 (/opt/ros/humble/share/ament_cmake/cmake)
-- Found ament_lint_auto: 0.12.15 (/opt/ros/humble/share/ament_lint_auto/cmake)
-- Found rosidl_default_generators: 1.2.1 (/opt/ros/humble/share/rosidl_default_generators/cmake)
-- Using all available rosidl_typesupport_c: rosidl_typesupport_fastrtps_c;rosidl_typesupport_introspection_c
-- Found rosidl_adapter: 3.1.9 (/opt/ros/humble/share/rosidl_adapter/cmake)
-- Using all available rosidl_typesupport_cpp: rosidl_typesupport_fastrtps_cpp;rosidl_typesupport_introspection_cpp
-- Found ament_cmake_ros: 0.10.0 (/opt/ros/humble/share/ament_cmake_ros/cmake)
-- Using all available rosidl_typesupport_c: rosidl_typesupport_fastrtps_c;rosidl_typesupport_introspection_c
-- Using all available rosidl_typesupport_cpp: rosidl_typesupport_fastrtps_cpp;rosidl_typesupport_introspection_cpp
-- Found PythonInterp: /usr/bin/python3 (found suitable version "3.10.12", minimum required is "3.6") 
-- Found python_cmake_module: 0.10.0 (/opt/ros/humble/share/python_cmake_module/cmake)
-- Found PythonLibs: /usr/lib/x86_64-linux-gnu/libpython3.10.so (found suitable version "3.10.12", minimum required is "3.5") 
-- Using PYTHON_EXECUTABLE: /usr/bin/python3
-- Using PYTHON_INCLUDE_DIRS: /usr/include/python3.10
-- Using PYTHON_LIBRARIES: /usr/lib/x86_64-linux-gnu/libpython3.10.so
-- Found PythonExtra: .so  
-- Added test 'lint_cmake' to check CMake code style
-- Added test 'xmllint' to check XML markup files
-- Configuring done
-- Generating done
-- Build files have been written to: /home/dr/Documents/ros2_workspaces/fortress_tut_ws/build/fortress_tut_msgs
[  3%] [34m[1mGenerating C code for ROS interfaces[0m
[  6%] [34m[1mGenerating Rust code for ROS interfaces[0m
[  9%] [34m[1mGenerating C++ code for ROS interfaces[0m
[  9%] Built target ament_cmake_python_copy_fortress_tut_msgs
[  9%] Built target fortress_tut_msgs__rs
[ 12%] [32mBuilding C object CMakeFiles/fortress_tut_msgs__rosidl_generator_c.dir/rosidl_generator_c/fortress_tut_msgs/srv/detail/move_turtlebot__functions.c.o[0m
[ 12%] Built target fortress_tut_msgs__cpp
running egg_info
creating fortress_tut_msgs.egg-info
writing fortress_tut_msgs.egg-info/PKG-INFO
writing dependency_links to fortress_tut_msgs.egg-info/dependency_links.txt
writing top-level names to fortress_tut_msgs.egg-info/top_level.txt
writing manifest file 'fortress_tut_msgs.egg-info/SOURCES.txt'
[ 15%] [34m[1mGenerating C++ type support dispatch for ROS interfaces[0m
reading manifest file 'fortress_tut_msgs.egg-info/SOURCES.txt'
[ 21%] [34m[1mGenerating C++ introspection for ROS interfaces[0m
[ 18%] [34m[1mGenerating C++ type support for eProsima Fast-RTPS[0m
writing manifest file 'fortress_tut_msgs.egg-info/SOURCES.txt'
[ 21%] Built target ament_cmake_python_build_fortress_tut_msgs_egg
[ 25%] [32m[1mLinking C shared library libfortress_tut_msgs__rosidl_generator_c.so[0m
[ 25%] Built target fortress_tut_msgs__rosidl_generator_c
[ 28%] [34m[1mGenerating C type support dispatch for ROS interfaces[0m
[ 31%] [34m[1mGenerating C introspection for ROS interfaces[0m
[ 34%] [34m[1mGenerating C type support for eProsima Fast-RTPS[0m
[ 37%] [32mBuilding CXX object CMakeFiles/fortress_tut_msgs__rosidl_typesupport_introspection_cpp.dir/rosidl_typesupport_introspection_cpp/fortress_tut_msgs/srv/detail/move_turtlebot__type_support.cpp.o[0m
[ 40%] [32mBuilding CXX object CMakeFiles/fortress_tut_msgs__rosidl_typesupport_cpp.dir/rosidl_typesupport_cpp/fortress_tut_msgs/srv/move_turtlebot__type_support.cpp.o[0m
[ 43%] [32mBuilding CXX object CMakeFiles/fortress_tut_msgs__rosidl_typesupport_fastrtps_cpp.dir/rosidl_typesupport_fastrtps_cpp/fortress_tut_msgs/srv/detail/dds_fastrtps/move_turtlebot__type_support.cpp.o[0m
[ 46%] [32mBuilding CXX object CMakeFiles/fortress_tut_msgs__rosidl_typesupport_c.dir/rosidl_typesupport_c/fortress_tut_msgs/srv/move_turtlebot__type_support.cpp.o[0m
[ 50%] [32m[1mLinking CXX shared library libfortress_tut_msgs__rosidl_typesupport_c.so[0m
[ 53%] [32mBuilding CXX object CMakeFiles/fortress_tut_msgs__rosidl_typesupport_fastrtps_c.dir/rosidl_typesupport_fastrtps_c/fortress_tut_msgs/srv/detail/move_turtlebot__type_support_c.cpp.o[0m
[ 56%] [32mBuilding C object CMakeFiles/fortress_tut_msgs__rosidl_typesupport_introspection_c.dir/rosidl_typesupport_introspection_c/fortress_tut_msgs/srv/detail/move_turtlebot__type_support.c.o[0m
[ 56%] Built target fortress_tut_msgs__rosidl_typesupport_c
[ 59%] [32m[1mLinking C shared library libfortress_tut_msgs__rosidl_typesupport_introspection_c.so[0m
[ 59%] Built target fortress_tut_msgs__rosidl_typesupport_introspection_c
[ 62%] [32m[1mLinking CXX shared library libfortress_tut_msgs__rosidl_typesupport_cpp.so[0m
[ 62%] Built target fortress_tut_msgs__rosidl_typesupport_cpp
[ 65%] [32m[1mLinking CXX shared library libfortress_tut_msgs__rosidl_typesupport_introspection_cpp.so[0m
[ 68%] [32m[1mLinking CXX shared library libfortress_tut_msgs__rosidl_typesupport_fastrtps_cpp.so[0m
[ 68%] Built target fortress_tut_msgs__rosidl_typesupport_introspection_cpp
[ 71%] [32m[1mLinking CXX shared library libfortress_tut_msgs__rosidl_typesupport_fastrtps_c.so[0m
[ 71%] Built target fortress_tut_msgs__rosidl_typesupport_fastrtps_cpp
[ 71%] Built target fortress_tut_msgs__rosidl_typesupport_fastrtps_c
[ 71%] Built target fortress_tut_msgs
[ 75%] [34m[1mGenerating Python code for ROS interfaces[0m
[ 75%] Built target fortress_tut_msgs__py
[ 78%] [32mBuilding C object CMakeFiles/fortress_tut_msgs__rosidl_generator_py.dir/rosidl_generator_py/fortress_tut_msgs/srv/_move_turtlebot_s.c.o[0m
[ 81%] [32m[1mLinking C shared library rosidl_generator_py/fortress_tut_msgs/libfortress_tut_msgs__rosidl_generator_py.so[0m
[ 81%] Built target fortress_tut_msgs__rosidl_generator_py
[ 84%] [32mBuilding C object CMakeFiles/fortress_tut_msgs__rosidl_typesupport_introspection_c__pyext.dir/rosidl_generator_py/fortress_tut_msgs/_fortress_tut_msgs_s.ep.rosidl_typesupport_introspection_c.c.o[0m
[ 87%] [32mBuilding C object CMakeFiles/fortress_tut_msgs__rosidl_typesupport_fastrtps_c__pyext.dir/rosidl_generator_py/fortress_tut_msgs/_fortress_tut_msgs_s.ep.rosidl_typesupport_fastrtps_c.c.o[0m
[ 90%] [32mBuilding C object CMakeFiles/fortress_tut_msgs__rosidl_typesupport_c__pyext.dir/rosidl_generator_py/fortress_tut_msgs/_fortress_tut_msgs_s.ep.rosidl_typesupport_c.c.o[0m
[ 93%] [32m[1mLinking C shared library rosidl_generator_py/fortress_tut_msgs/fortress_tut_msgs_s__rosidl_typesupport_c.cpython-310-x86_64-linux-gnu.so[0m
[ 96%] [32m[1mLinking C shared library rosidl_generator_py/fortress_tut_msgs/fortress_tut_msgs_s__rosidl_typesupport_introspection_c.cpython-310-x86_64-linux-gnu.so[0m
[100%] [32m[1mLinking C shared library rosidl_generator_py/fortress_tut_msgs/fortress_tut_msgs_s__rosidl_typesupport_fastrtps_c.cpython-310-x86_64-linux-gnu.so[0m
[100%] Built target fortress_tut_msgs__rosidl_typesupport_c__pyext
[100%] Built target fortress_tut_msgs__rosidl_typesupport_introspection_c__pyext
[100%] Built target fortress_tut_msgs__rosidl_typesupport_fastrtps_c__pyext
-- Install configuration: ""
-- Installing: /home/dr/Documents/ros2_workspaces/fortress_tut_ws/install/fortress_tut_msgs/share/ament_index/resource_index/rosidl_interfaces/fortress_tut_msgs
-- Installing: /home/dr/Documents/ros2_workspaces/fortress_tut_ws/install/fortress_tut_msgs/include/fortress_tut_msgs/fortress_tut_msgs
-- Installing: /home/dr/Documents/ros2_workspaces/fortress_tut_ws/install/fortress_tut_msgs/include/fortress_tut_msgs/fortress_tut_msgs/srv
-- Installing: /home/dr/Documents/ros2_workspaces/fortress_tut_ws/install/fortress_tut_msgs/include/fortress_tut_msgs/fortress_tut_msgs/srv/detail
-- Installing: /home/dr/Documents/ros2_workspaces/fortress_tut_ws/install/fortress_tut_msgs/include/fortress_tut_msgs/fortress_tut_msgs/srv/detail/move_turtlebot__functions.c
-- Installing: /home/dr/Documents/ros2_workspaces/fortress_tut_ws/install/fortress_tut_msgs/include/fortress_tut_msgs/fortress_tut_msgs/srv/detail/move_turtlebot__struct.h
-- Installing: /home/dr/Documents/ros2_workspaces/fortress_tut_ws/install/fortress_tut_msgs/include/fortress_tut_msgs/fortress_tut_msgs/srv/detail/move_turtlebot__functions.h
-- Installing: /home/dr/Documents/ros2_workspaces/fortress_tut_ws/install/fortress_tut_msgs/include/fortress_tut_msgs/fortress_tut_msgs/srv/detail/move_turtlebot__type_support.h
-- Installing: /home/dr/Documents/ros2_workspaces/fortress_tut_ws/install/fortress_tut_msgs/include/fortress_tut_msgs/fortress_tut_msgs/srv/move_turtlebot.h
-- Installing: /home/dr/Documents/ros2_workspaces/fortress_tut_ws/install/fortress_tut_msgs/include/fortress_tut_msgs/fortress_tut_msgs/msg
-- Installing: /home/dr/Documents/ros2_workspaces/fortress_tut_ws/install/fortress_tut_msgs/include/fortress_tut_msgs/fortress_tut_msgs/msg/rosidl_generator_c__visibility_control.h
-- Installing: /home/dr/Documents/ros2_workspaces/fortress_tut_ws/install/fortress_tut_msgs/share/fortress_tut_msgs/environment/library_path.sh
-- Installing: /home/dr/Documents/ros2_workspaces/fortress_tut_ws/install/fortress_tut_msgs/share/fortress_tut_msgs/environment/library_path.dsv
-- Installing: /home/dr/Documents/ros2_workspaces/fortress_tut_ws/install/fortress_tut_msgs/lib/libfortress_tut_msgs__rosidl_generator_c.so
-- Set runtime path of "/home/dr/Documents/ros2_workspaces/fortress_tut_ws/install/fortress_tut_msgs/lib/libfortress_tut_msgs__rosidl_generator_c.so" to ""
-- Up-to-date: /home/dr/Documents/ros2_workspaces/fortress_tut_ws/install/fortress_tut_msgs/include/fortress_tut_msgs/fortress_tut_msgs
-- Up-to-date: /home/dr/Documents/ros2_workspaces/fortress_tut_ws/install/fortress_tut_msgs/include/fortress_tut_msgs/fortress_tut_msgs/srv
-- Up-to-date: /home/dr/Documents/ros2_workspaces/fortress_tut_ws/install/fortress_tut_msgs/include/fortress_tut_msgs/fortress_tut_msgs/srv/detail
-- Installing: /home/dr/Documents/ros2_workspaces/fortress_tut_ws/install/fortress_tut_msgs/include/fortress_tut_msgs/fortress_tut_msgs/srv/detail/move_turtlebot__rosidl_typesupport_fastrtps_c.h
-- Up-to-date: /home/dr/Documents/ros2_workspaces/fortress_tut_ws/install/fortress_tut_msgs/include/fortress_tut_msgs/fortress_tut_msgs/msg
-- Installing: /home/dr/Documents/ros2_workspaces/fortress_tut_ws/install/fortress_tut_msgs/include/fortress_tut_msgs/fortress_tut_msgs/msg/rosidl_typesupport_fastrtps_c__visibility_control.h
-- Installing: /home/dr/Documents/ros2_workspaces/fortress_tut_ws/install/fortress_tut_msgs/lib/libfortress_tut_msgs__rosidl_typesupport_fastrtps_c.so
-- Set runtime path of "/home/dr/Documents/ros2_workspaces/fortress_tut_ws/install/fortress_tut_msgs/lib/libfortress_tut_msgs__rosidl_typesupport_fastrtps_c.so" to ""
-- Up-to-date: /home/dr/Documents/ros2_workspaces/fortress_tut_ws/install/fortress_tut_msgs/include/fortress_tut_msgs/fortress_tut_msgs
-- Up-to-date: /home/dr/Documents/ros2_workspaces/fortress_tut_ws/install/fortress_tut_msgs/include/fortress_tut_msgs/fortress_tut_msgs/srv
-- Up-to-date: /home/dr/Documents/ros2_workspaces/fortress_tut_ws/install/fortress_tut_msgs/include/fortress_tut_msgs/fortress_tut_msgs/srv/detail
-- Installing: /home/dr/Documents/ros2_workspaces/fortress_tut_ws/install/fortress_tut_msgs/include/fortress_tut_msgs/fortress_tut_msgs/srv/detail/move_turtlebot__type_support.c
-- Installing: /home/dr/Documents/ros2_workspaces/fortress_tut_ws/install/fortress_tut_msgs/include/fortress_tut_msgs/fortress_tut_msgs/srv/detail/move_turtlebot__rosidl_typesupport_introspection_c.h
-- Up-to-date: /home/dr/Documents/ros2_workspaces/fortress_tut_ws/install/fortress_tut_msgs/include/fortress_tut_msgs/fortress_tut_msgs/msg
-- Installing: /home/dr/Documents/ros2_workspaces/fortress_tut_ws/install/fortress_tut_msgs/include/fortress_tut_msgs/fortress_tut_msgs/msg/rosidl_typesupport_introspection_c__visibility_control.h
-- Installing: /home/dr/Documents/ros2_workspaces/fortress_tut_ws/install/fortress_tut_msgs/lib/libfortress_tut_msgs__rosidl_typesupport_introspection_c.so
-- Set runtime path of "/home/dr/Documents/ros2_workspaces/fortress_tut_ws/install/fortress_tut_msgs/lib/libfortress_tut_msgs__rosidl_typesupport_introspection_c.so" to ""
-- Installing: /home/dr/Documents/ros2_workspaces/fortress_tut_ws/install/fortress_tut_msgs/lib/libfortress_tut_msgs__rosidl_typesupport_c.so
-- Set runtime path of "/home/dr/Documents/ros2_workspaces/fortress_tut_ws/install/fortress_tut_msgs/lib/libfortress_tut_msgs__rosidl_typesupport_c.so" to ""
-- Up-to-date: /home/dr/Documents/ros2_workspaces/fortress_tut_ws/install/fortress_tut_msgs/include/fortress_tut_msgs/fortress_tut_msgs
-- Up-to-date: /home/dr/Documents/ros2_workspaces/fortress_tut_ws/install/fortress_tut_msgs/include/fortress_tut_msgs/fortress_tut_msgs/srv
-- Up-to-date: /home/dr/Documents/ros2_workspaces/fortress_tut_ws/install/fortress_tut_msgs/include/fortress_tut_msgs/fortress_tut_msgs/srv/detail
-- Installing: /home/dr/Documents/ros2_workspaces/fortress_tut_ws/install/fortress_tut_msgs/include/fortress_tut_msgs/fortress_tut_msgs/srv/detail/move_turtlebot__traits.hpp
-- Installing: /home/dr/Documents/ros2_workspaces/fortress_tut_ws/install/fortress_tut_msgs/include/fortress_tut_msgs/fortress_tut_msgs/srv/detail/move_turtlebot__builder.hpp
-- Installing: /home/dr/Documents/ros2_workspaces/fortress_tut_ws/install/fortress_tut_msgs/include/fortress_tut_msgs/fortress_tut_msgs/srv/detail/move_turtlebot__struct.hpp
-- Installing: /home/dr/Documents/ros2_workspaces/fortress_tut_ws/install/fortress_tut_msgs/include/fortress_tut_msgs/fortress_tut_msgs/srv/detail/move_turtlebot__type_support.hpp
-- Installing: /home/dr/Documents/ros2_workspaces/fortress_tut_ws/install/fortress_tut_msgs/include/fortress_tut_msgs/fortress_tut_msgs/srv/move_turtlebot.hpp
-- Up-to-date: /home/dr/Documents/ros2_workspaces/fortress_tut_ws/install/fortress_tut_msgs/include/fortress_tut_msgs/fortress_tut_msgs/msg
-- Installing: /home/dr/Documents/ros2_workspaces/fortress_tut_ws/install/fortress_tut_msgs/include/fortress_tut_msgs/fortress_tut_msgs/msg/rosidl_generator_cpp__visibility_control.hpp
-- Up-to-date: /home/dr/Documents/ros2_workspaces/fortress_tut_ws/install/fortress_tut_msgs/include/fortress_tut_msgs/fortress_tut_msgs
-- Up-to-date: /home/dr/Documents/ros2_workspaces/fortress_tut_ws/install/fortress_tut_msgs/include/fortress_tut_msgs/fortress_tut_msgs/srv
-- Up-to-date: /home/dr/Documents/ros2_workspaces/fortress_tut_ws/install/fortress_tut_msgs/include/fortress_tut_msgs/fortress_tut_msgs/srv/detail
-- Installing: /home/dr/Documents/ros2_workspaces/fortress_tut_ws/install/fortress_tut_msgs/include/fortress_tut_msgs/fortress_tut_msgs/srv/detail/move_turtlebot__rosidl_typesupport_fastrtps_cpp.hpp
-- Installing: /home/dr/Documents/ros2_workspaces/fortress_tut_ws/install/fortress_tut_msgs/include/fortress_tut_msgs/fortress_tut_msgs/srv/detail/dds_fastrtps
-- Up-to-date: /home/dr/Documents/ros2_workspaces/fortress_tut_ws/install/fortress_tut_msgs/include/fortress_tut_msgs/fortress_tut_msgs/msg
-- Installing: /home/dr/Documents/ros2_workspaces/fortress_tut_ws/install/fortress_tut_msgs/include/fortress_tut_msgs/fortress_tut_msgs/msg/rosidl_typesupport_fastrtps_cpp__visibility_control.h
-- Installing: /home/dr/Documents/ros2_workspaces/fortress_tut_ws/install/fortress_tut_msgs/lib/libfortress_tut_msgs__rosidl_typesupport_fastrtps_cpp.so
-- Set runtime path of "/home/dr/Documents/ros2_workspaces/fortress_tut_ws/install/fortress_tut_msgs/lib/libfortress_tut_msgs__rosidl_typesupport_fastrtps_cpp.so" to ""
-- Up-to-date: /home/dr/Documents/ros2_workspaces/fortress_tut_ws/install/fortress_tut_msgs/include/fortress_tut_msgs/fortress_tut_msgs
-- Up-to-date: /home/dr/Documents/ros2_workspaces/fortress_tut_ws/install/fortress_tut_msgs/include/fortress_tut_msgs/fortress_tut_msgs/srv
-- Up-to-date: /home/dr/Documents/ros2_workspaces/fortress_tut_ws/install/fortress_tut_msgs/include/fortress_tut_msgs/fortress_tut_msgs/srv/detail
-- Installing: /home/dr/Documents/ros2_workspaces/fortress_tut_ws/install/fortress_tut_msgs/include/fortress_tut_msgs/fortress_tut_msgs/srv/detail/move_turtlebot__rosidl_typesupport_introspection_cpp.hpp
-- Installing: /home/dr/Documents/ros2_workspaces/fortress_tut_ws/install/fortress_tut_msgs/include/fortress_tut_msgs/fortress_tut_msgs/srv/detail/move_turtlebot__type_support.cpp
-- Installing: /home/dr/Documents/ros2_workspaces/fortress_tut_ws/install/fortress_tut_msgs/lib/libfortress_tut_msgs__rosidl_typesupport_introspection_cpp.so
-- Set runtime path of "/home/dr/Documents/ros2_workspaces/fortress_tut_ws/install/fortress_tut_msgs/lib/libfortress_tut_msgs__rosidl_typesupport_introspection_cpp.so" to ""
-- Installing: /home/dr/Documents/ros2_workspaces/fortress_tut_ws/install/fortress_tut_msgs/lib/libfortress_tut_msgs__rosidl_typesupport_cpp.so
-- Set runtime path of "/home/dr/Documents/ros2_workspaces/fortress_tut_ws/install/fortress_tut_msgs/lib/libfortress_tut_msgs__rosidl_typesupport_cpp.so" to ""
-- Installing: /home/dr/Documents/ros2_workspaces/fortress_tut_ws/install/fortress_tut_msgs/share/fortress_tut_msgs/environment/pythonpath.sh
-- Installing: /home/dr/Documents/ros2_workspaces/fortress_tut_ws/install/fortress_tut_msgs/share/fortress_tut_msgs/environment/pythonpath.dsv
-- Installing: /home/dr/Documents/ros2_workspaces/fortress_tut_ws/install/fortress_tut_msgs/local/lib/python3.10/dist-packages/fortress_tut_msgs-0.0.0-py3.10.egg-info
-- Installing: /home/dr/Documents/ros2_workspaces/fortress_tut_ws/install/fortress_tut_msgs/local/lib/python3.10/dist-packages/fortress_tut_msgs-0.0.0-py3.10.egg-info/dependency_links.txt
-- Installing: /home/dr/Documents/ros2_workspaces/fortress_tut_ws/install/fortress_tut_msgs/local/lib/python3.10/dist-packages/fortress_tut_msgs-0.0.0-py3.10.egg-info/PKG-INFO
-- Installing: /home/dr/Documents/ros2_workspaces/fortress_tut_ws/install/fortress_tut_msgs/local/lib/python3.10/dist-packages/fortress_tut_msgs-0.0.0-py3.10.egg-info/top_level.txt
-- Installing: /home/dr/Documents/ros2_workspaces/fortress_tut_ws/install/fortress_tut_msgs/local/lib/python3.10/dist-packages/fortress_tut_msgs-0.0.0-py3.10.egg-info/SOURCES.txt
-- Installing: /home/dr/Documents/ros2_workspaces/fortress_tut_ws/install/fortress_tut_msgs/local/lib/python3.10/dist-packages/fortress_tut_msgs
-- Installing: /home/dr/Documents/ros2_workspaces/fortress_tut_ws/install/fortress_tut_msgs/local/lib/python3.10/dist-packages/fortress_tut_msgs/srv
-- Installing: /home/dr/Documents/ros2_workspaces/fortress_tut_ws/install/fortress_tut_msgs/local/lib/python3.10/dist-packages/fortress_tut_msgs/srv/__init__.py
-- Installing: /home/dr/Documents/ros2_workspaces/fortress_tut_ws/install/fortress_tut_msgs/local/lib/python3.10/dist-packages/fortress_tut_msgs/srv/_move_turtlebot.py
-- Installing: /home/dr/Documents/ros2_workspaces/fortress_tut_ws/install/fortress_tut_msgs/local/lib/python3.10/dist-packages/fortress_tut_msgs/srv/_move_turtlebot_s.c
-- Installing: /home/dr/Documents/ros2_workspaces/fortress_tut_ws/install/fortress_tut_msgs/local/lib/python3.10/dist-packages/fortress_tut_msgs/__init__.py
-- Installing: /home/dr/Documents/ros2_workspaces/fortress_tut_ws/install/fortress_tut_msgs/local/lib/python3.10/dist-packages/fortress_tut_msgs/fortress_tut_msgs_s__rosidl_typesupport_c.cpython-310-x86_64-linux-gnu.so
-- Installing: /home/dr/Documents/ros2_workspaces/fortress_tut_ws/install/fortress_tut_msgs/local/lib/python3.10/dist-packages/fortress_tut_msgs/libfortress_tut_msgs__rosidl_generator_py.so
-- Installing: /home/dr/Documents/ros2_workspaces/fortress_tut_ws/install/fortress_tut_msgs/local/lib/python3.10/dist-packages/fortress_tut_msgs/_fortress_tut_msgs_s.ep.rosidl_typesupport_introspection_c.c
-- Installing: /home/dr/Documents/ros2_workspaces/fortress_tut_ws/install/fortress_tut_msgs/local/lib/python3.10/dist-packages/fortress_tut_msgs/_fortress_tut_msgs_s.ep.rosidl_typesupport_c.c
-- Installing: /home/dr/Documents/ros2_workspaces/fortress_tut_ws/install/fortress_tut_msgs/local/lib/python3.10/dist-packages/fortress_tut_msgs/fortress_tut_msgs_s__rosidl_typesupport_fastrtps_c.cpython-310-x86_64-linux-gnu.so
-- Installing: /home/dr/Documents/ros2_workspaces/fortress_tut_ws/install/fortress_tut_msgs/local/lib/python3.10/dist-packages/fortress_tut_msgs/_fortress_tut_msgs_s.ep.rosidl_typesupport_fastrtps_c.c
-- Installing: /home/dr/Documents/ros2_workspaces/fortress_tut_ws/install/fortress_tut_msgs/local/lib/python3.10/dist-packages/fortress_tut_msgs/fortress_tut_msgs_s__rosidl_typesupport_introspection_c.cpython-310-x86_64-linux-gnu.so
Listing '/home/dr/Documents/ros2_workspaces/fortress_tut_ws/install/fortress_tut_msgs/local/lib/python3.10/dist-packages/fortress_tut_msgs'...
Compiling '/home/dr/Documents/ros2_workspaces/fortress_tut_ws/install/fortress_tut_msgs/local/lib/python3.10/dist-packages/fortress_tut_msgs/__init__.py'...
Listing '/home/dr/Documents/ros2_workspaces/fortress_tut_ws/install/fortress_tut_msgs/local/lib/python3.10/dist-packages/fortress_tut_msgs/srv'...
Compiling '/home/dr/Documents/ros2_workspaces/fortress_tut_ws/install/fortress_tut_msgs/local/lib/python3.10/dist-packages/fortress_tut_msgs/srv/__init__.py'...
Compiling '/home/dr/Documents/ros2_workspaces/fortress_tut_ws/install/fortress_tut_msgs/local/lib/python3.10/dist-packages/fortress_tut_msgs/srv/_move_turtlebot.py'...
-- Installing: /home/dr/Documents/ros2_workspaces/fortress_tut_ws/install/fortress_tut_msgs/local/lib/python3.10/dist-packages/fortress_tut_msgs/fortress_tut_msgs_s__rosidl_typesupport_fastrtps_c.cpython-310-x86_64-linux-gnu.so
-- Set runtime path of "/home/dr/Documents/ros2_workspaces/fortress_tut_ws/install/fortress_tut_msgs/local/lib/python3.10/dist-packages/fortress_tut_msgs/fortress_tut_msgs_s__rosidl_typesupport_fastrtps_c.cpython-310-x86_64-linux-gnu.so" to ""
-- Installing: /home/dr/Documents/ros2_workspaces/fortress_tut_ws/install/fortress_tut_msgs/local/lib/python3.10/dist-packages/fortress_tut_msgs/fortress_tut_msgs_s__rosidl_typesupport_introspection_c.cpython-310-x86_64-linux-gnu.so
-- Set runtime path of "/home/dr/Documents/ros2_workspaces/fortress_tut_ws/install/fortress_tut_msgs/local/lib/python3.10/dist-packages/fortress_tut_msgs/fortress_tut_msgs_s__rosidl_typesupport_introspection_c.cpython-310-x86_64-linux-gnu.so" to ""
-- Installing: /home/dr/Documents/ros2_workspaces/fortress_tut_ws/install/fortress_tut_msgs/local/lib/python3.10/dist-packages/fortress_tut_msgs/fortress_tut_msgs_s__rosidl_typesupport_c.cpython-310-x86_64-linux-gnu.so
-- Set runtime path of "/home/dr/Documents/ros2_workspaces/fortress_tut_ws/install/fortress_tut_msgs/local/lib/python3.10/dist-packages/fortress_tut_msgs/fortress_tut_msgs_s__rosidl_typesupport_c.cpython-310-x86_64-linux-gnu.so" to ""
-- Installing: /home/dr/Documents/ros2_workspaces/fortress_tut_ws/install/fortress_tut_msgs/lib/libfortress_tut_msgs__rosidl_generator_py.so
-- Set runtime path of "/home/dr/Documents/ros2_workspaces/fortress_tut_ws/install/fortress_tut_msgs/lib/libfortress_tut_msgs__rosidl_generator_py.so" to ""
-- Installing: /home/dr/Documents/ros2_workspaces/fortress_tut_ws/install/fortress_tut_msgs/share/ament_index/resource_index/rust_packages/fortress_tut_msgs
-- Installing: /home/dr/Documents/ros2_workspaces/fortress_tut_ws/install/fortress_tut_msgs/share/fortress_tut_msgs/rust
-- Installing: /home/dr/Documents/ros2_workspaces/fortress_tut_ws/install/fortress_tut_msgs/share/fortress_tut_msgs/rust/build.rs
-- Installing: /home/dr/Documents/ros2_workspaces/fortress_tut_ws/install/fortress_tut_msgs/share/fortress_tut_msgs/rust/Cargo.toml
-- Installing: /home/dr/Documents/ros2_workspaces/fortress_tut_ws/install/fortress_tut_msgs/share/fortress_tut_msgs/rust/src
-- Installing: /home/dr/Documents/ros2_workspaces/fortress_tut_ws/install/fortress_tut_msgs/share/fortress_tut_msgs/rust/src/lib.rs
-- Installing: /home/dr/Documents/ros2_workspaces/fortress_tut_ws/install/fortress_tut_msgs/share/fortress_tut_msgs/rust/src/srv
-- Installing: /home/dr/Documents/ros2_workspaces/fortress_tut_ws/install/fortress_tut_msgs/share/fortress_tut_msgs/rust/src/srv/rmw.rs
-- Installing: /home/dr/Documents/ros2_workspaces/fortress_tut_ws/install/fortress_tut_msgs/share/fortress_tut_msgs/rust/src/srv.rs
-- Installing: /home/dr/Documents/ros2_workspaces/fortress_tut_ws/install/fortress_tut_msgs/share/fortress_tut_msgs/srv/MoveTurtlebot.idl
-- Installing: /home/dr/Documents/ros2_workspaces/fortress_tut_ws/install/fortress_tut_msgs/share/fortress_tut_msgs/srv/MoveTurtlebot.srv
-- Installing: /home/dr/Documents/ros2_workspaces/fortress_tut_ws/install/fortress_tut_msgs/share/fortress_tut_msgs/srv/MoveTurtlebot_Request.msg
-- Installing: /home/dr/Documents/ros2_workspaces/fortress_tut_ws/install/fortress_tut_msgs/share/fortress_tut_msgs/srv/MoveTurtlebot_Response.msg
-- Installing: /home/dr/Documents/ros2_workspaces/fortress_tut_ws/install/fortress_tut_msgs/share/ament_index/resource_index/package_run_dependencies/fortress_tut_msgs
-- Installing: /home/dr/Documents/ros2_workspaces/fortress_tut_ws/install/fortress_tut_msgs/share/ament_index/resource_index/parent_prefix_path/fortress_tut_msgs
-- Installing: /home/dr/Documents/ros2_workspaces/fortress_tut_ws/install/fortress_tut_msgs/share/fortress_tut_msgs/environment/ament_prefix_path.sh
-- Installing: /home/dr/Documents/ros2_workspaces/fortress_tut_ws/install/fortress_tut_msgs/share/fortress_tut_msgs/environment/ament_prefix_path.dsv
-- Installing: /home/dr/Documents/ros2_workspaces/fortress_tut_ws/install/fortress_tut_msgs/share/fortress_tut_msgs/environment/path.sh
-- Installing: /home/dr/Documents/ros2_workspaces/fortress_tut_ws/install/fortress_tut_msgs/share/fortress_tut_msgs/environment/path.dsv
-- Installing: /home/dr/Documents/ros2_workspaces/fortress_tut_ws/install/fortress_tut_msgs/share/fortress_tut_msgs/local_setup.bash
-- Installing: /home/dr/Documents/ros2_workspaces/fortress_tut_ws/install/fortress_tut_msgs/share/fortress_tut_msgs/local_setup.sh
-- Installing: /home/dr/Documents/ros2_workspaces/fortress_tut_ws/install/fortress_tut_msgs/share/fortress_tut_msgs/local_setup.zsh
-- Installing: /home/dr/Documents/ros2_workspaces/fortress_tut_ws/install/fortress_tut_msgs/share/fortress_tut_msgs/local_setup.dsv
-- Installing: /home/dr/Documents/ros2_workspaces/fortress_tut_ws/install/fortress_tut_msgs/share/fortress_tut_msgs/package.dsv
-- Installing: /home/dr/Documents/ros2_workspaces/fortress_tut_ws/install/fortress_tut_msgs/share/ament_index/resource_index/packages/fortress_tut_msgs
-- Installing: /home/dr/Documents/ros2_workspaces/fortress_tut_ws/install/fortress_tut_msgs/share/fortress_tut_msgs/cmake/export_fortress_tut_msgs__rosidl_generator_cExport.cmake
-- Installing: /home/dr/Documents/ros2_workspaces/fortress_tut_ws/install/fortress_tut_msgs/share/fortress_tut_msgs/cmake/export_fortress_tut_msgs__rosidl_generator_cExport-noconfig.cmake
-- Installing: /home/dr/Documents/ros2_workspaces/fortress_tut_ws/install/fortress_tut_msgs/share/fortress_tut_msgs/cmake/export_fortress_tut_msgs__rosidl_typesupport_fastrtps_cExport.cmake
-- Installing: /home/dr/Documents/ros2_workspaces/fortress_tut_ws/install/fortress_tut_msgs/share/fortress_tut_msgs/cmake/export_fortress_tut_msgs__rosidl_typesupport_fastrtps_cExport-noconfig.cmake
-- Installing: /home/dr/Documents/ros2_workspaces/fortress_tut_ws/install/fortress_tut_msgs/share/fortress_tut_msgs/cmake/fortress_tut_msgs__rosidl_typesupport_introspection_cExport.cmake
-- Installing: /home/dr/Documents/ros2_workspaces/fortress_tut_ws/install/fortress_tut_msgs/share/fortress_tut_msgs/cmake/fortress_tut_msgs__rosidl_typesupport_introspection_cExport-noconfig.cmake
-- Installing: /home/dr/Documents/ros2_workspaces/fortress_tut_ws/install/fortress_tut_msgs/share/fortress_tut_msgs/cmake/fortress_tut_msgs__rosidl_typesupport_cExport.cmake
-- Installing: /home/dr/Documents/ros2_workspaces/fortress_tut_ws/install/fortress_tut_msgs/share/fortress_tut_msgs/cmake/fortress_tut_msgs__rosidl_typesupport_cExport-noconfig.cmake
-- Installing: /home/dr/Documents/ros2_workspaces/fortress_tut_ws/install/fortress_tut_msgs/share/fortress_tut_msgs/cmake/export_fortress_tut_msgs__rosidl_generator_cppExport.cmake
-- Installing: /home/dr/Documents/ros2_workspaces/fortress_tut_ws/install/fortress_tut_msgs/share/fortress_tut_msgs/cmake/export_fortress_tut_msgs__rosidl_typesupport_fastrtps_cppExport.cmake
-- Installing: /home/dr/Documents/ros2_workspaces/fortress_tut_ws/install/fortress_tut_msgs/share/fortress_tut_msgs/cmake/export_fortress_tut_msgs__rosidl_typesupport_fastrtps_cppExport-noconfig.cmake
-- Installing: /home/dr/Documents/ros2_workspaces/fortress_tut_ws/install/fortress_tut_msgs/share/fortress_tut_msgs/cmake/fortress_tut_msgs__rosidl_typesupport_introspection_cppExport.cmake
-- Installing: /home/dr/Documents/ros2_workspaces/fortress_tut_ws/install/fortress_tut_msgs/share/fortress_tut_msgs/cmake/fortress_tut_msgs__rosidl_typesupport_introspection_cppExport-noconfig.cmake
-- Installing: /home/dr/Documents/ros2_workspaces/fortress_tut_ws/install/fortress_tut_msgs/share/fortress_tut_msgs/cmake/fortress_tut_msgs__rosidl_typesupport_cppExport.cmake
-- Installing: /home/dr/Documents/ros2_workspaces/fortress_tut_ws/install/fortress_tut_msgs/share/fortress_tut_msgs/cmake/fortress_tut_msgs__rosidl_typesupport_cppExport-noconfig.cmake
-- Installing: /home/dr/Documents/ros2_workspaces/fortress_tut_ws/install/fortress_tut_msgs/share/fortress_tut_msgs/cmake/export_fortress_tut_msgs__rosidl_generator_pyExport.cmake
-- Installing: /home/dr/Documents/ros2_workspaces/fortress_tut_ws/install/fortress_tut_msgs/share/fortress_tut_msgs/cmake/export_fortress_tut_msgs__rosidl_generator_pyExport-noconfig.cmake
-- Installing: /home/dr/Documents/ros2_workspaces/fortress_tut_ws/install/fortress_tut_msgs/share/fortress_tut_msgs/cmake/rosidl_cmake-extras.cmake
-- Installing: /home/dr/Documents/ros2_workspaces/fortress_tut_ws/install/fortress_tut_msgs/share/fortress_tut_msgs/cmake/ament_cmake_export_include_directories-extras.cmake
-- Installing: /home/dr/Documents/ros2_workspaces/fortress_tut_ws/install/fortress_tut_msgs/share/fortress_tut_msgs/cmake/ament_cmake_export_libraries-extras.cmake
-- Installing: /home/dr/Documents/ros2_workspaces/fortress_tut_ws/install/fortress_tut_msgs/share/fortress_tut_msgs/cmake/ament_cmake_export_targets-extras.cmake
-- Installing: /home/dr/Documents/ros2_workspaces/fortress_tut_ws/install/fortress_tut_msgs/share/fortress_tut_msgs/cmake/rosidl_cmake_export_typesupport_targets-extras.cmake
-- Installing: /home/dr/Documents/ros2_workspaces/fortress_tut_ws/install/fortress_tut_msgs/share/fortress_tut_msgs/cmake/ament_cmake_export_dependencies-extras.cmake
-- Installing: /home/dr/Documents/ros2_workspaces/fortress_tut_ws/install/fortress_tut_msgs/share/fortress_tut_msgs/cmake/rosidl_cmake_export_typesupport_libraries-extras.cmake
-- Installing: /home/dr/Documents/ros2_workspaces/fortress_tut_ws/install/fortress_tut_msgs/share/fortress_tut_msgs/cmake/rosidl_cmake_aggregate_target-extras.cmake
-- Installing: /home/dr/Documents/ros2_workspaces/fortress_tut_ws/install/fortress_tut_msgs/share/fortress_tut_msgs/cmake/fortress_tut_msgsConfig.cmake
-- Installing: /home/dr/Documents/ros2_workspaces/fortress_tut_ws/install/fortress_tut_msgs/share/fortress_tut_msgs/cmake/fortress_tut_msgsConfig-version.cmake
-- Installing: /home/dr/Documents/ros2_workspaces/fortress_tut_ws/install/fortress_tut_msgs/share/fortress_tut_msgs/package.xml
