[0.021s] Invoking command in '/home/dr/Documents/ros2_workspaces/fortress_tut_ws/build/fortress_tut_msgs': CMAKE_PREFIX_PATH=${CMAKE_PREFIX_PATH}:/home/dr/Documents/ros2_workspaces/fortress_tut_ws/install/turtlebot3_teleop:/home/dr/Documents/ros2_workspaces/fortress_tut_ws/install/turtlebot3_example:/home/dr/Documents/ros2_workspaces/fortress_tut_ws/install/fortress_tut:/home/dr/ros2_ws/install/my_robot_controller:/opt/ros/humble /usr/bin/cmake /home/dr/Documents/ros2_workspaces/fortress_tut_ws/src/fortress_tut_msgs -DCMAKE_INSTALL_PREFIX=/home/dr/Documents/ros2_workspaces/fortress_tut_ws/install/fortress_tut_msgs
[0.054s] -- Found ament_cmake: 1.3.14 (/opt/ros/humble/share/ament_cmake/cmake)
[0.284s] -- Found ament_lint_auto: 0.12.15 (/opt/ros/humble/share/ament_lint_auto/cmake)
[0.396s] -- Found rosidl_default_generators: 1.2.1 (/opt/ros/humble/share/rosidl_default_generators/cmake)
[0.402s] -- Using all available rosidl_typesupport_c: rosidl_typesupport_fastrtps_c;rosidl_typesupport_introspection_c
[0.406s] -- Found rosidl_adapter: 3.1.9 (/opt/ros/humble/share/rosidl_adapter/cmake)
[0.456s] -- Using all available rosidl_typesupport_cpp: rosidl_typesupport_fastrtps_cpp;rosidl_typesupport_introspection_cpp
[0.854s] -- Found ament_cmake_ros: 0.10.0 (/opt/ros/humble/share/ament_cmake_ros/cmake)
[1.185s] -- Using all available rosidl_typesupport_c: rosidl_typesupport_fastrtps_c;rosidl_typesupport_introspection_c
[1.603s] -- Using all available rosidl_typesupport_cpp: rosidl_typesupport_fastrtps_cpp;rosidl_typesupport_introspection_cpp
[1.645s] -- Found PythonInterp: /usr/bin/python3 (found suitable version "3.10.12", minimum required is "3.6") 
[1.651s] -- Found python_cmake_module: 0.10.0 (/opt/ros/humble/share/python_cmake_module/cmake)
[1.706s] -- Found PythonLibs: /usr/lib/x86_64-linux-gnu/libpython3.10.so (found suitable version "3.10.12", minimum required is "3.5") 
[1.706s] -- Using PYTHON_EXECUTABLE: /usr/bin/python3
[1.706s] -- Using PYTHON_INCLUDE_DIRS: /usr/include/python3.10
[1.706s] -- Using PYTHON_LIBRARIES: /usr/lib/x86_64-linux-gnu/libpython3.10.so
[1.745s] -- Found PythonExtra: .so  
[1.917s] -- Added test 'lint_cmake' to check CMake code style
[1.919s] -- Added test 'xmllint' to check XML markup files
[1.930s] -- Configuring done
[1.979s] -- Generating done
[1.995s] -- Build files have been written to: /home/dr/Documents/ros2_workspaces/fortress_tut_ws/build/fortress_tut_msgs
[2.007s] Invoked command in '/home/dr/Documents/ros2_workspaces/fortress_tut_ws/build/fortress_tut_msgs' returned '0': CMAKE_PREFIX_PATH=${CMAKE_PREFIX_PATH}:/home/dr/Documents/ros2_workspaces/fortress_tut_ws/install/turtlebot3_teleop:/home/dr/Documents/ros2_workspaces/fortress_tut_ws/install/turtlebot3_example:/home/dr/Documents/ros2_workspaces/fortress_tut_ws/install/fortress_tut:/home/dr/ros2_ws/install/my_robot_controller:/opt/ros/humble /usr/bin/cmake /home/dr/Documents/ros2_workspaces/fortress_tut_ws/src/fortress_tut_msgs -DCMAKE_INSTALL_PREFIX=/home/dr/Documents/ros2_workspaces/fortress_tut_ws/install/fortress_tut_msgs
[2.009s] Invoking command in '/home/dr/Documents/ros2_workspaces/fortress_tut_ws/build/fortress_tut_msgs': CMAKE_PREFIX_PATH=${CMAKE_PREFIX_PATH}:/home/dr/Documents/ros2_workspaces/fortress_tut_ws/install/turtlebot3_teleop:/home/dr/Documents/ros2_workspaces/fortress_tut_ws/install/turtlebot3_example:/home/dr/Documents/ros2_workspaces/fortress_tut_ws/install/fortress_tut:/home/dr/ros2_ws/install/my_robot_controller:/opt/ros/humble /usr/bin/cmake --build /home/dr/Documents/ros2_workspaces/fortress_tut_ws/build/fortress_tut_msgs -- -j8 -l8
[2.078s] [  3%] [34m[1mGenerating C code for ROS interfaces[0m
[2.101s] [  6%] [34m[1mGenerating Rust code for ROS interfaces[0m
[2.101s] [  9%] [34m[1mGenerating C++ code for ROS interfaces[0m
[2.117s] [  9%] Built target ament_cmake_python_copy_fortress_tut_msgs
[2.590s] [  9%] Built target fortress_tut_msgs__rs
[2.639s] [ 12%] [32mBuilding C object CMakeFiles/fortress_tut_msgs__rosidl_generator_c.dir/rosidl_generator_c/fortress_tut_msgs/srv/detail/move_turtlebot__functions.c.o[0m
[2.684s] [ 12%] Built target fortress_tut_msgs__cpp
[2.695s] running egg_info
[2.696s] creating fortress_tut_msgs.egg-info
[2.697s] writing fortress_tut_msgs.egg-info/PKG-INFO
[2.697s] writing dependency_links to fortress_tut_msgs.egg-info/dependency_links.txt
[2.697s] writing top-level names to fortress_tut_msgs.egg-info/top_level.txt
[2.698s] writing manifest file 'fortress_tut_msgs.egg-info/SOURCES.txt'
[2.703s] [ 15%] [34m[1mGenerating C++ type support dispatch for ROS interfaces[0m
[2.704s] reading manifest file 'fortress_tut_msgs.egg-info/SOURCES.txt'
[2.705s] [ 21%] [34m[1mGenerating C++ introspection for ROS interfaces[0m
[2.705s] [ 18%] [34m[1mGenerating C++ type support for eProsima Fast-RTPS[0m
[2.706s] writing manifest file 'fortress_tut_msgs.egg-info/SOURCES.txt'
[2.778s] [ 21%] Built target ament_cmake_python_build_fortress_tut_msgs_egg
[2.780s] [ 25%] [32m[1mLinking C shared library libfortress_tut_msgs__rosidl_generator_c.so[0m
[2.853s] [ 25%] Built target fortress_tut_msgs__rosidl_generator_c
[2.877s] [ 28%] [34m[1mGenerating C type support dispatch for ROS interfaces[0m
[2.877s] [ 31%] [34m[1mGenerating C introspection for ROS interfaces[0m
[2.877s] [ 34%] [34m[1mGenerating C type support for eProsima Fast-RTPS[0m
[3.295s] [ 37%] [32mBuilding CXX object CMakeFiles/fortress_tut_msgs__rosidl_typesupport_introspection_cpp.dir/rosidl_typesupport_introspection_cpp/fortress_tut_msgs/srv/detail/move_turtlebot__type_support.cpp.o[0m
[3.353s] [ 40%] [32mBuilding CXX object CMakeFiles/fortress_tut_msgs__rosidl_typesupport_cpp.dir/rosidl_typesupport_cpp/fortress_tut_msgs/srv/move_turtlebot__type_support.cpp.o[0m
[3.466s] [ 43%] [32mBuilding CXX object CMakeFiles/fortress_tut_msgs__rosidl_typesupport_fastrtps_cpp.dir/rosidl_typesupport_fastrtps_cpp/fortress_tut_msgs/srv/detail/dds_fastrtps/move_turtlebot__type_support.cpp.o[0m
[3.515s] [ 46%] [32mBuilding CXX object CMakeFiles/fortress_tut_msgs__rosidl_typesupport_c.dir/rosidl_typesupport_c/fortress_tut_msgs/srv/move_turtlebot__type_support.cpp.o[0m
[3.596s] [ 50%] [32m[1mLinking CXX shared library libfortress_tut_msgs__rosidl_typesupport_c.so[0m
[3.623s] [ 53%] [32mBuilding CXX object CMakeFiles/fortress_tut_msgs__rosidl_typesupport_fastrtps_c.dir/rosidl_typesupport_fastrtps_c/fortress_tut_msgs/srv/detail/move_turtlebot__type_support_c.cpp.o[0m
[3.643s] [ 56%] [32mBuilding C object CMakeFiles/fortress_tut_msgs__rosidl_typesupport_introspection_c.dir/rosidl_typesupport_introspection_c/fortress_tut_msgs/srv/detail/move_turtlebot__type_support.c.o[0m
[3.688s] [ 56%] Built target fortress_tut_msgs__rosidl_typesupport_c
[3.724s] [ 59%] [32m[1mLinking C shared library libfortress_tut_msgs__rosidl_typesupport_introspection_c.so[0m
[3.783s] [ 59%] Built target fortress_tut_msgs__rosidl_typesupport_introspection_c
[3.950s] [ 62%] [32m[1mLinking CXX shared library libfortress_tut_msgs__rosidl_typesupport_cpp.so[0m
[4.036s] [ 62%] Built target fortress_tut_msgs__rosidl_typesupport_cpp
[4.275s] [ 65%] [32m[1mLinking CXX shared library libfortress_tut_msgs__rosidl_typesupport_introspection_cpp.so[0m
[4.297s] [ 68%] [32m[1mLinking CXX shared library libfortress_tut_msgs__rosidl_typesupport_fastrtps_cpp.so[0m
[4.350s] [ 68%] Built target fortress_tut_msgs__rosidl_typesupport_introspection_cpp
[4.415s] [ 71%] [32m[1mLinking CXX shared library libfortress_tut_msgs__rosidl_typesupport_fastrtps_c.so[0m
[4.440s] [ 71%] Built target fortress_tut_msgs__rosidl_typesupport_fastrtps_cpp
[4.551s] [ 71%] Built target fortress_tut_msgs__rosidl_typesupport_fastrtps_c
[4.586s] [ 71%] Built target fortress_tut_msgs
[4.620s] [ 75%] [34m[1mGenerating Python code for ROS interfaces[0m
[5.246s] [ 75%] Built target fortress_tut_msgs__py
[5.282s] [ 78%] [32mBuilding C object CMakeFiles/fortress_tut_msgs__rosidl_generator_py.dir/rosidl_generator_py/fortress_tut_msgs/srv/_move_turtlebot_s.c.o[0m
[5.467s] [ 81%] [32m[1mLinking C shared library rosidl_generator_py/fortress_tut_msgs/libfortress_tut_msgs__rosidl_generator_py.so[0m
[5.529s] [ 81%] Built target fortress_tut_msgs__rosidl_generator_py
[5.566s] [ 84%] [32mBuilding C object CMakeFiles/fortress_tut_msgs__rosidl_typesupport_introspection_c__pyext.dir/rosidl_generator_py/fortress_tut_msgs/_fortress_tut_msgs_s.ep.rosidl_typesupport_introspection_c.c.o[0m
[5.570s] [ 87%] [32mBuilding C object CMakeFiles/fortress_tut_msgs__rosidl_typesupport_fastrtps_c__pyext.dir/rosidl_generator_py/fortress_tut_msgs/_fortress_tut_msgs_s.ep.rosidl_typesupport_fastrtps_c.c.o[0m
[5.571s] [ 90%] [32mBuilding C object CMakeFiles/fortress_tut_msgs__rosidl_typesupport_c__pyext.dir/rosidl_generator_py/fortress_tut_msgs/_fortress_tut_msgs_s.ep.rosidl_typesupport_c.c.o[0m
[5.723s] [ 93%] [32m[1mLinking C shared library rosidl_generator_py/fortress_tut_msgs/fortress_tut_msgs_s__rosidl_typesupport_c.cpython-310-x86_64-linux-gnu.so[0m
[5.729s] [ 96%] [32m[1mLinking C shared library rosidl_generator_py/fortress_tut_msgs/fortress_tut_msgs_s__rosidl_typesupport_introspection_c.cpython-310-x86_64-linux-gnu.so[0m
[5.736s] [100%] [32m[1mLinking C shared library rosidl_generator_py/fortress_tut_msgs/fortress_tut_msgs_s__rosidl_typesupport_fastrtps_c.cpython-310-x86_64-linux-gnu.so[0m
[5.788s] [100%] Built target fortress_tut_msgs__rosidl_typesupport_c__pyext
[5.789s] [100%] Built target fortress_tut_msgs__rosidl_typesupport_introspection_c__pyext
[5.800s] [100%] Built target fortress_tut_msgs__rosidl_typesupport_fastrtps_c__pyext
[5.819s] Invoked command in '/home/dr/Documents/ros2_workspaces/fortress_tut_ws/build/fortress_tut_msgs' returned '0': CMAKE_PREFIX_PATH=${CMAKE_PREFIX_PATH}:/home/dr/Documents/ros2_workspaces/fortress_tut_ws/install/turtlebot3_teleop:/home/dr/Documents/ros2_workspaces/fortress_tut_ws/install/turtlebot3_example:/home/dr/Documents/ros2_workspaces/fortress_tut_ws/install/fortress_tut:/home/dr/ros2_ws/install/my_robot_controller:/opt/ros/humble /usr/bin/cmake --build /home/dr/Documents/ros2_workspaces/fortress_tut_ws/build/fortress_tut_msgs -- -j8 -l8
[5.835s] Invoking command in '/home/dr/Documents/ros2_workspaces/fortress_tut_ws/build/fortress_tut_msgs': CMAKE_PREFIX_PATH=${CMAKE_PREFIX_PATH}:/home/dr/Documents/ros2_workspaces/fortress_tut_ws/install/turtlebot3_teleop:/home/dr/Documents/ros2_workspaces/fortress_tut_ws/install/turtlebot3_example:/home/dr/Documents/ros2_workspaces/fortress_tut_ws/install/fortress_tut:/home/dr/ros2_ws/install/my_robot_controller:/opt/ros/humble /usr/bin/cmake --install /home/dr/Documents/ros2_workspaces/fortress_tut_ws/build/fortress_tut_msgs
[5.849s] -- Install configuration: ""
[5.849s] -- Installing: /home/dr/Documents/ros2_workspaces/fortress_tut_ws/install/fortress_tut_msgs/share/ament_index/resource_index/rosidl_interfaces/fortress_tut_msgs
[5.849s] -- Installing: /home/dr/Documents/ros2_workspaces/fortress_tut_ws/install/fortress_tut_msgs/include/fortress_tut_msgs/fortress_tut_msgs
[5.849s] -- Installing: /home/dr/Documents/ros2_workspaces/fortress_tut_ws/install/fortress_tut_msgs/include/fortress_tut_msgs/fortress_tut_msgs/srv
[5.849s] -- Installing: /home/dr/Documents/ros2_workspaces/fortress_tut_ws/install/fortress_tut_msgs/include/fortress_tut_msgs/fortress_tut_msgs/srv/detail
[5.850s] -- Installing: /home/dr/Documents/ros2_workspaces/fortress_tut_ws/install/fortress_tut_msgs/include/fortress_tut_msgs/fortress_tut_msgs/srv/detail/move_turtlebot__functions.c
[5.850s] -- Installing: /home/dr/Documents/ros2_workspaces/fortress_tut_ws/install/fortress_tut_msgs/include/fortress_tut_msgs/fortress_tut_msgs/srv/detail/move_turtlebot__struct.h
[5.850s] -- Installing: /home/dr/Documents/ros2_workspaces/fortress_tut_ws/install/fortress_tut_msgs/include/fortress_tut_msgs/fortress_tut_msgs/srv/detail/move_turtlebot__functions.h
[5.851s] -- Installing: /home/dr/Documents/ros2_workspaces/fortress_tut_ws/install/fortress_tut_msgs/include/fortress_tut_msgs/fortress_tut_msgs/srv/detail/move_turtlebot__type_support.h
[5.851s] -- Installing: /home/dr/Documents/ros2_workspaces/fortress_tut_ws/install/fortress_tut_msgs/include/fortress_tut_msgs/fortress_tut_msgs/srv/move_turtlebot.h
[5.851s] -- Installing: /home/dr/Documents/ros2_workspaces/fortress_tut_ws/install/fortress_tut_msgs/include/fortress_tut_msgs/fortress_tut_msgs/msg
[5.851s] -- Installing: /home/dr/Documents/ros2_workspaces/fortress_tut_ws/install/fortress_tut_msgs/include/fortress_tut_msgs/fortress_tut_msgs/msg/rosidl_generator_c__visibility_control.h
[5.851s] -- Installing: /home/dr/Documents/ros2_workspaces/fortress_tut_ws/install/fortress_tut_msgs/share/fortress_tut_msgs/environment/library_path.sh
[5.852s] -- Installing: /home/dr/Documents/ros2_workspaces/fortress_tut_ws/install/fortress_tut_msgs/share/fortress_tut_msgs/environment/library_path.dsv
[5.852s] -- Installing: /home/dr/Documents/ros2_workspaces/fortress_tut_ws/install/fortress_tut_msgs/lib/libfortress_tut_msgs__rosidl_generator_c.so
[5.853s] -- Set runtime path of "/home/dr/Documents/ros2_workspaces/fortress_tut_ws/install/fortress_tut_msgs/lib/libfortress_tut_msgs__rosidl_generator_c.so" to ""
[5.853s] -- Up-to-date: /home/dr/Documents/ros2_workspaces/fortress_tut_ws/install/fortress_tut_msgs/include/fortress_tut_msgs/fortress_tut_msgs
[5.853s] -- Up-to-date: /home/dr/Documents/ros2_workspaces/fortress_tut_ws/install/fortress_tut_msgs/include/fortress_tut_msgs/fortress_tut_msgs/srv
[5.853s] -- Up-to-date: /home/dr/Documents/ros2_workspaces/fortress_tut_ws/install/fortress_tut_msgs/include/fortress_tut_msgs/fortress_tut_msgs/srv/detail
[5.853s] -- Installing: /home/dr/Documents/ros2_workspaces/fortress_tut_ws/install/fortress_tut_msgs/include/fortress_tut_msgs/fortress_tut_msgs/srv/detail/move_turtlebot__rosidl_typesupport_fastrtps_c.h
[5.854s] -- Up-to-date: /home/dr/Documents/ros2_workspaces/fortress_tut_ws/install/fortress_tut_msgs/include/fortress_tut_msgs/fortress_tut_msgs/msg
[5.854s] -- Installing: /home/dr/Documents/ros2_workspaces/fortress_tut_ws/install/fortress_tut_msgs/include/fortress_tut_msgs/fortress_tut_msgs/msg/rosidl_typesupport_fastrtps_c__visibility_control.h
[5.854s] -- Installing: /home/dr/Documents/ros2_workspaces/fortress_tut_ws/install/fortress_tut_msgs/lib/libfortress_tut_msgs__rosidl_typesupport_fastrtps_c.so
[5.855s] -- Set runtime path of "/home/dr/Documents/ros2_workspaces/fortress_tut_ws/install/fortress_tut_msgs/lib/libfortress_tut_msgs__rosidl_typesupport_fastrtps_c.so" to ""
[5.855s] -- Up-to-date: /home/dr/Documents/ros2_workspaces/fortress_tut_ws/install/fortress_tut_msgs/include/fortress_tut_msgs/fortress_tut_msgs
[5.856s] -- Up-to-date: /home/dr/Documents/ros2_workspaces/fortress_tut_ws/install/fortress_tut_msgs/include/fortress_tut_msgs/fortress_tut_msgs/srv
[5.856s] -- Up-to-date: /home/dr/Documents/ros2_workspaces/fortress_tut_ws/install/fortress_tut_msgs/include/fortress_tut_msgs/fortress_tut_msgs/srv/detail
[5.856s] -- Installing: /home/dr/Documents/ros2_workspaces/fortress_tut_ws/install/fortress_tut_msgs/include/fortress_tut_msgs/fortress_tut_msgs/srv/detail/move_turtlebot__type_support.c
[5.856s] -- Installing: /home/dr/Documents/ros2_workspaces/fortress_tut_ws/install/fortress_tut_msgs/include/fortress_tut_msgs/fortress_tut_msgs/srv/detail/move_turtlebot__rosidl_typesupport_introspection_c.h
[5.857s] -- Up-to-date: /home/dr/Documents/ros2_workspaces/fortress_tut_ws/install/fortress_tut_msgs/include/fortress_tut_msgs/fortress_tut_msgs/msg
[5.858s] -- Installing: /home/dr/Documents/ros2_workspaces/fortress_tut_ws/install/fortress_tut_msgs/include/fortress_tut_msgs/fortress_tut_msgs/msg/rosidl_typesupport_introspection_c__visibility_control.h
[5.858s] -- Installing: /home/dr/Documents/ros2_workspaces/fortress_tut_ws/install/fortress_tut_msgs/lib/libfortress_tut_msgs__rosidl_typesupport_introspection_c.so
[5.858s] -- Set runtime path of "/home/dr/Documents/ros2_workspaces/fortress_tut_ws/install/fortress_tut_msgs/lib/libfortress_tut_msgs__rosidl_typesupport_introspection_c.so" to ""
[5.858s] -- Installing: /home/dr/Documents/ros2_workspaces/fortress_tut_ws/install/fortress_tut_msgs/lib/libfortress_tut_msgs__rosidl_typesupport_c.so
[5.859s] -- Set runtime path of "/home/dr/Documents/ros2_workspaces/fortress_tut_ws/install/fortress_tut_msgs/lib/libfortress_tut_msgs__rosidl_typesupport_c.so" to ""
[5.859s] -- Up-to-date: /home/dr/Documents/ros2_workspaces/fortress_tut_ws/install/fortress_tut_msgs/include/fortress_tut_msgs/fortress_tut_msgs
[5.860s] -- Up-to-date: /home/dr/Documents/ros2_workspaces/fortress_tut_ws/install/fortress_tut_msgs/include/fortress_tut_msgs/fortress_tut_msgs/srv
[5.860s] -- Up-to-date: /home/dr/Documents/ros2_workspaces/fortress_tut_ws/install/fortress_tut_msgs/include/fortress_tut_msgs/fortress_tut_msgs/srv/detail
[5.860s] -- Installing: /home/dr/Documents/ros2_workspaces/fortress_tut_ws/install/fortress_tut_msgs/include/fortress_tut_msgs/fortress_tut_msgs/srv/detail/move_turtlebot__traits.hpp
[5.861s] -- Installing: /home/dr/Documents/ros2_workspaces/fortress_tut_ws/install/fortress_tut_msgs/include/fortress_tut_msgs/fortress_tut_msgs/srv/detail/move_turtlebot__builder.hpp
[5.861s] -- Installing: /home/dr/Documents/ros2_workspaces/fortress_tut_ws/install/fortress_tut_msgs/include/fortress_tut_msgs/fortress_tut_msgs/srv/detail/move_turtlebot__struct.hpp
[5.861s] -- Installing: /home/dr/Documents/ros2_workspaces/fortress_tut_ws/install/fortress_tut_msgs/include/fortress_tut_msgs/fortress_tut_msgs/srv/detail/move_turtlebot__type_support.hpp
[5.862s] -- Installing: /home/dr/Documents/ros2_workspaces/fortress_tut_ws/install/fortress_tut_msgs/include/fortress_tut_msgs/fortress_tut_msgs/srv/move_turtlebot.hpp
[5.862s] -- Up-to-date: /home/dr/Documents/ros2_workspaces/fortress_tut_ws/install/fortress_tut_msgs/include/fortress_tut_msgs/fortress_tut_msgs/msg
[5.862s] -- Installing: /home/dr/Documents/ros2_workspaces/fortress_tut_ws/install/fortress_tut_msgs/include/fortress_tut_msgs/fortress_tut_msgs/msg/rosidl_generator_cpp__visibility_control.hpp
[5.862s] -- Up-to-date: /home/dr/Documents/ros2_workspaces/fortress_tut_ws/install/fortress_tut_msgs/include/fortress_tut_msgs/fortress_tut_msgs
[5.863s] -- Up-to-date: /home/dr/Documents/ros2_workspaces/fortress_tut_ws/install/fortress_tut_msgs/include/fortress_tut_msgs/fortress_tut_msgs/srv
[5.863s] -- Up-to-date: /home/dr/Documents/ros2_workspaces/fortress_tut_ws/install/fortress_tut_msgs/include/fortress_tut_msgs/fortress_tut_msgs/srv/detail
[5.863s] -- Installing: /home/dr/Documents/ros2_workspaces/fortress_tut_ws/install/fortress_tut_msgs/include/fortress_tut_msgs/fortress_tut_msgs/srv/detail/move_turtlebot__rosidl_typesupport_fastrtps_cpp.hpp
[5.863s] -- Installing: /home/dr/Documents/ros2_workspaces/fortress_tut_ws/install/fortress_tut_msgs/include/fortress_tut_msgs/fortress_tut_msgs/srv/detail/dds_fastrtps
[5.864s] -- Up-to-date: /home/dr/Documents/ros2_workspaces/fortress_tut_ws/install/fortress_tut_msgs/include/fortress_tut_msgs/fortress_tut_msgs/msg
[5.864s] -- Installing: /home/dr/Documents/ros2_workspaces/fortress_tut_ws/install/fortress_tut_msgs/include/fortress_tut_msgs/fortress_tut_msgs/msg/rosidl_typesupport_fastrtps_cpp__visibility_control.h
[5.864s] -- Installing: /home/dr/Documents/ros2_workspaces/fortress_tut_ws/install/fortress_tut_msgs/lib/libfortress_tut_msgs__rosidl_typesupport_fastrtps_cpp.so
[5.864s] -- Set runtime path of "/home/dr/Documents/ros2_workspaces/fortress_tut_ws/install/fortress_tut_msgs/lib/libfortress_tut_msgs__rosidl_typesupport_fastrtps_cpp.so" to ""
[5.864s] -- Up-to-date: /home/dr/Documents/ros2_workspaces/fortress_tut_ws/install/fortress_tut_msgs/include/fortress_tut_msgs/fortress_tut_msgs
[5.865s] -- Up-to-date: /home/dr/Documents/ros2_workspaces/fortress_tut_ws/install/fortress_tut_msgs/include/fortress_tut_msgs/fortress_tut_msgs/srv
[5.865s] -- Up-to-date: /home/dr/Documents/ros2_workspaces/fortress_tut_ws/install/fortress_tut_msgs/include/fortress_tut_msgs/fortress_tut_msgs/srv/detail
[5.865s] -- Installing: /home/dr/Documents/ros2_workspaces/fortress_tut_ws/install/fortress_tut_msgs/include/fortress_tut_msgs/fortress_tut_msgs/srv/detail/move_turtlebot__rosidl_typesupport_introspection_cpp.hpp
[5.865s] -- Installing: /home/dr/Documents/ros2_workspaces/fortress_tut_ws/install/fortress_tut_msgs/include/fortress_tut_msgs/fortress_tut_msgs/srv/detail/move_turtlebot__type_support.cpp
[5.865s] -- Installing: /home/dr/Documents/ros2_workspaces/fortress_tut_ws/install/fortress_tut_msgs/lib/libfortress_tut_msgs__rosidl_typesupport_introspection_cpp.so
[5.866s] -- Set runtime path of "/home/dr/Documents/ros2_workspaces/fortress_tut_ws/install/fortress_tut_msgs/lib/libfortress_tut_msgs__rosidl_typesupport_introspection_cpp.so" to ""
[5.866s] -- Installing: /home/dr/Documents/ros2_workspaces/fortress_tut_ws/install/fortress_tut_msgs/lib/libfortress_tut_msgs__rosidl_typesupport_cpp.so
[5.866s] -- Set runtime path of "/home/dr/Documents/ros2_workspaces/fortress_tut_ws/install/fortress_tut_msgs/lib/libfortress_tut_msgs__rosidl_typesupport_cpp.so" to ""
[5.866s] -- Installing: /home/dr/Documents/ros2_workspaces/fortress_tut_ws/install/fortress_tut_msgs/share/fortress_tut_msgs/environment/pythonpath.sh
[5.866s] -- Installing: /home/dr/Documents/ros2_workspaces/fortress_tut_ws/install/fortress_tut_msgs/share/fortress_tut_msgs/environment/pythonpath.dsv
[5.867s] -- Installing: /home/dr/Documents/ros2_workspaces/fortress_tut_ws/install/fortress_tut_msgs/local/lib/python3.10/dist-packages/fortress_tut_msgs-0.0.0-py3.10.egg-info
[5.867s] -- Installing: /home/dr/Documents/ros2_workspaces/fortress_tut_ws/install/fortress_tut_msgs/local/lib/python3.10/dist-packages/fortress_tut_msgs-0.0.0-py3.10.egg-info/dependency_links.txt
[5.867s] -- Installing: /home/dr/Documents/ros2_workspaces/fortress_tut_ws/install/fortress_tut_msgs/local/lib/python3.10/dist-packages/fortress_tut_msgs-0.0.0-py3.10.egg-info/PKG-INFO
[5.868s] -- Installing: /home/dr/Documents/ros2_workspaces/fortress_tut_ws/install/fortress_tut_msgs/local/lib/python3.10/dist-packages/fortress_tut_msgs-0.0.0-py3.10.egg-info/top_level.txt
[5.868s] -- Installing: /home/dr/Documents/ros2_workspaces/fortress_tut_ws/install/fortress_tut_msgs/local/lib/python3.10/dist-packages/fortress_tut_msgs-0.0.0-py3.10.egg-info/SOURCES.txt
[5.868s] -- Installing: /home/dr/Documents/ros2_workspaces/fortress_tut_ws/install/fortress_tut_msgs/local/lib/python3.10/dist-packages/fortress_tut_msgs
[5.869s] -- Installing: /home/dr/Documents/ros2_workspaces/fortress_tut_ws/install/fortress_tut_msgs/local/lib/python3.10/dist-packages/fortress_tut_msgs/srv
[5.869s] -- Installing: /home/dr/Documents/ros2_workspaces/fortress_tut_ws/install/fortress_tut_msgs/local/lib/python3.10/dist-packages/fortress_tut_msgs/srv/__init__.py
[5.869s] -- Installing: /home/dr/Documents/ros2_workspaces/fortress_tut_ws/install/fortress_tut_msgs/local/lib/python3.10/dist-packages/fortress_tut_msgs/srv/_move_turtlebot.py
[5.869s] -- Installing: /home/dr/Documents/ros2_workspaces/fortress_tut_ws/install/fortress_tut_msgs/local/lib/python3.10/dist-packages/fortress_tut_msgs/srv/_move_turtlebot_s.c
[5.870s] -- Installing: /home/dr/Documents/ros2_workspaces/fortress_tut_ws/install/fortress_tut_msgs/local/lib/python3.10/dist-packages/fortress_tut_msgs/__init__.py
[5.870s] -- Installing: /home/dr/Documents/ros2_workspaces/fortress_tut_ws/install/fortress_tut_msgs/local/lib/python3.10/dist-packages/fortress_tut_msgs/fortress_tut_msgs_s__rosidl_typesupport_c.cpython-310-x86_64-linux-gnu.so
[5.870s] -- Installing: /home/dr/Documents/ros2_workspaces/fortress_tut_ws/install/fortress_tut_msgs/local/lib/python3.10/dist-packages/fortress_tut_msgs/libfortress_tut_msgs__rosidl_generator_py.so
[5.870s] -- Installing: /home/dr/Documents/ros2_workspaces/fortress_tut_ws/install/fortress_tut_msgs/local/lib/python3.10/dist-packages/fortress_tut_msgs/_fortress_tut_msgs_s.ep.rosidl_typesupport_introspection_c.c
[5.871s] -- Installing: /home/dr/Documents/ros2_workspaces/fortress_tut_ws/install/fortress_tut_msgs/local/lib/python3.10/dist-packages/fortress_tut_msgs/_fortress_tut_msgs_s.ep.rosidl_typesupport_c.c
[5.871s] -- Installing: /home/dr/Documents/ros2_workspaces/fortress_tut_ws/install/fortress_tut_msgs/local/lib/python3.10/dist-packages/fortress_tut_msgs/fortress_tut_msgs_s__rosidl_typesupport_fastrtps_c.cpython-310-x86_64-linux-gnu.so
[5.871s] -- Installing: /home/dr/Documents/ros2_workspaces/fortress_tut_ws/install/fortress_tut_msgs/local/lib/python3.10/dist-packages/fortress_tut_msgs/_fortress_tut_msgs_s.ep.rosidl_typesupport_fastrtps_c.c
[5.871s] -- Installing: /home/dr/Documents/ros2_workspaces/fortress_tut_ws/install/fortress_tut_msgs/local/lib/python3.10/dist-packages/fortress_tut_msgs/fortress_tut_msgs_s__rosidl_typesupport_introspection_c.cpython-310-x86_64-linux-gnu.so
[5.935s] Listing '/home/dr/Documents/ros2_workspaces/fortress_tut_ws/install/fortress_tut_msgs/local/lib/python3.10/dist-packages/fortress_tut_msgs'...
[5.936s] Compiling '/home/dr/Documents/ros2_workspaces/fortress_tut_ws/install/fortress_tut_msgs/local/lib/python3.10/dist-packages/fortress_tut_msgs/__init__.py'...
[5.936s] Listing '/home/dr/Documents/ros2_workspaces/fortress_tut_ws/install/fortress_tut_msgs/local/lib/python3.10/dist-packages/fortress_tut_msgs/srv'...
[5.936s] Compiling '/home/dr/Documents/ros2_workspaces/fortress_tut_ws/install/fortress_tut_msgs/local/lib/python3.10/dist-packages/fortress_tut_msgs/srv/__init__.py'...
[5.936s] Compiling '/home/dr/Documents/ros2_workspaces/fortress_tut_ws/install/fortress_tut_msgs/local/lib/python3.10/dist-packages/fortress_tut_msgs/srv/_move_turtlebot.py'...
[5.944s] -- Installing: /home/dr/Documents/ros2_workspaces/fortress_tut_ws/install/fortress_tut_msgs/local/lib/python3.10/dist-packages/fortress_tut_msgs/fortress_tut_msgs_s__rosidl_typesupport_fastrtps_c.cpython-310-x86_64-linux-gnu.so
[5.944s] -- Set runtime path of "/home/dr/Documents/ros2_workspaces/fortress_tut_ws/install/fortress_tut_msgs/local/lib/python3.10/dist-packages/fortress_tut_msgs/fortress_tut_msgs_s__rosidl_typesupport_fastrtps_c.cpython-310-x86_64-linux-gnu.so" to ""
[5.945s] -- Installing: /home/dr/Documents/ros2_workspaces/fortress_tut_ws/install/fortress_tut_msgs/local/lib/python3.10/dist-packages/fortress_tut_msgs/fortress_tut_msgs_s__rosidl_typesupport_introspection_c.cpython-310-x86_64-linux-gnu.so
[5.946s] -- Set runtime path of "/home/dr/Documents/ros2_workspaces/fortress_tut_ws/install/fortress_tut_msgs/local/lib/python3.10/dist-packages/fortress_tut_msgs/fortress_tut_msgs_s__rosidl_typesupport_introspection_c.cpython-310-x86_64-linux-gnu.so" to ""
[5.946s] -- Installing: /home/dr/Documents/ros2_workspaces/fortress_tut_ws/install/fortress_tut_msgs/local/lib/python3.10/dist-packages/fortress_tut_msgs/fortress_tut_msgs_s__rosidl_typesupport_c.cpython-310-x86_64-linux-gnu.so
[5.947s] -- Set runtime path of "/home/dr/Documents/ros2_workspaces/fortress_tut_ws/install/fortress_tut_msgs/local/lib/python3.10/dist-packages/fortress_tut_msgs/fortress_tut_msgs_s__rosidl_typesupport_c.cpython-310-x86_64-linux-gnu.so" to ""
[5.947s] -- Installing: /home/dr/Documents/ros2_workspaces/fortress_tut_ws/install/fortress_tut_msgs/lib/libfortress_tut_msgs__rosidl_generator_py.so
[5.948s] -- Set runtime path of "/home/dr/Documents/ros2_workspaces/fortress_tut_ws/install/fortress_tut_msgs/lib/libfortress_tut_msgs__rosidl_generator_py.so" to ""
[5.948s] -- Installing: /home/dr/Documents/ros2_workspaces/fortress_tut_ws/install/fortress_tut_msgs/share/ament_index/resource_index/rust_packages/fortress_tut_msgs
[5.948s] -- Installing: /home/dr/Documents/ros2_workspaces/fortress_tut_ws/install/fortress_tut_msgs/share/fortress_tut_msgs/rust
[5.948s] -- Installing: /home/dr/Documents/ros2_workspaces/fortress_tut_ws/install/fortress_tut_msgs/share/fortress_tut_msgs/rust/build.rs
[5.948s] -- Installing: /home/dr/Documents/ros2_workspaces/fortress_tut_ws/install/fortress_tut_msgs/share/fortress_tut_msgs/rust/Cargo.toml
[5.949s] -- Installing: /home/dr/Documents/ros2_workspaces/fortress_tut_ws/install/fortress_tut_msgs/share/fortress_tut_msgs/rust/src
[5.949s] -- Installing: /home/dr/Documents/ros2_workspaces/fortress_tut_ws/install/fortress_tut_msgs/share/fortress_tut_msgs/rust/src/lib.rs
[5.949s] -- Installing: /home/dr/Documents/ros2_workspaces/fortress_tut_ws/install/fortress_tut_msgs/share/fortress_tut_msgs/rust/src/srv
[5.949s] -- Installing: /home/dr/Documents/ros2_workspaces/fortress_tut_ws/install/fortress_tut_msgs/share/fortress_tut_msgs/rust/src/srv/rmw.rs
[5.949s] -- Installing: /home/dr/Documents/ros2_workspaces/fortress_tut_ws/install/fortress_tut_msgs/share/fortress_tut_msgs/rust/src/srv.rs
[5.949s] -- Installing: /home/dr/Documents/ros2_workspaces/fortress_tut_ws/install/fortress_tut_msgs/share/fortress_tut_msgs/srv/MoveTurtlebot.idl
[5.950s] -- Installing: /home/dr/Documents/ros2_workspaces/fortress_tut_ws/install/fortress_tut_msgs/share/fortress_tut_msgs/srv/MoveTurtlebot.srv
[5.950s] -- Installing: /home/dr/Documents/ros2_workspaces/fortress_tut_ws/install/fortress_tut_msgs/share/fortress_tut_msgs/srv/MoveTurtlebot_Request.msg
[5.950s] -- Installing: /home/dr/Documents/ros2_workspaces/fortress_tut_ws/install/fortress_tut_msgs/share/fortress_tut_msgs/srv/MoveTurtlebot_Response.msg
[5.950s] -- Installing: /home/dr/Documents/ros2_workspaces/fortress_tut_ws/install/fortress_tut_msgs/share/ament_index/resource_index/package_run_dependencies/fortress_tut_msgs
[5.951s] -- Installing: /home/dr/Documents/ros2_workspaces/fortress_tut_ws/install/fortress_tut_msgs/share/ament_index/resource_index/parent_prefix_path/fortress_tut_msgs
[5.951s] -- Installing: /home/dr/Documents/ros2_workspaces/fortress_tut_ws/install/fortress_tut_msgs/share/fortress_tut_msgs/environment/ament_prefix_path.sh
[5.951s] -- Installing: /home/dr/Documents/ros2_workspaces/fortress_tut_ws/install/fortress_tut_msgs/share/fortress_tut_msgs/environment/ament_prefix_path.dsv
[5.951s] -- Installing: /home/dr/Documents/ros2_workspaces/fortress_tut_ws/install/fortress_tut_msgs/share/fortress_tut_msgs/environment/path.sh
[5.951s] -- Installing: /home/dr/Documents/ros2_workspaces/fortress_tut_ws/install/fortress_tut_msgs/share/fortress_tut_msgs/environment/path.dsv
[5.952s] -- Installing: /home/dr/Documents/ros2_workspaces/fortress_tut_ws/install/fortress_tut_msgs/share/fortress_tut_msgs/local_setup.bash
[5.952s] -- Installing: /home/dr/Documents/ros2_workspaces/fortress_tut_ws/install/fortress_tut_msgs/share/fortress_tut_msgs/local_setup.sh
[5.952s] -- Installing: /home/dr/Documents/ros2_workspaces/fortress_tut_ws/install/fortress_tut_msgs/share/fortress_tut_msgs/local_setup.zsh
[5.952s] -- Installing: /home/dr/Documents/ros2_workspaces/fortress_tut_ws/install/fortress_tut_msgs/share/fortress_tut_msgs/local_setup.dsv
[5.953s] -- Installing: /home/dr/Documents/ros2_workspaces/fortress_tut_ws/install/fortress_tut_msgs/share/fortress_tut_msgs/package.dsv
[5.953s] -- Installing: /home/dr/Documents/ros2_workspaces/fortress_tut_ws/install/fortress_tut_msgs/share/ament_index/resource_index/packages/fortress_tut_msgs
[5.953s] -- Installing: /home/dr/Documents/ros2_workspaces/fortress_tut_ws/install/fortress_tut_msgs/share/fortress_tut_msgs/cmake/export_fortress_tut_msgs__rosidl_generator_cExport.cmake
[5.954s] -- Installing: /home/dr/Documents/ros2_workspaces/fortress_tut_ws/install/fortress_tut_msgs/share/fortress_tut_msgs/cmake/export_fortress_tut_msgs__rosidl_generator_cExport-noconfig.cmake
[5.954s] -- Installing: /home/dr/Documents/ros2_workspaces/fortress_tut_ws/install/fortress_tut_msgs/share/fortress_tut_msgs/cmake/export_fortress_tut_msgs__rosidl_typesupport_fastrtps_cExport.cmake
[5.955s] -- Installing: /home/dr/Documents/ros2_workspaces/fortress_tut_ws/install/fortress_tut_msgs/share/fortress_tut_msgs/cmake/export_fortress_tut_msgs__rosidl_typesupport_fastrtps_cExport-noconfig.cmake
[5.955s] -- Installing: /home/dr/Documents/ros2_workspaces/fortress_tut_ws/install/fortress_tut_msgs/share/fortress_tut_msgs/cmake/fortress_tut_msgs__rosidl_typesupport_introspection_cExport.cmake
[5.955s] -- Installing: /home/dr/Documents/ros2_workspaces/fortress_tut_ws/install/fortress_tut_msgs/share/fortress_tut_msgs/cmake/fortress_tut_msgs__rosidl_typesupport_introspection_cExport-noconfig.cmake
[5.955s] -- Installing: /home/dr/Documents/ros2_workspaces/fortress_tut_ws/install/fortress_tut_msgs/share/fortress_tut_msgs/cmake/fortress_tut_msgs__rosidl_typesupport_cExport.cmake
[5.956s] -- Installing: /home/dr/Documents/ros2_workspaces/fortress_tut_ws/install/fortress_tut_msgs/share/fortress_tut_msgs/cmake/fortress_tut_msgs__rosidl_typesupport_cExport-noconfig.cmake
[5.956s] -- Installing: /home/dr/Documents/ros2_workspaces/fortress_tut_ws/install/fortress_tut_msgs/share/fortress_tut_msgs/cmake/export_fortress_tut_msgs__rosidl_generator_cppExport.cmake
[5.956s] -- Installing: /home/dr/Documents/ros2_workspaces/fortress_tut_ws/install/fortress_tut_msgs/share/fortress_tut_msgs/cmake/export_fortress_tut_msgs__rosidl_typesupport_fastrtps_cppExport.cmake
[5.957s] -- Installing: /home/dr/Documents/ros2_workspaces/fortress_tut_ws/install/fortress_tut_msgs/share/fortress_tut_msgs/cmake/export_fortress_tut_msgs__rosidl_typesupport_fastrtps_cppExport-noconfig.cmake
[5.957s] -- Installing: /home/dr/Documents/ros2_workspaces/fortress_tut_ws/install/fortress_tut_msgs/share/fortress_tut_msgs/cmake/fortress_tut_msgs__rosidl_typesupport_introspection_cppExport.cmake
[5.957s] -- Installing: /home/dr/Documents/ros2_workspaces/fortress_tut_ws/install/fortress_tut_msgs/share/fortress_tut_msgs/cmake/fortress_tut_msgs__rosidl_typesupport_introspection_cppExport-noconfig.cmake
[5.958s] -- Installing: /home/dr/Documents/ros2_workspaces/fortress_tut_ws/install/fortress_tut_msgs/share/fortress_tut_msgs/cmake/fortress_tut_msgs__rosidl_typesupport_cppExport.cmake
[5.958s] -- Installing: /home/dr/Documents/ros2_workspaces/fortress_tut_ws/install/fortress_tut_msgs/share/fortress_tut_msgs/cmake/fortress_tut_msgs__rosidl_typesupport_cppExport-noconfig.cmake
[5.958s] -- Installing: /home/dr/Documents/ros2_workspaces/fortress_tut_ws/install/fortress_tut_msgs/share/fortress_tut_msgs/cmake/export_fortress_tut_msgs__rosidl_generator_pyExport.cmake
[5.959s] -- Installing: /home/dr/Documents/ros2_workspaces/fortress_tut_ws/install/fortress_tut_msgs/share/fortress_tut_msgs/cmake/export_fortress_tut_msgs__rosidl_generator_pyExport-noconfig.cmake
[5.959s] -- Installing: /home/dr/Documents/ros2_workspaces/fortress_tut_ws/install/fortress_tut_msgs/share/fortress_tut_msgs/cmake/rosidl_cmake-extras.cmake
[5.959s] -- Installing: /home/dr/Documents/ros2_workspaces/fortress_tut_ws/install/fortress_tut_msgs/share/fortress_tut_msgs/cmake/ament_cmake_export_include_directories-extras.cmake
[5.959s] -- Installing: /home/dr/Documents/ros2_workspaces/fortress_tut_ws/install/fortress_tut_msgs/share/fortress_tut_msgs/cmake/ament_cmake_export_libraries-extras.cmake
[5.960s] -- Installing: /home/dr/Documents/ros2_workspaces/fortress_tut_ws/install/fortress_tut_msgs/share/fortress_tut_msgs/cmake/ament_cmake_export_targets-extras.cmake
[5.960s] -- Installing: /home/dr/Documents/ros2_workspaces/fortress_tut_ws/install/fortress_tut_msgs/share/fortress_tut_msgs/cmake/rosidl_cmake_export_typesupport_targets-extras.cmake
[5.960s] -- Installing: /home/dr/Documents/ros2_workspaces/fortress_tut_ws/install/fortress_tut_msgs/share/fortress_tut_msgs/cmake/ament_cmake_export_dependencies-extras.cmake
[5.961s] -- Installing: /home/dr/Documents/ros2_workspaces/fortress_tut_ws/install/fortress_tut_msgs/share/fortress_tut_msgs/cmake/rosidl_cmake_export_typesupport_libraries-extras.cmake
[5.961s] -- Installing: /home/dr/Documents/ros2_workspaces/fortress_tut_ws/install/fortress_tut_msgs/share/fortress_tut_msgs/cmake/rosidl_cmake_aggregate_target-extras.cmake
[5.961s] -- Installing: /home/dr/Documents/ros2_workspaces/fortress_tut_ws/install/fortress_tut_msgs/share/fortress_tut_msgs/cmake/fortress_tut_msgsConfig.cmake
[5.961s] -- Installing: /home/dr/Documents/ros2_workspaces/fortress_tut_ws/install/fortress_tut_msgs/share/fortress_tut_msgs/cmake/fortress_tut_msgsConfig-version.cmake
[5.962s] -- Installing: /home/dr/Documents/ros2_workspaces/fortress_tut_ws/install/fortress_tut_msgs/share/fortress_tut_msgs/package.xml
[5.965s] Invoked command in '/home/dr/Documents/ros2_workspaces/fortress_tut_ws/build/fortress_tut_msgs' returned '0': CMAKE_PREFIX_PATH=${CMAKE_PREFIX_PATH}:/home/dr/Documents/ros2_workspaces/fortress_tut_ws/install/turtlebot3_teleop:/home/dr/Documents/ros2_workspaces/fortress_tut_ws/install/turtlebot3_example:/home/dr/Documents/ros2_workspaces/fortress_tut_ws/install/fortress_tut:/home/dr/ros2_ws/install/my_robot_controller:/opt/ros/humble /usr/bin/cmake --install /home/dr/Documents/ros2_workspaces/fortress_tut_ws/build/fortress_tut_msgs
