[0.066s] Invoking command in '/home/dr/Documents/ros2_workspaces/fortress_tut_ws/build/turtlebot3_gazebo': CMAKE_PREFIX_PATH=/home/dr/ros2_ws/install/my_robot_controller:/opt/ros/humble /usr/bin/cmake /home/dr/Documents/ros2_workspaces/fortress_tut_ws/src/turtlebot3_simulations/turtlebot3_gazebo -DAMENT_CMAKE_SYMLINK_INSTALL=1 -DCMAKE_INSTALL_PREFIX=/home/dr/Documents/ros2_workspaces/fortress_tut_ws/install/turtlebot3_gazebo
[0.121s] -- Found ament_cmake: 1.3.14 (/opt/ros/humble/share/ament_cmake/cmake)
[0.631s] -- Override CMake install command with custom implementation using symlinks instead of copying resources
[0.683s] -- Found PkgConfig: /usr/bin/pkg-config (found version "0.29.2") 
[0.683s] [33mCMake Warning (dev) at /usr/share/cmake-3.22/Modules/FindPackageHandleStandardArgs.cmake:438 (message):
[0.683s]   The package name passed to `find_package_handle_standard_args` (PkgConfig)
[0.683s]   does not match the name of the calling package (gazebo).  This can lead to
[0.684s]   problems in calling code that expects `find_package` result variables
[0.684s]   (e.g., `_FOUND`) to follow a certain pattern.
[0.684s] Call Stack (most recent call first):
[0.684s]   /usr/share/cmake-3.22/Modules/FindPkgConfig.cmake:99 (find_package_handle_standard_args)
[0.684s]   /usr/lib/x86_64-linux-gnu/cmake/gazebo/gazebo-config.cmake:72 (include)
[0.685s]   CMakeLists.txt:23 (find_package)
[0.685s] This warning is for project developers.  Use -Wno-dev to suppress it.
[0.685s] [0m
[0.693s] -- Checking for module 'bullet>=2.82'
[0.747s] --   Found bullet, version 3.05
[0.991s] -- Found fcl: /usr/include (found suitable version "0.7.0", minimum required is "0.5.0") 
[1.101s] -- Found assimp: /usr/include (found version "5.2.0") 
[1.153s] -- Found DART: /usr/include (Required is at least version "6.6") found components: dart 
[1.427s] -- Found Boost: /usr/lib/x86_64-linux-gnu/cmake/Boost-1.74.0/BoostConfig.cmake (found suitable version "1.74.0", minimum required is "1.40.0") found components: thread system filesystem program_options regex iostreams date_time 
[1.467s] -- Found Protobuf: /usr/lib/x86_64-linux-gnu/libprotobuf.so (found version "3.12.4") 
[1.473s] -- Looking for ignition-math6 -- found version 6.16.0
[1.485s] -- Searching for dependencies of ignition-math6
[1.488s] -- Looking for OGRE...
[1.489s] -- OGRE_PREFIX_WATCH changed.
[1.495s] -- Checking for module 'OGRE'
[1.511s] --   Found OGRE, version 1.9.0
[1.557s] -- Found Ogre Ghadamon (1.9.0)
[1.572s] -- Found OGRE: optimized;/usr/lib/x86_64-linux-gnu/libOgreMain.so;debug;/usr/lib/x86_64-linux-gnu/libOgreMain.so
[1.586s] -- Looking for OGRE_Paging...
[1.594s] -- Found OGRE_Paging: optimized;/usr/lib/x86_64-linux-gnu/libOgrePaging.so;debug;/usr/lib/x86_64-linux-gnu/libOgrePaging.so
[1.594s] -- Looking for OGRE_Terrain...
[1.602s] -- Found OGRE_Terrain: optimized;/usr/lib/x86_64-linux-gnu/libOgreTerrain.so;debug;/usr/lib/x86_64-linux-gnu/libOgreTerrain.so
[1.602s] -- Looking for OGRE_Property...
[1.610s] -- Found OGRE_Property: optimized;/usr/lib/x86_64-linux-gnu/libOgreProperty.so;debug;/usr/lib/x86_64-linux-gnu/libOgreProperty.so
[1.611s] -- Looking for OGRE_RTShaderSystem...
[1.621s] -- Found OGRE_RTShaderSystem: optimized;/usr/lib/x86_64-linux-gnu/libOgreRTShaderSystem.so;debug;/usr/lib/x86_64-linux-gnu/libOgreRTShaderSystem.so
[1.621s] -- Looking for OGRE_Volume...
[1.630s] -- Found OGRE_Volume: optimized;/usr/lib/x86_64-linux-gnu/libOgreVolume.so;debug;/usr/lib/x86_64-linux-gnu/libOgreVolume.so
[1.631s] -- Looking for OGRE_Overlay...
[1.639s] -- Found OGRE_Overlay: optimized;/usr/lib/x86_64-linux-gnu/libOgreOverlay.so;debug;/usr/lib/x86_64-linux-gnu/libOgreOverlay.so
[2.022s] -- Looking for ignition-math6 -- found version 6.16.0
[2.027s] -- Looking for ignition-transport8 -- found version 8.2.1
[2.028s] -- Searching for dependencies of ignition-transport8
[2.068s] -- Found Protobuf: /usr/lib/x86_64-linux-gnu/libprotobuf.so (found suitable version "3.12.4", minimum required is "3") 
[2.095s] -- Config-file not installed for ZeroMQ -- checking for pkg-config
[2.106s] -- Checking for module 'libzmq >= 4'
[2.150s] --   Found libzmq , version 4.3.4
[2.224s] -- Found ZeroMQ: TRUE (Required is at least version "4") 
[2.242s] -- Checking for module 'uuid'
[2.268s] --   Found uuid, version 2.37.2
[2.335s] -- Found UUID: TRUE  
[2.337s] -- Looking for ignition-msgs5 -- found version 5.8.1
[2.337s] -- Searching for dependencies of ignition-msgs5
[2.379s] -- Looking for ignition-math6 -- found version 6.16.0
[2.387s] -- Checking for module 'tinyxml2'
[2.413s] --   Found tinyxml2, version 9.0.0
[2.483s] -- Looking for ignition-msgs5 -- found version 5.8.1
[2.487s] -- Looking for ignition-common3 -- found version 3.14.0
[2.488s] -- Searching for dependencies of ignition-common3
[2.489s] -- Looking for dlfcn.h - found
[2.491s] -- Looking for libdl - found
[2.494s] -- Found DL: TRUE  
[2.511s] -- Found tinyobjloader: /usr/lib/x86_64-linux-gnu/cmake/tinyobjloader/tinyobjloader-config.cmake (found version "2.0.0") 
[2.515s] -- Searching for <ignition-common3> component [graphics]
[2.518s] -- Looking for ignition-common3-graphics -- found version 3.14.0
[2.519s] -- Searching for dependencies of ignition-common3-graphics
[2.520s] -- Looking for ignition-math6 -- found version 6.16.0
[2.528s] -- Looking for ignition-fuel_tools4 -- found version 4.4.0
[2.528s] -- Searching for dependencies of ignition-fuel_tools4
[2.697s] -- Found CURL: /usr/lib/x86_64-linux-gnu/libcurl.so (found version "7.81.0")  
[2.711s] -- Checking for module 'jsoncpp'
[2.731s] --   Found jsoncpp, version 1.9.5
[2.782s] -- Found JSONCPP: TRUE  
[2.792s] -- Checking for module 'libzip'
[2.818s] --   Found libzip, version 1.7.3
[2.896s] -- Found ZIP: TRUE  
[2.896s] -- Looking for ignition-common3 -- found version 3.14.0
[2.897s] -- Looking for ignition-math6 -- found version 6.16.0
[2.903s] -- Looking for ignition-msgs5 -- found version 5.8.1
[2.913s] -- Found gazebo_ros_pkgs: 3.9.0 (/opt/ros/humble/share/gazebo_ros_pkgs/cmake)
[2.915s] -- Found geometry_msgs: 4.9.1 (/opt/ros/humble/share/geometry_msgs/cmake)
[3.000s] -- Found rosidl_generator_c: 3.1.9 (/opt/ros/humble/share/rosidl_generator_c/cmake)
[3.014s] -- Found rosidl_adapter: 3.1.9 (/opt/ros/humble/share/rosidl_adapter/cmake)
[3.037s] -- Found rosidl_generator_cpp: 3.1.9 (/opt/ros/humble/share/rosidl_generator_cpp/cmake)
[3.088s] -- Using all available rosidl_typesupport_c: rosidl_typesupport_fastrtps_c;rosidl_typesupport_introspection_c
[3.142s] -- Using all available rosidl_typesupport_cpp: rosidl_typesupport_fastrtps_cpp;rosidl_typesupport_introspection_cpp
[3.256s] -- Found nav_msgs: 4.9.1 (/opt/ros/humble/share/nav_msgs/cmake)
[3.304s] -- Found rclcpp: 16.0.19 (/opt/ros/humble/share/rclcpp/cmake)
[3.390s] -- Found rmw_implementation_cmake: 6.1.2 (/opt/ros/humble/share/rmw_implementation_cmake/cmake)
[3.401s] -- Found rmw_fastrtps_cpp: 6.2.10 (/opt/ros/humble/share/rmw_fastrtps_cpp/cmake)
[3.631s] -- Found OpenSSL: /usr/lib/x86_64-linux-gnu/libcrypto.so (found version "3.0.2")  
[3.690s] -- Found FastRTPS: /opt/ros/humble/include  
[3.788s] -- Using RMW implementation 'rmw_fastrtps_cpp' as default
[3.808s] -- Found Threads: TRUE  
[3.927s] -- Found sensor_msgs: 4.9.1 (/opt/ros/humble/share/sensor_msgs/cmake)
[3.976s] -- Found tf2: 0.25.20 (/opt/ros/humble/share/tf2/cmake)
[4.156s] -- Configuring done
[4.305s] -- Generating done
[4.327s] -- Build files have been written to: /home/dr/Documents/ros2_workspaces/fortress_tut_ws/build/turtlebot3_gazebo
[4.358s] Invoked command in '/home/dr/Documents/ros2_workspaces/fortress_tut_ws/build/turtlebot3_gazebo' returned '0': CMAKE_PREFIX_PATH=/home/dr/ros2_ws/install/my_robot_controller:/opt/ros/humble /usr/bin/cmake /home/dr/Documents/ros2_workspaces/fortress_tut_ws/src/turtlebot3_simulations/turtlebot3_gazebo -DAMENT_CMAKE_SYMLINK_INSTALL=1 -DCMAKE_INSTALL_PREFIX=/home/dr/Documents/ros2_workspaces/fortress_tut_ws/install/turtlebot3_gazebo
[4.364s] Invoking command in '/home/dr/Documents/ros2_workspaces/fortress_tut_ws/build/turtlebot3_gazebo': CMAKE_PREFIX_PATH=/home/dr/ros2_ws/install/my_robot_controller:/opt/ros/humble /usr/bin/cmake --build /home/dr/Documents/ros2_workspaces/fortress_tut_ws/build/turtlebot3_gazebo -- -j8 -l8
[4.492s] [  8%] [32mBuilding CXX object CMakeFiles/traffic_light_plugin.dir/src/traffic_light_plugin.cpp.o[0m
[4.507s] [ 16%] [32mBuilding CXX object CMakeFiles/turtlebot3_drive.dir/src/turtlebot3_drive.cpp.o[0m
[4.507s] [ 25%] [32mBuilding CXX object CMakeFiles/traffic_bar_plugin.dir/src/traffic_bar_plugin.cpp.o[0m
[4.507s] [ 33%] [32mBuilding CXX object CMakeFiles/obstacle2.dir/src/obstacle2.cpp.o[0m
[4.516s] [ 41%] [32mBuilding CXX object CMakeFiles/obstacle1.dir/src/obstacle1.cpp.o[0m
[4.526s] [ 50%] [32mBuilding CXX object CMakeFiles/obstacles.dir/src/obstacles.cpp.o[0m
