[0.072s] Invoking command in '/home/dr/Documents/ros2_workspaces/fortress_tut_ws/build/turtlebot3_cartographer': CMAKE_PREFIX_PATH=${CMAKE_PREFIX_PATH}:/home/dr/Documents/ros2_workspaces/fortress_tut_ws/install/turtlebot3_teleop:/home/dr/Documents/ros2_workspaces/fortress_tut_ws/install/turtlebot3_example:/home/dr/Documents/ros2_workspaces/fortress_tut_ws/install/fortress_tut:/home/dr/ros2_ws/install/my_robot_controller:/opt/ros/humble /usr/bin/cmake --build /home/dr/Documents/ros2_workspaces/fortress_tut_ws/build/turtlebot3_cartographer -- -j8 -l8
[0.264s] Invoked command in '/home/dr/Documents/ros2_workspaces/fortress_tut_ws/build/turtlebot3_cartographer' returned '0': CMAKE_PREFIX_PATH=${CMAKE_PREFIX_PATH}:/home/dr/Documents/ros2_workspaces/fortress_tut_ws/install/turtlebot3_teleop:/home/dr/Documents/ros2_workspaces/fortress_tut_ws/install/turtlebot3_example:/home/dr/Documents/ros2_workspaces/fortress_tut_ws/install/fortress_tut:/home/dr/ros2_ws/install/my_robot_controller:/opt/ros/humble /usr/bin/cmake --build /home/dr/Documents/ros2_workspaces/fortress_tut_ws/build/turtlebot3_cartographer -- -j8 -l8
[0.272s] Invoking command in '/home/dr/Documents/ros2_workspaces/fortress_tut_ws/build/turtlebot3_cartographer': CMAKE_PREFIX_PATH=${CMAKE_PREFIX_PATH}:/home/dr/Documents/ros2_workspaces/fortress_tut_ws/install/turtlebot3_teleop:/home/dr/Documents/ros2_workspaces/fortress_tut_ws/install/turtlebot3_example:/home/dr/Documents/ros2_workspaces/fortress_tut_ws/install/fortress_tut:/home/dr/ros2_ws/install/my_robot_controller:/opt/ros/humble /usr/bin/cmake --install /home/dr/Documents/ros2_workspaces/fortress_tut_ws/build/turtlebot3_cartographer
[0.358s] -- Install configuration: ""
[0.359s] -- Execute custom install script
[0.359s] -- Up-to-date symlink: /home/dr/Documents/ros2_workspaces/fortress_tut_ws/install/turtlebot3_cartographer/share/turtlebot3_cartographer/config/turtlebot3_lds_2d.lua
[0.359s] -- Up-to-date symlink: /home/dr/Documents/ros2_workspaces/fortress_tut_ws/install/turtlebot3_cartographer/share/turtlebot3_cartographer/launch/cartographer.launch.py
[0.359s] -- Up-to-date symlink: /home/dr/Documents/ros2_workspaces/fortress_tut_ws/install/turtlebot3_cartographer/share/turtlebot3_cartographer/launch/occupancy_grid.launch.py
[0.359s] -- Up-to-date symlink: /home/dr/Documents/ros2_workspaces/fortress_tut_ws/install/turtlebot3_cartographer/share/turtlebot3_cartographer/rviz/tb3_cartographer.rviz
[0.359s] -- Up-to-date symlink: /home/dr/Documents/ros2_workspaces/fortress_tut_ws/install/turtlebot3_cartographer/share/ament_index/resource_index/package_run_dependencies/turtlebot3_cartographer
[0.359s] -- Up-to-date symlink: /home/dr/Documents/ros2_workspaces/fortress_tut_ws/install/turtlebot3_cartographer/share/ament_index/resource_index/parent_prefix_path/turtlebot3_cartographer
[0.359s] -- Up-to-date symlink: /home/dr/Documents/ros2_workspaces/fortress_tut_ws/install/turtlebot3_cartographer/share/turtlebot3_cartographer/environment/ament_prefix_path.sh
[0.359s] -- Up-to-date symlink: /home/dr/Documents/ros2_workspaces/fortress_tut_ws/install/turtlebot3_cartographer/share/turtlebot3_cartographer/environment/ament_prefix_path.dsv
[0.360s] -- Up-to-date symlink: /home/dr/Documents/ros2_workspaces/fortress_tut_ws/install/turtlebot3_cartographer/share/turtlebot3_cartographer/environment/path.sh
[0.360s] -- Up-to-date symlink: /home/dr/Documents/ros2_workspaces/fortress_tut_ws/install/turtlebot3_cartographer/share/turtlebot3_cartographer/environment/path.dsv
[0.360s] -- Up-to-date symlink: /home/dr/Documents/ros2_workspaces/fortress_tut_ws/install/turtlebot3_cartographer/share/turtlebot3_cartographer/local_setup.bash
[0.360s] -- Up-to-date symlink: /home/dr/Documents/ros2_workspaces/fortress_tut_ws/install/turtlebot3_cartographer/share/turtlebot3_cartographer/local_setup.sh
[0.360s] -- Up-to-date symlink: /home/dr/Documents/ros2_workspaces/fortress_tut_ws/install/turtlebot3_cartographer/share/turtlebot3_cartographer/local_setup.zsh
[0.367s] -- Up-to-date symlink: /home/dr/Documents/ros2_workspaces/fortress_tut_ws/install/turtlebot3_cartographer/share/turtlebot3_cartographer/local_setup.dsv
[0.367s] -- Symlinking: /home/dr/Documents/ros2_workspaces/fortress_tut_ws/install/turtlebot3_cartographer/share/turtlebot3_cartographer/package.dsv
[0.368s] -- Up-to-date symlink: /home/dr/Documents/ros2_workspaces/fortress_tut_ws/install/turtlebot3_cartographer/share/ament_index/resource_index/packages/turtlebot3_cartographer
[0.368s] -- Up-to-date symlink: /home/dr/Documents/ros2_workspaces/fortress_tut_ws/install/turtlebot3_cartographer/share/turtlebot3_cartographer/cmake/turtlebot3_cartographerConfig.cmake
[0.368s] -- Up-to-date symlink: /home/dr/Documents/ros2_workspaces/fortress_tut_ws/install/turtlebot3_cartographer/share/turtlebot3_cartographer/cmake/turtlebot3_cartographerConfig-version.cmake
[0.379s] -- Up-to-date symlink: /home/dr/Documents/ros2_workspaces/fortress_tut_ws/install/turtlebot3_cartographer/share/turtlebot3_cartographer/package.xml
[0.403s] Invoked command in '/home/dr/Documents/ros2_workspaces/fortress_tut_ws/build/turtlebot3_cartographer' returned '0': CMAKE_PREFIX_PATH=${CMAKE_PREFIX_PATH}:/home/dr/Documents/ros2_workspaces/fortress_tut_ws/install/turtlebot3_teleop:/home/dr/Documents/ros2_workspaces/fortress_tut_ws/install/turtlebot3_example:/home/dr/Documents/ros2_workspaces/fortress_tut_ws/install/fortress_tut:/home/dr/ros2_ws/install/my_robot_controller:/opt/ros/humble /usr/bin/cmake --install /home/dr/Documents/ros2_workspaces/fortress_tut_ws/build/turtlebot3_cartographer
