[0.021s] Invoking command in '/home/dr/Documents/ros2_workspaces/fortress_tut_ws/build/turtlebot3_navigation2': CMAKE_PREFIX_PATH=${CMAKE_PREFIX_PATH}:/home/dr/Documents/ros2_workspaces/fortress_tut_ws/install/turtlebot3_teleop:/home/dr/Documents/ros2_workspaces/fortress_tut_ws/install/turtlebot3_example:/home/dr/Documents/ros2_workspaces/fortress_tut_ws/install/fortress_tut:/home/dr/ros2_ws/install/my_robot_controller:/opt/ros/humble /usr/bin/cmake /home/dr/Documents/ros2_workspaces/fortress_tut_ws/src/turtlebot3/turtlebot3_navigation2 -DCMAKE_INSTALL_PREFIX=/home/dr/Documents/ros2_workspaces/fortress_tut_ws/install/turtlebot3_navigation2
[0.169s] -- The C compiler identification is GNU 11.4.0
[0.316s] -- The CXX compiler identification is GNU 11.4.0
[0.328s] -- Detecting C compiler ABI info
[0.473s] -- Detecting C compiler ABI info - done
[0.493s] -- Check for working C compiler: /usr/bin/cc - skipped
[0.493s] -- Detecting C compile features
[0.494s] -- Detecting C compile features - done
[0.499s] -- Detecting CXX compiler ABI info
[0.659s] -- Detecting CXX compiler ABI info - done
[0.680s] -- Check for working CXX compiler: /usr/bin/c++ - skipped
[0.685s] -- Detecting CXX compile features
[0.686s] -- Detecting CXX compile features - done
[0.688s] -- Found ament_cmake: 1.3.14 (/opt/ros/humble/share/ament_cmake/cmake)
[1.215s] -- Found Python3: /usr/bin/python3 (found version "3.10.12") found components: Interpreter 
[1.830s] -- Configuring done
[1.843s] -- Generating done
[1.853s] -- Build files have been written to: /home/dr/Documents/ros2_workspaces/fortress_tut_ws/build/turtlebot3_navigation2
[1.868s] Invoked command in '/home/dr/Documents/ros2_workspaces/fortress_tut_ws/build/turtlebot3_navigation2' returned '0': CMAKE_PREFIX_PATH=${CMAKE_PREFIX_PATH}:/home/dr/Documents/ros2_workspaces/fortress_tut_ws/install/turtlebot3_teleop:/home/dr/Documents/ros2_workspaces/fortress_tut_ws/install/turtlebot3_example:/home/dr/Documents/ros2_workspaces/fortress_tut_ws/install/fortress_tut:/home/dr/ros2_ws/install/my_robot_controller:/opt/ros/humble /usr/bin/cmake /home/dr/Documents/ros2_workspaces/fortress_tut_ws/src/turtlebot3/turtlebot3_navigation2 -DCMAKE_INSTALL_PREFIX=/home/dr/Documents/ros2_workspaces/fortress_tut_ws/install/turtlebot3_navigation2
[1.874s] Invoking command in '/home/dr/Documents/ros2_workspaces/fortress_tut_ws/build/turtlebot3_navigation2': CMAKE_PREFIX_PATH=${CMAKE_PREFIX_PATH}:/home/dr/Documents/ros2_workspaces/fortress_tut_ws/install/turtlebot3_teleop:/home/dr/Documents/ros2_workspaces/fortress_tut_ws/install/turtlebot3_example:/home/dr/Documents/ros2_workspaces/fortress_tut_ws/install/fortress_tut:/home/dr/ros2_ws/install/my_robot_controller:/opt/ros/humble /usr/bin/cmake --build /home/dr/Documents/ros2_workspaces/fortress_tut_ws/build/turtlebot3_navigation2 -- -j8 -l8
[2.010s] Invoked command in '/home/dr/Documents/ros2_workspaces/fortress_tut_ws/build/turtlebot3_navigation2' returned '0': CMAKE_PREFIX_PATH=${CMAKE_PREFIX_PATH}:/home/dr/Documents/ros2_workspaces/fortress_tut_ws/install/turtlebot3_teleop:/home/dr/Documents/ros2_workspaces/fortress_tut_ws/install/turtlebot3_example:/home/dr/Documents/ros2_workspaces/fortress_tut_ws/install/fortress_tut:/home/dr/ros2_ws/install/my_robot_controller:/opt/ros/humble /usr/bin/cmake --build /home/dr/Documents/ros2_workspaces/fortress_tut_ws/build/turtlebot3_navigation2 -- -j8 -l8
[2.011s] Invoking command in '/home/dr/Documents/ros2_workspaces/fortress_tut_ws/build/turtlebot3_navigation2': CMAKE_PREFIX_PATH=${CMAKE_PREFIX_PATH}:/home/dr/Documents/ros2_workspaces/fortress_tut_ws/install/turtlebot3_teleop:/home/dr/Documents/ros2_workspaces/fortress_tut_ws/install/turtlebot3_example:/home/dr/Documents/ros2_workspaces/fortress_tut_ws/install/fortress_tut:/home/dr/ros2_ws/install/my_robot_controller:/opt/ros/humble /usr/bin/cmake --install /home/dr/Documents/ros2_workspaces/fortress_tut_ws/build/turtlebot3_navigation2
[2.053s] -- Install configuration: ""
[2.054s] -- Installing: /home/dr/Documents/ros2_workspaces/fortress_tut_ws/install/turtlebot3_navigation2/share/turtlebot3_navigation2/launch
[2.054s] -- Installing: /home/dr/Documents/ros2_workspaces/fortress_tut_ws/install/turtlebot3_navigation2/share/turtlebot3_navigation2/launch/navigation2.launch.py
[2.061s] -- Installing: /home/dr/Documents/ros2_workspaces/fortress_tut_ws/install/turtlebot3_navigation2/share/turtlebot3_navigation2/map
[2.061s] -- Installing: /home/dr/Documents/ros2_workspaces/fortress_tut_ws/install/turtlebot3_navigation2/share/turtlebot3_navigation2/map/map.yaml
[2.061s] -- Installing: /home/dr/Documents/ros2_workspaces/fortress_tut_ws/install/turtlebot3_navigation2/share/turtlebot3_navigation2/map/map.pgm
[2.061s] -- Installing: /home/dr/Documents/ros2_workspaces/fortress_tut_ws/install/turtlebot3_navigation2/share/turtlebot3_navigation2/param
[2.062s] -- Installing: /home/dr/Documents/ros2_workspaces/fortress_tut_ws/install/turtlebot3_navigation2/share/turtlebot3_navigation2/param/waffle.yaml
[2.062s] -- Installing: /home/dr/Documents/ros2_workspaces/fortress_tut_ws/install/turtlebot3_navigation2/share/turtlebot3_navigation2/param/humble
[2.062s] -- Installing: /home/dr/Documents/ros2_workspaces/fortress_tut_ws/install/turtlebot3_navigation2/share/turtlebot3_navigation2/param/humble/waffle.yaml
[2.062s] -- Installing: /home/dr/Documents/ros2_workspaces/fortress_tut_ws/install/turtlebot3_navigation2/share/turtlebot3_navigation2/param/humble/burger.yaml
[2.069s] -- Installing: /home/dr/Documents/ros2_workspaces/fortress_tut_ws/install/turtlebot3_navigation2/share/turtlebot3_navigation2/param/humble/burger_cam.yaml
[2.075s] -- Installing: /home/dr/Documents/ros2_workspaces/fortress_tut_ws/install/turtlebot3_navigation2/share/turtlebot3_navigation2/param/humble/waffle_pi.yaml
[2.080s] -- Installing: /home/dr/Documents/ros2_workspaces/fortress_tut_ws/install/turtlebot3_navigation2/share/turtlebot3_navigation2/param/burger.yaml
[2.080s] -- Installing: /home/dr/Documents/ros2_workspaces/fortress_tut_ws/install/turtlebot3_navigation2/share/turtlebot3_navigation2/param/burger_cam.yaml
[2.081s] -- Installing: /home/dr/Documents/ros2_workspaces/fortress_tut_ws/install/turtlebot3_navigation2/share/turtlebot3_navigation2/param/waffle_pi.yaml
[2.082s] -- Installing: /home/dr/Documents/ros2_workspaces/fortress_tut_ws/install/turtlebot3_navigation2/share/turtlebot3_navigation2/rviz
[2.083s] -- Installing: /home/dr/Documents/ros2_workspaces/fortress_tut_ws/install/turtlebot3_navigation2/share/turtlebot3_navigation2/rviz/tb3_navigation2.rviz
[2.084s] -- Installing: /home/dr/Documents/ros2_workspaces/fortress_tut_ws/install/turtlebot3_navigation2/share/ament_index/resource_index/package_run_dependencies/turtlebot3_navigation2
[2.085s] -- Installing: /home/dr/Documents/ros2_workspaces/fortress_tut_ws/install/turtlebot3_navigation2/share/ament_index/resource_index/parent_prefix_path/turtlebot3_navigation2
[2.088s] -- Installing: /home/dr/Documents/ros2_workspaces/fortress_tut_ws/install/turtlebot3_navigation2/share/turtlebot3_navigation2/environment/ament_prefix_path.sh
[2.093s] -- Installing: /home/dr/Documents/ros2_workspaces/fortress_tut_ws/install/turtlebot3_navigation2/share/turtlebot3_navigation2/environment/ament_prefix_path.dsv
[2.093s] -- Installing: /home/dr/Documents/ros2_workspaces/fortress_tut_ws/install/turtlebot3_navigation2/share/turtlebot3_navigation2/environment/path.sh
[2.093s] -- Installing: /home/dr/Documents/ros2_workspaces/fortress_tut_ws/install/turtlebot3_navigation2/share/turtlebot3_navigation2/environment/path.dsv
[2.093s] -- Installing: /home/dr/Documents/ros2_workspaces/fortress_tut_ws/install/turtlebot3_navigation2/share/turtlebot3_navigation2/local_setup.bash
[2.093s] -- Installing: /home/dr/Documents/ros2_workspaces/fortress_tut_ws/install/turtlebot3_navigation2/share/turtlebot3_navigation2/local_setup.sh
[2.103s] -- Installing: /home/dr/Documents/ros2_workspaces/fortress_tut_ws/install/turtlebot3_navigation2/share/turtlebot3_navigation2/local_setup.zsh
[2.104s] -- Installing: /home/dr/Documents/ros2_workspaces/fortress_tut_ws/install/turtlebot3_navigation2/share/turtlebot3_navigation2/local_setup.dsv
[2.104s] -- Installing: /home/dr/Documents/ros2_workspaces/fortress_tut_ws/install/turtlebot3_navigation2/share/turtlebot3_navigation2/package.dsv
[2.104s] -- Installing: /home/dr/Documents/ros2_workspaces/fortress_tut_ws/install/turtlebot3_navigation2/share/ament_index/resource_index/packages/turtlebot3_navigation2
[2.104s] -- Installing: /home/dr/Documents/ros2_workspaces/fortress_tut_ws/install/turtlebot3_navigation2/share/turtlebot3_navigation2/cmake/turtlebot3_navigation2Config.cmake
[2.105s] -- Installing: /home/dr/Documents/ros2_workspaces/fortress_tut_ws/install/turtlebot3_navigation2/share/turtlebot3_navigation2/cmake/turtlebot3_navigation2Config-version.cmake
[2.105s] -- Installing: /home/dr/Documents/ros2_workspaces/fortress_tut_ws/install/turtlebot3_navigation2/share/turtlebot3_navigation2/package.xml
[2.109s] Invoked command in '/home/dr/Documents/ros2_workspaces/fortress_tut_ws/build/turtlebot3_navigation2' returned '0': CMAKE_PREFIX_PATH=${CMAKE_PREFIX_PATH}:/home/dr/Documents/ros2_workspaces/fortress_tut_ws/install/turtlebot3_teleop:/home/dr/Documents/ros2_workspaces/fortress_tut_ws/install/turtlebot3_example:/home/dr/Documents/ros2_workspaces/fortress_tut_ws/install/fortress_tut:/home/dr/ros2_ws/install/my_robot_controller:/opt/ros/humble /usr/bin/cmake --install /home/dr/Documents/ros2_workspaces/fortress_tut_ws/build/turtlebot3_navigation2
