[1.199s] Invoking command in '/home/dr/Documents/ros2_workspaces/fortress_tut_ws/build/fortress_tut': CMAKE_PREFIX_PATH=/home/dr/Documents/ros2_workspaces/fortress_tut_ws/install/fortress_tut_msgs:/home/dr/Documents/ros2_workspaces/fortress_tut_ws/install/turtlebot3:/home/dr/Documents/ros2_workspaces/fortress_tut_ws/install/turtlebot3_simulations:/home/dr/Documents/ros2_workspaces/fortress_tut_ws/install/turtlebot3_bringup:/home/dr/Documents/ros2_workspaces/fortress_tut_ws/install/turtlebot3_node:/home/dr/Documents/ros2_workspaces/fortress_tut_ws/install/turtlebot3_navigation2:/home/dr/Documents/ros2_workspaces/fortress_tut_ws/install/turtlebot3_fake_node:/home/dr/Documents/ros2_workspaces/fortress_tut_ws/install/turtlebot3_msgs:/home/dr/Documents/ros2_workspaces/fortress_tut_ws/install/turtlebot3_manipulation_gazebo:/home/dr/Documents/ros2_workspaces/fortress_tut_ws/install/turtlebot3_gazebo:/home/dr/Documents/ros2_workspaces/fortress_tut_ws/install/turtlebot3_description:/home/dr/Documents/ros2_workspaces/fortress_tut_ws/install/turtlebot3_cartographer:/home/dr/Documents/ros2_workspaces/fortress_tut_ws/install/dynamixel_sdk_examples:/home/dr/Documents/ros2_workspaces/fortress_tut_ws/install/dynamixel_sdk_custom_interfaces:/home/dr/Documents/ros2_workspaces/fortress_tut_ws/install/dynamixel_sdk LD_LIBRARY_PATH=/home/dr/Documents/ros2_workspaces/fortress_tut_ws/install/fortress_tut_msgs/lib:/home/dr/Documents/ros2_workspaces/fortress_tut_ws/install/turtlebot3_msgs/lib:/home/dr/Documents/ros2_workspaces/fortress_tut_ws/install/dynamixel_sdk_custom_interfaces/lib:/home/dr/Documents/ros2_workspaces/fortress_tut_ws/install/dynamixel_sdk/lib:/usr/lib/x86_64-linux-gnu/gazebo-11/plugins:/opt/ros/humble/opt/rviz_ogre_vendor/lib:/opt/ros/humble/lib/x86_64-linux-gnu:/opt/ros/humble/lib:/usr/lib/x86_64-linux-gnu/gazebo-11/plugins PYTHONPATH=/home/dr/Documents/ros2_workspaces/fortress_tut_ws/build/fortress_tut/prefix_override:/usr/lib/python3/dist-packages/colcon_core/task/python/colcon_distutils_commands:/home/dr/Documents/ros2_workspaces/fortress_tut_ws/install/fortress_tut/lib/python3.10/site-packages:${PYTHONPATH} /usr/bin/python3 -W ignore:setup.py install is deprecated -W ignore:easy_install command is deprecated setup.py develop --editable --build-directory /home/dr/Documents/ros2_workspaces/fortress_tut_ws/build/fortress_tut/build --no-deps symlink_data
[1.553s] running develop
[1.771s] running egg_info
[1.771s] writing fortress_tut.egg-info/PKG-INFO
[1.771s] writing dependency_links to fortress_tut.egg-info/dependency_links.txt
[1.772s] writing entry points to fortress_tut.egg-info/entry_points.txt
[1.772s] writing requirements to fortress_tut.egg-info/requires.txt
[1.772s] writing top-level names to fortress_tut.egg-info/top_level.txt
[1.774s] reading manifest file 'fortress_tut.egg-info/SOURCES.txt'
[1.775s] writing manifest file 'fortress_tut.egg-info/SOURCES.txt'
[1.777s] running build_ext
[1.777s] Creating /home/dr/Documents/ros2_workspaces/fortress_tut_ws/install/fortress_tut/lib/python3.10/site-packages/fortress-tut.egg-link (link to .)
[1.778s] Installing commander script to /home/dr/Documents/ros2_workspaces/fortress_tut_ws/install/fortress_tut/lib/fortress_tut
[1.778s] Installing robot script to /home/dr/Documents/ros2_workspaces/fortress_tut_ws/install/fortress_tut/lib/fortress_tut
[1.779s] 
[1.779s] Installed /home/dr/Documents/ros2_workspaces/fortress_tut_ws/build/fortress_tut
[1.779s] running symlink_data
[1.779s] creating /home/dr/Documents/ros2_workspaces/fortress_tut_ws/install/fortress_tut/share/fortress_tut/launch
[1.779s] symbolically linking /home/dr/Documents/ros2_workspaces/fortress_tut_ws/build/fortress_tut/launch/simulation_launch.py -> /home/dr/Documents/ros2_workspaces/fortress_tut_ws/install/fortress_tut/share/fortress_tut/launch
[1.779s] symbolically linking /home/dr/Documents/ros2_workspaces/fortress_tut_ws/build/fortress_tut/launch/robot_launch.py -> /home/dr/Documents/ros2_workspaces/fortress_tut_ws/install/fortress_tut/share/fortress_tut/launch
[1.780s] creating /home/dr/Documents/ros2_workspaces/fortress_tut_ws/install/fortress_tut/share/fortress_tut/config
[1.780s] symbolically linking /home/dr/Documents/ros2_workspaces/fortress_tut_ws/build/fortress_tut/config/robot.yaml -> /home/dr/Documents/ros2_workspaces/fortress_tut_ws/install/fortress_tut/share/fortress_tut/config
[1.815s] Invoked command in '/home/dr/Documents/ros2_workspaces/fortress_tut_ws/build/fortress_tut' returned '0': CMAKE_PREFIX_PATH=/home/dr/Documents/ros2_workspaces/fortress_tut_ws/install/fortress_tut_msgs:/home/dr/Documents/ros2_workspaces/fortress_tut_ws/install/turtlebot3:/home/dr/Documents/ros2_workspaces/fortress_tut_ws/install/turtlebot3_simulations:/home/dr/Documents/ros2_workspaces/fortress_tut_ws/install/turtlebot3_bringup:/home/dr/Documents/ros2_workspaces/fortress_tut_ws/install/turtlebot3_node:/home/dr/Documents/ros2_workspaces/fortress_tut_ws/install/turtlebot3_navigation2:/home/dr/Documents/ros2_workspaces/fortress_tut_ws/install/turtlebot3_fake_node:/home/dr/Documents/ros2_workspaces/fortress_tut_ws/install/turtlebot3_msgs:/home/dr/Documents/ros2_workspaces/fortress_tut_ws/install/turtlebot3_manipulation_gazebo:/home/dr/Documents/ros2_workspaces/fortress_tut_ws/install/turtlebot3_gazebo:/home/dr/Documents/ros2_workspaces/fortress_tut_ws/install/turtlebot3_description:/home/dr/Documents/ros2_workspaces/fortress_tut_ws/install/turtlebot3_cartographer:/home/dr/Documents/ros2_workspaces/fortress_tut_ws/install/dynamixel_sdk_examples:/home/dr/Documents/ros2_workspaces/fortress_tut_ws/install/dynamixel_sdk_custom_interfaces:/home/dr/Documents/ros2_workspaces/fortress_tut_ws/install/dynamixel_sdk LD_LIBRARY_PATH=/home/dr/Documents/ros2_workspaces/fortress_tut_ws/install/fortress_tut_msgs/lib:/home/dr/Documents/ros2_workspaces/fortress_tut_ws/install/turtlebot3_msgs/lib:/home/dr/Documents/ros2_workspaces/fortress_tut_ws/install/dynamixel_sdk_custom_interfaces/lib:/home/dr/Documents/ros2_workspaces/fortress_tut_ws/install/dynamixel_sdk/lib:/usr/lib/x86_64-linux-gnu/gazebo-11/plugins:/opt/ros/humble/opt/rviz_ogre_vendor/lib:/opt/ros/humble/lib/x86_64-linux-gnu:/opt/ros/humble/lib:/usr/lib/x86_64-linux-gnu/gazebo-11/plugins PYTHONPATH=/home/dr/Documents/ros2_workspaces/fortress_tut_ws/build/fortress_tut/prefix_override:/usr/lib/python3/dist-packages/colcon_core/task/python/colcon_distutils_commands:/home/dr/Documents/ros2_workspaces/fortress_tut_ws/install/fortress_tut/lib/python3.10/site-packages:${PYTHONPATH} /usr/bin/python3 -W ignore:setup.py install is deprecated -W ignore:easy_install command is deprecated setup.py develop --editable --build-directory /home/dr/Documents/ros2_workspaces/fortress_tut_ws/build/fortress_tut/build --no-deps symlink_data
