[0.021s] Invoking command in '/home/dr/Documents/ros2_workspaces/fortress_tut_ws/build/fortress_tut_msgs': CMAKE_PREFIX_PATH=${CMAKE_PREFIX_PATH}:/home/dr/Documents/ros2_workspaces/fortress_tut_ws/install/turtlebot3_teleop:/home/dr/Documents/ros2_workspaces/fortress_tut_ws/install/turtlebot3_example:/home/dr/Documents/ros2_workspaces/fortress_tut_ws/install/fortress_tut:/home/dr/ros2_ws/install/my_robot_controller:/opt/ros/humble /usr/bin/cmake /home/dr/Documents/ros2_workspaces/fortress_tut_ws/src/fortress_tut_msgs -DCMAKE_INSTALL_PREFIX=/home/dr/Documents/ros2_workspaces/fortress_tut_ws/install/fortress_tut_msgs
[0.044s] -- Found ament_cmake: 1.3.14 (/opt/ros/humble/share/ament_cmake/cmake)
[0.294s] -- Found ament_lint_auto: 0.12.15 (/opt/ros/humble/share/ament_lint_auto/cmake)
[0.411s] -- Found rosidl_default_generators: 1.2.1 (/opt/ros/humble/share/rosidl_default_generators/cmake)
[0.417s] -- Using all available rosidl_typesupport_c: rosidl_typesupport_fastrtps_c;rosidl_typesupport_introspection_c
[0.421s] -- Found rosidl_adapter: 3.1.9 (/opt/ros/humble/share/rosidl_adapter/cmake)
[0.471s] -- Using all available rosidl_typesupport_cpp: rosidl_typesupport_fastrtps_cpp;rosidl_typesupport_introspection_cpp
[0.815s] [31mCMake Error at /opt/ros/humble/share/rosidl_adapter/cmake/rosidl_adapt_interfaces.cmake:59 (message):
[0.815s]   execute_process(/usr/bin/python3 -m rosidl_adapter --package-name
[0.815s]   fortress_tut_msgs --arguments-file
[0.816s]   /home/dr/Documents/ros2_workspaces/fortress_tut_ws/build/fortress_tut_msgs/rosidl_adapter__arguments__fortress_tut_msgs.json
[0.816s]   --output-dir
[0.816s]   /home/dr/Documents/ros2_workspaces/fortress_tut_ws/build/fortress_tut_msgs/rosidl_adapter/fortress_tut_msgs
[0.816s]   --output-file
[0.816s]   /home/dr/Documents/ros2_workspaces/fortress_tut_ws/build/fortress_tut_msgs/rosidl_adapter/fortress_tut_msgs.idls)
[0.816s]   returned error code 1:
[0.816s] 
[0.816s]   Error processing 'float x' of 'fortress_tut_msgs/MoveTurtlebot_Request':
[0.816s]   ''float' is an invalid message name.  It should have the pattern
[0.816s]   '^[A-Z][A-Za-z0-9]*$''
[0.816s] 
[0.817s]   Traceback (most recent call last):
[0.817s] 
[0.817s]     File "/usr/lib/python3.10/runpy.py", line 196, in _run_module_as_main
[0.817s]       return _run_code(code, main_globals, None,
[0.817s]     File "/usr/lib/python3.10/runpy.py", line 86, in _run_code
[0.817s]       exec(code, run_globals)
[0.817s]     File "/opt/ros/humble/local/lib/python3.10/dist-packages/rosidl_adapter/__main__.py", line 19, in <module>
[0.817s]       sys.exit(main())
[0.817s]     File "/opt/ros/humble/local/lib/python3.10/dist-packages/rosidl_adapter/main.py", line 53, in main
[0.817s]       abs_idl_file = convert_to_idl(
[0.818s]     File "/opt/ros/humble/local/lib/python3.10/dist-packages/rosidl_adapter/__init__.py", line 24, in convert_to_idl
[0.818s]       return convert_srv_to_idl(
[0.818s]     File "/opt/ros/humble/local/lib/python3.10/dist-packages/rosidl_adapter/srv/__init__.py", line 28, in convert_srv_to_idl
[0.818s]       srv = parse_service_string(package_name, input_file.stem, content)
[0.818s]     File "/opt/ros/humble/local/lib/python3.10/dist-packages/rosidl_adapter/parser.py", line 859, in parse_service_string
[0.818s]       request_message = parse_message_string(
[0.818s]     File "/opt/ros/humble/local/lib/python3.10/dist-packages/rosidl_adapter/parser.py", line 520, in parse_message_string
[0.818s]       Type(type_string, context_package_name=pkg_name),
[0.818s]     File "/opt/ros/humble/local/lib/python3.10/dist-packages/rosidl_adapter/parser.py", line 277, in __init__
[0.818s]       super(Type, self).__init__(
[0.818s]     File "/opt/ros/humble/local/lib/python3.10/dist-packages/rosidl_adapter/parser.py", line 205, in __init__
[0.818s]       raise InvalidResourceName(
[0.819s] 
[0.819s]   rosidl_adapter.parser.InvalidResourceName: 'float' is an invalid message
[0.819s]   name.  It should have the pattern '^[A-Z][A-Za-z0-9]*$'
[0.819s] 
[0.819s] Call Stack (most recent call first):
[0.819s]   /opt/ros/humble/share/rosidl_cmake/cmake/rosidl_generate_interfaces.cmake:130 (rosidl_adapt_interfaces)
[0.819s]   CMakeLists.txt:28 (rosidl_generate_interfaces)
[0.819s] 
[0.819s] [0m
[0.819s] -- Configuring incomplete, errors occurred!
[0.820s] See also "/home/dr/Documents/ros2_workspaces/fortress_tut_ws/build/fortress_tut_msgs/CMakeFiles/CMakeOutput.log".
[0.825s] Invoked command in '/home/dr/Documents/ros2_workspaces/fortress_tut_ws/build/fortress_tut_msgs' returned '1': CMAKE_PREFIX_PATH=${CMAKE_PREFIX_PATH}:/home/dr/Documents/ros2_workspaces/fortress_tut_ws/install/turtlebot3_teleop:/home/dr/Documents/ros2_workspaces/fortress_tut_ws/install/turtlebot3_example:/home/dr/Documents/ros2_workspaces/fortress_tut_ws/install/fortress_tut:/home/dr/ros2_ws/install/my_robot_controller:/opt/ros/humble /usr/bin/cmake /home/dr/Documents/ros2_workspaces/fortress_tut_ws/src/fortress_tut_msgs -DCMAKE_INSTALL_PREFIX=/home/dr/Documents/ros2_workspaces/fortress_tut_ws/install/fortress_tut_msgs
