running egg_info
writing ../../build/fortress_tut/fortress_tut.egg-info/PKG-INFO
writing dependency_links to ../../build/fortress_tut/fortress_tut.egg-info/dependency_links.txt
writing entry points to ../../build/fortress_tut/fortress_tut.egg-info/entry_points.txt
writing requirements to ../../build/fortress_tut/fortress_tut.egg-info/requires.txt
writing top-level names to ../../build/fortress_tut/fortress_tut.egg-info/top_level.txt
reading manifest file '../../build/fortress_tut/fortress_tut.egg-info/SOURCES.txt'
writing manifest file '../../build/fortress_tut/fortress_tut.egg-info/SOURCES.txt'
running build
running build_py
copying fortress_tut/robot.py -> /home/dr/Documents/ros2_workspaces/fortress_tut_ws/build/fortress_tut/build/lib/fortress_tut
running install
running install_lib
copying /home/dr/Documents/ros2_workspaces/fortress_tut_ws/build/fortress_tut/build/lib/fortress_tut/robot.py -> /home/dr/Documents/ros2_workspaces/fortress_tut_ws/install/fortress_tut/lib/python3.10/site-packages/fortress_tut
byte-compiling /home/dr/Documents/ros2_workspaces/fortress_tut_ws/install/fortress_tut/lib/python3.10/site-packages/fortress_tut/robot.py to robot.cpython-310.pyc
running install_data
running install_egg_info
removing '/home/dr/Documents/ros2_workspaces/fortress_tut_ws/install/fortress_tut/lib/python3.10/site-packages/fortress_tut-0.0.0-py3.10.egg-info' (and everything under it)
Copying ../../build/fortress_tut/fortress_tut.egg-info to /home/dr/Documents/ros2_workspaces/fortress_tut_ws/install/fortress_tut/lib/python3.10/site-packages/fortress_tut-0.0.0-py3.10.egg-info
running install_scripts
Installing commander script to /home/dr/Documents/ros2_workspaces/fortress_tut_ws/install/fortress_tut/lib/fortress_tut
Installing robot script to /home/dr/Documents/ros2_workspaces/fortress_tut_ws/install/fortress_tut/lib/fortress_tut
writing list of installed files to '/home/dr/Documents/ros2_workspaces/fortress_tut_ws/build/fortress_tut/install.log'
