-- Found ament_cmake: 1.3.14 (/opt/ros/humble/share/ament_cmake/cmake)
-- Override CMake install command with custom implementation using symlinks instead of copying resources
-- Found builtin_interfaces: 1.2.3 (/opt/ros/humble/share/builtin_interfaces/cmake)
-- Found rosidl_generator_c: 3.1.9 (/opt/ros/humble/share/rosidl_generator_c/cmake)
-- Found rosidl_adapter: 3.1.9 (/opt/ros/humble/share/rosidl_adapter/cmake)
-- Found rosidl_generator_cpp: 3.1.9 (/opt/ros/humble/share/rosidl_generator_cpp/cmake)
-- Using all available rosidl_typesupport_c: rosidl_typesupport_fastrtps_c;rosidl_typesupport_introspection_c
-- Using all available rosidl_typesupport_cpp: rosidl_typesupport_fastrtps_cpp;rosidl_typesupport_introspection_cpp
-- Found rosidl_default_generators: 1.2.1 (/opt/ros/humble/share/rosidl_default_generators/cmake)
-- Found ament_cmake_ros: 0.10.0 (/opt/ros/humble/share/ament_cmake_ros/cmake)
-- Using all available rosidl_typesupport_c: rosidl_typesupport_fastrtps_c;rosidl_typesupport_introspection_c
-- Using all available rosidl_typesupport_cpp: rosidl_typesupport_fastrtps_cpp;rosidl_typesupport_introspection_cpp
-- Found python_cmake_module: 0.10.0 (/opt/ros/humble/share/python_cmake_module/cmake)
-- Using PYTHON_EXECUTABLE: /usr/bin/python3
-- Using PYTHON_INCLUDE_DIRS: /usr/include/python3.10
-- Using PYTHON_LIBRARIES: /usr/lib/x86_64-linux-gnu/libpython3.10.so
-- Configuring done
-- Generating done
-- Build files have been written to: /home/dr/Documents/ros2_workspaces/fortress_tut_ws/build/dynamixel_sdk_custom_interfaces
[35m[1mConsolidate compiler generated dependencies of target dynamixel_sdk_custom_interfaces__rosidl_generator_c[0m
[  2%] Built target dynamixel_sdk_custom_interfaces__cpp
[  5%] Built target dynamixel_sdk_custom_interfaces__rs
[ 15%] Built target dynamixel_sdk_custom_interfaces__rosidl_generator_c
[35m[1mConsolidate compiler generated dependencies of target dynamixel_sdk_custom_interfaces__rosidl_typesupport_introspection_cpp[0m
[ 15%] Built target ament_cmake_python_symlink_dynamixel_sdk_custom_interfaces
[35m[1mConsolidate compiler generated dependencies of target dynamixel_sdk_custom_interfaces__rosidl_typesupport_introspection_c[0m
[35m[1mConsolidate compiler generated dependencies of target dynamixel_sdk_custom_interfaces__rosidl_typesupport_fastrtps_cpp[0m
[35m[1mConsolidate compiler generated dependencies of target dynamixel_sdk_custom_interfaces__rosidl_typesupport_c[0m
[35m[1mConsolidate compiler generated dependencies of target dynamixel_sdk_custom_interfaces__rosidl_typesupport_cpp[0m
[35m[1mConsolidate compiler generated dependencies of target dynamixel_sdk_custom_interfaces__rosidl_typesupport_fastrtps_c[0m
[ 25%] Built target dynamixel_sdk_custom_interfaces__rosidl_typesupport_introspection_cpp
[ 35%] Built target dynamixel_sdk_custom_interfaces__rosidl_typesupport_introspection_c
[ 45%] Built target dynamixel_sdk_custom_interfaces__rosidl_typesupport_cpp
[ 55%] Built target dynamixel_sdk_custom_interfaces__rosidl_typesupport_c
[ 65%] Built target dynamixel_sdk_custom_interfaces__rosidl_typesupport_fastrtps_cpp
[ 75%] Built target dynamixel_sdk_custom_interfaces__rosidl_typesupport_fastrtps_c
[ 75%] Built target dynamixel_sdk_custom_interfaces
[ 77%] Built target dynamixel_sdk_custom_interfaces__py
[35m[1mConsolidate compiler generated dependencies of target dynamixel_sdk_custom_interfaces__rosidl_generator_py[0m
[ 85%] Built target dynamixel_sdk_custom_interfaces__rosidl_generator_py
[35m[1mConsolidate compiler generated dependencies of target dynamixel_sdk_custom_interfaces__rosidl_typesupport_c__pyext[0m
[35m[1mConsolidate compiler generated dependencies of target dynamixel_sdk_custom_interfaces__rosidl_typesupport_introspection_c__pyext[0m
[35m[1mConsolidate compiler generated dependencies of target dynamixel_sdk_custom_interfaces__rosidl_typesupport_fastrtps_c__pyext[0m
[ 90%] Built target dynamixel_sdk_custom_interfaces__rosidl_typesupport_introspection_c__pyext
[ 95%] Built target dynamixel_sdk_custom_interfaces__rosidl_typesupport_c__pyext
[100%] Built target dynamixel_sdk_custom_interfaces__rosidl_typesupport_fastrtps_c__pyext
running egg_info
writing dynamixel_sdk_custom_interfaces.egg-info/PKG-INFO
writing dependency_links to dynamixel_sdk_custom_interfaces.egg-info/dependency_links.txt
writing top-level names to dynamixel_sdk_custom_interfaces.egg-info/top_level.txt
reading manifest file 'dynamixel_sdk_custom_interfaces.egg-info/SOURCES.txt'
writing manifest file 'dynamixel_sdk_custom_interfaces.egg-info/SOURCES.txt'
[100%] Built target ament_cmake_python_build_dynamixel_sdk_custom_interfaces_egg
