[0.065s] Invoking command in '/home/dr/Documents/ros2_workspaces/fortress_tut_ws/build/turtlebot3_cartographer': CMAKE_PREFIX_PATH=${CMAKE_PREFIX_PATH}:/home/dr/Documents/ros2_workspaces/fortress_tut_ws/install/turtlebot3_teleop:/home/dr/Documents/ros2_workspaces/fortress_tut_ws/install/turtlebot3_example:/home/dr/Documents/ros2_workspaces/fortress_tut_ws/install/fortress_tut:/home/dr/ros2_ws/install/my_robot_controller:/opt/ros/humble /usr/bin/cmake /home/dr/Documents/ros2_workspaces/fortress_tut_ws/src/turtlebot3/turtlebot3_cartographer -DCMAKE_INSTALL_PREFIX=/home/dr/Documents/ros2_workspaces/fortress_tut_ws/install/turtlebot3_cartographer
[0.109s] -- Found ament_cmake: 1.3.14 (/opt/ros/humble/share/ament_cmake/cmake)
[0.434s] -- Override CMake install command with custom implementation using symlinks instead of copying resources
[0.628s] -- Configuring done
[0.636s] -- Generating done
[0.639s] -- Build files have been written to: /home/dr/Documents/ros2_workspaces/fortress_tut_ws/build/turtlebot3_cartographer
[0.649s] Invoked command in '/home/dr/Documents/ros2_workspaces/fortress_tut_ws/build/turtlebot3_cartographer' returned '0': CMAKE_PREFIX_PATH=${CMAKE_PREFIX_PATH}:/home/dr/Documents/ros2_workspaces/fortress_tut_ws/install/turtlebot3_teleop:/home/dr/Documents/ros2_workspaces/fortress_tut_ws/install/turtlebot3_example:/home/dr/Documents/ros2_workspaces/fortress_tut_ws/install/fortress_tut:/home/dr/ros2_ws/install/my_robot_controller:/opt/ros/humble /usr/bin/cmake /home/dr/Documents/ros2_workspaces/fortress_tut_ws/src/turtlebot3/turtlebot3_cartographer -DCMAKE_INSTALL_PREFIX=/home/dr/Documents/ros2_workspaces/fortress_tut_ws/install/turtlebot3_cartographer
[0.650s] Invoking command in '/home/dr/Documents/ros2_workspaces/fortress_tut_ws/build/turtlebot3_cartographer': CMAKE_PREFIX_PATH=${CMAKE_PREFIX_PATH}:/home/dr/Documents/ros2_workspaces/fortress_tut_ws/install/turtlebot3_teleop:/home/dr/Documents/ros2_workspaces/fortress_tut_ws/install/turtlebot3_example:/home/dr/Documents/ros2_workspaces/fortress_tut_ws/install/fortress_tut:/home/dr/ros2_ws/install/my_robot_controller:/opt/ros/humble /usr/bin/cmake --build /home/dr/Documents/ros2_workspaces/fortress_tut_ws/build/turtlebot3_cartographer -- -j8 -l8
[0.767s] Invoked command in '/home/dr/Documents/ros2_workspaces/fortress_tut_ws/build/turtlebot3_cartographer' returned '0': CMAKE_PREFIX_PATH=${CMAKE_PREFIX_PATH}:/home/dr/Documents/ros2_workspaces/fortress_tut_ws/install/turtlebot3_teleop:/home/dr/Documents/ros2_workspaces/fortress_tut_ws/install/turtlebot3_example:/home/dr/Documents/ros2_workspaces/fortress_tut_ws/install/fortress_tut:/home/dr/ros2_ws/install/my_robot_controller:/opt/ros/humble /usr/bin/cmake --build /home/dr/Documents/ros2_workspaces/fortress_tut_ws/build/turtlebot3_cartographer -- -j8 -l8
[0.769s] Invoking command in '/home/dr/Documents/ros2_workspaces/fortress_tut_ws/build/turtlebot3_cartographer': CMAKE_PREFIX_PATH=${CMAKE_PREFIX_PATH}:/home/dr/Documents/ros2_workspaces/fortress_tut_ws/install/turtlebot3_teleop:/home/dr/Documents/ros2_workspaces/fortress_tut_ws/install/turtlebot3_example:/home/dr/Documents/ros2_workspaces/fortress_tut_ws/install/fortress_tut:/home/dr/ros2_ws/install/my_robot_controller:/opt/ros/humble /usr/bin/cmake --install /home/dr/Documents/ros2_workspaces/fortress_tut_ws/build/turtlebot3_cartographer
[0.816s] -- Install configuration: ""
[0.816s] -- Execute custom install script
[0.816s] -- Up-to-date symlink: /home/dr/Documents/ros2_workspaces/fortress_tut_ws/install/turtlebot3_cartographer/share/turtlebot3_cartographer/config/turtlebot3_lds_2d.lua
[0.816s] -- Up-to-date symlink: /home/dr/Documents/ros2_workspaces/fortress_tut_ws/install/turtlebot3_cartographer/share/turtlebot3_cartographer/launch/cartographer.launch.py
[0.816s] -- Up-to-date symlink: /home/dr/Documents/ros2_workspaces/fortress_tut_ws/install/turtlebot3_cartographer/share/turtlebot3_cartographer/launch/occupancy_grid.launch.py
[0.816s] -- Up-to-date symlink: /home/dr/Documents/ros2_workspaces/fortress_tut_ws/install/turtlebot3_cartographer/share/turtlebot3_cartographer/rviz/tb3_cartographer.rviz
[0.817s] -- Up-to-date symlink: /home/dr/Documents/ros2_workspaces/fortress_tut_ws/install/turtlebot3_cartographer/share/ament_index/resource_index/package_run_dependencies/turtlebot3_cartographer
[0.817s] -- Up-to-date symlink: /home/dr/Documents/ros2_workspaces/fortress_tut_ws/install/turtlebot3_cartographer/share/ament_index/resource_index/parent_prefix_path/turtlebot3_cartographer
[0.817s] -- Up-to-date symlink: /home/dr/Documents/ros2_workspaces/fortress_tut_ws/install/turtlebot3_cartographer/share/turtlebot3_cartographer/environment/ament_prefix_path.sh
[0.817s] -- Up-to-date symlink: /home/dr/Documents/ros2_workspaces/fortress_tut_ws/install/turtlebot3_cartographer/share/turtlebot3_cartographer/environment/ament_prefix_path.dsv
[0.817s] -- Up-to-date symlink: /home/dr/Documents/ros2_workspaces/fortress_tut_ws/install/turtlebot3_cartographer/share/turtlebot3_cartographer/environment/path.sh
[0.818s] -- Up-to-date symlink: /home/dr/Documents/ros2_workspaces/fortress_tut_ws/install/turtlebot3_cartographer/share/turtlebot3_cartographer/environment/path.dsv
[0.818s] -- Up-to-date symlink: /home/dr/Documents/ros2_workspaces/fortress_tut_ws/install/turtlebot3_cartographer/share/turtlebot3_cartographer/local_setup.bash
[0.818s] -- Up-to-date symlink: /home/dr/Documents/ros2_workspaces/fortress_tut_ws/install/turtlebot3_cartographer/share/turtlebot3_cartographer/local_setup.sh
[0.818s] -- Up-to-date symlink: /home/dr/Documents/ros2_workspaces/fortress_tut_ws/install/turtlebot3_cartographer/share/turtlebot3_cartographer/local_setup.zsh
[0.818s] -- Up-to-date symlink: /home/dr/Documents/ros2_workspaces/fortress_tut_ws/install/turtlebot3_cartographer/share/turtlebot3_cartographer/local_setup.dsv
[0.818s] -- Symlinking: /home/dr/Documents/ros2_workspaces/fortress_tut_ws/install/turtlebot3_cartographer/share/turtlebot3_cartographer/package.dsv
[0.818s] -- Up-to-date symlink: /home/dr/Documents/ros2_workspaces/fortress_tut_ws/install/turtlebot3_cartographer/share/ament_index/resource_index/packages/turtlebot3_cartographer
[0.818s] -- Up-to-date symlink: /home/dr/Documents/ros2_workspaces/fortress_tut_ws/install/turtlebot3_cartographer/share/turtlebot3_cartographer/cmake/turtlebot3_cartographerConfig.cmake
[0.818s] -- Up-to-date symlink: /home/dr/Documents/ros2_workspaces/fortress_tut_ws/install/turtlebot3_cartographer/share/turtlebot3_cartographer/cmake/turtlebot3_cartographerConfig-version.cmake
[0.818s] -- Up-to-date symlink: /home/dr/Documents/ros2_workspaces/fortress_tut_ws/install/turtlebot3_cartographer/share/turtlebot3_cartographer/package.xml
[0.841s] Invoked command in '/home/dr/Documents/ros2_workspaces/fortress_tut_ws/build/turtlebot3_cartographer' returned '0': CMAKE_PREFIX_PATH=${CMAKE_PREFIX_PATH}:/home/dr/Documents/ros2_workspaces/fortress_tut_ws/install/turtlebot3_teleop:/home/dr/Documents/ros2_workspaces/fortress_tut_ws/install/turtlebot3_example:/home/dr/Documents/ros2_workspaces/fortress_tut_ws/install/fortress_tut:/home/dr/ros2_ws/install/my_robot_controller:/opt/ros/humble /usr/bin/cmake --install /home/dr/Documents/ros2_workspaces/fortress_tut_ws/build/turtlebot3_cartographer
