[0.047s] Invoking command in '/home/dr/Documents/ros2_workspaces/fortress_tut_ws/build/turtlebot3_gazebo': CMAKE_PREFIX_PATH=/home/dr/Documents/ros2_workspaces/fortress_tut_ws/install/fortress_tut:/home/dr/ros2_ws/install/my_robot_controller:/opt/ros/humble /usr/bin/cmake /home/dr/Documents/ros2_workspaces/fortress_tut_ws/src/turtlebot3_simulations/turtlebot3_gazebo -DCMAKE_INSTALL_PREFIX=/home/dr/Documents/ros2_workspaces/fortress_tut_ws/install/turtlebot3_gazebo
[0.220s] -- The C compiler identification is GNU 11.4.0
[0.392s] -- The CXX compiler identification is GNU 11.4.0
[0.413s] -- Detecting C compiler ABI info
[0.618s] -- Detecting C compiler ABI info - done
[0.635s] -- Check for working C compiler: /usr/bin/cc - skipped
[0.635s] -- Detecting C compile features
[0.635s] -- Detecting C compile features - done
[0.643s] -- Detecting CXX compiler ABI info
[0.825s] -- Detecting CXX compiler ABI info - done
[0.858s] -- Check for working CXX compiler: /usr/bin/c++ - skipped
[0.858s] -- Detecting CXX compile features
[0.859s] -- Detecting CXX compile features - done
[0.866s] -- Found ament_cmake: 1.3.14 (/opt/ros/humble/share/ament_cmake/cmake)
[1.218s] -- Found Python3: /usr/bin/python3 (found version "3.10.12") found components: Interpreter 
[1.481s] -- Configuring incomplete, errors occurred!
[1.483s] See also "/home/dr/Documents/ros2_workspaces/fortress_tut_ws/build/turtlebot3_gazebo/CMakeFiles/CMakeOutput.log".
[1.483s] [31mCMake Error at CMakeLists.txt:23 (find_package):
[1.483s]   By not providing "Findgazebo.cmake" in CMAKE_MODULE_PATH this project has
[1.483s]   asked CMake to find a package configuration file provided by "gazebo", but
[1.484s]   CMake did not find one.
[1.484s] 
[1.484s]   Could not find a package configuration file provided by "gazebo" with any
[1.484s]   of the following names:
[1.484s] 
[1.484s]     gazeboConfig.cmake
[1.485s]     gazebo-config.cmake
[1.485s] 
[1.485s]   Add the installation prefix of "gazebo" to CMAKE_PREFIX_PATH or set
[1.485s]   "gazebo_DIR" to a directory containing one of the above files.  If "gazebo"
[1.485s]   provides a separate development package or SDK, be sure it has been
[1.485s]   installed.
[1.486s] 
[1.486s] [0m
[1.508s] Invoked command in '/home/dr/Documents/ros2_workspaces/fortress_tut_ws/build/turtlebot3_gazebo' returned '1': CMAKE_PREFIX_PATH=/home/dr/Documents/ros2_workspaces/fortress_tut_ws/install/fortress_tut:/home/dr/ros2_ws/install/my_robot_controller:/opt/ros/humble /usr/bin/cmake /home/dr/Documents/ros2_workspaces/fortress_tut_ws/src/turtlebot3_simulations/turtlebot3_gazebo -DCMAKE_INSTALL_PREFIX=/home/dr/Documents/ros2_workspaces/fortress_tut_ws/install/turtlebot3_gazebo
