[1.523s] Invoking command in '/home/dr/Documents/ros2_workspaces/fortress_tut_ws/build/dynamixel_sdk_examples': AMENT_PREFIX_PATH=/home/dr/Documents/ros2_workspaces/fortress_tut_ws/install/dynamixel_sdk_custom_interfaces:/home/dr/Documents/ros2_workspaces/fortress_tut_ws/install/dynamixel_sdk:${AMENT_PREFIX_PATH} CMAKE_PREFIX_PATH=/home/dr/Documents/ros2_workspaces/fortress_tut_ws/install/dynamixel_sdk_custom_interfaces:/home/dr/Documents/ros2_workspaces/fortress_tut_ws/install/dynamixel_sdk:/home/dr/ros2_ws/install/my_robot_controller:/opt/ros/humble LD_LIBRARY_PATH=/home/dr/Documents/ros2_workspaces/fortress_tut_ws/install/dynamixel_sdk_custom_interfaces/lib:/home/dr/Documents/ros2_workspaces/fortress_tut_ws/install/dynamixel_sdk/lib:${LD_LIBRARY_PATH} PYTHONPATH=/home/dr/Documents/ros2_workspaces/fortress_tut_ws/install/dynamixel_sdk_custom_interfaces/local/lib/python3.10/dist-packages:/home/dr/Documents/ros2_workspaces/fortress_tut_ws/install/dynamixel_sdk/local/lib/python3.10/dist-packages:${PYTHONPATH} /usr/bin/cmake --build /home/dr/Documents/ros2_workspaces/fortress_tut_ws/build/dynamixel_sdk_examples -- -j8 -l8
[1.764s] [ 50%] [32mBuilding CXX object CMakeFiles/read_write_node.dir/src/read_write_node.cpp.o[0m
[47.817s] [100%] [32m[1mLinking CXX executable read_write_node[0m
[49.006s] [100%] Built target read_write_node
[49.095s] Invoked command in '/home/dr/Documents/ros2_workspaces/fortress_tut_ws/build/dynamixel_sdk_examples' returned '0': AMENT_PREFIX_PATH=/home/dr/Documents/ros2_workspaces/fortress_tut_ws/install/dynamixel_sdk_custom_interfaces:/home/dr/Documents/ros2_workspaces/fortress_tut_ws/install/dynamixel_sdk:${AMENT_PREFIX_PATH} CMAKE_PREFIX_PATH=/home/dr/Documents/ros2_workspaces/fortress_tut_ws/install/dynamixel_sdk_custom_interfaces:/home/dr/Documents/ros2_workspaces/fortress_tut_ws/install/dynamixel_sdk:/home/dr/ros2_ws/install/my_robot_controller:/opt/ros/humble LD_LIBRARY_PATH=/home/dr/Documents/ros2_workspaces/fortress_tut_ws/install/dynamixel_sdk_custom_interfaces/lib:/home/dr/Documents/ros2_workspaces/fortress_tut_ws/install/dynamixel_sdk/lib:${LD_LIBRARY_PATH} PYTHONPATH=/home/dr/Documents/ros2_workspaces/fortress_tut_ws/install/dynamixel_sdk_custom_interfaces/local/lib/python3.10/dist-packages:/home/dr/Documents/ros2_workspaces/fortress_tut_ws/install/dynamixel_sdk/local/lib/python3.10/dist-packages:${PYTHONPATH} /usr/bin/cmake --build /home/dr/Documents/ros2_workspaces/fortress_tut_ws/build/dynamixel_sdk_examples -- -j8 -l8
[49.101s] Invoking command in '/home/dr/Documents/ros2_workspaces/fortress_tut_ws/build/dynamixel_sdk_examples': AMENT_PREFIX_PATH=/home/dr/Documents/ros2_workspaces/fortress_tut_ws/install/dynamixel_sdk_custom_interfaces:/home/dr/Documents/ros2_workspaces/fortress_tut_ws/install/dynamixel_sdk:${AMENT_PREFIX_PATH} CMAKE_PREFIX_PATH=/home/dr/Documents/ros2_workspaces/fortress_tut_ws/install/dynamixel_sdk_custom_interfaces:/home/dr/Documents/ros2_workspaces/fortress_tut_ws/install/dynamixel_sdk:/home/dr/ros2_ws/install/my_robot_controller:/opt/ros/humble LD_LIBRARY_PATH=/home/dr/Documents/ros2_workspaces/fortress_tut_ws/install/dynamixel_sdk_custom_interfaces/lib:/home/dr/Documents/ros2_workspaces/fortress_tut_ws/install/dynamixel_sdk/lib:${LD_LIBRARY_PATH} PYTHONPATH=/home/dr/Documents/ros2_workspaces/fortress_tut_ws/install/dynamixel_sdk_custom_interfaces/local/lib/python3.10/dist-packages:/home/dr/Documents/ros2_workspaces/fortress_tut_ws/install/dynamixel_sdk/local/lib/python3.10/dist-packages:${PYTHONPATH} /usr/bin/cmake --install /home/dr/Documents/ros2_workspaces/fortress_tut_ws/build/dynamixel_sdk_examples
[49.120s] -- Install configuration: ""
[49.120s] -- Installing: /home/dr/Documents/ros2_workspaces/fortress_tut_ws/install/dynamixel_sdk_examples/lib/dynamixel_sdk_examples/read_write_node
[49.126s] -- Set runtime path of "/home/dr/Documents/ros2_workspaces/fortress_tut_ws/install/dynamixel_sdk_examples/lib/dynamixel_sdk_examples/read_write_node" to ""
[49.129s] -- Installing: /home/dr/Documents/ros2_workspaces/fortress_tut_ws/install/dynamixel_sdk_examples/lib/dynamixel_sdk_examples/read_write_node.py
[49.131s] -- Installing: /home/dr/Documents/ros2_workspaces/fortress_tut_ws/install/dynamixel_sdk_examples/share/ament_index/resource_index/package_run_dependencies/dynamixel_sdk_examples
[49.131s] -- Installing: /home/dr/Documents/ros2_workspaces/fortress_tut_ws/install/dynamixel_sdk_examples/share/ament_index/resource_index/parent_prefix_path/dynamixel_sdk_examples
[49.132s] -- Installing: /home/dr/Documents/ros2_workspaces/fortress_tut_ws/install/dynamixel_sdk_examples/share/dynamixel_sdk_examples/environment/ament_prefix_path.sh
[49.132s] -- Installing: /home/dr/Documents/ros2_workspaces/fortress_tut_ws/install/dynamixel_sdk_examples/share/dynamixel_sdk_examples/environment/ament_prefix_path.dsv
[49.133s] -- Installing: /home/dr/Documents/ros2_workspaces/fortress_tut_ws/install/dynamixel_sdk_examples/share/dynamixel_sdk_examples/environment/path.sh
[49.133s] -- Installing: /home/dr/Documents/ros2_workspaces/fortress_tut_ws/install/dynamixel_sdk_examples/share/dynamixel_sdk_examples/environment/path.dsv
[49.133s] -- Installing: /home/dr/Documents/ros2_workspaces/fortress_tut_ws/install/dynamixel_sdk_examples/share/dynamixel_sdk_examples/local_setup.bash
[49.134s] -- Installing: /home/dr/Documents/ros2_workspaces/fortress_tut_ws/install/dynamixel_sdk_examples/share/dynamixel_sdk_examples/local_setup.sh
[49.134s] -- Installing: /home/dr/Documents/ros2_workspaces/fortress_tut_ws/install/dynamixel_sdk_examples/share/dynamixel_sdk_examples/local_setup.zsh
[49.135s] -- Installing: /home/dr/Documents/ros2_workspaces/fortress_tut_ws/install/dynamixel_sdk_examples/share/dynamixel_sdk_examples/local_setup.dsv
[49.135s] -- Installing: /home/dr/Documents/ros2_workspaces/fortress_tut_ws/install/dynamixel_sdk_examples/share/dynamixel_sdk_examples/package.dsv
[49.138s] -- Installing: /home/dr/Documents/ros2_workspaces/fortress_tut_ws/install/dynamixel_sdk_examples/share/ament_index/resource_index/packages/dynamixel_sdk_examples
[49.139s] -- Installing: /home/dr/Documents/ros2_workspaces/fortress_tut_ws/install/dynamixel_sdk_examples/share/dynamixel_sdk_examples/cmake/dynamixel_sdk_examplesConfig.cmake
[49.139s] -- Installing: /home/dr/Documents/ros2_workspaces/fortress_tut_ws/install/dynamixel_sdk_examples/share/dynamixel_sdk_examples/cmake/dynamixel_sdk_examplesConfig-version.cmake
[49.139s] -- Installing: /home/dr/Documents/ros2_workspaces/fortress_tut_ws/install/dynamixel_sdk_examples/share/dynamixel_sdk_examples/package.xml
[49.145s] Invoked command in '/home/dr/Documents/ros2_workspaces/fortress_tut_ws/build/dynamixel_sdk_examples' returned '0': AMENT_PREFIX_PATH=/home/dr/Documents/ros2_workspaces/fortress_tut_ws/install/dynamixel_sdk_custom_interfaces:/home/dr/Documents/ros2_workspaces/fortress_tut_ws/install/dynamixel_sdk:${AMENT_PREFIX_PATH} CMAKE_PREFIX_PATH=/home/dr/Documents/ros2_workspaces/fortress_tut_ws/install/dynamixel_sdk_custom_interfaces:/home/dr/Documents/ros2_workspaces/fortress_tut_ws/install/dynamixel_sdk:/home/dr/ros2_ws/install/my_robot_controller:/opt/ros/humble LD_LIBRARY_PATH=/home/dr/Documents/ros2_workspaces/fortress_tut_ws/install/dynamixel_sdk_custom_interfaces/lib:/home/dr/Documents/ros2_workspaces/fortress_tut_ws/install/dynamixel_sdk/lib:${LD_LIBRARY_PATH} PYTHONPATH=/home/dr/Documents/ros2_workspaces/fortress_tut_ws/install/dynamixel_sdk_custom_interfaces/local/lib/python3.10/dist-packages:/home/dr/Documents/ros2_workspaces/fortress_tut_ws/install/dynamixel_sdk/local/lib/python3.10/dist-packages:${PYTHONPATH} /usr/bin/cmake --install /home/dr/Documents/ros2_workspaces/fortress_tut_ws/build/dynamixel_sdk_examples
