[2.326s] Invoking command in '/home/dr/Documents/ros2_workspaces/fortress_tut_ws/build/turtlebot3_example': AMENT_PREFIX_PATH=/home/dr/Documents/ros2_workspaces/fortress_tut_ws/install/turtlebot3_msgs:${AMENT_PREFIX_PATH} CMAKE_PREFIX_PATH=/home/dr/Documents/ros2_workspaces/fortress_tut_ws/install/turtlebot3_msgs LD_LIBRARY_PATH=/home/dr/Documents/ros2_workspaces/fortress_tut_ws/install/turtlebot3_msgs/lib:${LD_LIBRARY_PATH} PYTHONPATH=/home/dr/Documents/ros2_workspaces/fortress_tut_ws/build/turtlebot3_example/prefix_override:/usr/lib/python3/dist-packages/colcon_core/task/python/colcon_distutils_commands:/home/dr/Documents/ros2_workspaces/fortress_tut_ws/install/turtlebot3_example/lib/python3.10/site-packages:/home/dr/Documents/ros2_workspaces/fortress_tut_ws/install/turtlebot3_msgs/local/lib/python3.10/dist-packages:${PYTHONPATH} /usr/bin/python3 -W ignore:setup.py install is deprecated -W ignore:easy_install command is deprecated setup.py develop --editable --build-directory /home/dr/Documents/ros2_workspaces/fortress_tut_ws/build/turtlebot3_example/build --no-deps symlink_data
[3.030s] running develop
[3.470s] running egg_info
[3.471s] writing turtlebot3_example.egg-info/PKG-INFO
[3.471s] writing dependency_links to turtlebot3_example.egg-info/dependency_links.txt
[3.471s] writing entry points to turtlebot3_example.egg-info/entry_points.txt
[3.471s] writing requirements to turtlebot3_example.egg-info/requires.txt
[3.471s] writing top-level names to turtlebot3_example.egg-info/top_level.txt
[3.487s] reading manifest file 'turtlebot3_example.egg-info/SOURCES.txt'
[3.492s] writing manifest file 'turtlebot3_example.egg-info/SOURCES.txt'
[3.492s] running build_ext
[3.492s] Creating /home/dr/Documents/ros2_workspaces/fortress_tut_ws/install/turtlebot3_example/lib/python3.10/site-packages/turtlebot3-example.egg-link (link to .)
[3.492s] Installing turtlebot3_absolute_move script to /home/dr/Documents/ros2_workspaces/fortress_tut_ws/install/turtlebot3_example/lib/turtlebot3_example
[3.492s] Installing turtlebot3_interactive_marker script to /home/dr/Documents/ros2_workspaces/fortress_tut_ws/install/turtlebot3_example/lib/turtlebot3_example
[3.493s] Installing turtlebot3_obstacle_detection script to /home/dr/Documents/ros2_workspaces/fortress_tut_ws/install/turtlebot3_example/lib/turtlebot3_example
[3.493s] Installing turtlebot3_patrol_client script to /home/dr/Documents/ros2_workspaces/fortress_tut_ws/install/turtlebot3_example/lib/turtlebot3_example
[3.493s] Installing turtlebot3_patrol_server script to /home/dr/Documents/ros2_workspaces/fortress_tut_ws/install/turtlebot3_example/lib/turtlebot3_example
[3.493s] Installing turtlebot3_relative_move script to /home/dr/Documents/ros2_workspaces/fortress_tut_ws/install/turtlebot3_example/lib/turtlebot3_example
[3.493s] 
[3.493s] Installed /home/dr/Documents/ros2_workspaces/fortress_tut_ws/build/turtlebot3_example
[3.494s] running symlink_data
[3.574s] Invoked command in '/home/dr/Documents/ros2_workspaces/fortress_tut_ws/build/turtlebot3_example' returned '0': AMENT_PREFIX_PATH=/home/dr/Documents/ros2_workspaces/fortress_tut_ws/install/turtlebot3_msgs:${AMENT_PREFIX_PATH} CMAKE_PREFIX_PATH=/home/dr/Documents/ros2_workspaces/fortress_tut_ws/install/turtlebot3_msgs LD_LIBRARY_PATH=/home/dr/Documents/ros2_workspaces/fortress_tut_ws/install/turtlebot3_msgs/lib:${LD_LIBRARY_PATH} PYTHONPATH=/home/dr/Documents/ros2_workspaces/fortress_tut_ws/build/turtlebot3_example/prefix_override:/usr/lib/python3/dist-packages/colcon_core/task/python/colcon_distutils_commands:/home/dr/Documents/ros2_workspaces/fortress_tut_ws/install/turtlebot3_example/lib/python3.10/site-packages:/home/dr/Documents/ros2_workspaces/fortress_tut_ws/install/turtlebot3_msgs/local/lib/python3.10/dist-packages:${PYTHONPATH} /usr/bin/python3 -W ignore:setup.py install is deprecated -W ignore:easy_install command is deprecated setup.py develop --editable --build-directory /home/dr/Documents/ros2_workspaces/fortress_tut_ws/build/turtlebot3_example/build --no-deps symlink_data
