[0.046s] Invoking command in '/home/dr/Documents/ros2_workspaces/fortress_tut_ws/build/fortress_tut_msgs': CMAKE_PREFIX_PATH=${CMAKE_PREFIX_PATH}:/home/dr/Documents/ros2_workspaces/fortress_tut_ws/install/turtlebot3_teleop:/home/dr/Documents/ros2_workspaces/fortress_tut_ws/install/turtlebot3_example:/home/dr/Documents/ros2_workspaces/fortress_tut_ws/install/fortress_tut:/home/dr/ros2_ws/install/my_robot_controller:/opt/ros/humble /usr/bin/cmake /home/dr/Documents/ros2_workspaces/fortress_tut_ws/src/fortress_tut_msgs -DCMAKE_INSTALL_PREFIX=/home/dr/Documents/ros2_workspaces/fortress_tut_ws/install/fortress_tut_msgs
[0.177s] -- The C compiler identification is GNU 11.4.0
[0.376s] -- The CXX compiler identification is GNU 11.4.0
[0.403s] -- Detecting C compiler ABI info
[0.575s] -- Detecting C compiler ABI info - done
[0.590s] -- Check for working C compiler: /usr/bin/cc - skipped
[0.611s] -- Detecting C compile features
[0.616s] -- Detecting C compile features - done
[0.625s] -- Detecting CXX compiler ABI info
[0.813s] -- Detecting CXX compiler ABI info - done
[0.843s] -- Check for working CXX compiler: /usr/bin/c++ - skipped
[0.843s] -- Detecting CXX compile features
[0.844s] -- Detecting CXX compile features - done
[0.851s] -- Found ament_cmake: 1.3.14 (/opt/ros/humble/share/ament_cmake/cmake)
[1.240s] -- Found Python3: /usr/bin/python3 (found version "3.10.12") found components: Interpreter 
[1.478s] -- Found ament_lint_auto: 0.12.15 (/opt/ros/humble/share/ament_lint_auto/cmake)
[1.677s] -- Found rosidl_default_generators: 1.2.1 (/opt/ros/humble/share/rosidl_default_generators/cmake)
[1.686s] -- Using all available rosidl_typesupport_c: rosidl_typesupport_fastrtps_c;rosidl_typesupport_introspection_c
[1.701s] -- Found rosidl_adapter: 3.1.9 (/opt/ros/humble/share/rosidl_adapter/cmake)
[1.785s] -- Using all available rosidl_typesupport_cpp: rosidl_typesupport_fastrtps_cpp;rosidl_typesupport_introspection_cpp
[2.345s] -- Found ament_cmake_ros: 0.10.0 (/opt/ros/humble/share/ament_cmake_ros/cmake)
[2.732s] -- Using all available rosidl_typesupport_c: rosidl_typesupport_fastrtps_c;rosidl_typesupport_introspection_c
[3.826s] -- Using all available rosidl_typesupport_cpp: rosidl_typesupport_fastrtps_cpp;rosidl_typesupport_introspection_cpp
[3.956s] -- Found PythonInterp: /usr/bin/python3 (found suitable version "3.10.12", minimum required is "3.6") 
[3.971s] -- Found python_cmake_module: 0.10.0 (/opt/ros/humble/share/python_cmake_module/cmake)
[4.130s] -- Found PythonLibs: /usr/lib/x86_64-linux-gnu/libpython3.10.so (found suitable version "3.10.12", minimum required is "3.5") 
[4.130s] -- Using PYTHON_EXECUTABLE: /usr/bin/python3
[4.130s] -- Using PYTHON_INCLUDE_DIRS: /usr/include/python3.10
[4.130s] -- Using PYTHON_LIBRARIES: /usr/lib/x86_64-linux-gnu/libpython3.10.so
[4.231s] -- Found PythonExtra: .so  
[4.671s] -- Added test 'lint_cmake' to check CMake code style
[4.676s] -- Added test 'xmllint' to check XML markup files
[4.690s] -- Configuring done
[4.810s] -- Generating done
[4.844s] -- Build files have been written to: /home/dr/Documents/ros2_workspaces/fortress_tut_ws/build/fortress_tut_msgs
[4.869s] Invoked command in '/home/dr/Documents/ros2_workspaces/fortress_tut_ws/build/fortress_tut_msgs' returned '0': CMAKE_PREFIX_PATH=${CMAKE_PREFIX_PATH}:/home/dr/Documents/ros2_workspaces/fortress_tut_ws/install/turtlebot3_teleop:/home/dr/Documents/ros2_workspaces/fortress_tut_ws/install/turtlebot3_example:/home/dr/Documents/ros2_workspaces/fortress_tut_ws/install/fortress_tut:/home/dr/ros2_ws/install/my_robot_controller:/opt/ros/humble /usr/bin/cmake /home/dr/Documents/ros2_workspaces/fortress_tut_ws/src/fortress_tut_msgs -DCMAKE_INSTALL_PREFIX=/home/dr/Documents/ros2_workspaces/fortress_tut_ws/install/fortress_tut_msgs
[4.871s] Invoking command in '/home/dr/Documents/ros2_workspaces/fortress_tut_ws/build/fortress_tut_msgs': CMAKE_PREFIX_PATH=${CMAKE_PREFIX_PATH}:/home/dr/Documents/ros2_workspaces/fortress_tut_ws/install/turtlebot3_teleop:/home/dr/Documents/ros2_workspaces/fortress_tut_ws/install/turtlebot3_example:/home/dr/Documents/ros2_workspaces/fortress_tut_ws/install/fortress_tut:/home/dr/ros2_ws/install/my_robot_controller:/opt/ros/humble /usr/bin/cmake --build /home/dr/Documents/ros2_workspaces/fortress_tut_ws/build/fortress_tut_msgs -- -j8 -l8
[4.998s] [  3%] [34m[1mGenerating Rust code for ROS interfaces[0m
[5.009s] [  6%] [34m[1mGenerating C code for ROS interfaces[0m
[5.065s] [  9%] [34m[1mGenerating C++ code for ROS interfaces[0m
[5.099s] [  9%] Built target ament_cmake_python_copy_fortress_tut_msgs
[6.190s] [  9%] Built target fortress_tut_msgs__rs
[6.537s] [ 12%] [32mBuilding C object CMakeFiles/fortress_tut_msgs__rosidl_generator_c.dir/rosidl_generator_c/fortress_tut_msgs/srv/detail/move_turtlebot__functions.c.o[0m
[6.705s] [ 12%] Built target fortress_tut_msgs__cpp
[6.742s] [ 15%] [34m[1mGenerating C++ type support for eProsima Fast-RTPS[0m
[6.777s] [ 18%] [34m[1mGenerating C++ introspection for ROS interfaces[0m
[6.797s] [ 21%] [34m[1mGenerating C++ type support dispatch for ROS interfaces[0m
[6.828s] [ 25%] [32m[1mLinking C shared library libfortress_tut_msgs__rosidl_generator_c.so[0m
[7.098s] running egg_info
[7.098s] creating fortress_tut_msgs.egg-info
[7.107s] writing fortress_tut_msgs.egg-info/PKG-INFO
[7.111s] writing dependency_links to fortress_tut_msgs.egg-info/dependency_links.txt
[7.111s] writing top-level names to fortress_tut_msgs.egg-info/top_level.txt
[7.111s] writing manifest file 'fortress_tut_msgs.egg-info/SOURCES.txt'
[7.119s] [ 25%] Built target fortress_tut_msgs__rosidl_generator_c
[7.135s] reading manifest file 'fortress_tut_msgs.egg-info/SOURCES.txt'
[7.142s] writing manifest file 'fortress_tut_msgs.egg-info/SOURCES.txt'
[7.176s] [ 28%] [34m[1mGenerating C type support dispatch for ROS interfaces[0m
[7.203s] [ 31%] [34m[1mGenerating C type support for eProsima Fast-RTPS[0m
[7.210s] [ 34%] [34m[1mGenerating C introspection for ROS interfaces[0m
[7.378s] [ 34%] Built target ament_cmake_python_build_fortress_tut_msgs_egg
[8.538s] [ 37%] [32mBuilding C object CMakeFiles/fortress_tut_msgs__rosidl_typesupport_introspection_c.dir/rosidl_typesupport_introspection_c/fortress_tut_msgs/srv/detail/move_turtlebot__type_support.c.o[0m
[8.576s] [ 40%] [32mBuilding CXX object CMakeFiles/fortress_tut_msgs__rosidl_typesupport_cpp.dir/rosidl_typesupport_cpp/fortress_tut_msgs/srv/move_turtlebot__type_support.cpp.o[0m
[8.611s] [ 43%] [32mBuilding CXX object CMakeFiles/fortress_tut_msgs__rosidl_typesupport_fastrtps_cpp.dir/rosidl_typesupport_fastrtps_cpp/fortress_tut_msgs/srv/detail/dds_fastrtps/move_turtlebot__type_support.cpp.o[0m
[8.700s] [ 46%] [32m[1mLinking C shared library libfortress_tut_msgs__rosidl_typesupport_introspection_c.so[0m
[8.886s] [ 46%] Built target fortress_tut_msgs__rosidl_typesupport_introspection_c
[8.921s] [ 50%] [32mBuilding CXX object CMakeFiles/fortress_tut_msgs__rosidl_typesupport_introspection_cpp.dir/rosidl_typesupport_introspection_cpp/fortress_tut_msgs/srv/detail/move_turtlebot__type_support.cpp.o[0m
[8.977s] [ 53%] [32mBuilding CXX object CMakeFiles/fortress_tut_msgs__rosidl_typesupport_fastrtps_c.dir/rosidl_typesupport_fastrtps_c/fortress_tut_msgs/srv/detail/move_turtlebot__type_support_c.cpp.o[0m
[9.133s] [ 56%] [32mBuilding CXX object CMakeFiles/fortress_tut_msgs__rosidl_typesupport_c.dir/rosidl_typesupport_c/fortress_tut_msgs/srv/move_turtlebot__type_support.cpp.o[0m
[9.266s] [ 59%] [32m[1mLinking CXX shared library libfortress_tut_msgs__rosidl_typesupport_c.so[0m
[9.477s] [ 59%] Built target fortress_tut_msgs__rosidl_typesupport_c
[10.809s] [ 62%] [32m[1mLinking CXX shared library libfortress_tut_msgs__rosidl_typesupport_cpp.so[0m
[10.996s] [ 62%] Built target fortress_tut_msgs__rosidl_typesupport_cpp
[11.256s] [ 65%] [32m[1mLinking CXX shared library libfortress_tut_msgs__rosidl_typesupport_fastrtps_cpp.so[0m
[11.451s] [ 65%] Built target fortress_tut_msgs__rosidl_typesupport_fastrtps_cpp
[11.741s] [ 68%] [32m[1mLinking CXX shared library libfortress_tut_msgs__rosidl_typesupport_fastrtps_c.so[0m
[11.781s] [ 71%] [32m[1mLinking CXX shared library libfortress_tut_msgs__rosidl_typesupport_introspection_cpp.so[0m
[11.949s] [ 71%] Built target fortress_tut_msgs__rosidl_typesupport_introspection_cpp
[12.015s] [ 71%] Built target fortress_tut_msgs__rosidl_typesupport_fastrtps_c
[12.083s] [ 71%] Built target fortress_tut_msgs
[12.188s] [ 75%] [34m[1mGenerating Python code for ROS interfaces[0m
[14.152s] [ 75%] Built target fortress_tut_msgs__py
[14.240s] [ 78%] [32mBuilding C object CMakeFiles/fortress_tut_msgs__rosidl_generator_py.dir/rosidl_generator_py/fortress_tut_msgs/srv/_move_turtlebot_s.c.o[0m
[14.958s] [ 81%] [32m[1mLinking C shared library rosidl_generator_py/fortress_tut_msgs/libfortress_tut_msgs__rosidl_generator_py.so[0m
[15.163s] [ 81%] Built target fortress_tut_msgs__rosidl_generator_py
[15.272s] [ 84%] [32mBuilding C object CMakeFiles/fortress_tut_msgs__rosidl_typesupport_introspection_c__pyext.dir/rosidl_generator_py/fortress_tut_msgs/_fortress_tut_msgs_s.ep.rosidl_typesupport_introspection_c.c.o[0m
[15.294s] [ 87%] [32mBuilding C object CMakeFiles/fortress_tut_msgs__rosidl_typesupport_fastrtps_c__pyext.dir/rosidl_generator_py/fortress_tut_msgs/_fortress_tut_msgs_s.ep.rosidl_typesupport_fastrtps_c.c.o[0m
[15.314s] [ 90%] [32mBuilding C object CMakeFiles/fortress_tut_msgs__rosidl_typesupport_c__pyext.dir/rosidl_generator_py/fortress_tut_msgs/_fortress_tut_msgs_s.ep.rosidl_typesupport_c.c.o[0m
[15.575s] [ 93%] [32m[1mLinking C shared library rosidl_generator_py/fortress_tut_msgs/fortress_tut_msgs_s__rosidl_typesupport_introspection_c.cpython-310-x86_64-linux-gnu.so[0m
[15.691s] [ 93%] Built target fortress_tut_msgs__rosidl_typesupport_introspection_c__pyext
[15.872s] [ 96%] [32m[1mLinking C shared library rosidl_generator_py/fortress_tut_msgs/fortress_tut_msgs_s__rosidl_typesupport_fastrtps_c.cpython-310-x86_64-linux-gnu.so[0m
[15.939s] [100%] [32m[1mLinking C shared library rosidl_generator_py/fortress_tut_msgs/fortress_tut_msgs_s__rosidl_typesupport_c.cpython-310-x86_64-linux-gnu.so[0m
[16.092s] [100%] Built target fortress_tut_msgs__rosidl_typesupport_fastrtps_c__pyext
[16.178s] [100%] Built target fortress_tut_msgs__rosidl_typesupport_c__pyext
[16.243s] Invoked command in '/home/dr/Documents/ros2_workspaces/fortress_tut_ws/build/fortress_tut_msgs' returned '0': CMAKE_PREFIX_PATH=${CMAKE_PREFIX_PATH}:/home/dr/Documents/ros2_workspaces/fortress_tut_ws/install/turtlebot3_teleop:/home/dr/Documents/ros2_workspaces/fortress_tut_ws/install/turtlebot3_example:/home/dr/Documents/ros2_workspaces/fortress_tut_ws/install/fortress_tut:/home/dr/ros2_ws/install/my_robot_controller:/opt/ros/humble /usr/bin/cmake --build /home/dr/Documents/ros2_workspaces/fortress_tut_ws/build/fortress_tut_msgs -- -j8 -l8
[16.244s] Invoking command in '/home/dr/Documents/ros2_workspaces/fortress_tut_ws/build/fortress_tut_msgs': CMAKE_PREFIX_PATH=${CMAKE_PREFIX_PATH}:/home/dr/Documents/ros2_workspaces/fortress_tut_ws/install/turtlebot3_teleop:/home/dr/Documents/ros2_workspaces/fortress_tut_ws/install/turtlebot3_example:/home/dr/Documents/ros2_workspaces/fortress_tut_ws/install/fortress_tut:/home/dr/ros2_ws/install/my_robot_controller:/opt/ros/humble /usr/bin/cmake --install /home/dr/Documents/ros2_workspaces/fortress_tut_ws/build/fortress_tut_msgs
[16.304s] -- Install configuration: ""
[16.304s] -- Installing: /home/dr/Documents/ros2_workspaces/fortress_tut_ws/install/fortress_tut_msgs/share/ament_index/resource_index/rosidl_interfaces/fortress_tut_msgs
[16.304s] -- Installing: /home/dr/Documents/ros2_workspaces/fortress_tut_ws/install/fortress_tut_msgs/include/fortress_tut_msgs/fortress_tut_msgs
[16.305s] -- Installing: /home/dr/Documents/ros2_workspaces/fortress_tut_ws/install/fortress_tut_msgs/include/fortress_tut_msgs/fortress_tut_msgs/srv
[16.305s] -- Installing: /home/dr/Documents/ros2_workspaces/fortress_tut_ws/install/fortress_tut_msgs/include/fortress_tut_msgs/fortress_tut_msgs/srv/detail
[16.305s] -- Installing: /home/dr/Documents/ros2_workspaces/fortress_tut_ws/install/fortress_tut_msgs/include/fortress_tut_msgs/fortress_tut_msgs/srv/detail/move_turtlebot__functions.c
[16.305s] -- Installing: /home/dr/Documents/ros2_workspaces/fortress_tut_ws/install/fortress_tut_msgs/include/fortress_tut_msgs/fortress_tut_msgs/srv/detail/move_turtlebot__struct.h
[16.305s] -- Installing: /home/dr/Documents/ros2_workspaces/fortress_tut_ws/install/fortress_tut_msgs/include/fortress_tut_msgs/fortress_tut_msgs/srv/detail/move_turtlebot__functions.h
[16.305s] -- Installing: /home/dr/Documents/ros2_workspaces/fortress_tut_ws/install/fortress_tut_msgs/include/fortress_tut_msgs/fortress_tut_msgs/srv/detail/move_turtlebot__type_support.h
[16.306s] -- Installing: /home/dr/Documents/ros2_workspaces/fortress_tut_ws/install/fortress_tut_msgs/include/fortress_tut_msgs/fortress_tut_msgs/srv/move_turtlebot.h
[16.306s] -- Installing: /home/dr/Documents/ros2_workspaces/fortress_tut_ws/install/fortress_tut_msgs/include/fortress_tut_msgs/fortress_tut_msgs/msg
[16.306s] -- Installing: /home/dr/Documents/ros2_workspaces/fortress_tut_ws/install/fortress_tut_msgs/include/fortress_tut_msgs/fortress_tut_msgs/msg/rosidl_generator_c__visibility_control.h
[16.306s] -- Installing: /home/dr/Documents/ros2_workspaces/fortress_tut_ws/install/fortress_tut_msgs/share/fortress_tut_msgs/environment/library_path.sh
[16.306s] -- Installing: /home/dr/Documents/ros2_workspaces/fortress_tut_ws/install/fortress_tut_msgs/share/fortress_tut_msgs/environment/library_path.dsv
[16.306s] -- Installing: /home/dr/Documents/ros2_workspaces/fortress_tut_ws/install/fortress_tut_msgs/lib/libfortress_tut_msgs__rosidl_generator_c.so
[16.306s] -- Set runtime path of "/home/dr/Documents/ros2_workspaces/fortress_tut_ws/install/fortress_tut_msgs/lib/libfortress_tut_msgs__rosidl_generator_c.so" to ""
[16.309s] -- Up-to-date: /home/dr/Documents/ros2_workspaces/fortress_tut_ws/install/fortress_tut_msgs/include/fortress_tut_msgs/fortress_tut_msgs
[16.309s] -- Up-to-date: /home/dr/Documents/ros2_workspaces/fortress_tut_ws/install/fortress_tut_msgs/include/fortress_tut_msgs/fortress_tut_msgs/srv
[16.309s] -- Up-to-date: /home/dr/Documents/ros2_workspaces/fortress_tut_ws/install/fortress_tut_msgs/include/fortress_tut_msgs/fortress_tut_msgs/srv/detail
[16.309s] -- Installing: /home/dr/Documents/ros2_workspaces/fortress_tut_ws/install/fortress_tut_msgs/include/fortress_tut_msgs/fortress_tut_msgs/srv/detail/move_turtlebot__rosidl_typesupport_fastrtps_c.h
[16.311s] -- Up-to-date: /home/dr/Documents/ros2_workspaces/fortress_tut_ws/install/fortress_tut_msgs/include/fortress_tut_msgs/fortress_tut_msgs/msg
[16.311s] -- Installing: /home/dr/Documents/ros2_workspaces/fortress_tut_ws/install/fortress_tut_msgs/include/fortress_tut_msgs/fortress_tut_msgs/msg/rosidl_typesupport_fastrtps_c__visibility_control.h
[16.315s] -- Installing: /home/dr/Documents/ros2_workspaces/fortress_tut_ws/install/fortress_tut_msgs/lib/libfortress_tut_msgs__rosidl_typesupport_fastrtps_c.so
[16.315s] -- Set runtime path of "/home/dr/Documents/ros2_workspaces/fortress_tut_ws/install/fortress_tut_msgs/lib/libfortress_tut_msgs__rosidl_typesupport_fastrtps_c.so" to ""
[16.315s] -- Up-to-date: /home/dr/Documents/ros2_workspaces/fortress_tut_ws/install/fortress_tut_msgs/include/fortress_tut_msgs/fortress_tut_msgs
[16.315s] -- Up-to-date: /home/dr/Documents/ros2_workspaces/fortress_tut_ws/install/fortress_tut_msgs/include/fortress_tut_msgs/fortress_tut_msgs/srv
[16.315s] -- Up-to-date: /home/dr/Documents/ros2_workspaces/fortress_tut_ws/install/fortress_tut_msgs/include/fortress_tut_msgs/fortress_tut_msgs/srv/detail
[16.316s] -- Installing: /home/dr/Documents/ros2_workspaces/fortress_tut_ws/install/fortress_tut_msgs/include/fortress_tut_msgs/fortress_tut_msgs/srv/detail/move_turtlebot__type_support.c
[16.316s] -- Installing: /home/dr/Documents/ros2_workspaces/fortress_tut_ws/install/fortress_tut_msgs/include/fortress_tut_msgs/fortress_tut_msgs/srv/detail/move_turtlebot__rosidl_typesupport_introspection_c.h
[16.316s] -- Up-to-date: /home/dr/Documents/ros2_workspaces/fortress_tut_ws/install/fortress_tut_msgs/include/fortress_tut_msgs/fortress_tut_msgs/msg
[16.316s] -- Installing: /home/dr/Documents/ros2_workspaces/fortress_tut_ws/install/fortress_tut_msgs/include/fortress_tut_msgs/fortress_tut_msgs/msg/rosidl_typesupport_introspection_c__visibility_control.h
[16.316s] -- Installing: /home/dr/Documents/ros2_workspaces/fortress_tut_ws/install/fortress_tut_msgs/lib/libfortress_tut_msgs__rosidl_typesupport_introspection_c.so
[16.316s] -- Set runtime path of "/home/dr/Documents/ros2_workspaces/fortress_tut_ws/install/fortress_tut_msgs/lib/libfortress_tut_msgs__rosidl_typesupport_introspection_c.so" to ""
[16.317s] -- Installing: /home/dr/Documents/ros2_workspaces/fortress_tut_ws/install/fortress_tut_msgs/lib/libfortress_tut_msgs__rosidl_typesupport_c.so
[16.317s] -- Set runtime path of "/home/dr/Documents/ros2_workspaces/fortress_tut_ws/install/fortress_tut_msgs/lib/libfortress_tut_msgs__rosidl_typesupport_c.so" to ""
[16.317s] -- Up-to-date: /home/dr/Documents/ros2_workspaces/fortress_tut_ws/install/fortress_tut_msgs/include/fortress_tut_msgs/fortress_tut_msgs
[16.318s] -- Up-to-date: /home/dr/Documents/ros2_workspaces/fortress_tut_ws/install/fortress_tut_msgs/include/fortress_tut_msgs/fortress_tut_msgs/srv
[16.318s] -- Up-to-date: /home/dr/Documents/ros2_workspaces/fortress_tut_ws/install/fortress_tut_msgs/include/fortress_tut_msgs/fortress_tut_msgs/srv/detail
[16.318s] -- Installing: /home/dr/Documents/ros2_workspaces/fortress_tut_ws/install/fortress_tut_msgs/include/fortress_tut_msgs/fortress_tut_msgs/srv/detail/move_turtlebot__traits.hpp
[16.320s] -- Installing: /home/dr/Documents/ros2_workspaces/fortress_tut_ws/install/fortress_tut_msgs/include/fortress_tut_msgs/fortress_tut_msgs/srv/detail/move_turtlebot__builder.hpp
[16.320s] -- Installing: /home/dr/Documents/ros2_workspaces/fortress_tut_ws/install/fortress_tut_msgs/include/fortress_tut_msgs/fortress_tut_msgs/srv/detail/move_turtlebot__struct.hpp
[16.320s] -- Installing: /home/dr/Documents/ros2_workspaces/fortress_tut_ws/install/fortress_tut_msgs/include/fortress_tut_msgs/fortress_tut_msgs/srv/detail/move_turtlebot__type_support.hpp
[16.321s] -- Installing: /home/dr/Documents/ros2_workspaces/fortress_tut_ws/install/fortress_tut_msgs/include/fortress_tut_msgs/fortress_tut_msgs/srv/move_turtlebot.hpp
[16.321s] -- Up-to-date: /home/dr/Documents/ros2_workspaces/fortress_tut_ws/install/fortress_tut_msgs/include/fortress_tut_msgs/fortress_tut_msgs/msg
[16.321s] -- Installing: /home/dr/Documents/ros2_workspaces/fortress_tut_ws/install/fortress_tut_msgs/include/fortress_tut_msgs/fortress_tut_msgs/msg/rosidl_generator_cpp__visibility_control.hpp
[16.321s] -- Up-to-date: /home/dr/Documents/ros2_workspaces/fortress_tut_ws/install/fortress_tut_msgs/include/fortress_tut_msgs/fortress_tut_msgs
[16.321s] -- Up-to-date: /home/dr/Documents/ros2_workspaces/fortress_tut_ws/install/fortress_tut_msgs/include/fortress_tut_msgs/fortress_tut_msgs/srv
[16.323s] -- Up-to-date: /home/dr/Documents/ros2_workspaces/fortress_tut_ws/install/fortress_tut_msgs/include/fortress_tut_msgs/fortress_tut_msgs/srv/detail
[16.323s] -- Installing: /home/dr/Documents/ros2_workspaces/fortress_tut_ws/install/fortress_tut_msgs/include/fortress_tut_msgs/fortress_tut_msgs/srv/detail/move_turtlebot__rosidl_typesupport_fastrtps_cpp.hpp
[16.323s] -- Installing: /home/dr/Documents/ros2_workspaces/fortress_tut_ws/install/fortress_tut_msgs/include/fortress_tut_msgs/fortress_tut_msgs/srv/detail/dds_fastrtps
[16.323s] -- Up-to-date: /home/dr/Documents/ros2_workspaces/fortress_tut_ws/install/fortress_tut_msgs/include/fortress_tut_msgs/fortress_tut_msgs/msg
[16.323s] -- Installing: /home/dr/Documents/ros2_workspaces/fortress_tut_ws/install/fortress_tut_msgs/include/fortress_tut_msgs/fortress_tut_msgs/msg/rosidl_typesupport_fastrtps_cpp__visibility_control.h
[16.325s] -- Installing: /home/dr/Documents/ros2_workspaces/fortress_tut_ws/install/fortress_tut_msgs/lib/libfortress_tut_msgs__rosidl_typesupport_fastrtps_cpp.so
[16.332s] -- Set runtime path of "/home/dr/Documents/ros2_workspaces/fortress_tut_ws/install/fortress_tut_msgs/lib/libfortress_tut_msgs__rosidl_typesupport_fastrtps_cpp.so" to ""
[16.332s] -- Up-to-date: /home/dr/Documents/ros2_workspaces/fortress_tut_ws/install/fortress_tut_msgs/include/fortress_tut_msgs/fortress_tut_msgs
[16.332s] -- Up-to-date: /home/dr/Documents/ros2_workspaces/fortress_tut_ws/install/fortress_tut_msgs/include/fortress_tut_msgs/fortress_tut_msgs/srv
[16.332s] -- Up-to-date: /home/dr/Documents/ros2_workspaces/fortress_tut_ws/install/fortress_tut_msgs/include/fortress_tut_msgs/fortress_tut_msgs/srv/detail
[16.333s] -- Installing: /home/dr/Documents/ros2_workspaces/fortress_tut_ws/install/fortress_tut_msgs/include/fortress_tut_msgs/fortress_tut_msgs/srv/detail/move_turtlebot__rosidl_typesupport_introspection_cpp.hpp
[16.333s] -- Installing: /home/dr/Documents/ros2_workspaces/fortress_tut_ws/install/fortress_tut_msgs/include/fortress_tut_msgs/fortress_tut_msgs/srv/detail/move_turtlebot__type_support.cpp
[16.333s] -- Installing: /home/dr/Documents/ros2_workspaces/fortress_tut_ws/install/fortress_tut_msgs/lib/libfortress_tut_msgs__rosidl_typesupport_introspection_cpp.so
[16.340s] -- Set runtime path of "/home/dr/Documents/ros2_workspaces/fortress_tut_ws/install/fortress_tut_msgs/lib/libfortress_tut_msgs__rosidl_typesupport_introspection_cpp.so" to ""
[16.341s] -- Installing: /home/dr/Documents/ros2_workspaces/fortress_tut_ws/install/fortress_tut_msgs/lib/libfortress_tut_msgs__rosidl_typesupport_cpp.so
[16.342s] -- Set runtime path of "/home/dr/Documents/ros2_workspaces/fortress_tut_ws/install/fortress_tut_msgs/lib/libfortress_tut_msgs__rosidl_typesupport_cpp.so" to ""
[16.344s] -- Installing: /home/dr/Documents/ros2_workspaces/fortress_tut_ws/install/fortress_tut_msgs/share/fortress_tut_msgs/environment/pythonpath.sh
[16.346s] -- Installing: /home/dr/Documents/ros2_workspaces/fortress_tut_ws/install/fortress_tut_msgs/share/fortress_tut_msgs/environment/pythonpath.dsv
[16.350s] -- Installing: /home/dr/Documents/ros2_workspaces/fortress_tut_ws/install/fortress_tut_msgs/local/lib/python3.10/dist-packages/fortress_tut_msgs-0.0.0-py3.10.egg-info
[16.350s] -- Installing: /home/dr/Documents/ros2_workspaces/fortress_tut_ws/install/fortress_tut_msgs/local/lib/python3.10/dist-packages/fortress_tut_msgs-0.0.0-py3.10.egg-info/dependency_links.txt
[16.350s] -- Installing: /home/dr/Documents/ros2_workspaces/fortress_tut_ws/install/fortress_tut_msgs/local/lib/python3.10/dist-packages/fortress_tut_msgs-0.0.0-py3.10.egg-info/PKG-INFO
[16.353s] -- Installing: /home/dr/Documents/ros2_workspaces/fortress_tut_ws/install/fortress_tut_msgs/local/lib/python3.10/dist-packages/fortress_tut_msgs-0.0.0-py3.10.egg-info/top_level.txt
[16.353s] -- Installing: /home/dr/Documents/ros2_workspaces/fortress_tut_ws/install/fortress_tut_msgs/local/lib/python3.10/dist-packages/fortress_tut_msgs-0.0.0-py3.10.egg-info/SOURCES.txt
[16.353s] -- Installing: /home/dr/Documents/ros2_workspaces/fortress_tut_ws/install/fortress_tut_msgs/local/lib/python3.10/dist-packages/fortress_tut_msgs
[16.353s] -- Installing: /home/dr/Documents/ros2_workspaces/fortress_tut_ws/install/fortress_tut_msgs/local/lib/python3.10/dist-packages/fortress_tut_msgs/srv
[16.353s] -- Installing: /home/dr/Documents/ros2_workspaces/fortress_tut_ws/install/fortress_tut_msgs/local/lib/python3.10/dist-packages/fortress_tut_msgs/srv/__init__.py
[16.354s] -- Installing: /home/dr/Documents/ros2_workspaces/fortress_tut_ws/install/fortress_tut_msgs/local/lib/python3.10/dist-packages/fortress_tut_msgs/srv/_move_turtlebot.py
[16.354s] -- Installing: /home/dr/Documents/ros2_workspaces/fortress_tut_ws/install/fortress_tut_msgs/local/lib/python3.10/dist-packages/fortress_tut_msgs/srv/_move_turtlebot_s.c
[16.356s] -- Installing: /home/dr/Documents/ros2_workspaces/fortress_tut_ws/install/fortress_tut_msgs/local/lib/python3.10/dist-packages/fortress_tut_msgs/__init__.py
[16.356s] -- Installing: /home/dr/Documents/ros2_workspaces/fortress_tut_ws/install/fortress_tut_msgs/local/lib/python3.10/dist-packages/fortress_tut_msgs/fortress_tut_msgs_s__rosidl_typesupport_c.cpython-310-x86_64-linux-gnu.so
[16.356s] -- Installing: /home/dr/Documents/ros2_workspaces/fortress_tut_ws/install/fortress_tut_msgs/local/lib/python3.10/dist-packages/fortress_tut_msgs/libfortress_tut_msgs__rosidl_generator_py.so
[16.357s] -- Installing: /home/dr/Documents/ros2_workspaces/fortress_tut_ws/install/fortress_tut_msgs/local/lib/python3.10/dist-packages/fortress_tut_msgs/_fortress_tut_msgs_s.ep.rosidl_typesupport_introspection_c.c
[16.357s] -- Installing: /home/dr/Documents/ros2_workspaces/fortress_tut_ws/install/fortress_tut_msgs/local/lib/python3.10/dist-packages/fortress_tut_msgs/_fortress_tut_msgs_s.ep.rosidl_typesupport_c.c
[16.360s] -- Installing: /home/dr/Documents/ros2_workspaces/fortress_tut_ws/install/fortress_tut_msgs/local/lib/python3.10/dist-packages/fortress_tut_msgs/fortress_tut_msgs_s__rosidl_typesupport_fastrtps_c.cpython-310-x86_64-linux-gnu.so
[16.360s] -- Installing: /home/dr/Documents/ros2_workspaces/fortress_tut_ws/install/fortress_tut_msgs/local/lib/python3.10/dist-packages/fortress_tut_msgs/_fortress_tut_msgs_s.ep.rosidl_typesupport_fastrtps_c.c
[16.360s] -- Installing: /home/dr/Documents/ros2_workspaces/fortress_tut_ws/install/fortress_tut_msgs/local/lib/python3.10/dist-packages/fortress_tut_msgs/fortress_tut_msgs_s__rosidl_typesupport_introspection_c.cpython-310-x86_64-linux-gnu.so
[16.489s] Listing '/home/dr/Documents/ros2_workspaces/fortress_tut_ws/install/fortress_tut_msgs/local/lib/python3.10/dist-packages/fortress_tut_msgs'...
[16.489s] Compiling '/home/dr/Documents/ros2_workspaces/fortress_tut_ws/install/fortress_tut_msgs/local/lib/python3.10/dist-packages/fortress_tut_msgs/__init__.py'...
[16.489s] Listing '/home/dr/Documents/ros2_workspaces/fortress_tut_ws/install/fortress_tut_msgs/local/lib/python3.10/dist-packages/fortress_tut_msgs/srv'...
[16.489s] Compiling '/home/dr/Documents/ros2_workspaces/fortress_tut_ws/install/fortress_tut_msgs/local/lib/python3.10/dist-packages/fortress_tut_msgs/srv/__init__.py'...
[16.489s] Compiling '/home/dr/Documents/ros2_workspaces/fortress_tut_ws/install/fortress_tut_msgs/local/lib/python3.10/dist-packages/fortress_tut_msgs/srv/_move_turtlebot.py'...
[16.523s] -- Installing: /home/dr/Documents/ros2_workspaces/fortress_tut_ws/install/fortress_tut_msgs/local/lib/python3.10/dist-packages/fortress_tut_msgs/fortress_tut_msgs_s__rosidl_typesupport_fastrtps_c.cpython-310-x86_64-linux-gnu.so
[16.523s] -- Set runtime path of "/home/dr/Documents/ros2_workspaces/fortress_tut_ws/install/fortress_tut_msgs/local/lib/python3.10/dist-packages/fortress_tut_msgs/fortress_tut_msgs_s__rosidl_typesupport_fastrtps_c.cpython-310-x86_64-linux-gnu.so" to ""
[16.531s] -- Installing: /home/dr/Documents/ros2_workspaces/fortress_tut_ws/install/fortress_tut_msgs/local/lib/python3.10/dist-packages/fortress_tut_msgs/fortress_tut_msgs_s__rosidl_typesupport_introspection_c.cpython-310-x86_64-linux-gnu.so
[16.531s] -- Set runtime path of "/home/dr/Documents/ros2_workspaces/fortress_tut_ws/install/fortress_tut_msgs/local/lib/python3.10/dist-packages/fortress_tut_msgs/fortress_tut_msgs_s__rosidl_typesupport_introspection_c.cpython-310-x86_64-linux-gnu.so" to ""
[16.531s] -- Installing: /home/dr/Documents/ros2_workspaces/fortress_tut_ws/install/fortress_tut_msgs/local/lib/python3.10/dist-packages/fortress_tut_msgs/fortress_tut_msgs_s__rosidl_typesupport_c.cpython-310-x86_64-linux-gnu.so
[16.531s] -- Set runtime path of "/home/dr/Documents/ros2_workspaces/fortress_tut_ws/install/fortress_tut_msgs/local/lib/python3.10/dist-packages/fortress_tut_msgs/fortress_tut_msgs_s__rosidl_typesupport_c.cpython-310-x86_64-linux-gnu.so" to ""
[16.531s] -- Installing: /home/dr/Documents/ros2_workspaces/fortress_tut_ws/install/fortress_tut_msgs/lib/libfortress_tut_msgs__rosidl_generator_py.so
[16.531s] -- Set runtime path of "/home/dr/Documents/ros2_workspaces/fortress_tut_ws/install/fortress_tut_msgs/lib/libfortress_tut_msgs__rosidl_generator_py.so" to ""
[16.532s] -- Installing: /home/dr/Documents/ros2_workspaces/fortress_tut_ws/install/fortress_tut_msgs/share/ament_index/resource_index/rust_packages/fortress_tut_msgs
[16.532s] -- Installing: /home/dr/Documents/ros2_workspaces/fortress_tut_ws/install/fortress_tut_msgs/share/fortress_tut_msgs/rust
[16.532s] -- Installing: /home/dr/Documents/ros2_workspaces/fortress_tut_ws/install/fortress_tut_msgs/share/fortress_tut_msgs/rust/build.rs
[16.532s] -- Installing: /home/dr/Documents/ros2_workspaces/fortress_tut_ws/install/fortress_tut_msgs/share/fortress_tut_msgs/rust/Cargo.toml
[16.532s] -- Installing: /home/dr/Documents/ros2_workspaces/fortress_tut_ws/install/fortress_tut_msgs/share/fortress_tut_msgs/rust/src
[16.536s] -- Installing: /home/dr/Documents/ros2_workspaces/fortress_tut_ws/install/fortress_tut_msgs/share/fortress_tut_msgs/rust/src/lib.rs
[16.536s] -- Installing: /home/dr/Documents/ros2_workspaces/fortress_tut_ws/install/fortress_tut_msgs/share/fortress_tut_msgs/rust/src/srv
[16.536s] -- Installing: /home/dr/Documents/ros2_workspaces/fortress_tut_ws/install/fortress_tut_msgs/share/fortress_tut_msgs/rust/src/srv/rmw.rs
[16.537s] -- Installing: /home/dr/Documents/ros2_workspaces/fortress_tut_ws/install/fortress_tut_msgs/share/fortress_tut_msgs/rust/src/srv.rs
[16.537s] -- Installing: /home/dr/Documents/ros2_workspaces/fortress_tut_ws/install/fortress_tut_msgs/share/fortress_tut_msgs/srv/MoveTurtlebot.idl
[16.541s] -- Installing: /home/dr/Documents/ros2_workspaces/fortress_tut_ws/install/fortress_tut_msgs/share/fortress_tut_msgs/srv/MoveTurtlebot.srv
[16.541s] -- Installing: /home/dr/Documents/ros2_workspaces/fortress_tut_ws/install/fortress_tut_msgs/share/fortress_tut_msgs/srv/MoveTurtlebot_Request.msg
[16.541s] -- Installing: /home/dr/Documents/ros2_workspaces/fortress_tut_ws/install/fortress_tut_msgs/share/fortress_tut_msgs/srv/MoveTurtlebot_Response.msg
[16.541s] -- Installing: /home/dr/Documents/ros2_workspaces/fortress_tut_ws/install/fortress_tut_msgs/share/ament_index/resource_index/package_run_dependencies/fortress_tut_msgs
[16.542s] -- Installing: /home/dr/Documents/ros2_workspaces/fortress_tut_ws/install/fortress_tut_msgs/share/ament_index/resource_index/parent_prefix_path/fortress_tut_msgs
[16.542s] -- Installing: /home/dr/Documents/ros2_workspaces/fortress_tut_ws/install/fortress_tut_msgs/share/fortress_tut_msgs/environment/ament_prefix_path.sh
[16.542s] -- Installing: /home/dr/Documents/ros2_workspaces/fortress_tut_ws/install/fortress_tut_msgs/share/fortress_tut_msgs/environment/ament_prefix_path.dsv
[16.545s] -- Installing: /home/dr/Documents/ros2_workspaces/fortress_tut_ws/install/fortress_tut_msgs/share/fortress_tut_msgs/environment/path.sh
[16.545s] -- Installing: /home/dr/Documents/ros2_workspaces/fortress_tut_ws/install/fortress_tut_msgs/share/fortress_tut_msgs/environment/path.dsv
[16.546s] -- Installing: /home/dr/Documents/ros2_workspaces/fortress_tut_ws/install/fortress_tut_msgs/share/fortress_tut_msgs/local_setup.bash
[16.546s] -- Installing: /home/dr/Documents/ros2_workspaces/fortress_tut_ws/install/fortress_tut_msgs/share/fortress_tut_msgs/local_setup.sh
[16.546s] -- Installing: /home/dr/Documents/ros2_workspaces/fortress_tut_ws/install/fortress_tut_msgs/share/fortress_tut_msgs/local_setup.zsh
[16.546s] -- Installing: /home/dr/Documents/ros2_workspaces/fortress_tut_ws/install/fortress_tut_msgs/share/fortress_tut_msgs/local_setup.dsv
[16.548s] -- Installing: /home/dr/Documents/ros2_workspaces/fortress_tut_ws/install/fortress_tut_msgs/share/fortress_tut_msgs/package.dsv
[16.548s] -- Installing: /home/dr/Documents/ros2_workspaces/fortress_tut_ws/install/fortress_tut_msgs/share/ament_index/resource_index/packages/fortress_tut_msgs
[16.549s] -- Installing: /home/dr/Documents/ros2_workspaces/fortress_tut_ws/install/fortress_tut_msgs/share/fortress_tut_msgs/cmake/export_fortress_tut_msgs__rosidl_generator_cExport.cmake
[16.549s] -- Installing: /home/dr/Documents/ros2_workspaces/fortress_tut_ws/install/fortress_tut_msgs/share/fortress_tut_msgs/cmake/export_fortress_tut_msgs__rosidl_generator_cExport-noconfig.cmake
[16.550s] -- Installing: /home/dr/Documents/ros2_workspaces/fortress_tut_ws/install/fortress_tut_msgs/share/fortress_tut_msgs/cmake/export_fortress_tut_msgs__rosidl_typesupport_fastrtps_cExport.cmake
[16.550s] -- Installing: /home/dr/Documents/ros2_workspaces/fortress_tut_ws/install/fortress_tut_msgs/share/fortress_tut_msgs/cmake/export_fortress_tut_msgs__rosidl_typesupport_fastrtps_cExport-noconfig.cmake
[16.552s] -- Installing: /home/dr/Documents/ros2_workspaces/fortress_tut_ws/install/fortress_tut_msgs/share/fortress_tut_msgs/cmake/fortress_tut_msgs__rosidl_typesupport_introspection_cExport.cmake
[16.553s] -- Installing: /home/dr/Documents/ros2_workspaces/fortress_tut_ws/install/fortress_tut_msgs/share/fortress_tut_msgs/cmake/fortress_tut_msgs__rosidl_typesupport_introspection_cExport-noconfig.cmake
[16.554s] -- Installing: /home/dr/Documents/ros2_workspaces/fortress_tut_ws/install/fortress_tut_msgs/share/fortress_tut_msgs/cmake/fortress_tut_msgs__rosidl_typesupport_cExport.cmake
[16.554s] -- Installing: /home/dr/Documents/ros2_workspaces/fortress_tut_ws/install/fortress_tut_msgs/share/fortress_tut_msgs/cmake/fortress_tut_msgs__rosidl_typesupport_cExport-noconfig.cmake
[16.555s] -- Installing: /home/dr/Documents/ros2_workspaces/fortress_tut_ws/install/fortress_tut_msgs/share/fortress_tut_msgs/cmake/export_fortress_tut_msgs__rosidl_generator_cppExport.cmake
[16.555s] -- Installing: /home/dr/Documents/ros2_workspaces/fortress_tut_ws/install/fortress_tut_msgs/share/fortress_tut_msgs/cmake/export_fortress_tut_msgs__rosidl_typesupport_fastrtps_cppExport.cmake
[16.555s] -- Installing: /home/dr/Documents/ros2_workspaces/fortress_tut_ws/install/fortress_tut_msgs/share/fortress_tut_msgs/cmake/export_fortress_tut_msgs__rosidl_typesupport_fastrtps_cppExport-noconfig.cmake
[16.555s] -- Installing: /home/dr/Documents/ros2_workspaces/fortress_tut_ws/install/fortress_tut_msgs/share/fortress_tut_msgs/cmake/fortress_tut_msgs__rosidl_typesupport_introspection_cppExport.cmake
[16.559s] -- Installing: /home/dr/Documents/ros2_workspaces/fortress_tut_ws/install/fortress_tut_msgs/share/fortress_tut_msgs/cmake/fortress_tut_msgs__rosidl_typesupport_introspection_cppExport-noconfig.cmake
[16.559s] -- Installing: /home/dr/Documents/ros2_workspaces/fortress_tut_ws/install/fortress_tut_msgs/share/fortress_tut_msgs/cmake/fortress_tut_msgs__rosidl_typesupport_cppExport.cmake
[16.559s] -- Installing: /home/dr/Documents/ros2_workspaces/fortress_tut_ws/install/fortress_tut_msgs/share/fortress_tut_msgs/cmake/fortress_tut_msgs__rosidl_typesupport_cppExport-noconfig.cmake
[16.560s] -- Installing: /home/dr/Documents/ros2_workspaces/fortress_tut_ws/install/fortress_tut_msgs/share/fortress_tut_msgs/cmake/export_fortress_tut_msgs__rosidl_generator_pyExport.cmake
[16.561s] -- Installing: /home/dr/Documents/ros2_workspaces/fortress_tut_ws/install/fortress_tut_msgs/share/fortress_tut_msgs/cmake/export_fortress_tut_msgs__rosidl_generator_pyExport-noconfig.cmake
[16.561s] -- Installing: /home/dr/Documents/ros2_workspaces/fortress_tut_ws/install/fortress_tut_msgs/share/fortress_tut_msgs/cmake/rosidl_cmake-extras.cmake
[16.561s] -- Installing: /home/dr/Documents/ros2_workspaces/fortress_tut_ws/install/fortress_tut_msgs/share/fortress_tut_msgs/cmake/ament_cmake_export_include_directories-extras.cmake
[16.561s] -- Installing: /home/dr/Documents/ros2_workspaces/fortress_tut_ws/install/fortress_tut_msgs/share/fortress_tut_msgs/cmake/ament_cmake_export_libraries-extras.cmake
[16.561s] -- Installing: /home/dr/Documents/ros2_workspaces/fortress_tut_ws/install/fortress_tut_msgs/share/fortress_tut_msgs/cmake/ament_cmake_export_targets-extras.cmake
[16.562s] -- Installing: /home/dr/Documents/ros2_workspaces/fortress_tut_ws/install/fortress_tut_msgs/share/fortress_tut_msgs/cmake/rosidl_cmake_export_typesupport_targets-extras.cmake
[16.562s] -- Installing: /home/dr/Documents/ros2_workspaces/fortress_tut_ws/install/fortress_tut_msgs/share/fortress_tut_msgs/cmake/ament_cmake_export_dependencies-extras.cmake
[16.562s] -- Installing: /home/dr/Documents/ros2_workspaces/fortress_tut_ws/install/fortress_tut_msgs/share/fortress_tut_msgs/cmake/rosidl_cmake_export_typesupport_libraries-extras.cmake
[16.562s] -- Installing: /home/dr/Documents/ros2_workspaces/fortress_tut_ws/install/fortress_tut_msgs/share/fortress_tut_msgs/cmake/rosidl_cmake_aggregate_target-extras.cmake
[16.562s] -- Installing: /home/dr/Documents/ros2_workspaces/fortress_tut_ws/install/fortress_tut_msgs/share/fortress_tut_msgs/cmake/fortress_tut_msgsConfig.cmake
[16.562s] -- Installing: /home/dr/Documents/ros2_workspaces/fortress_tut_ws/install/fortress_tut_msgs/share/fortress_tut_msgs/cmake/fortress_tut_msgsConfig-version.cmake
[16.566s] -- Installing: /home/dr/Documents/ros2_workspaces/fortress_tut_ws/install/fortress_tut_msgs/share/fortress_tut_msgs/package.xml
[16.574s] Invoked command in '/home/dr/Documents/ros2_workspaces/fortress_tut_ws/build/fortress_tut_msgs' returned '0': CMAKE_PREFIX_PATH=${CMAKE_PREFIX_PATH}:/home/dr/Documents/ros2_workspaces/fortress_tut_ws/install/turtlebot3_teleop:/home/dr/Documents/ros2_workspaces/fortress_tut_ws/install/turtlebot3_example:/home/dr/Documents/ros2_workspaces/fortress_tut_ws/install/fortress_tut:/home/dr/ros2_ws/install/my_robot_controller:/opt/ros/humble /usr/bin/cmake --install /home/dr/Documents/ros2_workspaces/fortress_tut_ws/build/fortress_tut_msgs
