[0.120s] Invoking command in '/home/dr/Documents/ros2_workspaces/fortress_tut_ws/build/turtlebot3_msgs': CMAKE_PREFIX_PATH=${CMAKE_PREFIX_PATH}:/home/dr/Documents/ros2_workspaces/fortress_tut_ws/install/turtlebot3_teleop:/home/dr/Documents/ros2_workspaces/fortress_tut_ws/install/turtlebot3_example:/home/dr/Documents/ros2_workspaces/fortress_tut_ws/install/fortress_tut:/home/dr/ros2_ws/install/my_robot_controller:/opt/ros/humble /usr/bin/cmake /home/dr/Documents/ros2_workspaces/fortress_tut_ws/src/turtlebot3_msgs -DAMENT_CMAKE_SYMLINK_INSTALL=1 -DCMAKE_INSTALL_PREFIX=/home/dr/Documents/ros2_workspaces/fortress_tut_ws/install/turtlebot3_msgs
[0.200s] -- Found action_msgs: 1.2.3 (/opt/ros/humble/share/action_msgs/cmake)
[0.874s] -- Override CMake install command with custom implementation using symlinks instead of copying resources
[1.003s] -- Found rosidl_generator_c: 3.1.9 (/opt/ros/humble/share/rosidl_generator_c/cmake)
[1.013s] -- Found rosidl_adapter: 3.1.9 (/opt/ros/humble/share/rosidl_adapter/cmake)
[1.035s] -- Found rosidl_generator_cpp: 3.1.9 (/opt/ros/humble/share/rosidl_generator_cpp/cmake)
[1.077s] -- Using all available rosidl_typesupport_c: rosidl_typesupport_fastrtps_c;rosidl_typesupport_introspection_c
[1.128s] -- Using all available rosidl_typesupport_cpp: rosidl_typesupport_fastrtps_cpp;rosidl_typesupport_introspection_cpp
[1.280s] -- Found rosidl_default_generators: 1.2.1 (/opt/ros/humble/share/rosidl_default_generators/cmake)
[1.347s] -- Found std_msgs: 4.9.1 (/opt/ros/humble/share/std_msgs/cmake)
[1.387s] -- Found geometry_msgs: 4.9.1 (/opt/ros/humble/share/geometry_msgs/cmake)
[3.186s] -- Found ament_cmake_cppcheck: 0.12.15 (/opt/ros/humble/share/ament_cmake_cppcheck/cmake)
[3.191s] -- Found ament_cmake_cpplint: 0.12.15 (/opt/ros/humble/share/ament_cmake_cpplint/cmake)
[3.198s] -- Found ament_cmake_uncrustify: 0.12.15 (/opt/ros/humble/share/ament_cmake_uncrustify/cmake)
[3.207s] -- Found ament_cmake_ros: 0.10.0 (/opt/ros/humble/share/ament_cmake_ros/cmake)
[4.822s] -- Using all available rosidl_typesupport_c: rosidl_typesupport_fastrtps_c;rosidl_typesupport_introspection_c
[5.756s] -- Using all available rosidl_typesupport_cpp: rosidl_typesupport_fastrtps_cpp;rosidl_typesupport_introspection_cpp
[5.886s] -- Found python_cmake_module: 0.10.0 (/opt/ros/humble/share/python_cmake_module/cmake)
[5.954s] -- Using PYTHON_EXECUTABLE: /usr/bin/python3
[5.955s] -- Using PYTHON_INCLUDE_DIRS: /usr/include/python3.10
[5.956s] -- Using PYTHON_LIBRARIES: /usr/lib/x86_64-linux-gnu/libpython3.10.so
[6.104s] -- Found ament_cmake_flake8: 0.12.15 (/opt/ros/humble/share/ament_cmake_flake8/cmake)
[6.106s] -- Found ament_cmake_pep257: 0.12.15 (/opt/ros/humble/share/ament_cmake_pep257/cmake)
[6.366s] -- Configuring done
[6.502s] -- Generating done
[6.536s] -- Build files have been written to: /home/dr/Documents/ros2_workspaces/fortress_tut_ws/build/turtlebot3_msgs
